SD initialized success
Create debug.log Failed! 3
bbram_blkflag = 1
rtcflag = 0
BBRAM Block OK: 01 EPHflag: 0105093a 0014beaf, rtc 00
Hot-start nowtime:day = 7,minute = 48,seconds = 57.00
GPS 0 Init Dop: 10000,80
GPS 1 Init Dop: -1305, 2
GPS 2 Init Dop: 10000,80
GPS 3 Init Dop:  -724, 2
GPS 4 Init Dop: -2266, 2
GPS 5 Init Dop:   417, 2
GPS 6 Init Dop: 10000,80
GPS 7 Init Dop: 10000,80
GPS 8 Init Dop:   367, 2
GPS 9 Init Dop: 10000,80
GPS10 Init Dop: 10000,80
GPS11 Init Dop:    16, 2
GPS12 Init Dop: 10000,80
GPS13 Init Dop: 10000,80
GPS14 Init Dop: 10000,80
GPS15 Init Dop: 10000,80
GPS16 Init Dop:  1908, 2
GPS17 Init Dop: 10000,80
GPS18 Init Dop:  1567, 2
GPS19 Init Dop: 10000,80
GPS20 Init Dop: 10000,80
GPS21 Init Dop: 10000,80
GPS22 Init Dop: 10000,80
GPS23 Init Dop: 10000,80
GPS24 Init Dop: -1902, 2
GPS25 Init Dop: 10000,80
GPS26 Init Dop: 10000,80
GPS27 Init Dop: 10000,80
GPS28 Init Dop: 10000,80
GPS29 Init Dop: 10000,80
GPS30 Init Dop: 10000,80
GPS31 Init Dop: 10000,80
BDS 0 Init Dop:  -835, 2
BDS 1 Init Dop:  -888, 2
BDS 2 Init Dop:  -842, 2
BDS 3 Init Dop:  -853, 2
BDS 4 Init Dop: 10000,80
BDS 5 Init Dop: -2340, 2
BDS 6 Init Dop: 10000,80
BDS 7 Init Dop: -1076, 2
BDS 8 Init Dop: 10000,80
BDS 9 Init Dop:   867, 2
BDS10 Init Dop: -3414, 2
BDS11 Init Dop:  -328, 2
BDS12 Init Dop: -1088, 2
BDS13 Init Dop: -3733, 2
BDS14 Init Dop: 10000,80
BDS15 Init Dop: -2512, 2
BDS16 Init Dop: 10000,80
BDS17 Init Dop: 10000,80
BDS18 Init Dop:  2280, 2
BDS19 Init Dop: 10000,80
BDS20 Init Dop: -1556, 2
BDS21 Init Dop: 10000,80
BDS22 Init Dop: 10000,80
BDS23 Init Dop: 10000,80
BDS24 Init Dop: 10000,80
BDS25 Init Dop: 10000,80
BDS26 Init Dop: 10000,80
BDS27 Init Dop: 10000,80
BDS28 Init Dop: 10000,80
BDS29 Init Dop: 10000,80
BDS30 Init Dop: 10000,80
BDS31 Init Dop: 10000,80
Good luck!
t1:1026.010774,t2:0.000000
dt:1.026011
$ini_pos,lastpos_good = 1,ini_pos.x:-1578915.000000,ini_pos.y:5312776.000000,ini_pos.z:3146359.000000
$rtc_local_time,localRTC.weeks:2052,localRTC.seconds:218956.026011,localGtime.weeks:0,localGtime.seconds:19.026011
$GNGGA,000000.000,,,,,0,00,,,M,,,,0000*2B
$GNRMC,000000.000,A,,,,,,,060180,,*29
$GPGSA,A,1,,,,,,,,,,,,,,,*1E
$BDGSA,A,1,,,,,,,,,,,,,,,*0F
$GLGSA,A,1,,,,,,,,,,,,,,,*02
$B3CN0,0,0,0,0,0,0,0,0,0,0,0,0,0,0*4C
t1:2026.010742,t2:1026.010774
dt:1.000000
$ini_pos,lastpos_good = 1,ini_pos.x:-1578915.000000,ini_pos.y:5312776.000000,ini_pos.z:3146359.000000
$rtc_local_time,localRTC.weeks:2052,localRTC.seconds:218957.026011,localGtime.weeks:2052,localGtime.seconds:218957.026011
$GNGGA,000000.000,,,,,0,00,,,M,,,,0000*2B
$GNRMC,000000.000,A,,,,,,,060180,,*29
$GPGSA,A,1,,,,,,,,,,,,,,,*1E
$BDGSA,A,1,,,,,,,,,,,,,,,*0F
$GLGSA,A,1,,,,,,,,,,,,,,,*02
$B3CN0,0,0,0,0,0,0,0,0,0,0,0,0,0,0*4C
t1:3026.010710,t2:1026.010774
dt:2.000000
$ini_pos,lastpos_good = 1,ini_pos.x:-1578915.000000,ini_pos.y:5312776.000000,ini_pos.z:3146359.000000
$rtc_local_time,localRTC.weeks:2052,localRTC.seconds:218958.026011,localGtime.weeks:2052,localGtime.seconds:218958.026011
$pseudo_cd_ph,prn:2,pseudo_cd_ph:5.149819
$meas,msRange:71.694585,x:-2345912.380563,y:15476732.395074,z:22069253.795213,vx:-2602.037109,vy:-555.465698,vz:100.647156
$pseudo_cd_ph,prn:5,pseudo_cd_ph:8.347289
$meas,msRange:68.705912,x:1105093.669640,y:25133489.954675,z:8064949.415351,vx:-588.015930,vy:-922.380127,vz:2932.577637
$pseudo_cd_ph,prn:6,pseudo_cd_ph:4.016349
$meas,msRange:73.246341,x:-16247432.785656,y:8907845.553285,z:19086728.242845,vx:-2290.388428,vy:-755.647644,vz:-1597.265137
$pseudo_cd_ph,prn:9,pseudo_cd_ph:19.261660
$meas,msRange:78.204995,x:-19742918.149464,y:2070767.958187,z:17611493.089130,vx:1458.326538,vy:-1717.836792,vz:1831.415649
$pseudo_cd_ph,prn:12,pseudo_cd_ph:4.157510
$meas,msRange:73.138221,x:10342143.724210,y:22737592.766051,z:9064569.547225,vx:31.219196,vy:1187.899170,vz:-2928.368896
$GNGGA,000000.000,,,,,0,00,,,M,,,,0000*2B
$GNRMC,000000.000,A,,,,,,,060180,,*29
$GPGSA,A,1,,,,,,,,,,,,,,,*1E
$BDGSA,A,1,,,,,,,,,,,,,,,*0F
$GLGSA,A,1,,,,,,,,,,,,,,,*02
$GPGSV,1,1,04,02,00,000,24,04,00,000,21,05,00,000,21,06,00,000,21*7D
$B3CN0,0,0,0,0,0,0,0,0,0,0,0,0,0,0*4C
tow update,218959968.348828
t1:4026.010677,t2:4026.010677
dt:0.000000
$ini_pos,lastpos_good = 1,ini_pos.x:-1578915.000000,ini_pos.y:5312776.000000,ini_pos.z:3146359.000000
$rtc_local_time,localRTC.weeks:2052,localRTC.seconds:218959.026011,localGtime.weeks:2052,localGtime.seconds:218959.968349
$pseudo_cd_ph,prn:2,pseudo_cd_ph:218959765.150762
$meas,msRange:71.694059,x:-2350966.503865,y:15475653.776558,z:22069448.448317,vx:-2602.126953,vy:-555.173584,vz:99.784576
$pseudo_cd_ph,prn:5,pseudo_cd_ph:218959768.348828
$meas,msRange:68.704203,x:1103951.256150,y:25131697.769558,z:8070645.143754,vx:-588.312256,vy:-923.009277,vz:2932.238770
$pseudo_cd_ph,prn:6,pseudo_cd_ph:218959764.016211
$meas,msRange:73.247940,x:-16251881.216149,y:8906378.193758,z:19083625.051593,vx:-2290.102051,vy:-755.273193,vz:-1598.050049
$pseudo_cd_ph,prn:9,pseudo_cd_ph:218959759.261540
$meas,msRange:78.206535,x:-19740085.462744,y:2067430.874707,z:17615049.609005,vx:1458.453735,vy:-1718.314209,vz:1830.686035
$pseudo_cd_ph,prn:12,pseudo_cd_ph:218959764.157608
$meas,msRange:73.139327,x:10342204.378484,y:22739899.376106,z:9058881.301231,vx:31.235678,vy:1187.186890,vz:-2928.742920
$pseudo_cd_ph,prn:17,pseudo_cd_ph:19.167603
$meas,msRange:77.935890,x:-21492321.155340,y:14646793.642571,z:-4742719.740407,vx:349.988251,vy:-592.913696,vz:-3156.918213
$pseudo_cd_ph,prn:19,pseudo_cd_ph:3.452386
$meas,msRange:73.278185,x:-19718414.276349,y:17674124.327141,z:2274383.017636,vx:-383.432373,vy:39.518833,vz:-3199.492188
$pseudo_cd_ph,prn:25,pseudo_cd_ph:17.946034
$meas,msRange:78.352254,x:15555918.169354,y:12127613.558542,z:17696511.279714,vx:421.308014,vy:2242.463135,vz:-1859.783569
$GNGGA,124901.837,2944.8984,N,10633.0933,E,1,05,2.6,322.6,M,,,,0000*1E
$GNRMC,124901.837,A,2944.8984,N,10633.0933,E,0.64,0.00,070519,,*1E
$GPGSA,A,3,02,05,06,09,12,,,,,,,,4.2,2.6,3.3*3B
$BDGSA,A,3,,,,,,,,,,,,,4.2,2.6,3.3*21
$GLGSA,A,3,,,,,,,,,,,,,4.2,2.6,3.3*2C
$GPGSV,2,1,08,02,00,000,44,04,00,000,40,05,00,000,45,06,00,000,43*75
$GPGSV,2,2,08,09,00,000,42,12,00,000,36,17,00,000,29,19,00,000,27*78
$B3CN0,0,0,0,0,0,0,0,0,0,0,0,0,0,0*4C
t1:5188.958355,t2:5188.958355
dt:0.000000
$ini_pos,lastpos_good = 1,ini_pos.x:-1578917.380648,ini_pos.y:5312776.305464,ini_pos.z:3146340.889810
$rtc_local_time,localRTC.weeks:2052,localRTC.seconds:218960.188958,localGtime.weeks:2052,localGtime.seconds:218961.000000
$pseudo_cd_ph,prn:2,pseudo_cd_ph:218960928.099569
$meas,msRange:71.693832,x:-2353651.015509,y:15475081.111226,z:22069551.154857,vx:-2602.174561,vy:-555.018372,vz:99.326424
$pseudo_cd_ph,prn:5,pseudo_cd_ph:218960931.298333
$meas,msRange:68.703310,x:1103344.241974,y:25130745.373732,z:8073670.098215,vx:-588.469727,vy:-923.343384,vz:2932.058838
$pseudo_cd_ph,prn:6,pseudo_cd_ph:218960926.963755
$meas,msRange:73.248828,x:-16254243.723748,y:8905599.117985,z:19081976.206478,vx:-2289.949707,vy:-755.074280,vz:-1598.466919
$pseudo_cd_ph,prn:9,pseudo_cd_ph:218960922.209111
$meas,msRange:78.207385,x:-19738580.812661,y:2065658.043237,z:17616938.038186,vx:1458.521118,vy:-1718.567749,vz:1830.298340
$pseudo_cd_ph,prn:12,pseudo_cd_ph:218960927.105436
$meas,msRange:73.139935,x:10342236.607283,y:22741123.943557,z:9055859.757993,vx:31.244350,vy:1186.808594,vz:-2928.941650
$pseudo_cd_ph,prn:17,pseudo_cd_ph:2.114043
$meas,msRange:77.937689,x:-21491959.949705,y:14646181.808647,z:-4745976.523891,vx:350.259430,vy:-593.212036,vz:-3156.812500
$pseudo_cd_ph,prn:19,pseudo_cd_ph:6.399088
$meas,msRange:73.279779,x:-19718809.674681,y:17674164.976834,z:2271082.232416,vx:-383.102661,vy:39.286282,vz:-3199.541992
$pseudo_cd_ph,prn:25,pseudo_cd_ph:0.895263
$meas,msRange:78.351630,x:15556352.852956,y:12129926.861432,z:17694592.430240,vx:421.386993,vy:2242.198242,vz:-1860.174683
Refix G02: 2, 218960.928100, -1535
Refix G05: 2, 218960.931298, -2493
Refix G06: 2, 218960.926964, 188
Refix G09: 2, 218960.922209, 141
Refix G12: 2, 218960.927105, -210
Refix G17: 2, 218960.922114, 1681
Refix G19: 2, 218960.926399, 1340
Refix G25: 2, 218960.920895, -2130
$GNGGA,124903.000,2944.9003,N,10633.0935,E,1,08,2.6,320.1,M,,,,0000*19
$GNRMC,124903.000,A,2944.9003,N,10633.0935,E,0.52,0.00,070519,,*14
$GPGSA,A,3,02,05,06,09,12,,,,,,,,4.2,2.6,3.3*3B
$BDGSA,A,3,01,02,04,,,,,,,,,,4.2,2.6,3.3*26
$GLGSA,A,3,,,,,,,,,,,,,4.2,2.6,3.3*2C
$GPGSV,3,1,09,02,00,000,44,04,00,000,41,05,00,000,45,06,00,000,42*75
$GPGSV,3,2,09,09,00,000,42,12,00,000,45,17,00,000,42,19,00,000,43*73
$GPGSV,3,3,09,25,00,000,43*40
$BDGSV,3,1,10,01,00,000,40,02,00,000,40,04,00,000,41,06,00,000,41*6A
$BDGSV,3,2,10,08,00,000,43,09,00,000,34,10,00,000,36,12,00,000,37*6A
$BDGSV,3,3,10,13,00,000,36,16,00,000,32*68
$B3CN0,0,0,0,0,0,0,0,0,0,0,0,0,0,0*4C
t1:6188.958323,t2:6188.958323
dt:0.000000
$ini_pos,lastpos_good = 1,ini_pos.x:-1578916.475955,ini_pos.y:5312772.432121,ini_pos.z:3146342.655290
$rtc_local_time,localRTC.weeks:2052,localRTC.seconds:218961.188958,localGtime.weeks:2052,localGtime.seconds:218962.000000
$pseudo_cd_ph,prn:2,pseudo_cd_ph:218961928.100512
$meas,msRange:71.693562,x:-2356253.213066,y:15474526.168123,z:22069650.259231,vx:-2602.220703,vy:-554.867920,vz:98.882324
$pseudo_cd_ph,prn:5,pseudo_cd_ph:218961931.299878
$meas,msRange:68.702441,x:1102755.695958,y:25129821.868498,z:8076602.069622,vx:-588.622375,vy:-923.667175,vz:2931.884277
$pseudo_cd_ph,prn:6,pseudo_cd_ph:218961926.963610
$meas,msRange:73.249651,x:-16256533.599604,y:8904844.140114,z:19080377.537518,vx:-2289.802002,vy:-754.881531,vz:-1598.871094
$pseudo_cd_ph,prn:9,pseudo_cd_ph:218961922.208990
$meas,msRange:78.208176,x:-19737122.258919,y:2063939.352633,z:17618768.148562,vx:1458.586426,vy:-1718.813599,vz:1829.922485
$pseudo_cd_ph,prn:12,pseudo_cd_ph:218961927.105537
$meas,msRange:73.140512,x:10342267.855814,y:22742310.568691,z:9052930.720362,vx:31.252703,vy:1186.441772,vz:-2929.134033
$pseudo_cd_ph,prn:17,pseudo_cd_ph:2.112948
$meas,msRange:77.939469,x:-21491609.558867,y:14645588.452067,z:-4749133.285105,vx:350.522247,vy:-593.501221,vz:-3156.710205
$pseudo_cd_ph,prn:19,pseudo_cd_ph:6.398214
$meas,msRange:73.281343,x:-19719192.617537,y:17674204.150383,z:2267882.666418,vx:-382.783081,vy:39.060814,vz:-3199.590088
$pseudo_cd_ph,prn:25,pseudo_cd_ph:0.896571
$meas,msRange:78.350981,x:15556774.278219,y:12132168.931290,z:17692732.066103,vx:421.463531,vy:2241.941650,vz:-1860.553711
Refix G02: 2, 218961.928101, -1539
Refix G05: 2, 218961.931300, -2498
Refix G06: 2, 218961.926964, 184
Refix G09: 2, 218961.922209, 138
Refix G12: 2, 218961.927106, -214
Refix G17: 2, 218961.922113, 1677
Refix G19: 2, 218961.926398, 1335
Refix G25: 2, 218961.920897, -2132
$GNGGA,124904.000,2944.9052,N,10633.0929,E,1,14,0.8,326.8,M,,,,0000*19
$GNRMC,124904.000,A,2944.9052,N,10633.0929,E,0.20,0.00,070519,,*1F
$GPGSA,A,3,02,05,06,09,12,,,,,,,,1.0,0.8,0.5*35
$BDGSA,A,3,01,02,04,06,08,10,12,13,16,,,,1.0,0.8,0.5*21
$GLGSA,A,3,,,,,,,,,,,,,1.0,0.8,0.5*22
$GPGSV,3,1,09,02,57,349,43,04,00,000,40,05,62,240,44,06,41,052,42*7E
$GPGSV,3,2,09,09,22,057,42,12,41,264,44,17,21,130,42,19,40,123,43*70
$GPGSV,3,3,09,25,21,302,43*42
$BDGSV,3,1,12,01,39,127,41,02,48,221,41,04,23,110,41,06,42,152,41*6A
$BDGSV,3,2,12,08,53,033,42,09,00,000,37,10,25,204,39,12,61,086,43*68
$BDGSV,3,3,12,13,56,341,42,16,38,163,41,03,55,171,00,11,26,318,00*6D
$B3CN0,0,0,0,0,0,0,0,0,0,0,0,0,0,0*4C
t1:7188.958290,t2:7188.958290
dt:0.000000
$ini_pos,lastpos_good = 1,ini_pos.x:-1578916.030299,ini_pos.y:5312773.966844,ini_pos.z:3146353.879867
$rtc_local_time,localRTC.weeks:2052,localRTC.seconds:218962.188958,localGtime.weeks:2052,localGtime.seconds:218963.000000
$pseudo_cd_ph,prn:2,pseudo_cd_ph:218962928.101459
$meas,msRange:71.693256,x:-2358855.456667,y:15473971.375485,z:22069748.919504,vx:-2602.266602,vy:-554.717407,vz:98.438225
$pseudo_cd_ph,prn:5,pseudo_cd_ph:218962931.301429
$meas,msRange:68.701548,x:1102166.997259,y:25128898.039477,z:8079533.866396,vx:-588.775085,vy:-923.990906,vz:2931.709473
$pseudo_cd_ph,prn:6,pseudo_cd_ph:218962926.963471
$meas,msRange:73.250448,x:-16258823.327815,y:8904089.355010,z:19078778.464510,vx:-2289.654541,vy:-754.688721,vz:-1599.275024
$pseudo_cd_ph,prn:9,pseudo_cd_ph:218962922.208872
$meas,msRange:78.208949,x:-19735663.639889,y:2062220.416264,z:17620597.883124,vx:1458.651733,vy:-1719.059326,vz:1829.546753
$pseudo_cd_ph,prn:12,pseudo_cd_ph:218962927.105642
$meas,msRange:73.141068,x:10342299.112670,y:22743496.827071,z:9050001.490380,vx:31.261002,vy:1186.075073,vz:-2929.326172
$pseudo_cd_ph,prn:17,pseudo_cd_ph:2.111856
$meas,msRange:77.941252,x:-21491258.905228,y:14644994.806288,z:-4752289.943847,vx:350.785034,vy:-593.790405,vz:-3156.607666
$pseudo_cd_ph,prn:19,pseudo_cd_ph:6.397342
$meas,msRange:73.282897,x:-19719575.240839,y:17674243.098444,z:2264683.052253,vx:-382.463562,vy:38.835304,vz:-3199.638428
$pseudo_cd_ph,prn:25,pseudo_cd_ph:0.897889
$meas,msRange:78.350308,x:15557195.779998,y:12134410.744356,z:17690871.322967,vx:421.540039,vy:2241.684814,vz:-1860.932739
Refix G02: 2, 218962.928101, -1544
Refix G05: 2, 218962.931301, -2502
Refix G06: 2, 218962.926963, 179
Refix G09: 2, 218962.922209, 134
Refix G12: 2, 218962.927106, -217
Refix G17: 2, 218962.922112, 1672
Refix G19: 2, 218962.926397, 1330
Refix G25: 2, 218962.920898, -2133
$GNGGA,124905.000,2944.9054,N,10633.0931,E,1,14,0.8,327.0,M,,,,0000*1E
$GNRMC,124905.000,A,2944.9054,N,10633.0931,E,0.47,0.00,070519,,*10
$GPGSA,A,3,02,05,06,09,12,,,,,,,,1.0,0.8,0.5*35
$BDGSA,A,3,01,02,04,06,08,10,12,13,16,,,,1.0,0.8,0.5*21
$GLGSA,A,3,,,,,,,,,,,,,1.0,0.8,0.5*22
$GPGSV,3,1,09,02,57,349,43,04,00,000,41,05,62,240,44,06,41,052,41*7C
$GPGSV,3,2,09,09,22,057,41,12,41,264,44,17,21,130,41,19,40,123,43*70
$GPGSV,3,3,09,25,21,302,43*42
$BDGSV,3,1,12,01,39,127,41,02,48,221,40,04,23,110,41,06,42,152,41*6B
$BDGSV,3,2,12,08,53,033,42,09,00,000,37,10,25,204,40,12,61,086,43*66
$BDGSV,3,3,12,13,56,341,42,16,38,163,41,03,55,171,00,11,26,318,00*6D
$B3CN0,0,0,0,0,0,0,0,0,0,0,0,0,0,0*4C
t1:8188.958258,t2:8188.958258
dt:0.000000
$ini_pos,lastpos_good = 1,ini_pos.x:-1578916.224513,ini_pos.y:5312773.850935,ini_pos.z:3146354.309187
$rtc_local_time,localRTC.weeks:2052,localRTC.seconds:218963.188958,localGtime.weeks:2052,localGtime.seconds:218964.000000
$pseudo_cd_ph,prn:2,pseudo_cd_ph:218963928.102410
$meas,msRange:71.692985,x:-2361457.746253,y:15473416.733328,z:22069847.135675,vx:-2602.312744,vy:-554.566956,vz:97.994118
$pseudo_cd_ph,prn:5,pseudo_cd_ph:218963931.302983
$meas,msRange:68.700670,x:1101578.145840,y:25127973.886706,z:8082465.488473,vx:-588.927795,vy:-924.314636,vz:2931.534912
$pseudo_cd_ph,prn:6,pseudo_cd_ph:218963926.963332
$meas,msRange:73.251270,x:-16261112.908316,y:8903334.762663,z:19077178.987486,vx:-2289.506592,vy:-754.495972,vz:-1599.679077
$pseudo_cd_ph,prn:9,pseudo_cd_ph:218963922.208755
$meas,msRange:78.209742,x:-19734204.955631,y:2060501.234148,z:17622427.241831,vx:1458.716919,vy:-1719.305054,vz:1829.170776
$pseudo_cd_ph,prn:12,pseudo_cd_ph:218963927.105750
$meas,msRange:73.141639,x:10342330.377799,y:22744682.718677,z:9047072.068110,vx:31.269249,vy:1185.708252,vz:-2929.518555
$pseudo_cd_ph,prn:17,pseudo_cd_ph:2.110765
$meas,msRange:77.943024,x:-21490907.988835,y:14644400.871280,z:-4755446.500049,vx:351.047760,vy:-594.079651,vz:-3156.505127
$pseudo_cd_ph,prn:19,pseudo_cd_ph:6.396471
$meas,msRange:73.284452,x:-19719957.544617,y:17674281.820972,z:2261483.389990,vx:-382.144043,vy:38.609749,vz:-3199.686279
$pseudo_cd_ph,prn:25,pseudo_cd_ph:0.899212
$meas,msRange:78.349662,x:15557617.358249,y:12136652.300582,z:17689010.200871,vx:421.616486,vy:2241.427979,vz:-1861.311646
Refix G02: 2, 218963.928102, -1548
Refix G05: 2, 218963.931303, -2506
Refix G06: 2, 218963.926963, 174
Refix G09: 2, 218963.922209, 130
Refix G12: 2, 218963.927106, -221
Refix G17: 2, 218963.922111, 1667
Refix G19: 2, 218963.926396, 1325
Refix G25: 2, 218963.920899, -2136
$GNGGA,124906.000,2944.9054,N,10633.0932,E,1,14,0.8,327.1,M,,,,0000*1F
$GNRMC,124906.000,A,2944.9054,N,10633.0932,E,0.74,0.00,070519,,*10
$GPGSA,A,3,02,05,06,09,12,,,,,,,,1.0,0.8,0.5*35
$BDGSA,A,3,01,02,04,06,08,10,12,13,16,,,,1.0,0.8,0.5*21
$GLGSA,A,3,,,,,,,,,,,,,1.0,0.8,0.5*22
$GPGSV,3,1,09,02,57,349,42,04,00,000,41,05,62,240,45,06,41,052,42*7F
$GPGSV,3,2,09,09,22,057,42,12,41,264,43,17,21,130,41,19,40,123,42*75
$GPGSV,3,3,09,25,21,302,43*42
$BDGSV,3,1,12,01,39,127,41,02,48,221,39,04,23,110,40,06,42,152,41*64
$BDGSV,3,2,12,08,53,033,42,09,00,000,36,10,25,204,40,12,61,086,43*67
$BDGSV,3,3,12,13,56,341,42,16,38,163,41,03,55,171,00,11,26,318,00*6D
$B3CN0,17,0,0,0,0,0,0,0,0,0,0,24,0,0*4C
t1:9188.958226,t2:9188.958226
dt:0.000000
$ini_pos,lastpos_good = 1,ini_pos.x:-1578916.417623,ini_pos.y:5312773.925459,ini_pos.z:3146354.418666
$rtc_local_time,localRTC.weeks:2052,localRTC.seconds:218964.188958,localGtime.weeks:2052,localGtime.seconds:218965.000000
$pseudo_cd_ph,prn:2,pseudo_cd_ph:218964928.103362
$meas,msRange:71.692713,x:-2364060.081762,y:15472862.241667,z:22069944.907739,vx:-2602.358643,vy:-554.416443,vz:97.550018
$pseudo_cd_ph,prn:5,pseudo_cd_ph:218964931.304541
$meas,msRange:68.699791,x:1100989.141664,y:25127049.410221,z:8085396.935789,vx:-589.080566,vy:-924.638367,vz:2931.360107
$pseudo_cd_ph,prn:6,pseudo_cd_ph:218964926.963197
$meas,msRange:73.252093,x:-16263402.341043,y:8902580.363063,z:19075579.106482,vx:-2289.358887,vy:-754.303284,vz:-1600.083008
$pseudo_cd_ph,prn:9,pseudo_cd_ph:218964922.208639
$meas,msRange:78.210537,x:-19732746.206202,y:2058781.806304,z:17624256.224645,vx:1458.781982,vy:-1719.550781,vz:1828.794922
$pseudo_cd_ph,prn:12,pseudo_cd_ph:218964927.105860
$meas,msRange:73.142211,x:10342361.651147,y:22745868.243492,z:9044142.453614,vx:31.277441,vy:1185.341431,vz:-2929.710693
$pseudo_cd_ph,prn:17,pseudo_cd_ph:2.109675
$meas,msRange:77.944794,x:-21490556.809733,y:14643806.647012,z:-4758602.953640,vx:351.310455,vy:-594.368896,vz:-3156.402344
$pseudo_cd_ph,prn:19,pseudo_cd_ph:6.395600
$meas,msRange:73.286006,x:-19720339.528899,y:17674320.317920,z:2258283.679697,vx:-381.824554,vy:38.384148,vz:-3199.734375
$pseudo_cd_ph,prn:25,pseudo_cd_ph:0.900536
$meas,msRange:78.349017,x:15558039.012929,y:12138893.599925,z:17687148.699857,vx:421.692902,vy:2241.170898,vz:-1861.690552
Refix G02: 2, 218964.928103, -1551
Refix G05: 2, 218964.931305, -2509
Refix G06: 2, 218964.926963, 172
Refix G09: 2, 218964.922209, 128
Refix G12: 2, 218964.927106, -223
Refix G17: 2, 218964.922110, 1665
Refix G19: 2, 218964.926396, 1324
Refix G25: 2, 218964.920901, -2139
$GNGGA,124907.000,2944.9055,N,10633.0932,E,1,14,0.8,327.2,M,,,,0000*1C
$GNRMC,124907.000,A,2944.9055,N,10633.0932,E,0.43,0.00,070519,,*14
$GPGSA,A,3,02,05,06,09,12,,,,,,,,1.0,0.8,0.5*35
$BDGSA,A,3,01,02,04,06,08,10,12,13,16,,,,1.0,0.8,0.5*21
$GLGSA,A,3,,,,,,,,,,,,,1.0,0.8,0.5*22
$GPGSV,3,1,09,02,57,349,43,04,00,000,41,05,62,240,45,06,41,052,42*7E
$GPGSV,3,2,09,09,22,057,42,12,41,264,44,17,21,130,42,19,40,123,43*70
$GPGSV,3,3,09,25,21,302,43*42
$BDGSV,3,1,12,01,39,127,41,02,48,221,40,04,23,110,41,06,42,152,41*6B
$BDGSV,3,2,12,08,53,033,42,09,00,000,37,10,25,204,39,12,61,086,43*68
$BDGSV,3,3,12,13,56,341,43,16,38,163,41,03,55,171,00,11,26,318,00*6C
$B3CN0,0,0,0,0,0,0,0,0,0,0,0,32,0,0*7D
t1:10188.958194,t2:10188.958194
dt:0.000000
$ini_pos,lastpos_good = 1,ini_pos.x:-1578916.517277,ini_pos.y:5312773.933406,ini_pos.z:3146354.482228
$rtc_local_time,localRTC.weeks:2052,localRTC.seconds:218965.188958,localGtime.weeks:2052,localGtime.seconds:218966.000000
$pseudo_cd_ph,prn:2,pseudo_cd_ph:218965928.104311
$meas,msRange:71.692443,x:-2366662.463134,y:15472307.900516,z:22070042.235696,vx:-2602.404297,vy:-554.265930,vz:97.105904
$pseudo_cd_ph,prn:5,pseudo_cd_ph:218965931.306096
$meas,msRange:68.698913,x:1100399.984692,y:25126124.610059,z:8088328.208282,vx:-589.233398,vy:-924.962036,vz:2931.185059
$pseudo_cd_ph,prn:6,pseudo_cd_ph:218965926.963052
$meas,msRange:73.252916,x:-16265691.625932,y:8901826.156201,z:19073978.821531,vx:-2289.210938,vy:-754.110535,vz:-1600.486938
$pseudo_cd_ph,prn:9,pseudo_cd_ph:218965922.208518
$meas,msRange:78.211332,x:-19731287.391663,y:2057062.132747,z:17626084.831527,vx:1458.847168,vy:-1719.796509,vz:1828.418945
$pseudo_cd_ph,prn:12,pseudo_cd_ph:218965927.105966
$meas,msRange:73.142783,x:10342392.932660,y:22747053.401497,z:9041212.646957,vx:31.285580,vy:1184.974609,vz:-2929.902832
$pseudo_cd_ph,prn:17,pseudo_cd_ph:218965922.108584
$meas,msRange:77.946566,x:-21490205.367967,y:14643212.133454,z:-4761759.304554,vx:351.573090,vy:-594.658203,vz:-3156.299561
$pseudo_cd_ph,prn:19,pseudo_cd_ph:218965926.394725
$meas,msRange:73.287561,x:-19720721.193713,y:17674358.589244,z:2255083.921441,vx:-381.505096,vy:38.158497,vz:-3199.782227
$pseudo_cd_ph,prn:25,pseudo_cd_ph:218965920.901858
$meas,msRange:78.348371,x:15558460.743995,y:12141134.642336,z:17685286.819967,vx:421.769257,vy:2240.914062,vz:-1862.069336
Refix G02: 2, 218965.928104, -1540
Refix G05: 2, 218965.931306, -2497
Refix G06: 2, 218965.926963, 183
Refix G09: 2, 218965.922209, 138
Refix G12: 2, 218965.927106, -213
Refix G17: 2, 218965.922109, 1675
Refix G19: 2, 218965.926395, 1335
Refix G25: 2, 218965.920902, -2131
$GNGGA,124908.000,2944.9062,N,10633.0928,E,1,17,0.7,326.6,M,,,,0000*15
$GNRMC,124908.000,A,2944.9062,N,10633.0928,E,0.20,0.00,070519,,*11
$GPGSA,A,3,02,05,06,09,12,17,19,25,,,,,0.8,0.7,0.5*3A
$BDGSA,A,3,01,02,04,06,08,10,12,13,16,,,,0.8,0.7,0.5*27
$GLGSA,A,3,,,,,,,,,,,,,0.8,0.7,0.5*24
$GPGSV,3,1,09,02,57,349,43,04,00,000,40,05,62,240,45,06,41,052,42*7F
$GPGSV,3,2,09,09,22,057,42,12,41,264,44,17,21,130,40,19,40,123,43*72
$GPGSV,3,3,09,25,21,302,43*42
$BDGSV,3,1,12,01,39,127,41,02,48,221,39,04,23,110,40,06,42,152,40*65
$BDGSV,3,2,12,08,53,033,42,09,00,000,36,10,25,204,39,12,61,086,43*69
$BDGSV,3,3,12,13,56,341,42,16,38,163,40,03,55,171,00,11,26,318,00*6C
$B3CN0,36,0,0,0,0,0,0,0,0,0,0,32,0,0*48
t1:11188.958161,t2:11188.958161
dt:0.000000
$ini_pos,lastpos_good = 1,ini_pos.x:-1578915.561129,ini_pos.y:5312773.003525,ini_pos.z:3146355.359970
$rtc_local_time,localRTC.weeks:2052,localRTC.seconds:218966.188958,localGtime.weeks:2052,localGtime.seconds:218967.000000
$pseudo_cd_ph,prn:2,pseudo_cd_ph:218966928.105260
$meas,msRange:71.692171,x:-2369264.890309,y:15471753.709889,z:22070139.119542,vx:-2602.450195,vy:-554.115356,vz:96.661797
$pseudo_cd_ph,prn:5,pseudo_cd_ph:218966931.307651
$meas,msRange:68.698037,x:1099810.674888,y:25125199.486258,z:8091259.305887,vx:-589.386230,vy:-925.285645,vz:2931.010254
$pseudo_cd_ph,prn:6,pseudo_cd_ph:218966926.962905
$meas,msRange:73.253740,x:-16267980.762917,y:8901072.142067,z:19072378.132666,vx:-2289.062988,vy:-753.917786,vz:-1600.890869
$pseudo_cd_ph,prn:9,pseudo_cd_ph:218966922.208401
$meas,msRange:78.212128,x:-19729828.512072,y:2055342.213498,z:17627913.062437,vx:1458.912109,vy:-1720.042114,vz:1828.042969
$pseudo_cd_ph,prn:12,pseudo_cd_ph:218966927.106072
$meas,msRange:73.143355,x:10342424.222287,y:22748238.192673,z:9038282.648200,vx:31.293665,vy:1184.607788,vz:-2930.094971
$pseudo_cd_ph,prn:17,pseudo_cd_ph:218966922.107485
$meas,msRange:77.948343,x:-21489853.663582,y:14642617.330576,z:-4764915.552721,vx:351.835693,vy:-594.947571,vz:-3156.196777
$pseudo_cd_ph,prn:19,pseudo_cd_ph:218966926.393850
$meas,msRange:73.289121,x:-19721102.539087,y:17674396.634897,z:2251884.115292,vx:-381.185669,vy:37.932804,vz:-3199.830078
$pseudo_cd_ph,prn:25,pseudo_cd_ph:218966920.903181
$meas,msRange:78.347723,x:15558882.551405,y:12143375.427769,z:17683424.561242,vx:421.845581,vy:2240.656982,vz:-1862.448242
Refix G02: 2, 218966.928105, -1539
Refix G05: 2, 218966.931308, -2496
Refix G06: 2, 218966.926963, 183
Refix G09: 2, 218966.922208, 139
Refix G12: 2, 218966.927106, -212
Refix G17: 2, 218966.922107, 1676
Refix G19: 2, 218966.926394, 1336
Refix G25: 2, 218966.920903, -2130
$GNGGA,124909.000,2944.9061,N,10633.0928,E,1,17,0.7,326.5,M,,,,0000*14
$GNRMC,124909.000,A,2944.9061,N,10633.0928,E,0.19,0.00,070519,,*19
$GPGSA,A,3,02,05,06,09,12,17,19,25,,,,,0.8,0.7,0.5*3A
$BDGSA,A,3,01,02,04,06,08,10,12,13,16,,,,0.8,0.7,0.5*27
$GLGSA,A,3,,,,,,,,,,,,,0.8,0.7,0.5*24
$GPGSV,3,1,09,02,57,349,44,04,00,000,41,05,62,240,45,06,41,052,42*79
$GPGSV,3,2,09,09,22,057,41,12,41,264,45,17,21,130,42,19,40,123,43*72
$GPGSV,3,3,09,25,21,302,43*42
$BDGSV,3,1,12,01,39,127,41,02,48,221,39,04,23,110,40,05,00,000,36*67
$BDGSV,3,2,12,06,42,152,40,08,53,033,41,09,00,000,37,10,25,204,39*64
$BDGSV,3,3,12,12,61,086,43,13,56,341,42,16,38,163,41,03,55,171,00*6E
$B3CN0,0,0,0,0,0,0,0,0,0,0,0,31,0,0*7E
t1:12188.958129,t2:12188.958129
dt:0.000000
$ini_pos,lastpos_good = 1,ini_pos.x:-1578915.475974,ini_pos.y:5312773.007300,ini_pos.z:3146355.270843
$rtc_local_time,localRTC.weeks:2052,localRTC.seconds:218967.188958,localGtime.weeks:2052,localGtime.seconds:218968.000000
$pseudo_cd_ph,prn:2,pseudo_cd_ph:218967928.106209
$meas,msRange:71.691901,x:-2371867.363225,y:15471199.669801,z:22070235.559276,vx:-2602.495850,vy:-553.964844,vz:96.217682
$pseudo_cd_ph,prn:5,pseudo_cd_ph:218967931.309207
$meas,msRange:68.697160,x:1099221.212213,y:25124274.038854,z:8094190.228541,vx:-589.539124,vy:-925.609253,vz:2930.835205
$pseudo_cd_ph,prn:6,pseudo_cd_ph:218967926.962758
$meas,msRange:73.254564,x:-16270269.751935,y:8900318.320651,z:19070777.039922,vx:-2288.915039,vy:-753.725098,vz:-1601.294678
$pseudo_cd_ph,prn:9,pseudo_cd_ph:218967922.208284
$meas,msRange:78.212924,x:-19728369.567488,y:2053622.048574,z:17629740.917337,vx:1458.977051,vy:-1720.287842,vz:1827.666992
$pseudo_cd_ph,prn:12,pseudo_cd_ph:218967927.106180
$meas,msRange:73.143928,x:10342455.519972,y:22749422.617002,z:9035352.457406,vx:31.301699,vy:1184.240967,vz:-2930.286865
$pseudo_cd_ph,prn:17,pseudo_cd_ph:218967922.106396
$meas,msRange:77.950115,x:-21489501.696625,y:14642022.238347,z:-4768071.698072,vx:352.098236,vy:-595.236938,vz:-3156.093994
$pseudo_cd_ph,prn:19,pseudo_cd_ph:218967926.392973
$meas,msRange:73.290677,x:-19721483.565052,y:17674434.454834,z:2248684.261317,vx:-380.866272,vy:37.707066,vz:-3199.877930
$pseudo_cd_ph,prn:25,pseudo_cd_ph:218967920.904503
$meas,msRange:78.347079,x:15559304.435115,y:12145615.956179,z:17681561.923722,vx:421.921844,vy:2240.399902,vz:-1862.826904
Refix G02: 2, 218967.928106, -1551
Refix G05: 2, 218967.931309, -2507
Refix G06: 2, 218967.926963, 172
Refix G09: 2, 218967.922208, 130
Refix G12: 2, 218967.927106, -222
Refix G17: 2, 218967.922106, 1667
Refix G19: 2, 218967.926393, 1325
Refix G25: 2, 218967.920905, -2139
$GNGGA,124910.000,2944.9061,N,10633.0928,E,1,17,0.7,326.3,M,,,,0000*1A
$GNRMC,124910.000,A,2944.9061,N,10633.0928,E,0.21,0.00,070519,,*1A
$GPGSA,A,3,02,05,06,09,12,17,19,25,,,,,0.8,0.7,0.5*3A
$BDGSA,A,3,01,02,04,06,08,10,12,13,16,,,,0.8,0.7,0.5*27
$GLGSA,A,3,,,,,,,,,,,,,0.8,0.7,0.5*24
$GPGSV,3,1,09,02,57,349,44,04,00,000,42,05,62,240,45,06,41,052,43*7B
$GPGSV,3,2,09,09,22,057,42,12,41,264,45,17,21,130,42,19,40,123,43*71
$GPGSV,3,3,09,25,21,302,43*42
$BDGSV,3,1,12,01,39,127,40,02,48,221,39,04,23,110,42,05,00,000,37*65
$BDGSV,3,2,12,06,42,152,41,08,53,033,41,09,00,000,37,10,25,204,40*6B
$BDGSV,3,3,12,21,78,172,19,12,61,086,43,13,56,341,42,16,38,163,40*6B
$B3CN0,0,0,0,0,0,0,0,0,0,0,0,32,0,0*7D
t1:13188.958097,t2:13188.958097
dt:0.000000
$ini_pos,lastpos_good = 1,ini_pos.x:-1578915.405899,ini_pos.y:5312772.865806,ini_pos.z:3146355.132761
$rtc_local_time,localRTC.weeks:2052,localRTC.seconds:218968.188958,localGtime.weeks:2052,localGtime.seconds:218969.000000
$pseudo_cd_ph,prn:2,pseudo_cd_ph:218968928.107162
$meas,msRange:71.691631,x:-2374469.881824,y:15470645.780267,z:22070331.554894,vx:-2602.541504,vy:-553.814270,vz:95.773560
$pseudo_cd_ph,prn:5,pseudo_cd_ph:218968931.310765
$meas,msRange:68.696284,x:1098631.596630,y:25123348.267885,z:8097120.976181,vx:-589.692078,vy:-925.932800,vz:2930.660156
$pseudo_cd_ph,prn:6,pseudo_cd_ph:218968926.962615
$meas,msRange:73.255389,x:-16272558.592922,y:8899564.691944,z:19069175.543333,vx:-2288.767090,vy:-753.532410,vz:-1601.698608
$pseudo_cd_ph,prn:9,pseudo_cd_ph:218968922.208168
$meas,msRange:78.213721,x:-19726910.557970,y:2051901.637993,z:17631568.396186,vx:1459.041992,vy:-1720.533447,vz:1827.290894
$pseudo_cd_ph,prn:12,pseudo_cd_ph:218968927.106289
$meas,msRange:73.144501,x:10342486.825664,y:22750606.674466,z:9032422.074639,vx:31.309677,vy:1183.874023,vz:-2930.478760
$pseudo_cd_ph,prn:17,pseudo_cd_ph:218968922.105309
$meas,msRange:77.951887,x:-21489149.467140,y:14641426.856737,z:-4771227.740539,vx:352.360748,vy:-595.526306,vz:-3155.991211
$pseudo_cd_ph,prn:19,pseudo_cd_ph:218968926.392100
$meas,msRange:73.292233,x:-19721864.271634,y:17674472.049009,z:2245484.359584,vx:-380.546906,vy:37.481281,vz:-3199.925781
$pseudo_cd_ph,prn:25,pseudo_cd_ph:218968920.905829
$meas,msRange:78.346435,x:15559726.395081,y:12147856.227519,z:17679698.907450,vx:421.998108,vy:2240.142822,vz:-1863.205688
Refix G02: 2, 218968.928107, -1552
Refix G05: 2, 218968.931311, -2507
Refix G06: 2, 218968.926963, 171
Refix G09: 2, 218968.922208, 128
Refix G12: 2, 218968.927106, -222
Refix G17: 2, 218968.922105, 1666
Refix G19: 2, 218968.926392, 1325
Refix G25: 2, 218968.920906, -2140
$GNGGA,124911.000,2944.9062,N,10633.0928,E,1,17,0.7,326.4,M,,,,0000*1F
$GNRMC,124911.000,A,2944.9062,N,10633.0928,E,0.12,0.00,070519,,*18
$GPGSA,A,3,02,05,06,09,12,17,19,25,,,,,0.8,0.7,0.5*3A
$BDGSA,A,3,01,02,04,06,08,10,12,13,16,,,,0.8,0.7,0.5*27
$GLGSA,A,3,,,,,,,,,,,,,0.8,0.7,0.5*24
$GPGSV,3,1,09,02,57,349,44,04,00,000,43,05,62,240,45,06,41,052,42*7B
$GPGSV,3,2,09,09,22,057,42,12,41,264,45,17,21,130,41,19,40,123,43*72
$GPGSV,3,3,09,25,21,302,43*42
$BDGSV,3,1,12,01,39,127,41,02,48,221,40,04,23,110,41,05,00,000,39*67
$BDGSV,3,2,12,06,42,152,40,08,53,033,42,09,00,000,37,10,25,204,39*67
$BDGSV,3,3,12,21,78,172,46,12,61,086,43,13,56,341,42,22,00,000,46*6F
$B3CN0,0,0,0,0,0,0,0,0,0,0,0,32,0,0*7D
t1:14188.958065,t2:14188.958065
dt:0.000000
$ini_pos,lastpos_good = 1,ini_pos.x:-1578915.426861,ini_pos.y:5312772.914881,ini_pos.z:3146355.230580
$rtc_local_time,localRTC.weeks:2052,localRTC.seconds:218969.188958,localGtime.weeks:2052,localGtime.seconds:218970.000000
$pseudo_cd_ph,prn:2,pseudo_cd_ph:218969928.108118
$meas,msRange:71.691360,x:-2377072.446043,y:15470092.041301,z:22070427.106394,vx:-2602.587158,vy:-553.663696,vz:95.329445
$pseudo_cd_ph,prn:5,pseudo_cd_ph:218969931.312327
$meas,msRange:68.695407,x:1098041.828101,y:25122422.173386,z:8100051.548743,vx:-589.845032,vy:-926.256287,vz:2930.485107
$pseudo_cd_ph,prn:6,pseudo_cd_ph:218969926.962476
$meas,msRange:73.256212,x:-16274847.285811,y:8898811.255936,z:19067573.642932,vx:-2288.618896,vy:-753.339661,vz:-1602.102295
$pseudo_cd_ph,prn:9,pseudo_cd_ph:218969922.208055
$meas,msRange:78.214518,x:-19725451.483577,y:2050180.981773,z:17633395.498947,vx:1459.106812,vy:-1720.779053,vz:1826.914795
$pseudo_cd_ph,prn:12,pseudo_cd_ph:218969927.106402
$meas,msRange:73.145075,x:10342518.139309,y:22751790.365046,z:9029491.499961,vx:31.317604,vy:1183.507202,vz:-2930.670654
$pseudo_cd_ph,prn:17,pseudo_cd_ph:218969922.104221
$meas,msRange:77.953660,x:-21488796.975173,y:14640831.185716,z:-4774383.680053,vx:352.623199,vy:-595.815735,vz:-3155.888184
$pseudo_cd_ph,prn:19,pseudo_cd_ph:218969926.391229
$meas,msRange:73.293790,x:-19722244.658864,y:17674509.417376,z:2242284.410161,vx:-380.227570,vy:37.255451,vz:-3199.973389
$pseudo_cd_ph,prn:25,pseudo_cd_ph:218969920.907159
$meas,msRange:78.345791,x:15560148.431261,y:12150096.241743,z:17677835.512466,vx:422.074280,vy:2239.885742,vz:-1863.584351
Refix G02: 2, 218969.928108, -1550
Refix G05: 2, 218969.931312, -2505
Refix G06: 2, 218969.926962, 173
Refix G09: 2, 218969.922208, 131
Refix G12: 2, 218969.927106, -220
Refix G17: 2, 218969.922104, 1667
Refix G19: 2, 218969.926391, 1327
Refix G25: 2, 218969.920907, -2138
$GNGGA,124912.000,2944.9062,N,10633.0927,E,1,17,0.7,326.7,M,,,,0000*10
$GNRMC,124912.000,A,2944.9062,N,10633.0927,E,0.08,0.00,070519,,*1F
$GPGSA,A,3,02,05,06,09,12,17,19,25,,,,,0.8,0.7,0.5*3A
$BDGSA,A,3,01,02,04,06,08,10,12,13,16,,,,0.8,0.7,0.5*27
$GLGSA,A,3,,,,,,,,,,,,,0.8,0.7,0.5*24
$GPGSV,3,1,09,02,57,349,44,04,00,000,42,05,62,240,45,06,41,052,43*7B
$GPGSV,3,2,09,09,22,057,42,12,41,264,45,17,21,130,41,19,40,123,43*72
$GPGSV,3,3,09,25,21,302,43*42
$BDGSV,3,1,12,01,39,127,42,02,48,221,40,04,23,110,40,05,00,000,40*6B
$BDGSV,3,2,12,06,42,152,41,08,53,033,42,09,00,000,36,10,25,204,39*67
$BDGSV,3,3,12,21,78,172,45,12,61,086,43,13,56,341,43,22,00,000,44*6F
$B3CN0,0,0,0,0,0,0,0,0,0,0,0,32,0,0*7D
t1:15188.958032,t2:15188.958032
dt:0.000000
$ini_pos,lastpos_good = 1,ini_pos.x:-1578915.451752,ini_pos.y:5312773.138332,ini_pos.z:3146355.396522
$rtc_local_time,localRTC.weeks:2052,localRTC.seconds:218970.188958,localGtime.weeks:2052,localGtime.seconds:218971.000000
$pseudo_cd_ph,prn:2,pseudo_cd_ph:218970928.109069
$meas,msRange:71.691089,x:-2379675.055822,y:15469538.452917,z:22070522.213775,vx:-2602.632568,vy:-553.513123,vz:94.885323
$pseudo_cd_ph,prn:5,pseudo_cd_ph:218970931.313885
$meas,msRange:68.694530,x:1097451.906590,y:25121495.755396,z:8102981.946163,vx:-589.998047,vy:-926.579773,vz:2930.309814
$pseudo_cd_ph,prn:6,pseudo_cd_ph:218970926.962331
$meas,msRange:73.257036,x:-16277135.830541,y:8898058.012618,z:19065971.338753,vx:-2288.470703,vy:-753.146973,vz:-1602.506104
$pseudo_cd_ph,prn:9,pseudo_cd_ph:218970922.207939
$meas,msRange:78.215315,x:-19723992.344369,y:2048460.079932,z:17635222.225579,vx:1459.171631,vy:-1721.024658,vz:1826.538574
$pseudo_cd_ph,prn:12,pseudo_cd_ph:218970927.106510
$meas,msRange:73.145648,x:10342549.460853,y:22752973.688724,z:9026560.733435,vx:31.325478,vy:1183.140259,vz:-2930.862549
$pseudo_cd_ph,prn:17,pseudo_cd_ph:218970922.103135
$meas,msRange:77.955432,x:-21488444.220769,y:14640235.225253,z:-4777539.516546,vx:352.885620,vy:-596.105225,vz:-3155.785156
$pseudo_cd_ph,prn:19,pseudo_cd_ph:218970926.390353
$meas,msRange:73.295346,x:-19722624.726768,y:17674546.559891,z:2239084.413117,vx:-379.908264,vy:37.029575,vz:-3200.020996
$pseudo_cd_ph,prn:25,pseudo_cd_ph:218970920.908485
$meas,msRange:78.345147,x:15560570.543613,y:12152335.998804,z:17675971.738812,vx:422.150421,vy:2239.628418,vz:-1863.963013
Refix G02: 2, 218970.928109, -1555
Refix G05: 2, 218970.931314, -2509
Refix G06: 2, 218970.926962, 168
Refix G09: 2, 218970.922208, 127
Refix G12: 2, 218970.927106, -224
Refix G17: 2, 218970.922103, 1663
Refix G19: 2, 218970.926390, 1322
Refix G25: 2, 218970.920908, -2141
$GNGGA,124913.000,2944.9062,N,10633.0927,E,1,17,0.7,326.7,M,,,,0000*11
$GNRMC,124913.000,A,2944.9062,N,10633.0927,E,0.20,0.00,070519,,*14
$GPGSA,A,3,02,05,06,09,12,17,19,25,,,,,0.8,0.7,0.5*3A
$BDGSA,A,3,01,02,04,06,08,10,12,13,16,,,,0.8,0.7,0.5*27
$GLGSA,A,3,,,,,,,,,,,,,0.8,0.7,0.5*24
$GPGSV,3,1,09,02,57,349,43,04,00,000,42,05,62,240,46,06,41,052,43*7F
$GPGSV,3,2,09,09,22,057,42,12,41,264,44,17,21,130,41,19,40,123,43*73
$GPGSV,3,3,09,25,21,302,43*42
$BDGSV,3,1,12,01,39,127,41,02,48,221,41,04,23,110,40,05,00,000,40*69
$BDGSV,3,2,12,06,42,152,40,08,53,033,42,09,00,000,37,10,25,204,40*69
$BDGSV,3,3,12,21,78,172,45,12,61,086,43,13,56,341,43,22,00,000,44*6F
$B3CN0,0,0,0,0,0,0,0,0,0,0,0,31,0,0*7E
t1:16188.958000,t2:16188.958000
dt:0.000000
$ini_pos,lastpos_good = 1,ini_pos.x:-1578915.449398,ini_pos.y:5312773.137668,ini_pos.z:3146355.356146
$rtc_local_time,localRTC.weeks:2052,localRTC.seconds:218971.188958,localGtime.weeks:2052,localGtime.seconds:218972.000000
$pseudo_cd_ph,prn:2,pseudo_cd_ph:218971928.110027
$meas,msRange:71.690819,x:-2382277.711101,y:15468985.015131,z:22070616.877032,vx:-2602.677979,vy:-553.362488,vz:94.441200
$pseudo_cd_ph,prn:5,pseudo_cd_ph:218971931.315448
$meas,msRange:68.693654,x:1096861.832057,y:25120569.013952,z:8105912.168378,vx:-590.151062,vy:-926.903198,vz:2930.134766
$pseudo_cd_ph,prn:6,pseudo_cd_ph:218971926.962194
$meas,msRange:73.257860,x:-16279424.227045,y:8897304.961980,z:19064368.630830,vx:-2288.322510,vy:-752.954346,vz:-1602.909790
$pseudo_cd_ph,prn:9,pseudo_cd_ph:218971922.207828
$meas,msRange:78.216113,x:-19722533.140404,y:2046738.932488,z:17637048.576045,vx:1459.236328,vy:-1721.270264,vz:1826.162476
$pseudo_cd_ph,prn:12,pseudo_cd_ph:218971927.106623
$meas,msRange:73.146222,x:10342580.790243,y:22754156.645481,z:9023629.775125,vx:31.333296,vy:1182.773315,vz:-2931.054199
$pseudo_cd_ph,prn:17,pseudo_cd_ph:218971922.102050
$meas,msRange:77.957205,x:-21488091.203975,y:14639638.975319,z:-4780695.249948,vx:353.147980,vy:-596.394714,vz:-3155.681885
$pseudo_cd_ph,prn:19,pseudo_cd_ph:218971926.389484
$meas,msRange:73.296902,x:-19723004.475377,y:17674583.476507,z:2235884.368521,vx:-379.588989,vy:36.803654,vz:-3200.068359
$pseudo_cd_ph,prn:25,pseudo_cd_ph:218971920.909816
$meas,msRange:78.344504,x:15560992.732091,y:12154575.498656,z:17674107.586529,vx:422.226532,vy:2239.371338,vz:-1864.341675
Refix G02: 2, 218971.928110, -1557
Refix G05: 2, 218971.931315, -2511
Refix G06: 2, 218971.926962, 166
Refix G09: 2, 218971.922208, 125
Refix G12: 2, 218971.927107, -226
Refix G17: 2, 218971.922102, 1661
Refix G19: 2, 218971.926389, 1321
Refix G25: 2, 218971.920910, -2143
$GNGGA,124914.000,2944.9063,N,10633.0926,E,1,17,0.7,326.5,M,,,,0000*14
$GNRMC,124914.000,A,2944.9063,N,10633.0926,E,0.11,0.00,070519,,*11
$GPGSA,A,3,02,05,06,09,12,17,19,25,,,,,0.8,0.7,0.5*3A
$BDGSA,A,3,01,02,04,06,08,10,12,13,16,,,,0.8,0.7,0.5*27
$GLGSA,A,3,,,,,,,,,,,,,0.8,0.7,0.5*24
$GPGSV,3,1,09,02,57,349,44,04,00,000,42,05,62,240,45,06,41,052,43*7B
$GPGSV,3,2,09,09,22,057,43,12,41,264,44,17,21,130,41,19,40,123,43*72
$GPGSV,3,3,09,25,21,302,43*42
$BDGSV,3,1,12,01,39,127,42,02,48,221,39,04,23,110,40,05,00,000,37*65
$BDGSV,3,2,12,06,42,152,41,08,53,033,42,09,00,000,37,10,25,204,40*68
$BDGSV,3,3,12,21,78,172,45,12,61,086,43,13,56,341,43,22,00,000,44*6F
$B3CN0,0,0,0,0,0,0,0,0,0,0,0,31,0,0*7E
t1:17188.957968,t2:17188.957968
dt:0.000000
$ini_pos,lastpos_good = 1,ini_pos.x:-1578915.216959,ini_pos.y:5312772.884340,ini_pos.z:3146355.473020
$rtc_local_time,localRTC.weeks:2052,localRTC.seconds:218972.188958,localGtime.weeks:2052,localGtime.seconds:218973.000000
$pseudo_cd_ph,prn:2,pseudo_cd_ph:218972928.110980
$meas,msRange:71.690548,x:-2384880.411820,y:15468431.727956,z:22070711.096165,vx:-2602.723389,vy:-553.211853,vz:93.997070
$pseudo_cd_ph,prn:5,pseudo_cd_ph:218972931.317006
$meas,msRange:68.692779,x:1096271.604466,y:25119641.949089,z:8108842.215325,vx:-590.304138,vy:-927.226562,vz:2929.959473
$pseudo_cd_ph,prn:6,pseudo_cd_ph:218972926.962054
$meas,msRange:73.258684,x:-16281712.475260,y:8896552.104011,z:19062765.519197,vx:-2288.174072,vy:-752.761658,vz:-1603.313477
$pseudo_cd_ph,prn:9,pseudo_cd_ph:218972922.207714
$meas,msRange:78.216911,x:-19721073.871742,y:2045017.539459,z:17638874.550304,vx:1459.301025,vy:-1721.515869,vz:1825.786255
$pseudo_cd_ph,prn:12,pseudo_cd_ph:218972927.106731
$meas,msRange:73.146797,x:10342612.127427,y:22755339.235299,z:9020698.625092,vx:31.341063,vy:1182.406372,vz:-2931.245850
$pseudo_cd_ph,prn:17,pseudo_cd_ph:218972922.100961
$meas,msRange:77.958979,x:-21487737.924835,y:14639042.435883,z:-4783850.880192,vx:353.410309,vy:-596.684204,vz:-3155.578857
$pseudo_cd_ph,prn:19,pseudo_cd_ph:218972926.388611
$meas,msRange:73.298460,x:-19723383.904719,y:17674620.167179,z:2232684.276439,vx:-379.269745,vy:36.577686,vz:-3200.115967
$pseudo_cd_ph,prn:25,pseudo_cd_ph:218972920.911142
$meas,msRange:78.343861,x:15561414.996654,y:12156814.741253,z:17672243.055658,vx:422.302612,vy:2239.114014,vz:-1864.720215
Refix G02: 2, 218972.928111, -1545
Refix G05: 2, 218972.931317, -2498
Refix G06: 2, 218972.926962, 177
Refix G09: 2, 218972.922208, 135
Refix G12: 2, 218972.927107, -214
Refix G17: 2, 218972.922101, 1671
Refix G19: 2, 218972.926389, 1332
Refix G25: 2, 218972.920911, -2133
$GNGGA,124915.000,2944.9063,N,10633.0927,E,1,17,0.7,326.3,M,,,,0000*12
$GNRMC,124915.000,A,2944.9063,N,10633.0927,E,0.03,0.00,070519,,*12
$GPGSA,A,3,02,05,06,09,12,17,19,25,,,,,0.8,0.7,0.5*3A
$BDGSA,A,3,01,02,04,06,08,10,12,13,16,,,,0.8,0.7,0.5*27
$GLGSA,A,3,,,,,,,,,,,,,0.8,0.7,0.5*24
$GPGSV,3,1,09,02,57,349,43,04,00,000,42,05,62,240,45,06,41,052,42*7D
$GPGSV,3,2,09,09,22,057,42,12,41,264,44,17,21,130,41,19,40,123,43*73
$GPGSV,3,3,09,25,21,302,43*42
$BDGSV,3,1,12,01,39,127,41,02,48,221,39,11,26,318,17,04,23,110,39*61
$BDGSV,3,2,12,05,00,000,39,06,42,152,41,08,53,033,42,09,00,000,37*63
$BDGSV,3,3,12,10,25,204,40,21,78,172,44,12,61,086,43,13,56,341,43*6A
$B3CN0,0,0,0,0,0,0,0,0,0,0,0,32,0,0*7D
t1:18188.957935,t2:18188.957935
dt:0.000000
$ini_pos,lastpos_good = 1,ini_pos.x:-1578915.214452,ini_pos.y:5312772.766138,ini_pos.z:3146355.369226
$rtc_local_time,localRTC.weeks:2052,localRTC.seconds:218973.188958,localGtime.weeks:2052,localGtime.seconds:218973.999999
$pseudo_cd_ph,prn:2,pseudo_cd_ph:218973928.111929
$meas,msRange:71.690279,x:-2387483.157917,y:15467878.591407,z:22070804.871170,vx:-2602.768799,vy:-553.061279,vz:93.552948
$pseudo_cd_ph,prn:5,pseudo_cd_ph:218973931.318561
$meas,msRange:68.691904,x:1095681.223780,y:25118714.560846,z:8111772.086940,vx:-590.457275,vy:-927.549927,vz:2929.783936
$pseudo_cd_ph,prn:6,pseudo_cd_ph:218973926.961911
$meas,msRange:73.259508,x:-16284000.575120,y:8895799.438704,z:19061162.003889,vx:-2288.025635,vy:-752.569031,vz:-1603.717163
$pseudo_cd_ph,prn:9,pseudo_cd_ph:218973922.207596
$meas,msRange:78.217709,x:-19719614.538440,y:2043295.900864,z:17640700.148317,vx:1459.365601,vy:-1721.761475,vz:1825.409912
$pseudo_cd_ph,prn:12,pseudo_cd_ph:218973927.106835
$meas,msRange:73.147372,x:10342643.472350,y:22756521.458160,z:9017767.283400,vx:31.348776,vy:1182.039429,vz:-2931.437500
$pseudo_cd_ph,prn:17,pseudo_cd_ph:218973922.099871
$meas,msRange:77.960752,x:-21487384.383396,y:14638445.606915,z:-4787006.407209,vx:353.672577,vy:-596.973755,vz:-3155.475586
$pseudo_cd_ph,prn:19,pseudo_cd_ph:218973926.387734
$meas,msRange:73.300018,x:-19723763.014821,y:17674656.631861,z:2229484.136940,vx:-378.950500,vy:36.351673,vz:-3200.163330
$pseudo_cd_ph,prn:25,pseudo_cd_ph:218973920.912466
$meas,msRange:78.343219,x:15561837.337259,y:12159053.726550,z:17670378.146241,vx:422.378632,vy:2238.856689,vz:-1865.098755
Refix G02: 2, 218973.928112, -1544
Refix G05: 2, 218973.931319, -2497
Refix G06: 2, 218973.926962, 179
Refix G09: 2, 218973.922208, 137
Refix G12: 2, 218973.927107, -213
Refix G17: 2, 218973.922100, 1673
Refix G19: 2, 218973.926388, 1333
Refix G25: 2, 218973.920912, -2132
$GNGGA,124916.000,2944.9062,N,10633.0926,E,1,18,0.7,325.5,M,,,,0000*1B
$GNRMC,124916.000,A,2944.9062,N,10633.0926,E,0.24,0.00,070519,,*14
$GPGSA,A,3,02,05,06,09,12,17,19,25,,,,,0.8,0.7,0.4*3B
$BDGSA,A,3,01,02,04,06,08,10,12,13,16,21,,,0.8,0.7,0.4*25
$GLGSA,A,3,,,,,,,,,,,,,0.8,0.7,0.4*25
$GPGSV,3,1,09,02,57,349,44,04,00,000,42,05,62,240,45,06,41,052,42*7A
$GPGSV,3,2,09,09,22,057,43,12,41,264,45,17,21,130,41,19,40,123,43*73
$GPGSV,3,3,09,25,21,302,43*42
$BDGSV,3,1,12,01,39,127,42,02,48,221,39,11,26,318,41,04,23,110,41*6E
$BDGSV,3,2,12,05,00,000,38,06,42,152,40,08,53,033,42,09,00,000,37*63
$BDGSV,3,3,12,10,25,204,40,21,78,172,45,12,61,086,43,13,56,341,43*6B
$B3CN0,0,0,0,0,0,0,0,0,0,0,0,31,0,0*7E
t1:19188.957903,t2:19188.957903
dt:0.000000
$ini_pos,lastpos_good = 1,ini_pos.x:-1578914.919488,ini_pos.y:5312772.155381,ini_pos.z:3146354.908617
$rtc_local_time,localRTC.weeks:2052,localRTC.seconds:218974.188958,localGtime.weeks:2052,localGtime.seconds:218974.999999
$pseudo_cd_ph,prn:2,pseudo_cd_ph:218974928.112879
$meas,msRange:71.690011,x:-2390085.949333,y:15467325.605498,z:22070898.202046,vx:-2602.814209,vy:-552.910583,vz:93.108810
$pseudo_cd_ph,prn:5,pseudo_cd_ph:218974931.320114
$meas,msRange:68.691032,x:1095090.689959,y:25117786.849260,z:8114701.783160,vx:-590.610413,vy:-927.873291,vz:2929.608643
$pseudo_cd_ph,prn:6,pseudo_cd_ph:218974926.961767
$meas,msRange:73.260335,x:-16286288.526563,y:8895046.966046,z:19059558.084938,vx:-2287.877197,vy:-752.376343,vz:-1604.120850
$pseudo_cd_ph,prn:9,pseudo_cd_ph:218974922.207477
$meas,msRange:78.218510,x:-19718155.140559,y:2041574.016721,z:17642525.370047,vx:1459.430176,vy:-1722.006958,vz:1825.033691
$pseudo_cd_ph,prn:12,pseudo_cd_ph:218974927.106938
$meas,msRange:73.147949,x:10342674.824959,y:22757703.314045,z:9014835.750112,vx:31.356436,vy:1181.672485,vz:-2931.629150
$pseudo_cd_ph,prn:17,pseudo_cd_ph:218974922.098776
$meas,msRange:77.962527,x:-21487030.579701,y:14637848.488384,z:-4790161.830930,vx:353.934814,vy:-597.263367,vz:-3155.372070
$pseudo_cd_ph,prn:19,pseudo_cd_ph:218974926.386855
$meas,msRange:73.301577,x:-19724141.805714,y:17674692.870508,z:2226283.950092,vx:-378.631317,vy:36.125618,vz:-3200.210693
$pseudo_cd_ph,prn:25,pseudo_cd_ph:218974920.913785
$meas,msRange:78.342578,x:15562259.753861,y:12161292.454498,z:17668512.858318,vx:422.454590,vy:2238.599365,vz:-1865.477173
Refix G02: 2, 218974.928113, -1537
Refix G05: 2, 218974.931320, -2490
Refix G06: 2, 218974.926962, 185
Refix G09: 2, 218974.922207, 144
Refix G12: 2, 218974.927107, -206
Refix G17: 2, 218974.922099, 1679
Refix G19: 2, 218974.926387, 1340
Refix G25: 2, 218974.920914, -2125
$GNGGA,124917.000,2944.9064,N,10633.0928,E,1,18,0.7,324.3,M,,,,0000*15
$GNRMC,124917.000,A,2944.9064,N,10633.0928,E,0.21,0.00,070519,,*18
$GPGSA,A,3,02,05,06,09,12,17,19,25,,,,,0.8,0.7,0.4*3B
$BDGSA,A,3,01,02,04,06,08,10,12,13,16,21,,,0.8,0.7,0.4*25
$GLGSA,A,3,,,,,,,,,,,,,0.8,0.7,0.4*25
$GPGSV,3,1,09,02,57,349,44,04,00,000,41,05,62,240,45,06,41,052,42*79
$GPGSV,3,2,09,09,22,057,42,12,41,264,44,17,21,130,41,19,40,123,43*73
$GPGSV,3,3,09,25,21,302,42*43
$BDGSV,3,1,12,01,39,127,43,02,48,221,39,11,26,318,40,04,23,110,41*6E
$BDGSV,3,2,12,05,00,000,37,06,42,152,41,08,53,033,42,09,00,000,37*6D
$BDGSV,3,3,12,10,25,204,40,21,78,172,44,12,61,086,43,13,56,341,43*6A
$B3CN0,0,0,0,0,0,0,0,0,0,0,0,32,0,0*7D
t1:20188.957871,t2:20188.957871
dt:0.000000
$ini_pos,lastpos_good = 1,ini_pos.x:-1578914.933794,ini_pos.y:5312770.910002,ini_pos.z:3146354.512809
$rtc_local_time,localRTC.weeks:2052,localRTC.seconds:218975.188958,localGtime.weeks:2052,localGtime.seconds:218975.999999
$pseudo_cd_ph,prn:2,pseudo_cd_ph:218975928.113829
$meas,msRange:71.689744,x:-2392688.786006,y:15466772.770245,z:22070991.088789,vx:-2602.859375,vy:-552.759949,vz:92.664680
$pseudo_cd_ph,prn:5,pseudo_cd_ph:218975931.321665
$meas,msRange:68.690161,x:1094500.002968,y:25116858.814367,z:8117631.303920,vx:-590.763611,vy:-928.196594,vz:2929.433105
$pseudo_cd_ph,prn:6,pseudo_cd_ph:218975926.961624
$meas,msRange:73.261160,x:-16288576.329523,y:8894294.686030,z:19057953.762379,vx:-2287.728760,vy:-752.183716,vz:-1604.524414
$pseudo_cd_ph,prn:9,pseudo_cd_ph:218975922.207358
$meas,msRange:78.219309,x:-19716695.678158,y:2039851.887047,z:17644350.215452,vx:1459.494629,vy:-1722.252441,vz:1824.657349
$pseudo_cd_ph,prn:12,pseudo_cd_ph:218975927.107039
$meas,msRange:73.148528,x:10342706.185202,y:22758884.802936,z:9011904.025291,vx:31.364042,vy:1181.305420,vz:-2931.820557
$pseudo_cd_ph,prn:17,pseudo_cd_ph:218975922.097685
$meas,msRange:77.964302,x:-21486676.513799,y:14637251.080261,z:-4793317.151286,vx:354.196991,vy:-597.552979,vz:-3155.268799
$pseudo_cd_ph,prn:19,pseudo_cd_ph:218975926.385975
$meas,msRange:73.303137,x:-19724520.277426,y:17674728.883074,z:2223083.715964,vx:-378.312134,vy:35.899513,vz:-3200.257812
$pseudo_cd_ph,prn:25,pseudo_cd_ph:218975920.915104
$meas,msRange:78.341938,x:15562682.246419,y:12163530.925053,z:17666647.191931,vx:422.530548,vy:2238.341797,vz:-1865.855713
Refix G02: 2, 218975.928114, -1539
Refix G05: 2, 218975.931322, -2491
Refix G06: 2, 218975.926962, 184
Refix G09: 2, 218975.922207, 143
Refix G12: 2, 218975.927107, -207
Refix G17: 2, 218975.922098, 1678
Refix G19: 2, 218975.926386, 1339
Refix G25: 2, 218975.920915, -2125
$GNGGA,124918.000,2944.9065,N,10633.0931,E,1,18,0.7,323.4,M,,,,0000*13
$GNRMC,124918.000,A,2944.9065,N,10633.0931,E,0.21,0.00,070519,,*1E
$GPGSA,A,3,02,05,06,09,12,17,19,25,,,,,0.8,0.7,0.4*3B
$BDGSA,A,3,01,02,04,06,08,10,12,13,16,21,,,0.8,0.7,0.4*25
$GLGSA,A,3,,,,,,,,,,,,,0.8,0.7,0.4*25
$GPGSV,3,1,09,02,57,349,44,04,00,000,41,05,62,240,45,06,41,052,43*78
$GPGSV,3,2,09,09,22,057,42,12,41,264,44,17,21,130,42,19,40,123,43*70
$GPGSV,3,3,09,25,21,302,42*43
$BDGSV,3,1,12,01,39,127,41,02,48,221,40,11,26,318,40,04,23,110,40*63
$BDGSV,3,2,12,05,00,000,37,06,42,152,41,08,53,033,42,09,00,000,37*6D
$BDGSV,3,3,12,10,25,204,40,21,78,172,45,12,61,086,43,13,56,341,43*6B
$B3CN0,22,0,0,0,0,0,0,0,0,0,0,32,0,0*4D
t1:21188.957839,t2:21188.957839
dt:0.000000
$ini_pos,lastpos_good = 1,ini_pos.x:-1578915.181417,ini_pos.y:5312769.941109,ini_pos.z:3146354.248216
$rtc_local_time,localRTC.weeks:2052,localRTC.seconds:218976.188958,localGtime.weeks:2052,localGtime.seconds:218976.999999
$pseudo_cd_ph,prn:2,pseudo_cd_ph:218976928.114777
$meas,msRange:71.689476,x:-2395291.667877,y:15466220.085660,z:22071083.531398,vx:-2602.904541,vy:-552.609253,vz:92.220543
$pseudo_cd_ph,prn:5,pseudo_cd_ph:218976931.323216
$meas,msRange:68.689290,x:1093909.162768,y:25115930.456204,z:8120560.649159,vx:-590.916809,vy:-928.519836,vz:2929.257568
$pseudo_cd_ph,prn:6,pseudo_cd_ph:218976926.961478
$meas,msRange:73.261985,x:-16290863.983936,y:8893542.598645,z:19056349.036246,vx:-2287.580078,vy:-751.991089,vz:-1604.927979
$pseudo_cd_ph,prn:9,pseudo_cd_ph:218976922.207239
$meas,msRange:78.220108,x:-19715236.151295,y:2038129.511861,z:17646174.684496,vx:1459.559082,vy:-1722.498047,vz:1824.280884
$pseudo_cd_ph,prn:12,pseudo_cd_ph:218976927.107139
$meas,msRange:73.149108,x:10342737.553024,y:22760065.924815,z:9008972.109000,vx:31.371595,vy:1180.938354,vz:-2932.012207
$pseudo_cd_ph,prn:17,pseudo_cd_ph:218976922.096587
$meas,msRange:77.966076,x:-21486322.185732,y:14636653.382515,z:-4796472.368208,vx:354.459137,vy:-597.842590,vz:-3155.165283
$pseudo_cd_ph,prn:19,pseudo_cd_ph:218976926.385095
$meas,msRange:73.304696,x:-19724898.429985,y:17674764.669513,z:2219883.434624,vx:-377.993011,vy:35.673363,vz:-3200.304932
$pseudo_cd_ph,prn:25,pseudo_cd_ph:218976920.916422
$meas,msRange:78.341299,x:15563104.814888,y:12165769.138169,z:17664781.147122,vx:422.606415,vy:2238.084473,vz:-1866.234009
Refix G02: 2, 218976.928115, -1538
Refix G05: 2, 218976.931323, -2491
Refix G06: 2, 218976.926961, 185
Refix G09: 2, 218976.922207, 146
Refix G12: 2, 218976.927107, -206
Refix G17: 2, 218976.922097, 1679
Refix G19: 2, 218976.926385, 1340
Refix G25: 2, 218976.920916, -2123
$GNGGA,124919.000,2944.9064,N,10633.0932,E,1,18,0.7,323.2,M,,,,0000*16
$GNRMC,124919.000,A,2944.9064,N,10633.0932,E,0.38,0.00,070519,,*15
$GPGSA,A,3,02,05,06,09,12,17,19,25,,,,,0.8,0.7,0.4*3B
$BDGSA,A,3,01,02,04,06,08,10,12,13,16,21,,,0.8,0.7,0.4*25
$GLGSA,A,3,,,,,,,,,,,,,0.8,0.7,0.4*25
$GPGSV,3,1,09,02,57,349,44,04,00,000,41,05,62,240,45,06,41,052,43*78
$GPGSV,3,2,09,09,22,057,42,12,41,264,44,17,21,130,41,19,40,123,43*73
$GPGSV,3,3,09,25,21,302,42*43
$BDGSV,3,1,12,01,39,127,40,02,48,221,40,11,26,318,40,04,23,110,41*63
$BDGSV,3,2,12,05,00,000,39,06,42,152,41,08,53,033,42,09,00,000,37*63
$BDGSV,3,3,12,10,25,204,40,21,78,172,45,12,61,086,43,13,56,341,43*6B
$B3CN0,0,0,0,0,0,0,0,0,0,0,0,32,0,0*7D
t1:22188.957806,t2:22188.957806
dt:0.000000
$ini_pos,lastpos_good = 1,ini_pos.x:-1578915.195516,ini_pos.y:5312769.813142,ini_pos.z:3146354.072351
$rtc_local_time,localRTC.weeks:2052,localRTC.seconds:218977.188958,localGtime.weeks:2052,localGtime.seconds:218977.999999
$pseudo_cd_ph,prn:2,pseudo_cd_ph:218977928.115725
$meas,msRange:71.689206,x:-2397894.594884,y:15465667.551760,z:22071175.529870,vx:-2602.949707,vy:-552.458557,vz:91.776405
$pseudo_cd_ph,prn:5,pseudo_cd_ph:218977931.324766
$meas,msRange:68.688417,x:1093318.169322,y:25115001.774809,z:8123489.818811,vx:-591.070129,vy:-928.843018,vz:2929.082031
$pseudo_cd_ph,prn:6,pseudo_cd_ph:218977926.961330
$meas,msRange:73.262810,x:-16293151.489737,y:8892790.703882,z:19054743.906573,vx:-2287.431641,vy:-751.798462,vz:-1605.331543
$pseudo_cd_ph,prn:9,pseudo_cd_ph:218977922.207118
$meas,msRange:78.220908,x:-19713776.560030,y:2036406.891181,z:17647998.777137,vx:1459.623535,vy:-1722.743530,vz:1823.904541
$pseudo_cd_ph,prn:12,pseudo_cd_ph:218977927.107239
$meas,msRange:73.149685,x:10342768.928373,y:22761246.679663,z:9006040.001301,vx:31.379095,vy:1180.571411,vz:-2932.203369
$pseudo_cd_ph,prn:17,pseudo_cd_ph:218977922.095489
$meas,msRange:77.967850,x:-21485967.595548,y:14636055.395116,z:-4799627.481629,vx:354.721252,vy:-598.132263,vz:-3155.061768
$pseudo_cd_ph,prn:19,pseudo_cd_ph:218977926.384217
$meas,msRange:73.306254,x:-19725276.263419,y:17674800.229780,z:2216683.106139,vx:-377.673889,vy:35.447170,vz:-3200.352051
$pseudo_cd_ph,prn:25,pseudo_cd_ph:218977920.917739
$meas,msRange:78.340659,x:15563527.459226,y:12168007.093798,z:17662914.723931,vx:422.682281,vy:2237.826904,vz:-1866.612427
Refix G02: 2, 218977.928116, -1541
Refix G05: 2, 218977.931325, -2493
Refix G06: 2, 218977.926961, 182
Refix G09: 2, 218977.922207, 144
Refix G12: 2, 218977.927107, -207
Refix G17: 2, 218977.922095, 1678
Refix G19: 2, 218977.926384, 1338
Refix G25: 2, 218977.920918, -2124
$GNGGA,124920.000,2944.9066,N,10633.0934,E,1,18,0.7,323.3,M,,,,0000*19
$GNRMC,124920.000,A,2944.9066,N,10633.0934,E,0.33,0.00,070519,,*10
$GPGSA,A,3,02,05,06,09,12,17,19,25,,,,,0.8,0.7,0.4*3B
$BDGSA,A,3,01,02,04,06,08,10,12,13,16,21,,,0.8,0.7,0.4*25
$GLGSA,A,3,,,,,,,,,,,,,0.8,0.7,0.4*25
$GPGSV,3,1,09,02,57,349,44,04,00,000,42,05,62,240,45,06,41,052,42*7A
$GPGSV,3,2,09,09,22,057,42,12,41,264,44,17,21,130,41,19,40,123,43*73
$GPGSV,3,3,09,25,21,302,43*42
$BDGSV,3,1,12,01,39,127,42,02,48,221,40,11,26,318,40,04,23,110,41*61
$BDGSV,3,2,12,05,00,000,39,06,42,152,41,08,53,033,42,09,00,000,37*63
$BDGSV,3,3,12,10,25,204,40,21,78,172,45,12,61,086,43,13,56,341,43*6B
$B3CN0,18,0,0,0,0,0,0,0,0,0,0,32,0,0*44
t1:23188.957774,t2:23188.957774
dt:0.000000
$ini_pos,lastpos_good = 1,ini_pos.x:-1578915.528984,ini_pos.y:5312769.621241,ini_pos.z:3146354.300275
$rtc_local_time,localRTC.weeks:2052,localRTC.seconds:218978.188958,localGtime.weeks:2052,localGtime.seconds:218978.999999
$pseudo_cd_ph,prn:2,pseudo_cd_ph:218978928.116674
$meas,msRange:71.688936,x:-2400497.566967,y:15465115.168557,z:22071267.084203,vx:-2602.994629,vy:-552.307861,vz:91.332268
$pseudo_cd_ph,prn:5,pseudo_cd_ph:218978931.326317
$meas,msRange:68.687544,x:1092727.022593,y:25114072.770219,z:8126418.812815,vx:-591.223389,vy:-929.166199,vz:2928.906250
$pseudo_cd_ph,prn:6,pseudo_cd_ph:218978926.961185
$meas,msRange:73.263633,x:-16295438.846863,y:8892039.001730,z:19053138.373394,vx:-2287.282959,vy:-751.605896,vz:-1605.734985
$pseudo_cd_ph,prn:9,pseudo_cd_ph:218978922.206991
$meas,msRange:78.221706,x:-19712316.904420,y:2034684.025025,z:17649822.493338,vx:1459.687866,vy:-1722.988892,vz:1823.528076
$pseudo_cd_ph,prn:12,pseudo_cd_ph:218978927.107339
$meas,msRange:73.150263,x:10342800.311195,y:22762427.067462,z:9003107.702258,vx:31.386541,vy:1180.204346,vz:-2932.394775
$pseudo_cd_ph,prn:17,pseudo_cd_ph:218978922.094394
$meas,msRange:77.969623,x:-21485612.743292,y:14635457.118034,z:-4802782.491479,vx:354.983276,vy:-598.421936,vz:-3154.958252
$pseudo_cd_ph,prn:19,pseudo_cd_ph:218978926.383338
$meas,msRange:73.307812,x:-19725653.777759,y:17674835.563830,z:2213482.730578,vx:-377.354828,vy:35.220928,vz:-3200.399170
$pseudo_cd_ph,prn:25,pseudo_cd_ph:218978920.919058
$meas,msRange:78.340019,x:15563950.179390,y:12170244.791895,z:17661047.922401,vx:422.758087,vy:2237.569336,vz:-1866.990723
Refix G02: 2, 218978.928117, -1539
Refix G05: 2, 218978.931326, -2490
Refix G06: 2, 218978.926961, 184
Refix G09: 2, 218978.922207, 146
Refix G12: 2, 218978.927107, -205
Refix G17: 2, 218978.922094, 1679
Refix G19: 2, 218978.926383, 1340
Refix G25: 2, 218978.920919, -2122
$GNGGA,124921.000,2944.9065,N,10633.0935,E,1,18,0.7,323.3,M,,,,0000*1A
$GNRMC,124921.000,A,2944.9065,N,10633.0935,E,0.34,0.00,070519,,*14
$GPGSA,A,3,02,05,06,09,12,17,19,25,,,,,0.8,0.7,0.4*3B
$BDGSA,A,3,01,02,04,06,08,10,12,13,16,21,,,0.8,0.7,0.4*25
$GLGSA,A,3,,,,,,,,,,,,,0.8,0.7,0.4*25
$GPGSV,3,1,09,02,57,349,42,04,00,000,41,05,62,240,44,06,41,052,42*7E
$GPGSV,3,2,09,09,22,057,41,12,41,264,44,17,21,130,41,19,40,123,43*70
$GPGSV,3,3,09,25,21,302,43*42
$BDGSV,3,1,12,01,39,127,41,02,48,221,39,11,26,318,40,04,23,110,41*6C
$BDGSV,3,2,12,05,00,000,37,06,43,152,40,08,53,033,42,09,00,000,36*6C
$BDGSV,3,3,12,10,25,204,40,21,78,171,45,12,61,086,43,13,56,341,43*68
$B3CN0,0,0,0,0,0,0,0,0,0,0,0,32,0,0*7D
t1:24188.957742,t2:24188.957742
dt:0.000000
$ini_pos,lastpos_good = 1,ini_pos.x:-1578915.633829,ini_pos.y:5312769.641115,ini_pos.z:3146354.226901
$rtc_local_time,localRTC.weeks:2052,localRTC.seconds:218979.188958,localGtime.weeks:2052,localGtime.seconds:218979.999999
$pseudo_cd_ph,prn:2,pseudo_cd_ph:218979928.117626
$meas,msRange:71.688666,x:-2403100.584065,y:15464562.936067,z:22071358.194395,vx:-2603.039551,vy:-552.157166,vz:90.888123
$pseudo_cd_ph,prn:5,pseudo_cd_ph:218979931.327871
$meas,msRange:68.686671,x:1092135.722542,y:25113143.442471,z:8129347.631105,vx:-591.376770,vy:-929.489319,vz:2928.730469
$pseudo_cd_ph,prn:6,pseudo_cd_ph:218979926.961040
$meas,msRange:73.264458,x:-16297726.055248,y:8891287.492180,z:19051532.436742,vx:-2287.134033,vy:-751.413269,vz:-1606.138428
$pseudo_cd_ph,prn:9,pseudo_cd_ph:218979922.206868
$meas,msRange:78.222507,x:-19710857.184527,y:2032960.913411,z:17651645.833060,vx:1459.752075,vy:-1723.234375,vz:1823.151489
$pseudo_cd_ph,prn:12,pseudo_cd_ph:218979927.107441
$meas,msRange:73.150840,x:10342831.701437,y:22763607.088194,z:9000175.211933,vx:31.393934,vy:1179.837280,vz:-2932.585938
$pseudo_cd_ph,prn:17,pseudo_cd_ph:218979922.093306
$meas,msRange:77.971397,x:-21485257.629009,y:14634858.551238,z:-4805937.397690,vx:355.245300,vy:-598.711670,vz:-3154.854492
$pseudo_cd_ph,prn:19,pseudo_cd_ph:218979926.382464
$meas,msRange:73.309371,x:-19726030.973032,y:17674870.671617,z:2210282.308010,vx:-377.035767,vy:34.994640,vz:-3200.446045
$pseudo_cd_ph,prn:25,pseudo_cd_ph:218979920.920378
$meas,msRange:78.339379,x:15564372.975336,y:12172482.232414,z:17659180.742572,vx:422.833832,vy:2237.311768,vz:-1867.369019
Refix G02: 2, 218979.928118, -1547
Refix G05: 2, 218979.931328, -2497
Refix G06: 2, 218979.926961, 177
Refix G09: 2, 218979.922207, 140
Refix G12: 2, 218979.927107, -211
Refix G17: 2, 218979.922093, 1674
Refix G19: 2, 218979.926382, 1333
Refix G25: 2, 218979.920920, -2128
$GNGGA,124922.000,2944.9065,N,10633.0935,E,1,19,0.6,323.5,M,,,,0000*1F
$GNRMC,124922.000,A,2944.9065,N,10633.0935,E,0.17,0.00,070519,,*16
$GPGSA,A,3,02,05,06,09,12,17,19,25,,,,,0.8,0.6,0.4*3A
$BDGSA,A,3,01,02,04,06,08,10,11,12,13,16,21,,0.8,0.6,0.4*24
$GLGSA,A,3,,,,,,,,,,,,,0.8,0.6,0.4*24
$GPGSV,3,1,09,02,57,349,43,04,00,000,41,05,62,240,44,06,41,052,42*7F
$GPGSV,3,2,09,09,22,057,42,12,41,264,44,17,21,130,41,19,40,123,43*73
$GPGSV,3,3,09,25,21,302,44*45
$BDGSV,3,1,12,01,39,127,41,02,48,221,39,11,26,318,40,04,23,110,41*6C
$BDGSV,3,2,12,05,00,000,37,06,43,152,40,08,53,033,42,09,00,000,36*6C
$BDGSV,3,3,12,10,25,204,40,21,78,171,45,12,61,086,43,13,56,341,43*68
$B3CN0,0,0,0,0,0,0,0,0,0,0,0,32,0,0*7D
t1:25188.957710,t2:25188.957710
dt:0.000000
$ini_pos,lastpos_good = 1,ini_pos.x:-1578915.777798,ini_pos.y:5312769.860219,ini_pos.z:3146354.320410
$rtc_local_time,localRTC.weeks:2052,localRTC.seconds:218980.188958,localGtime.weeks:2052,localGtime.seconds:218980.999999
$pseudo_cd_ph,prn:2,pseudo_cd_ph:218980928.118574
$meas,msRange:71.688395,x:-2405703.646119,y:15464010.854304,z:22071448.860442,vx:-2603.084473,vy:-552.006409,vz:90.443977
$pseudo_cd_ph,prn:5,pseudo_cd_ph:218980931.329423
$meas,msRange:68.685797,x:1091544.269133,y:25112213.791601,z:8132276.273619,vx:-591.530090,vy:-929.812439,vz:2928.554688
$pseudo_cd_ph,prn:6,pseudo_cd_ph:218980926.960892
$meas,msRange:73.265282,x:-16300013.114829,y:8890536.175222,z:19049926.096652,vx:-2286.985352,vy:-751.220703,vz:-1606.541870
$pseudo_cd_ph,prn:9,pseudo_cd_ph:218980922.206745
$meas,msRange:78.223307,x:-19709397.400408,y:2031237.556359,z:17653468.796262,vx:1459.816284,vy:-1723.479858,vz:1822.775024
$pseudo_cd_ph,prn:12,pseudo_cd_ph:218980927.107543
$meas,msRange:73.151417,x:10342863.099045,y:22764786.741840,z:8997242.530389,vx:31.401276,vy:1179.470093,vz:-2932.777344
$pseudo_cd_ph,prn:17,pseudo_cd_ph:218980922.092215
$meas,msRange:77.973172,x:-21484902.252746,y:14634259.694700,z:-4809092.200194,vx:355.507263,vy:-599.001465,vz:-3154.750732
$pseudo_cd_ph,prn:19,pseudo_cd_ph:218980926.381586
$meas,msRange:73.310929,x:-19726407.849268,y:17674905.553095,z:2207081.838501,vx:-376.716736,vy:34.768311,vz:-3200.493164
$pseudo_cd_ph,prn:25,pseudo_cd_ph:218980920.921697
$meas,msRange:78.338740,x:15564795.847021,y:12174719.415308,z:17657313.184485,vx:422.909546,vy:2237.054199,vz:-1867.747314
Refix G02: 2, 218980.928119, -1540
Refix G05: 2, 218980.931329, -2490
Refix G06: 2, 218980.926961, 183
Refix G09: 2, 218980.922207, 146
Refix G12: 2, 218980.927108, -204
Refix G17: 2, 218980.922092, 1679
Refix G19: 2, 218980.926382, 1340
Refix G25: 2, 218980.920922, -2122
$GNGGA,124923.000,2944.9064,N,10633.0935,E,1,19,0.6,323.7,M,,,,0000*1D
$GNRMC,124923.000,A,2944.9064,N,10633.0935,E,0.27,0.00,070519,,*15
$GPGSA,A,3,02,05,06,09,12,17,19,25,,,,,0.8,0.6,0.4*3A
$BDGSA,A,3,01,02,04,06,08,10,11,12,13,16,21,,0.8,0.6,0.4*24
$GLGSA,A,3,,,,,,,,,,,,,0.8,0.6,0.4*24
$GPGSV,3,1,09,02,57,349,44,04,00,000,41,05,62,240,45,06,41,052,42*79
$GPGSV,3,2,09,09,22,057,43,12,41,264,44,17,21,130,40,19,40,123,43*73
$GPGSV,3,3,09,25,21,302,43*42
$BDGSV,3,1,12,01,39,127,41,02,48,221,40,11,26,318,40,04,23,110,41*62
$BDGSV,3,2,12,05,00,000,38,06,43,152,41,08,53,033,42,09,00,000,37*63
$BDGSV,3,3,12,10,25,204,40,21,78,171,45,12,61,086,43,13,56,341,43*68
$B3CN0,0,0,0,0,0,0,0,0,0,0,0,27,0,0*79
t1:26188.957677,t2:26188.957677
dt:0.000000
$ini_pos,lastpos_good = 1,ini_pos.x:-1578915.897343,ini_pos.y:5312770.117680,ini_pos.z:3146354.273104
$rtc_local_time,localRTC.weeks:2052,localRTC.seconds:218981.188958,localGtime.weeks:2052,localGtime.seconds:218981.999999
$pseudo_cd_ph,prn:2,pseudo_cd_ph:218981928.119522
$meas,msRange:71.688125,x:-2408306.753066,y:15463458.923282,z:22071539.082343,vx:-2603.129395,vy:-551.855652,vz:89.999832
$pseudo_cd_ph,prn:5,pseudo_cd_ph:218981931.330973
$meas,msRange:68.684924,x:1090952.662328,y:25111283.817648,z:8135204.740294,vx:-591.683533,vy:-930.135498,vz:2928.378906
$pseudo_cd_ph,prn:6,pseudo_cd_ph:218981926.960744
$meas,msRange:73.266106,x:-16302300.025541,y:8889785.050846,z:19048319.353158,vx:-2286.836426,vy:-751.028137,vz:-1606.945190
$pseudo_cd_ph,prn:9,pseudo_cd_ph:218981922.206621
$meas,msRange:78.224108,x:-19707937.552122,y:2029513.953884,z:17655291.382907,vx:1459.880371,vy:-1723.725220,vz:1822.398438
$pseudo_cd_ph,prn:12,pseudo_cd_ph:218981927.107642
$meas,msRange:73.151995,x:10342894.503967,y:22765966.028383,z:8994309.657690,vx:31.408562,vy:1179.103027,vz:-2932.968262
$pseudo_cd_ph,prn:17,pseudo_cd_ph:218981922.091119
$meas,msRange:77.974946,x:-21484546.614547,y:14633660.548387,z:-4812246.898921,vx:355.769165,vy:-599.291199,vz:-3154.646973
$pseudo_cd_ph,prn:19,pseudo_cd_ph:218981926.380706
$meas,msRange:73.312487,x:-19726784.406495,y:17674940.208219,z:2203881.322121,vx:-376.397736,vy:34.541935,vz:-3200.539795
$pseudo_cd_ph,prn:25,pseudo_cd_ph:218981920.923015
$meas,msRange:78.338101,x:15565218.794401,y:12176956.340532,z:17655445.248183,vx:422.985229,vy:2236.796387,vz:-1868.125488
Refix G02: 2, 218981.928120, -1540
Refix G05: 2, 218981.931331, -2489
Refix G06: 2, 218981.926961, 183
Refix G09: 2, 218981.922207, 146
Refix G12: 2, 218981.927108, -204
Refix G17: 2, 218981.922091, 1680
Refix G19: 2, 218981.926381, 1341
Refix G25: 2, 218981.920923, -2122
$GNGGA,124924.000,2944.9063,N,10633.0936,E,1,19,0.6,323.7,M,,,,0000*1E
$GNRMC,124924.000,A,2944.9063,N,10633.0936,E,0.05,0.00,070519,,*16
$GPGSA,A,3,02,05,06,09,12,17,19,25,,,,,0.8,0.6,0.4*3A
$BDGSA,A,3,01,02,04,06,08,10,11,12,13,16,21,,0.8,0.6,0.4*24
$GLGSA,A,3,,,,,,,,,,,,,0.8,0.6,0.4*24
$GPGSV,3,1,09,02,57,349,43,04,00,000,41,05,62,240,46,06,41,052,42*7D
$GPGSV,3,2,09,09,22,057,42,12,41,264,44,17,21,130,41,19,40,123,43*73
$GPGSV,3,3,09,25,21,302,42*43
$BDGSV,3,1,12,01,39,127,41,02,48,221,41,11,26,318,40,04,23,110,41*63
$BDGSV,3,2,12,05,00,000,36,06,43,152,41,08,53,033,41,09,00,000,37*6E
$BDGSV,3,3,12,10,25,204,40,21,78,171,45,12,61,086,43,13,56,341,43*68
$B3CN0,0,0,0,0,0,0,0,0,0,0,0,0,0,0*4C
t1:27188.957645,t2:27188.957645
dt:0.000000
$ini_pos,lastpos_good = 1,ini_pos.x:-1578915.940089,ini_pos.y:5312770.087779,ini_pos.z:3146354.120878
$rtc_local_time,localRTC.weeks:2052,localRTC.seconds:218982.188958,localGtime.weeks:2052,localGtime.seconds:218982.999999
$pseudo_cd_ph,prn:2,pseudo_cd_ph:218982928.120470
$meas,msRange:71.687855,x:-2410909.904848,y:15462907.143015,z:22071628.860096,vx:-2603.174316,vy:-551.704895,vz:89.555679
$pseudo_cd_ph,prn:5,pseudo_cd_ph:218982931.332522
$meas,msRange:68.684052,x:1090360.902089,y:25110353.520648,z:8138133.031066,vx:-591.836975,vy:-930.458557,vz:2928.202881
$pseudo_cd_ph,prn:6,pseudo_cd_ph:218982926.960595
$meas,msRange:73.266931,x:-16304586.787320,y:8889034.119043,z:19046712.206293,vx:-2286.687256,vy:-750.835571,vz:-1607.348633
$pseudo_cd_ph,prn:9,pseudo_cd_ph:218982922.206496
$meas,msRange:78.224910,x:-19706477.639729,y:2027790.106007,z:17657113.592955,vx:1459.944458,vy:-1723.970581,vz:1822.021851
$pseudo_cd_ph,prn:12,pseudo_cd_ph:218982927.107740
$meas,msRange:73.152574,x:10342925.916149,y:22767144.947803,z:8991376.593899,vx:31.415794,vy:1178.735840,vz:-2933.159424
$pseudo_cd_ph,prn:17,pseudo_cd_ph:218982922.090025
$meas,msRange:77.976720,x:-21484190.714458,y:14633061.112271,z:-4815401.493803,vx:356.031036,vy:-599.581055,vz:-3154.542969
$pseudo_cd_ph,prn:19,pseudo_cd_ph:218982926.379825
$meas,msRange:73.314047,x:-19727160.644741,y:17674974.636943,z:2200680.758938,vx:-376.078766,vy:34.315510,vz:-3200.586670
$pseudo_cd_ph,prn:25,pseudo_cd_ph:218982920.924332
$meas,msRange:78.337462,x:15565641.817435,y:12179193.008039,z:17653576.933705,vx:423.060852,vy:2236.538818,vz:-1868.503662
Refix G02: 2, 218982.928120, -1541
Refix G05: 2, 218982.931333, -2490
Refix G06: 2, 218982.926961, 182
Refix G09: 2, 218982.922207, 146
Refix G12: 2, 218982.927108, -204
Refix G17: 2, 218982.922090, 1679
Refix G19: 2, 218982.926380, 1340
Refix G25: 2, 218982.920924, -2122
$GNGGA,124925.000,2944.9063,N,10633.0936,E,1,19,0.6,323.7,M,,,,0000*1F
$GNRMC,124925.000,A,2944.9063,N,10633.0936,E,0.21,0.00,070519,,*11
$GPGSA,A,3,02,05,06,09,12,17,19,25,,,,,0.8,0.6,0.4*3A
$BDGSA,A,3,01,02,04,06,08,10,11,12,13,16,21,,0.8,0.6,0.4*24
$GLGSA,A,3,,,,,,,,,,,,,0.8,0.6,0.4*24
$GPGSV,3,1,09,02,57,349,43,04,00,000,42,05,62,240,46,06,41,052,43*7F
$GPGSV,3,2,09,09,22,057,42,12,41,264,45,17,21,130,40,19,40,123,43*73
$GPGSV,3,3,09,25,21,302,43*42
$BDGSV,3,1,12,01,39,127,41,02,48,221,40,11,26,318,40,04,23,110,41*62
$BDGSV,3,2,12,05,00,000,38,06,43,152,40,08,53,033,42,09,00,000,36*63
$BDGSV,3,3,12,10,25,204,40,21,78,171,45,12,61,086,43,13,56,341,42*69
$B3CN0,0,0,0,0,0,0,0,0,0,0,0,0,0,0*4C
t1:28188.957613,t2:28188.957613
dt:0.000000
$ini_pos,lastpos_good = 1,ini_pos.x:-1578915.946376,ini_pos.y:5312770.188069,ini_pos.z:3146354.085664
$rtc_local_time,localRTC.weeks:2052,localRTC.seconds:218983.188958,localGtime.weeks:2052,localGtime.seconds:218983.999999
$pseudo_cd_ph,prn:2,pseudo_cd_ph:218983928.121423
$meas,msRange:71.687585,x:-2413513.101402,y:15462355.513519,z:22071718.193697,vx:-2603.218994,vy:-551.554138,vz:89.111526
$pseudo_cd_ph,prn:5,pseudo_cd_ph:218983931.334077
$meas,msRange:68.683179,x:1089768.988379,y:25109422.900638,z:8141061.145870,vx:-591.990479,vy:-930.781555,vz:2928.026855
$pseudo_cd_ph,prn:6,pseudo_cd_ph:218983926.960450
$meas,msRange:73.267756,x:-16306873.400101,y:8888283.379803,z:19045104.656092,vx:-2286.538330,vy:-750.643005,vz:-1607.751953
$pseudo_cd_ph,prn:9,pseudo_cd_ph:218983922.206380
$meas,msRange:78.225712,x:-19705017.663288,y:2026066.012745,z:17658935.426368,vx:1460.008545,vy:-1724.215942,vz:1821.645142
$pseudo_cd_ph,prn:12,pseudo_cd_ph:218983927.107844
$meas,msRange:73.153152,x:10342957.335537,y:22768323.500083,z:8988443.339077,vx:31.422976,vy:1178.368774,vz:-2933.350342
$pseudo_cd_ph,prn:17,pseudo_cd_ph:218983922.088937
$meas,msRange:77.978495,x:-21483834.552524,y:14632461.386322,z:-4818555.984771,vx:356.292847,vy:-599.870911,vz:-3154.439209
$pseudo_cd_ph,prn:19,pseudo_cd_ph:218983926.378946
$meas,msRange:73.315606,x:-19727536.564036,y:17675008.839222,z:2197480.149019,vx:-375.759827,vy:34.089043,vz:-3200.633301
$pseudo_cd_ph,prn:25,pseudo_cd_ph:218983920.925652
$meas,msRange:78.336824,x:15566064.916078,y:12181429.417783,z:17651708.241095,vx:423.136444,vy:2236.281006,vz:-1868.881714
Refix G02: 2, 218983.928121, -1542
Refix G05: 2, 218983.931334, -2490
Refix G06: 2, 218983.926960, 181
Refix G09: 2, 218983.922206, 146
Refix G12: 2, 218983.927108, -205
Refix G17: 2, 218983.922089, 1678
Refix G19: 2, 218983.926379, 1339
Refix G25: 2, 218983.920926, -2122
$GNGGA,124926.000,2944.9062,N,10633.0936,E,1,19,0.6,324.0,M,,,,0000*1D
$GNRMC,124926.000,A,2944.9062,N,10633.0936,E,0.24,0.00,070519,,*16
$GPGSA,A,3,02,05,06,09,12,17,19,25,,,,,0.8,0.6,0.4*3A
$BDGSA,A,3,01,02,04,06,08,10,11,12,13,16,21,,0.8,0.6,0.4*24
$GLGSA,A,3,,,,,,,,,,,,,0.8,0.6,0.4*24
$GPGSV,3,1,09,02,57,349,43,04,00,000,42,05,62,240,46,06,41,052,43*7F
$GPGSV,3,2,09,09,22,057,42,12,41,264,45,17,21,130,40,19,40,123,43*73
$GPGSV,3,3,09,25,21,302,42*43
$BDGSV,3,1,12,01,39,127,41,02,48,221,40,11,26,318,40,04,23,110,39*6D
$BDGSV,3,2,12,05,00,000,38,06,43,152,41,08,53,033,42,09,00,000,36*62
$BDGSV,3,3,12,10,25,204,40,21,78,171,44,12,61,086,43,13,56,341,42*68
$B3CN0,0,0,0,0,0,0,0,0,0,0,0,0,0,0*4C
t1:29188.957581,t2:29188.957581
dt:0.000000
$ini_pos,lastpos_good = 1,ini_pos.x:-1578916.066420,ini_pos.y:5312770.471231,ini_pos.z:3146354.145227
$rtc_local_time,localRTC.weeks:2052,localRTC.seconds:218984.188958,localGtime.weeks:2052,localGtime.seconds:218984.999999
$pseudo_cd_ph,prn:2,pseudo_cd_ph:218984928.122369
$meas,msRange:71.687315,x:-2416116.342670,y:15461804.034807,z:22071807.083146,vx:-2603.263672,vy:-551.403320,vz:88.667374
$pseudo_cd_ph,prn:5,pseudo_cd_ph:218984931.335624
$meas,msRange:68.682307,x:1089176.921160,y:25108491.957655,z:8143989.084645,vx:-592.143982,vy:-931.104492,vz:2927.850830
$pseudo_cd_ph,prn:6,pseudo_cd_ph:218984926.960300
$meas,msRange:73.268580,x:-16309159.863820,y:8887532.833115,z:19043496.702589,vx:-2286.389160,vy:-750.450439,vz:-1608.155151
$pseudo_cd_ph,prn:9,pseudo_cd_ph:218984922.206256
$meas,msRange:78.226514,x:-19703557.622857,y:2024341.674117,z:17660756.883106,vx:1460.072510,vy:-1724.461304,vz:1821.268433
$pseudo_cd_ph,prn:12,pseudo_cd_ph:218984927.107943
$meas,msRange:73.153731,x:10342988.762079,y:22769501.685205,z:8985509.893289,vx:31.430101,vy:1178.001587,vz:-2933.541260
$pseudo_cd_ph,prn:17,pseudo_cd_ph:218984922.087836
$meas,msRange:77.980270,x:-21483478.128793,y:14631861.370508,z:-4821710.371757,vx:356.554626,vy:-600.160767,vz:-3154.334961
$pseudo_cd_ph,prn:19,pseudo_cd_ph:218984926.378062
$meas,msRange:73.317165,x:-19727912.164409,y:17675042.815010,z:2194279.492433,vx:-375.440948,vy:33.862530,vz:-3200.679932
$pseudo_cd_ph,prn:25,pseudo_cd_ph:218984920.926967
$meas,msRange:78.336186,x:15566488.090287,y:12183665.569718,z:17649839.170392,vx:423.212006,vy:2236.023193,vz:-1869.259766
Refix G02: 2, 218984.928122, -1545
Refix G05: 2, 218984.931336, -2493
Refix G06: 2, 218984.926960, 178
Refix G09: 2, 218984.922206, 143
Refix G12: 2, 218984.927108, -207
Refix G17: 2, 218984.922088, 1676
Refix G19: 2, 218984.926378, 1337
Refix G25: 2, 218984.920927, -2124
$GNGGA,124927.000,2944.9063,N,10633.0936,E,1,19,0.6,323.3,M,,,,0000*19
$GNRMC,124927.000,A,2944.9063,N,10633.0936,E,0.16,0.00,070519,,*17
$GPGSA,A,3,02,05,06,09,12,17,19,25,,,,,0.8,0.6,0.4*3A
$BDGSA,A,3,01,02,04,06,08,10,11,12,13,16,21,,0.8,0.6,0.4*24
$GLGSA,A,3,,,,,,,,,,,,,0.8,0.6,0.4*24
$GPGSV,3,1,09,02,57,349,44,04,00,000,41,05,62,240,46,06,41,052,43*7B
$GPGSV,3,2,09,09,22,057,42,12,41,264,45,17,21,130,40,19,40,123,43*73
$GPGSV,3,3,09,25,21,302,43*42
$BDGSV,3,1,12,01,39,127,40,02,48,221,38,11,26,318,40,04,23,110,40*6D
$BDGSV,3,2,12,05,00,000,38,06,43,152,40,08,53,033,42,09,00,000,36*63
$BDGSV,3,3,12,10,25,204,40,21,78,171,45,12,61,086,43,13,56,341,43*68
$B3CN0,0,0,0,0,0,0,0,0,0,0,0,0,0,0*4C
t1:30188.957548,t2:30188.957548
dt:0.000000
$ini_pos,lastpos_good = 1,ini_pos.x:-1578915.877299,ini_pos.y:5312769.830066,ini_pos.z:3146353.957389
$rtc_local_time,localRTC.weeks:2052,localRTC.seconds:218985.188958,localGtime.weeks:2052,localGtime.seconds:218985.999999
$pseudo_cd_ph,prn:2,pseudo_cd_ph:218985928.123326
$meas,msRange:71.687047,x:-2418719.628589,y:15461252.706894,z:22071895.528439,vx:-2603.308350,vy:-551.252502,vz:88.223221
$pseudo_cd_ph,prn:5,pseudo_cd_ph:218985931.337181
$meas,msRange:68.681438,x:1088584.700395,y:25107560.691737,z:8146916.847327,vx:-592.297546,vy:-931.427429,vz:2927.674805
$pseudo_cd_ph,prn:6,pseudo_cd_ph:218985926.960158
$meas,msRange:73.269406,x:-16311446.178412,y:8886782.478970,z:19041888.345817,vx:-2286.239990,vy:-750.257874,vz:-1608.558472
$pseudo_cd_ph,prn:9,pseudo_cd_ph:218985922.206141
$meas,msRange:78.227318,x:-19702097.518495,y:2022617.090140,z:17662577.963130,vx:1460.136353,vy:-1724.706665,vz:1820.891724
$pseudo_cd_ph,prn:12,pseudo_cd_ph:218985927.108050
$meas,msRange:73.154312,x:10343020.195721,y:22770679.503150,z:8982576.256597,vx:31.437176,vy:1177.634399,vz:-2933.732178
$pseudo_cd_ph,prn:17,pseudo_cd_ph:218985922.086748
$meas,msRange:77.982047,x:-21483121.443308,y:14631261.064800,z:-4824864.654692,vx:356.816345,vy:-600.450684,vz:-3154.230957
$pseudo_cd_ph,prn:19,pseudo_cd_ph:218985926.377188
$meas,msRange:73.318727,x:-19728287.445887,y:17675076.564263,z:2191078.789248,vx:-375.122040,vy:33.635971,vz:-3200.726562
$pseudo_cd_ph,prn:25,pseudo_cd_ph:218985920.928289
$meas,msRange:78.335548,x:15566911.340019,y:12185901.463798,z:17647969.721639,vx:423.287506,vy:2235.765137,vz:-1869.637817
Refix G02: 2, 218985.928123, -1549
Refix G05: 2, 218985.931337, -2496
Refix G06: 2, 218985.926960, 175
Refix G09: 2, 218985.922206, 140
Refix G12: 2, 218985.927108, -210
Refix G17: 2, 218985.922087, 1673
Refix G19: 2, 218985.926377, 1333
Refix G25: 2, 218985.920928, -2127
$GNGGA,124928.000,2944.9063,N,10633.0936,E,1,19,0.6,323.4,M,,,,0000*11
$GNRMC,124928.000,A,2944.9063,N,10633.0936,E,0.20,0.00,070519,,*1D
$GPGSA,A,3,02,05,06,09,12,17,19,25,,,,,0.8,0.6,0.4*3A
$BDGSA,A,3,01,02,04,06,08,10,11,12,13,16,21,,0.8,0.6,0.4*24
$GLGSA,A,3,,,,,,,,,,,,,0.8,0.6,0.4*24
$GPGSV,3,1,09,02,57,349,43,04,00,000,41,05,62,240,45,06,41,052,43*7F
$GPGSV,3,2,09,09,22,057,42,12,41,264,44,17,21,130,40,19,40,123,43*72
$GPGSV,3,3,09,25,21,302,43*42
$BDGSV,3,1,12,01,39,127,40,02,48,221,40,11,26,318,40,04,23,110,41*63
$BDGSV,3,2,12,05,00,000,38,06,43,152,40,08,53,033,42,09,00,000,37*62
$BDGSV,3,3,12,10,25,204,40,21,78,171,44,12,61,086,44,13,56,341,43*6E
$B3CN0,0,0,0,0,0,0,0,0,0,0,0,0,0,0*4C
t1:31188.957516,t2:31188.957516
dt:0.000000
$ini_pos,lastpos_good = 1,ini_pos.x:-1578915.995967,ini_pos.y:5312769.901728,ini_pos.z:3146353.984219
$rtc_local_time,localRTC.weeks:2052,localRTC.seconds:218986.188958,localGtime.weeks:2052,localGtime.seconds:218986.999999
$pseudo_cd_ph,prn:2,pseudo_cd_ph:218986928.124276
$meas,msRange:71.686776,x:-2421322.959100,y:15460701.529793,z:22071983.529574,vx:-2603.352783,vy:-551.101685,vz:87.779060
$pseudo_cd_ph,prn:5,pseudo_cd_ph:218986931.338733
$meas,msRange:68.680566,x:1087992.326047,y:25106629.102921,z:8149844.433851,vx:-592.451172,vy:-931.750305,vz:2927.498535
$pseudo_cd_ph,prn:6,pseudo_cd_ph:218986926.960011
$meas,msRange:73.270230,x:-16313732.343814,y:8886032.317359,z:19040279.585812,vx:-2286.090820,vy:-750.065369,vz:-1608.961670
$pseudo_cd_ph,prn:9,pseudo_cd_ph:218986922.206022
$meas,msRange:78.228120,x:-19700637.350262,y:2020892.260833,z:17664398.666401,vx:1460.200195,vy:-1724.952026,vz:1820.514893
$pseudo_cd_ph,prn:12,pseudo_cd_ph:218986927.108151
$meas,msRange:73.154892,x:10343051.636409,y:22771856.953901,z:8979642.429064,vx:31.444195,vy:1177.267212,vz:-2933.923096
$pseudo_cd_ph,prn:17,pseudo_cd_ph:218986922.085654
$meas,msRange:77.983822,x:-21482764.496116,y:14630660.469169,z:-4828018.833507,vx:357.078033,vy:-600.740601,vz:-3154.126953
$pseudo_cd_ph,prn:19,pseudo_cd_ph:218986926.376308
$meas,msRange:73.320287,x:-19728662.408501,y:17675110.086933,z:2187878.039533,vx:-374.803192,vy:33.409367,vz:-3200.772949
$pseudo_cd_ph,prn:25,pseudo_cd_ph:218986920.929608
$meas,msRange:78.334911,x:15567334.665231,y:12188137.099977,z:17646099.894877,vx:423.362946,vy:2235.507324,vz:-1870.015869
Refix G02: 2, 218986.928124, -1543
Refix G05: 2, 218986.931339, -2490
Refix G06: 2, 218986.926960, 180
Refix G09: 2, 218986.922206, 146
Refix G12: 2, 218986.927108, -205
Refix G17: 2, 218986.922086, 1678
Refix G19: 2, 218986.926376, 1339
Refix G25: 2, 218986.920930, -2123
$GNGGA,124929.000,2944.9063,N,10633.0935,E,1,19,0.6,323.2,M,,,,0000*15
$GNRMC,124929.000,A,2944.9063,N,10633.0935,E,0.16,0.00,070519,,*1A
$GPGSA,A,3,02,05,06,09,12,17,19,25,,,,,0.8,0.6,0.4*3A
$BDGSA,A,3,01,02,04,06,08,10,11,12,13,16,21,,0.8,0.6,0.4*24
$GLGSA,A,3,,,,,,,,,,,,,0.8,0.6,0.4*24
$GPGSV,3,1,09,02,57,349,44,04,00,000,41,05,62,240,46,06,41,052,43*7B
$GPGSV,3,2,09,09,22,057,42,12,41,264,45,17,21,130,40,19,40,123,43*73
$GPGSV,3,3,09,25,21,302,43*42
$BDGSV,3,1,12,01,39,127,41,02,48,221,39,11,26,318,41,04,23,110,40*6C
$BDGSV,3,2,12,05,00,000,36,06,43,152,41,08,53,033,42,09,00,000,37*6D
$BDGSV,3,3,12,10,25,204,40,21,78,171,45,12,61,086,44,13,56,341,43*6F
$B3CN0,0,0,0,0,0,0,0,0,0,0,0,0,0,0*4C
t1:32188.957484,t2:32188.957484
dt:0.000000
$ini_pos,lastpos_good = 1,ini_pos.x:-1578915.690087,ini_pos.y:5312769.821966,ini_pos.z:3146353.865763
$rtc_local_time,localRTC.weeks:2052,localRTC.seconds:218987.188957,localGtime.weeks:2052,localGtime.seconds:218987.999999
$pseudo_cd_ph,prn:2,pseudo_cd_ph:218987928.125225
$meas,msRange:71.686507,x:-2423926.334141,y:15460150.503520,z:22072071.086549,vx:-2603.397461,vy:-550.950867,vz:87.334900
$pseudo_cd_ph,prn:5,pseudo_cd_ph:218987931.340282
$meas,msRange:68.679696,x:1087399.798078,y:25105697.191244,z:8152771.844156,vx:-592.604797,vy:-932.073120,vz:2927.322266
$pseudo_cd_ph,prn:6,pseudo_cd_ph:218987926.959865
$meas,msRange:73.271056,x:-16316018.359961,y:8885282.348270,z:19038670.422606,vx:-2285.941650,vy:-749.872864,vz:-1609.364868
$pseudo_cd_ph,prn:9,pseudo_cd_ph:218987922.205900
$meas,msRange:78.228925,x:-19699177.118217,y:2019167.186215,z:17666218.992880,vx:1460.264038,vy:-1725.197266,vz:1820.138184
$pseudo_cd_ph,prn:12,pseudo_cd_ph:218987927.108250
$meas,msRange:73.155472,x:10343083.084091,y:22773034.037438,z:8976708.410753,vx:31.451162,vy:1176.899902,vz:-2934.113770
$pseudo_cd_ph,prn:17,pseudo_cd_ph:218987922.084552
$meas,msRange:77.985599,x:-21482407.287262,y:14630059.583583,z:-4831172.908135,vx:357.339691,vy:-601.030579,vz:-3154.022705
$pseudo_cd_ph,prn:19,pseudo_cd_ph:218987926.375427
$meas,msRange:73.321849,x:-19729037.052278,y:17675143.382977,z:2184677.243355,vx:-374.484375,vy:33.182716,vz:-3200.819580
$pseudo_cd_ph,prn:25,pseudo_cd_ph:218987920.930925
$meas,msRange:78.334274,x:15567758.065880,y:12190372.478209,z:17644229.690147,vx:423.438354,vy:2235.249268,vz:-1870.393799
Refix G02: 2, 218987.928125, -1550
Refix G05: 2, 218987.931340, -2496
Refix G06: 2, 218987.926960, 173
Refix G09: 2, 218987.922206, 140
Refix G12: 2, 218987.927108, -210
Refix G17: 2, 218987.922085, 1672
Refix G19: 2, 218987.926375, 1333
Refix G25: 2, 218987.920931, -2128
$GNGGA,124930.000,2944.9063,N,10633.0935,E,1,19,0.6,322.8,M,,,,0000*16
$GNRMC,124930.000,A,2944.9063,N,10633.0935,E,0.07,0.00,070519,,*12
$GPGSA,A,3,02,05,06,09,12,17,19,25,,,,,0.8,0.6,0.4*3A
$BDGSA,A,3,01,02,04,06,08,10,11,12,13,16,21,,0.8,0.6,0.4*24
$GLGSA,A,3,,,,,,,,,,,,,0.8,0.6,0.4*24
$GPGSV,3,1,09,02,57,349,43,04,00,000,41,05,62,240,45,06,41,052,43*7F
$GPGSV,3,2,09,09,22,057,42,12,41,264,44,17,21,130,40,19,40,123,43*72
$GPGSV,3,3,09,25,21,302,43*42
$BDGSV,3,1,12,01,39,127,41,02,48,221,40,11,26,318,40,04,23,110,40*63
$BDGSV,3,2,12,05,00,000,39,06,43,152,40,08,53,033,42,09,00,000,37*63
$BDGSV,3,3,12,10,25,204,40,21,78,171,45,12,61,086,43,13,56,341,43*68
$B3CN0,20,0,0,0,0,0,0,0,0,0,0,0,0,0*7E
t1:33188.957452,t2:33188.957452
dt:0.000000
$ini_pos,lastpos_good = 1,ini_pos.x:-1578915.555581,ini_pos.y:5312769.451046,ini_pos.z:3146353.655001
$rtc_local_time,localRTC.weeks:2052,localRTC.seconds:218988.188957,localGtime.weeks:2052,localGtime.seconds:218988.999999
$pseudo_cd_ph,prn:2,pseudo_cd_ph:218988928.126178
$meas,msRange:71.686239,x:-2426529.753653,y:15459599.628088,z:22072158.199362,vx:-2603.441895,vy:-550.800049,vz:86.890732
$pseudo_cd_ph,prn:5,pseudo_cd_ph:218988931.341837
$meas,msRange:68.678827,x:1086807.116450,y:25104764.956743,z:8155699.078176,vx:-592.758484,vy:-932.395935,vz:2927.145996
$pseudo_cd_ph,prn:6,pseudo_cd_ph:218988926.959725
$meas,msRange:73.271882,x:-16318304.226788,y:8884532.571695,z:19037060.856234,vx:-2285.792236,vy:-749.680359,vz:-1609.767944
$pseudo_cd_ph,prn:9,pseudo_cd_ph:218988922.205779
$meas,msRange:78.229729,x:-19697716.822418,y:2017441.866303,z:17668038.942529,vx:1460.327759,vy:-1725.442627,vz:1819.761230
$pseudo_cd_ph,prn:12,pseudo_cd_ph:218988927.108354
$meas,msRange:73.156054,x:10343114.538713,y:22774210.753744,z:8973774.201727,vx:31.458075,vy:1176.532715,vz:-2934.304443
$pseudo_cd_ph,prn:17,pseudo_cd_ph:218988922.083464
$meas,msRange:77.987376,x:-21482049.816793,y:14629458.408013,z:-4834326.878505,vx:357.601288,vy:-601.320618,vz:-3153.918213
$pseudo_cd_ph,prn:19,pseudo_cd_ph:218988926.374548
$meas,msRange:73.323410,x:-19729411.377248,y:17675176.452348,z:2181476.400782,vx:-374.165588,vy:32.956020,vz:-3200.865967
$pseudo_cd_ph,prn:25,pseudo_cd_ph:218988920.932247
$meas,msRange:78.333638,x:15568181.541921,y:12192607.598447,z:17642359.107491,vx:423.513733,vy:2234.991211,vz:-1870.771606
Refix G02: 2, 218988.928126, -1547
Refix G05: 2, 218988.931342, -2493
Refix G06: 2, 218988.926960, 176
Refix G09: 2, 218988.922206, 143
Refix G12: 2, 218988.927108, -208
Refix G17: 2, 218988.922083, 1675
Refix G19: 2, 218988.926375, 1336
Refix G25: 2, 218988.920932, -2126
$GNGGA,124931.000,2944.9063,N,10633.0935,E,1,19,0.6,322.8,M,,,,0000*17
$GNRMC,124931.000,A,2944.9063,N,10633.0935,E,0.08,0.00,070519,,*1C
$GPGSA,A,3,02,05,06,09,12,17,19,25,,,,,0.8,0.6,0.4*3A
$BDGSA,A,3,01,02,04,06,08,10,11,12,13,16,21,,0.8,0.6,0.4*24
$GLGSA,A,3,,,,,,,,,,,,,0.8,0.6,0.4*24
$GPGSV,3,1,09,02,57,349,43,04,00,000,41,05,62,240,45,06,41,052,43*7F
$GPGSV,3,2,09,09,22,057,42,12,41,264,44,17,21,130,40,19,40,123,42*73
$GPGSV,3,3,09,25,21,302,43*42
$BDGSV,3,1,12,01,39,127,41,02,48,221,39,11,26,318,40,04,23,110,41*6C
$BDGSV,3,2,12,05,00,000,37,06,43,152,41,08,53,033,42,09,00,000,36*6D
$BDGSV,3,3,12,10,25,204,40,21,78,171,44,12,61,086,43,13,56,341,42*68
$B3CN0,0,0,0,0,0,0,0,0,0,0,0,0,0,0*4C
t1:34188.957419,t2:34188.957419
dt:0.000000
$ini_pos,lastpos_good = 1,ini_pos.x:-1578915.555432,ini_pos.y:5312769.457851,ini_pos.z:3146353.666608
$rtc_local_time,localRTC.weeks:2052,localRTC.seconds:218989.188957,localGtime.weeks:2052,localGtime.seconds:218989.999999
$pseudo_cd_ph,prn:2,pseudo_cd_ph:218989928.127131
$meas,msRange:71.685969,x:-2429133.217574,y:15459048.903513,z:22072244.868011,vx:-2603.486084,vy:-550.649170,vz:86.446571
$pseudo_cd_ph,prn:5,pseudo_cd_ph:218989931.343390
$meas,msRange:68.677957,x:1086214.281127,y:25103832.399456,z:8158626.135850,vx:-592.912231,vy:-932.718689,vz:2926.969482
$pseudo_cd_ph,prn:6,pseudo_cd_ph:218989926.959581
$meas,msRange:73.272707,x:-16320589.944232,y:8883782.987623,z:19035450.886730,vx:-2285.642822,vy:-749.487854,vz:-1610.171143
$pseudo_cd_ph,prn:9,pseudo_cd_ph:218989922.205659
$meas,msRange:78.230533,x:-19696256.462925,y:2015716.301116,z:17669858.515308,vx:1460.391357,vy:-1725.687866,vz:1819.384399
$pseudo_cd_ph,prn:12,pseudo_cd_ph:218989927.108454
$meas,msRange:73.156635,x:10343146.000221,y:22775387.102801,z:8970839.802049,vx:31.464935,vy:1176.165405,vz:-2934.495117
$pseudo_cd_ph,prn:17,pseudo_cd_ph:218989922.082374
$meas,msRange:77.989153,x:-21481692.084753,y:14628856.942429,z:-4837480.744551,vx:357.862823,vy:-601.610596,vz:-3153.813965
$pseudo_cd_ph,prn:19,pseudo_cd_ph:218989926.373668
$meas,msRange:73.324972,x:-19729785.383440,y:17675209.295000,z:2178275.511883,vx:-373.846832,vy:32.729282,vz:-3200.912109
$pseudo_cd_ph,prn:25,pseudo_cd_ph:218989920.933567
$meas,msRange:78.333002,x:15568605.093313,y:12194842.460646,z:17640488.146949,vx:423.589081,vy:2234.733154,vz:-1871.149536
Refix G02: 2, 218989.928127, -1546
Refix G05: 2, 218989.931343, -2491
Refix G06: 2, 218989.926960, 178
Refix G09: 2, 218989.922206, 145
Refix G12: 2, 218989.927108, -205
Refix G17: 2, 218989.922082, 1677
Refix G19: 2, 218989.926374, 1338
Refix G25: 2, 218989.920934, -2123
$GNGGA,124932.000,2944.9063,N,10633.0934,E,1,19,0.6,322.9,M,,,,0000*14
$GNRMC,124932.000,A,2944.9063,N,10633.0934,E,0.12,0.00,070519,,*15
$GPGSA,A,3,02,05,06,09,12,17,19,25,,,,,0.8,0.6,0.4*3A
$BDGSA,A,3,01,02,04,06,08,10,11,12,13,16,21,,0.8,0.6,0.4*24
$GLGSA,A,3,,,,,,,,,,,,,0.8,0.6,0.4*24
$GPGSV,3,1,10,02,57,349,44,04,00,000,42,05,62,240,45,06,41,052,43*73
$GPGSV,3,2,10,09,22,057,41,12,41,264,44,17,21,130,40,19,40,123,43*79
$GPGSV,3,3,10,25,21,302,42,13,00,000,31*7B
$BDGSV,3,1,12,01,39,127,41,02,48,221,40,11,26,318,40,04,23,110,40*63
$BDGSV,3,2,12,05,00,000,38,06,43,152,41,08,53,033,41,09,00,000,36*61
$BDGSV,3,3,12,10,25,204,40,21,78,171,45,12,61,086,43,13,56,341,43*68
$B3CN0,17,0,0,0,0,0,0,0,0,0,0,0,0,0*7A
t1:35188.957387,t2:35188.957387
dt:0.000000
$ini_pos,lastpos_good = 1,ini_pos.x:-1578915.553901,ini_pos.y:5312769.562187,ini_pos.z:3146353.700845
$rtc_local_time,localRTC.weeks:2052,localRTC.seconds:218990.188957,localGtime.weeks:2052,localGtime.seconds:218990.999999
$pseudo_cd_ph,prn:2,pseudo_cd_ph:218990928.128085
$meas,msRange:71.685699,x:-2431736.725845,y:15458498.329807,z:22072331.092492,vx:-2603.530518,vy:-550.498291,vz:86.002403
$pseudo_cd_ph,prn:5,pseudo_cd_ph:218990931.344943
$meas,msRange:68.677087,x:1085621.292070,y:25102899.519419,z:8161553.017112,vx:-593.065979,vy:-933.041443,vz:2926.793213
$pseudo_cd_ph,prn:6,pseudo_cd_ph:218990926.959440
$meas,msRange:73.273532,x:-16322875.512227,y:8883033.596045,z:19033840.514127,vx:-2285.493408,vy:-749.295349,vz:-1610.574219
$pseudo_cd_ph,prn:9,pseudo_cd_ph:218990922.205540
$meas,msRange:78.231338,x:-19694796.039796,y:2013990.490673,z:17671677.711179,vx:1460.454956,vy:-1725.933105,vz:1819.007446
$pseudo_cd_ph,prn:12,pseudo_cd_ph:218990927.108557
$meas,msRange:73.157216,x:10343177.468563,y:22776563.084591,z:8967905.211782,vx:31.471743,vy:1175.798218,vz:-2934.685547
$pseudo_cd_ph,prn:17,pseudo_cd_ph:218990922.081285
$meas,msRange:77.990929,x:-21481334.091188,y:14628255.186801,z:-4840634.506202,vx:358.124329,vy:-601.900696,vz:-3153.709473
$pseudo_cd_ph,prn:19,pseudo_cd_ph:218990926.372791
$meas,msRange:73.326533,x:-19730159.070882,y:17675241.910890,z:2175074.576726,vx:-373.528076,vy:32.502495,vz:-3200.958252
$pseudo_cd_ph,prn:25,pseudo_cd_ph:218990920.934887
$meas,msRange:78.332366,x:15569028.720011,y:12197077.064760,z:17638616.808564,vx:423.664337,vy:2234.475098,vz:-1871.527344
Refix G02: 2, 218990.928128, -1544
Refix G05: 2, 218990.931345, -2488
Refix G06: 2, 218990.926959, 180
Refix G09: 2, 218990.922206, 147
Refix G12: 2, 218990.927109, -202
Refix G17: 2, 218990.922081, 1678
Refix G19: 2, 218990.926373, 1340
Refix G25: 2, 218990.920935, -2121
$GNGGA,124933.000,2944.9063,N,10633.0935,E,1,19,0.6,323.1,M,,,,0000*1D
$GNRMC,124933.000,A,2944.9063,N,10633.0935,E,0.10,0.00,070519,,*17
$GPGSA,A,3,02,05,06,09,12,17,19,25,,,,,0.8,0.6,0.4*3A
$BDGSA,A,3,01,02,04,06,08,10,11,12,13,16,21,,0.8,0.6,0.4*24
$GLGSA,A,3,,,,,,,,,,,,,0.8,0.6,0.4*24
$GPGSV,3,1,10,02,57,349,43,04,00,000,41,05,62,240,45,06,41,052,43*77
$GPGSV,3,2,10,09,22,057,41,12,41,264,44,17,21,130,40,19,40,123,42*78
$GPGSV,3,3,10,25,21,302,43,13,00,000,35*7E
$BDGSV,3,1,12,01,39,127,41,02,48,221,39,11,26,318,40,04,23,110,40*6D
$BDGSV,3,2,12,05,00,000,38,06,43,152,41,08,53,033,42,09,00,000,36*62
$BDGSV,3,3,12,10,25,204,40,21,78,171,45,12,61,086,43,13,56,341,43*68
$B3CN0,19,0,0,0,0,0,0,0,0,0,0,0,0,0*74
t1:36188.957355,t2:36188.957355
dt:0.000000
$ini_pos,lastpos_good = 1,ini_pos.x:-1578915.629769,ini_pos.y:5312769.658424,ini_pos.z:3146353.806368
$rtc_local_time,localRTC.weeks:2052,localRTC.seconds:218991.188957,localGtime.weeks:2052,localGtime.seconds:218991.999999
$pseudo_cd_ph,prn:2,pseudo_cd_ph:218991928.129033
$meas,msRange:71.685429,x:-2434340.278404,y:15457947.906985,z:22072416.872805,vx:-2603.574707,vy:-550.347412,vz:85.558228
$pseudo_cd_ph,prn:5,pseudo_cd_ph:218991931.346490
$meas,msRange:68.676217,x:1085028.149243,y:25101966.316670,z:8164479.721901,vx:-593.219727,vy:-933.364136,vz:2926.616699
$pseudo_cd_ph,prn:6,pseudo_cd_ph:218991926.959295
$meas,msRange:73.274357,x:-16325160.930711,y:8882284.396950,z:19032229.738461,vx:-2285.343750,vy:-749.102905,vz:-1610.977295
$pseudo_cd_ph,prn:9,pseudo_cd_ph:218991922.205416
$meas,msRange:78.232142,x:-19693335.553091,y:2012264.434990,z:17673496.530102,vx:1460.518555,vy:-1726.178345,vz:1818.630493
$pseudo_cd_ph,prn:12,pseudo_cd_ph:218991927.108653
$meas,msRange:73.157798,x:10343208.943685,y:22777738.699095,z:8964970.430989,vx:31.478495,vy:1175.430908,vz:-2934.876221
$pseudo_cd_ph,prn:17,pseudo_cd_ph:218991922.080193
$meas,msRange:77.992706,x:-21480975.836144,y:14627653.141098,z:-4843788.163391,vx:358.385773,vy:-602.190796,vz:-3153.604980
$pseudo_cd_ph,prn:19,pseudo_cd_ph:218991926.371909
$meas,msRange:73.328094,x:-19730532.439603,y:17675274.299970,z:2171873.595379,vx:-373.209381,vy:32.275661,vz:-3201.004639
$pseudo_cd_ph,prn:25,pseudo_cd_ph:218991920.936204
$meas,msRange:78.331730,x:15569452.421973,y:12199311.410743,z:17636745.092377,vx:423.739594,vy:2234.217041,vz:-1871.905151
Refix G02: 2, 218991.928129, -1544
Refix G05: 2, 218991.931346, -2489
Refix G06: 2, 218991.926959, 180
Refix G09: 2, 218991.922205, 148
Refix G12: 2, 218991.927109, -203
Refix G17: 2, 218991.922080, 1678
Refix G19: 2, 218991.926372, 1339
Refix G25: 2, 218991.920936, -2120
$GNGGA,124934.000,2944.9064,N,10633.0937,E,1,19,0.6,321.6,M,,,,0000*1A
$GNRMC,124934.000,A,2944.9064,N,10633.0937,E,0.32,0.00,070519,,*15
$GPGSA,A,3,02,05,06,09,12,17,19,25,,,,,0.8,0.6,0.4*3A
$BDGSA,A,3,01,02,04,06,08,10,11,12,13,16,21,,0.8,0.6,0.4*24
$GLGSA,A,3,,,,,,,,,,,,,0.8,0.6,0.4*24
$GPGSV,3,1,10,02,57,349,44,04,00,000,41,05,62,240,45,06,41,052,43*70
$GPGSV,3,2,10,09,22,057,42,12,41,264,44,17,21,130,40,19,40,123,42*7B
$GPGSV,3,3,10,25,21,302,42,13,00,000,35*7F
$BDGSV,3,1,12,01,39,127,41,02,48,221,40,11,26,318,40,04,23,110,40*63
$BDGSV,3,2,12,05,00,000,37,06,43,152,41,08,53,033,42,09,00,000,37*6C
$BDGSV,3,3,12,10,25,204,40,21,78,171,45,12,61,086,43,13,56,341,42*69
$B3CN0,18,0,0,0,0,0,0,0,0,0,0,0,0,0*75
t1:37188.957323,t2:37188.957323
dt:0.000000
$ini_pos,lastpos_good = 1,ini_pos.x:-1578915.569837,ini_pos.y:5312768.346524,ini_pos.z:3146353.171137
$rtc_local_time,localRTC.weeks:2052,localRTC.seconds:218992.188957,localGtime.weeks:2052,localGtime.seconds:218992.999999
$pseudo_cd_ph,prn:2,pseudo_cd_ph:218992928.129987
$meas,msRange:71.685163,x:-2436943.875191,y:15457397.635062,z:22072502.208946,vx:-2603.618896,vy:-550.196472,vz:85.114059
$pseudo_cd_ph,prn:5,pseudo_cd_ph:218992931.348043
$meas,msRange:68.675353,x:1084434.852607,y:25101032.791246,z:8167406.250152,vx:-593.373596,vy:-933.686768,vz:2926.439941
$pseudo_cd_ph,prn:6,pseudo_cd_ph:218992926.959157
$meas,msRange:73.275185,x:-16327446.199617,y:8881535.390329,z:19030618.559765,vx:-2285.194092,vy:-748.910400,vz:-1611.380249
$pseudo_cd_ph,prn:9,pseudo_cd_ph:218992922.205297
$meas,msRange:78.232948,x:-19691875.002868,y:2010538.134088,z:17675314.972039,vx:1460.582031,vy:-1726.423584,vz:1818.253540
$pseudo_cd_ph,prn:12,pseudo_cd_ph:218992927.108754
$meas,msRange:73.158384,x:10343240.425533,y:22778913.946295,z:8962035.459733,vx:31.485195,vy:1175.063599,vz:-2935.066650
$pseudo_cd_ph,prn:17,pseudo_cd_ph:218992922.079105
$meas,msRange:77.994484,x:-21480617.319667,y:14627050.805292,z:-4846941.716048,vx:358.647186,vy:-602.480896,vz:-3153.500488
$pseudo_cd_ph,prn:19,pseudo_cd_ph:218992926.371032
$meas,msRange:73.329659,x:-19730905.489632,y:17675306.462196,z:2168672.567911,vx:-372.890717,vy:32.048786,vz:-3201.050537
$pseudo_cd_ph,prn:25,pseudo_cd_ph:218992920.937526
$meas,msRange:78.331097,x:15569876.199155,y:12201545.498548,z:17634872.998430,vx:423.814789,vy:2233.958740,vz:-1872.282837
Refix G02: 2, 218992.928130, -1547
Refix G05: 2, 218992.931348, -2492
Refix G06: 2, 218992.926959, 176
Refix G09: 2, 218992.922205, 145
Refix G12: 2, 218992.927109, -205
Refix G17: 2, 218992.922079, 1675
Refix G19: 2, 218992.926371, 1337
Refix G25: 2, 218992.920938, -2123
$GNGGA,124935.000,2944.9063,N,10633.0937,E,1,19,0.6,321.3,M,,,,0000*19
$GNRMC,124935.000,A,2944.9063,N,10633.0937,E,0.15,0.00,070519,,*16
$GPGSA,A,3,02,05,06,09,12,17,19,25,,,,,0.8,0.6,0.4*3A
$BDGSA,A,3,01,02,04,06,08,10,11,12,13,16,21,,0.8,0.6,0.4*24
$GLGSA,A,3,,,,,,,,,,,,,0.8,0.6,0.4*24
$GPGSV,3,1,10,02,57,349,43,04,00,000,41,05,62,240,45,06,41,052,42*76
$GPGSV,3,2,10,09,22,057,42,12,41,264,44,17,21,130,39,19,40,123,43*74
$GPGSV,3,3,10,25,21,302,42,13,00,000,35*7F
$BDGSV,3,1,12,01,39,127,41,02,48,221,40,11,26,318,40,04,23,110,39*6D
$BDGSV,3,2,12,05,00,000,38,06,43,152,40,08,53,033,42,09,00,000,37*62
$BDGSV,3,3,12,10,25,204,40,21,78,171,45,12,61,086,42,13,56,341,42*68
$B3CN0,0,36,0,0,0,0,0,0,0,0,0,0,0,0*79
t1:38188.957290,t2:38188.957290
dt:0.000000
$ini_pos,lastpos_good = 1,ini_pos.x:-1578915.514414,ini_pos.y:5312768.112990,ini_pos.z:3146352.994559
$rtc_local_time,localRTC.weeks:2052,localRTC.seconds:218993.188957,localGtime.weeks:2052,localGtime.seconds:218993.999999
$pseudo_cd_ph,prn:2,pseudo_cd_ph:218993928.130941
$meas,msRange:71.684895,x:-2439547.516145,y:15456847.514052,z:22072587.100914,vx:-2603.663086,vy:-550.045593,vz:84.669884
$pseudo_cd_ph,prn:5,pseudo_cd_ph:218993931.349597
$meas,msRange:68.674485,x:1083841.402126,y:25100098.943184,z:8170332.601803,vx:-593.527405,vy:-934.009399,vz:2926.263428
$pseudo_cd_ph,prn:6,pseudo_cd_ph:218993926.959021
$meas,msRange:73.276010,x:-16329731.318882,y:8880786.576172,z:19029006.978074,vx:-2285.044434,vy:-748.717957,vz:-1611.783203
$pseudo_cd_ph,prn:9,pseudo_cd_ph:218993922.205178
$meas,msRange:78.233754,x:-19690414.389187,y:2008811.587984,z:17677133.036951,vx:1460.645386,vy:-1726.668701,vz:1817.876465
$pseudo_cd_ph,prn:12,pseudo_cd_ph:218993927.108858
$meas,msRange:73.158967,x:10343271.914055,y:22780088.826173,z:8959100.298077,vx:31.491842,vy:1174.696289,vz:-2935.256836
$pseudo_cd_ph,prn:17,pseudo_cd_ph:218993922.078018
$meas,msRange:77.996262,x:-21480258.541803,y:14626448.179351,z:-4850095.164106,vx:358.908569,vy:-602.771057,vz:-3153.395752
$pseudo_cd_ph,prn:19,pseudo_cd_ph:218993926.370158
$meas,msRange:73.331221,x:-19731278.220998,y:17675338.397523,z:2165471.494388,vx:-372.572052,vy:31.821863,vz:-3201.096680
$pseudo_cd_ph,prn:25,pseudo_cd_ph:218993920.938848
$meas,msRange:78.330463,x:15570300.051514,y:12203779.328130,z:17633000.526762,vx:423.889954,vy:2233.700439,vz:-1872.660522
Refix G02: 2, 218993.928131, -1554
Refix G05: 2, 218993.931350, -2498
Refix G06: 2, 218993.926959, 169
Refix G09: 2, 218993.922205, 138
Refix G12: 2, 218993.927109, -211
Refix G17: 2, 218993.922078, 1669
Refix G19: 2, 218993.926370, 1330
Refix G25: 2, 218993.920939, -2129
$GNGGA,124936.000,2944.9064,N,10633.0937,E,1,19,0.6,321.2,M,,,,0000*1C
$GNRMC,124936.000,A,2944.9064,N,10633.0937,E,0.15,0.00,070519,,*12
$GPGSA,A,3,02,05,06,09,12,17,19,25,,,,,0.8,0.6,0.4*3A
$BDGSA,A,3,01,02,04,06,08,10,11,12,13,16,21,,0.8,0.6,0.4*24
$GLGSA,A,3,,,,,,,,,,,,,0.8,0.6,0.4*24
$GPGSV,3,1,10,02,57,349,43,04,00,000,42,05,62,240,45,06,41,052,43*74
$GPGSV,3,2,10,09,22,057,42,12,41,264,44,17,21,130,39,19,40,123,42*75
$GPGSV,3,3,10,25,21,302,41,13,00,000,35*7C
$BDGSV,3,1,12,01,39,127,40,02,48,221,41,11,26,318,40,04,23,110,41*62
$BDGSV,3,2,12,05,00,000,38,06,43,152,40,08,53,033,42,09,00,000,37*62
$BDGSV,3,3,12,10,25,204,39,21,78,171,44,12,61,086,43,13,56,341,43*67
$B3CN0,0,0,0,0,0,0,0,0,0,0,0,0,0,0*4C
