SD initialized success
Create debug.log Failed! 3
bbram_blkflag = 1
rtcflag = 128
BBRAM Block OK: 01 EPHflag: 464081c8 8900876f, rtc 80
GPS 0 Init Dop: 10000,80
GPS 1 Init Dop: 10000,80
GPS 2 Init Dop: 10000,80
GPS 3 Init Dop: 10000,80
GPS 4 Init Dop: 10000,80
GPS 5 Init Dop: 10000,80
GPS 6 Init Dop: 10000,80
GPS 7 Init Dop: 10000,80
GPS 8 Init Dop: 10000,80
GPS 9 Init Dop: 10000,80
GPS10 Init Dop: 10000,80
GPS11 Init Dop: 10000,80
GPS12 Init Dop: 10000,80
GPS13 Init Dop: 10000,80
GPS14 Init Dop: 10000,80
GPS15 Init Dop: 10000,80
GPS16 Init Dop: 10000,80
GPS17 Init Dop: 10000,80
GPS18 Init Dop: 10000,80
GPS19 Init Dop: 10000,80
GPS20 Init Dop: 10000,80
GPS21 Init Dop: 10000,80
GPS22 Init Dop: 10000,80
GPS23 Init Dop: 10000,80
GPS24 Init Dop: 10000,80
GPS25 Init Dop: 10000,80
GPS26 Init Dop: 10000,80
GPS27 Init Dop: 10000,80
GPS28 Init Dop: 10000,80
GPS29 Init Dop: 10000,80
GPS30 Init Dop: 10000,80
GPS31 Init Dop: 10000,80
BDS 0 Init Dop: 10000,80
BDS 1 Init Dop: 10000,80
BDS 2 Init Dop: 10000,80
BDS 3 Init Dop: 10000,80
BDS 4 Init Dop: 10000,80
BDS 5 Init Dop: 10000,80
BDS 6 Init Dop: 10000,80
BDS 7 Init Dop: 10000,80
BDS 8 Init Dop: 10000,80
BDS 9 Init Dop: 10000,80
BDS10 Init Dop: 10000,80
BDS11 Init Dop: 10000,80
BDS12 Init Dop: 10000,80
BDS13 Init Dop: 10000,80
BDS14 Init Dop: 10000,80
BDS15 Init Dop: 10000,80
BDS16 Init Dop: 10000,80
BDS17 Init Dop: 10000,80
BDS18 Init Dop: 10000,80
BDS19 Init Dop: 10000,80
BDS20 Init Dop: 10000,80
BDS21 Init Dop: 10000,80
BDS22 Init Dop: 10000,80
BDS23 Init Dop: 10000,80
BDS24 Init Dop: 10000,80
BDS25 Init Dop: 10000,80
BDS26 Init Dop: 10000,80
BDS27 Init Dop: 10000,80
BDS28 Init Dop: 10000,80
BDS29 Init Dop: 10000,80
BDS30 Init Dop: 10000,80
BDS31 Init Dop: 10000,80
Good luck!
$ini_pos,lastpos_good = 0,ini_pos.x:0.000000,ini_pos.y:1870047718374314371710976.000000,ini_pos.z:-2046739898144079604584181494893243150538612660687552759866211436395811498176008283937217445670253342138979921839890088464044843714967523004413381681481950795692746949771761461944886978122913274336967586102276507303936.000000
source<tow,snapshot
$GNGGA,000000.000,,,,,0,00,,,M,,,,0000*2B
$GNRMC,000000.000,A,,,,,,,060180,,*29
$GPGSA,A,1,,,,,,,,,,,,,,,*1E
$BDGSA,A,1,,,,,,,,,,,,,,,*0F
$GLGSA,A,1,,,,,,,,,,,,,,,*02
$B3CN0,0,0,0,0,0,0,0,0,0,0,0,0,0,0*4C
$ini_pos,lastpos_good = 0,ini_pos.x:0.000000,ini_pos.y:1870047718374314371710976.000000,ini_pos.z:-2046739898144079604584181494893243150538612660687552759866211436395811498176008283937217445670253342138979921839890088464044843714967523004413381681481950795692746949771761461944886978122913274336967586102276507303936.000000
source<tow,snapshot
$GNGGA,000000.000,,,,,0,00,,,M,,,,0000*2B
$GNRMC,000000.000,A,,,,,,,060180,,*29
$GPGSA,A,1,,,,,,,,,,,,,,,*1E
$BDGSA,A,1,,,,,,,,,,,,,,,*0F
$GLGSA,A,1,,,,,,,,,,,,,,,*02
$B3CN0,0,0,0,0,0,0,0,0,0,0,0,0,0,0*4C
$ini_pos,lastpos_good = 0,ini_pos.x:0.000000,ini_pos.y:1870047718374314371710976.000000,ini_pos.z:-2046739898144079604584181494893243150538612660687552759866211436395811498176008283937217445670253342138979921839890088464044843714967523004413381681481950795692746949771761461944886978122913274336967586102276507303936.000000
source<tow,snapshot
$GNGGA,000000.000,,,,,0,00,,,M,,,,0000*2B
$GNRMC,000000.000,A,,,,,,,060180,,*29
$GPGSA,A,1,,,,,,,,,,,,,,,*1E
$BDGSA,A,1,,,,,,,,,,,,,,,*0F
$GLGSA,A,1,,,,,,,,,,,,,,,*02
$GPGSV,1,1,02,01,00,000,26,03,00,000,20*7F
$B3CN0,0,0,0,0,0,0,0,0,0,0,0,0,0,0*4C
tow update,371317685.417949
$ini_pos,lastpos_good = 0,ini_pos.x:0.000000,ini_pos.y:1870047718374314371710976.000000,ini_pos.z:-2046739898144079604584181494893243150538612660687552759866211436395811498176008283937217445670253342138979921839890088464044843714967523004413381681481950795692746949771761461944886978122913274336967586102276507303936.000000
source>=tow,snapshot
$GNGGA,070819.685,,,,,0,00,,,M,,,,0000*27
$GNRMC,070819.685,A,,,,,,,100180,,*22
$GPGSA,A,1,,,,,,,,,,,,,,,*1E
$BDGSA,A,1,,,,,,,,,,,,,,,*0F
$GLGSA,A,1,,,,,,,,,,,,,,,*02
$GPGSV,2,1,05,01,00,000,46,03,00,000,40,07,00,000,36,11,00,000,30*7A
$GPGSV,2,2,05,17,00,000,18*43
$B3CN0,0,0,0,0,0,0,0,0,0,0,0,0,0,0*4C
$ini_pos,lastpos_good = 0,ini_pos.x:0.000000,ini_pos.y:1870047718374314371710976.000000,ini_pos.z:-2046739898144079604584181494893243150538612660687552759866211436395811498176008283937217445670253342138979921839890088464044843714967523004413381681481950795692746949771761461944886978122913274336967586102276507303936.000000
source>=tow,snapshot
$GNGGA,070820.685,,,,,0,00,,,M,,,,0000*2D
$GNRMC,070820.685,A,,,,,,,100180,,*28
$GPGSA,A,1,,,,,,,,,,,,,,,*1E
$BDGSA,A,1,,,,,,,,,,,,,,,*0F
$GLGSA,A,1,,,,,,,,,,,,,,,*02
$GPGSV,3,1,09,01,00,000,45,03,00,000,40,07,00,000,43,11,00,000,42*73
$GPGSV,3,2,09,17,00,000,44,18,00,000,42,22,00,000,32,28,00,000,25*74
$GPGSV,3,3,09,30,00,000,20*41
$B3CN0,0,0,0,0,0,0,0,0,0,0,0,0,0,0*4C
$ini_pos,lastpos_good = 0,ini_pos.x:0.000000,ini_pos.y:1870047718374314371710976.000000,ini_pos.z:-2046739898144079604584181494893243150538612660687552759866211436395811498176008283937217445670253342138979921839890088464044843714967523004413381681481950795692746949771761461944886978122913274336967586102276507303936.000000
source>=tow,snapshot
$GNGGA,070821.685,,,,,0,00,,,M,,,,0000*2C
$GNRMC,070821.685,A,,,,,,,100180,,*29
$GPGSA,A,1,,,,,,,,,,,,,,,*1E
$BDGSA,A,1,,,,,,,,,,,,,,,*0F
$GLGSA,A,1,,,,,,,,,,,,,,,*02
$GPGSV,3,1,09,01,00,000,44,03,00,000,40,07,00,000,43,11,00,000,43*73
$GPGSV,3,2,09,17,00,000,43,18,00,000,41,22,00,000,38,28,00,000,44*7D
$GPGSV,3,3,09,30,00,000,45*42
$BDGSV,1,1,04,01,00,000,40,02,00,000,40,03,00,000,43,04,00,000,39*65
$B3CN0,0,0,0,0,0,0,0,0,0,0,0,0,0,0*4C
$ini_pos,lastpos_good = 0,ini_pos.x:0.000000,ini_pos.y:1870047718374314371710976.000000,ini_pos.z:-2046739898144079604584181494893243150538612660687552759866211436395811498176008283937217445670253342138979921839890088464044843714967523004413381681481950795692746949771761461944886978122913274336967586102276507303936.000000
source>=tow,snapshot
$GNGGA,070822.685,,,,,0,00,,,M,,,,0000*2F
$GNRMC,070822.685,A,,,,,,,100180,,*2A
$GPGSA,A,1,,,,,,,,,,,,,,,*1E
$BDGSA,A,1,,,,,,,,,,,,,,,*0F
$GLGSA,A,1,,,,,,,,,,,,,,,*02
$GPGSV,3,1,09,01,00,000,45,03,00,000,40,07,00,000,44,11,00,000,43*75
$GPGSV,3,2,09,17,00,000,44,18,00,000,41,22,00,000,38,28,00,000,44*7A
$GPGSV,3,3,09,30,00,000,43*44
$BDGSV,2,1,07,01,00,000,41,02,00,000,39,03,00,000,45,04,00,000,40*62
$BDGSV,2,2,07,08,00,000,38,10,00,000,32,13,00,000,24*58
$B3CN0,0,0,0,0,0,0,0,0,0,0,0,0,0,0*4C
$ini_pos,lastpos_good = 0,ini_pos.x:0.000000,ini_pos.y:1870047718374314371710976.000000,ini_pos.z:-2046739898144079604584181494893243150538612660687552759866211436395811498176008283937217445670253342138979921839890088464044843714967523004413381681481950795692746949771761461944886978122913274336967586102276507303936.000000
source>=tow,snapshot
$GNGGA,070823.685,,,,,0,00,,,M,,,,0000*2E
$GNRMC,070823.685,A,,,,,,,100180,,*2B
$GPGSA,A,1,,,,,,,,,,,,,,,*1E
$BDGSA,A,1,,,,,,,,,,,,,,,*0F
$GLGSA,A,1,,,,,,,,,,,,,,,*02
$GPGSV,3,1,09,01,00,000,44,03,00,000,40,07,00,000,43,11,00,000,43*73
$GPGSV,3,2,09,17,00,000,43,18,00,000,41,22,00,000,38,28,00,000,44*7D
$GPGSV,3,3,09,30,00,000,43*44
$BDGSV,2,1,08,01,00,000,40,02,00,000,39,03,00,000,45,04,00,000,40*6C
$BDGSV,2,2,08,07,00,000,44,08,00,000,43,10,00,000,43,13,00,000,44*6C
$B3CN0,0,21,0,0,0,0,0,0,0,0,0,0,0,0*7F
$ini_pos,lastpos_good = 0,ini_pos.x:0.000000,ini_pos.y:1870047718374314371710976.000000,ini_pos.z:-2046739898144079604584181494893243150538612660687552759866211436395811498176008283937217445670253342138979921839890088464044843714967523004413381681481950795692746949771761461944886978122913274336967586102276507303936.000000
source>=tow,snapshot
$GNGGA,070824.685,,,,,0,00,,,M,,,,0000*29
$GNRMC,070824.685,A,,,,,,,100180,,*2C
$GPGSA,A,1,,,,,,,,,,,,,,,*1E
$BDGSA,A,1,,,,,,,,,,,,,,,*0F
$GLGSA,A,1,,,,,,,,,,,,,,,*02
$GPGSV,3,1,09,01,00,000,45,03,00,000,40,07,00,000,44,11,00,000,43*75
$GPGSV,3,2,09,17,00,000,44,18,00,000,41,22,00,000,38,28,00,000,44*7A
$GPGSV,3,3,09,30,00,000,44*43
$BDGSV,2,1,08,01,00,000,41,02,00,000,40,03,00,000,45,04,00,000,40*63
$BDGSV,2,2,08,07,00,000,44,08,00,000,43,10,00,000,43,13,00,000,43*6B
$B3CN0,0,0,0,0,0,0,0,0,0,0,0,0,0,0*4C
$ini_pos,lastpos_good = 0,ini_pos.x:0.000000,ini_pos.y:1870047718374314371710976.000000,ini_pos.z:-2046739898144079604584181494893243150538612660687552759866211436395811498176008283937217445670253342138979921839890088464044843714967523004413381681481950795692746949771761461944886978122913274336967586102276507303936.000000
source>=tow,snapshot
$GNGGA,070825.685,,,,,0,00,,,M,,,,0000*28
$GNRMC,070825.685,A,,,,,,,100180,,*2D
$GPGSA,A,1,,,,,,,,,,,,,,,*1E
$BDGSA,A,1,,,,,,,,,,,,,,,*0F
$GLGSA,A,1,,,,,,,,,,,,,,,*02
$GPGSV,3,1,09,01,00,000,44,03,00,000,40,07,00,000,43,11,00,000,43*73
$GPGSV,3,2,09,17,00,000,45,18,00,000,42,22,00,000,37,28,00,000,43*70
$GPGSV,3,3,09,30,00,000,44*43
$BDGSV,3,1,09,01,00,000,41,02,00,000,40,03,00,000,43,04,00,000,40*65
$BDGSV,3,2,09,07,00,000,43,08,00,000,43,10,00,000,43,13,00,000,43*6C
$BDGSV,3,3,09,32,00,000,41*55
$B3CN0,0,0,0,0,0,0,0,0,0,0,0,0,0,0*4C
$ini_pos,lastpos_good = 0,ini_pos.x:0.000000,ini_pos.y:1870047718374314371710976.000000,ini_pos.z:-2046739898144079604584181494893243150538612660687552759866211436395811498176008283937217445670253342138979921839890088464044843714967523004413381681481950795692746949771761461944886978122913274336967586102276507303936.000000
source>=tow,snapshot
$GNGGA,070826.685,,,,,0,00,,,M,,,,0000*2B
$GNRMC,070826.685,A,,,,,,,100180,,*2E
$GPGSA,A,1,,,,,,,,,,,,,,,*1E
$BDGSA,A,1,,,,,,,,,,,,,,,*0F
$GLGSA,A,1,,,,,,,,,,,,,,,*02
$GPGSV,3,1,09,01,00,000,45,03,00,000,41,07,00,000,43,11,00,000,43*73
$GPGSV,3,2,09,17,00,000,44,18,00,000,42,22,00,000,38,28,00,000,43*7E
$GPGSV,3,3,09,30,00,000,43*44
$BDGSV,3,1,09,01,00,000,41,02,00,000,40,03,00,000,42,04,00,000,39*6A
$BDGSV,3,2,09,07,00,000,43,08,00,000,43,10,00,000,43,13,00,000,43*6C
$BDGSV,3,3,09,32,00,000,41*55
$B3CN0,0,0,0,0,0,0,0,0,0,0,0,0,0,0*4C
$ini_pos,lastpos_good = 0,ini_pos.x:0.000000,ini_pos.y:1870047718374314371710976.000000,ini_pos.z:-2046739898144079604584181494893243150538612660687552759866211436395811498176008283937217445670253342138979921839890088464044843714967523004413381681481950795692746949771761461944886978122913274336967586102276507303936.000000
source>=tow,snapshot
$GNGGA,070827.685,,,,,0,00,,,M,,,,0000*2A
$GNRMC,070827.685,A,,,,,,,160519,,*2D
$GPGSA,A,1,,,,,,,,,,,,,,,*1E
$BDGSA,A,1,,,,,,,,,,,,,,,*0F
$GLGSA,A,1,,,,,,,,,,,,,,,*02
$GPGSV,3,1,09,01,00,000,45,03,00,000,40,07,00,000,44,11,00,000,43*75
$GPGSV,3,2,09,17,00,000,44,18,00,000,41,22,00,000,38,28,00,000,44*7A
$GPGSV,3,3,09,30,00,000,44*43
$BDGSV,3,1,12,01,00,000,40,02,00,000,40,03,00,000,45,04,00,000,40*68
$BDGSV,3,2,12,07,00,000,43,08,00,000,42,10,00,000,43,13,00,000,43*67
$BDGSV,3,3,12,27,00,000,46,29,00,000,33,30,00,000,32,32,00,000,41*61
$B3CN0,36,0,0,0,0,0,0,0,0,0,0,0,0,0*79
$ini_pos,lastpos_good = 0,ini_pos.x:0.000000,ini_pos.y:1870047718374314371710976.000000,ini_pos.z:-2046739898144079604584181494893243150538612660687552759866211436395811498176008283937217445670253342138979921839890088464044843714967523004413381681481950795692746949771761461944886978122913274336967586102276507303936.000000
source>=tow,snapshot
$GNGGA,070828.685,,,,,0,00,,,M,,,,0000*25
$GNRMC,070828.685,A,,,,,,,160519,,*22
$GPGSA,A,1,,,,,,,,,,,,,,,*1E
$BDGSA,A,1,,,,,,,,,,,,,,,*0F
$GLGSA,A,1,,,,,,,,,,,,,,,*02
$GPGSV,3,1,09,01,00,000,45,03,00,000,40,07,00,000,44,11,00,000,43*75
$GPGSV,3,2,09,17,00,000,45,18,00,000,42,22,00,000,37,28,00,000,44*77
$GPGSV,3,3,09,30,00,000,44*43
$BDGSV,3,1,12,01,00,000,41,02,00,000,39,03,00,000,43,04,00,000,40*61
$BDGSV,3,2,12,07,00,000,43,08,00,000,43,10,00,000,43,13,00,000,43*66
$BDGSV,3,3,12,27,00,000,44,29,00,000,41,30,00,000,44,32,00,000,41*67
$B3CN0,0,0,0,0,0,0,0,0,0,0,0,0,0,0*4C
$ini_pos,lastpos_good = 0,ini_pos.x:0.000000,ini_pos.y:1870047718374314371710976.000000,ini_pos.z:-2046739898144079604584181494893243150538612660687552759866211436395811498176008283937217445670253342138979921839890088464044843714967523004413381681481950795692746949771761461944886978122913274336967586102276507303936.000000
source>=tow,snapshot
$GNGGA,070829.685,,,,,0,00,,,M,,,,0000*24
$GNRMC,070829.685,A,,,,,,,160519,,*23
$GPGSA,A,1,,,,,,,,,,,,,,,*1E
$BDGSA,A,1,,,,,,,,,,,,,,,*0F
$GLGSA,A,1,,,,,,,,,,,,,,,*02
$GPGSV,3,1,09,01,00,000,45,03,00,000,40,07,00,000,44,11,00,000,43*75
$GPGSV,3,2,09,17,00,000,45,18,00,000,42,22,00,000,38,28,00,000,44*78
$GPGSV,3,3,09,30,00,000,44*43
$BDGSV,3,1,12,01,00,000,40,02,00,000,39,03,00,000,43,04,00,000,40*60
$BDGSV,3,2,12,07,00,000,43,08,00,000,43,10,00,000,43,13,00,000,43*66
$BDGSV,3,3,12,27,00,000,44,29,00,000,41,30,00,000,43,32,00,000,40*61
$B3CN0,0,0,0,0,0,0,0,0,0,0,0,0,0,0*4C
$ini_pos,lastpos_good = 0,ini_pos.x:0.000000,ini_pos.y:1870047718374314371710976.000000,ini_pos.z:-2046739898144079604584181494893243150538612660687552759866211436395811498176008283937217445670253342138979921839890088464044843714967523004413381681481950795692746949771761461944886978122913274336967586102276507303936.000000
source>=tow,snapshot
$GNGGA,070830.685,,,,,0,00,,,M,,,,0000*2C
$GNRMC,070830.685,A,,,,,,,160519,,*2B
$GPGSA,A,1,,,,,,,,,,,,,,,*1E
$BDGSA,A,1,,,,,,,,,,,,,,,*0F
$GLGSA,A,1,,,,,,,,,,,,,,,*02
$GPGSV,3,1,09,01,00,000,44,03,00,000,40,07,00,000,44,11,00,000,43*74
$GPGSV,3,2,09,17,00,000,44,18,00,000,42,22,00,000,38,28,00,000,44*79
$GPGSV,3,3,09,30,00,000,44*43
$BDGSV,3,1,12,01,00,000,40,02,00,000,40,03,00,000,45,04,00,000,40*68
$BDGSV,3,2,12,07,00,000,43,08,00,000,44,10,00,000,43,13,00,000,43*61
$BDGSV,3,3,12,27,00,000,44,29,00,000,41,30,00,000,44,32,00,000,40*66
$B3CN0,22,0,0,0,0,0,0,0,0,0,0,0,0,0*7C
$ini_pos,lastpos_good = 0,ini_pos.x:0.000000,ini_pos.y:1870047718374314371710976.000000,ini_pos.z:-2046739898144079604584181494893243150538612660687552759866211436395811498176008283937217445670253342138979921839890088464044843714967523004413381681481950795692746949771761461944886978122913274336967586102276507303936.000000
source>=tow,snapshot
$GNGGA,070831.685,,,,,0,00,,,M,,,,0000*2D
$GNRMC,070831.685,A,,,,,,,160519,,*2A
$GPGSA,A,1,,,,,,,,,,,,,,,*1E
$BDGSA,A,1,,,,,,,,,,,,,,,*0F
$GLGSA,A,1,,,,,,,,,,,,,,,*02
$GPGSV,3,1,09,01,00,000,44,03,00,000,39,07,00,000,43,11,00,000,44*7A
$GPGSV,3,2,09,17,00,000,45,18,00,000,42,22,00,000,37,28,00,000,44*77
$GPGSV,3,3,09,30,00,000,44*43
$BDGSV,3,1,12,01,00,000,41,02,00,000,39,03,00,000,45,04,00,000,40*67
$BDGSV,3,2,12,07,00,000,43,08,00,000,43,10,00,000,43,13,00,000,43*66
$BDGSV,3,3,12,27,00,000,44,29,00,000,40,30,00,000,44,32,00,000,40*67
$B3CN0,0,0,0,0,0,0,0,0,0,0,0,0,0,0*4C
$ini_pos,lastpos_good = 0,ini_pos.x:0.000000,ini_pos.y:1870047718374314371710976.000000,ini_pos.z:-2046739898144079604584181494893243150538612660687552759866211436395811498176008283937217445670253342138979921839890088464044843714967523004413381681481950795692746949771761461944886978122913274336967586102276507303936.000000
source>=tow,snapshot
$GNGGA,070832.685,,,,,0,00,,,M,,,,0000*2E
$GNRMC,070832.685,A,,,,,,,160519,,*29
$GPGSA,A,1,,,,,,,,,,,,,,,*1E
$BDGSA,A,1,,,,,,,,,,,,,,,*0F
$GLGSA,A,1,,,,,,,,,,,,,,,*02
$GPGSV,3,1,09,01,00,000,45,03,00,000,39,07,00,000,43,11,00,000,43*7C
$GPGSV,3,2,09,17,00,000,44,18,00,000,42,22,00,000,38,28,00,000,44*79
$GPGSV,3,3,09,30,00,000,44*43
$BDGSV,3,1,12,01,00,000,40,02,00,000,40,03,00,000,42,04,00,000,40*6F
$BDGSV,3,2,12,07,00,000,43,08,00,000,43,10,00,000,43,13,00,000,43*66
$BDGSV,3,3,12,27,00,000,44,29,00,000,41,30,00,000,43,32,00,000,40*61
$B3CN0,0,0,0,0,0,0,0,0,0,0,0,0,0,0*4C
$ini_pos,lastpos_good = 0,ini_pos.x:0.000000,ini_pos.y:1870047718374314371710976.000000,ini_pos.z:-2046739898144079604584181494893243150538612660687552759866211436395811498176008283937217445670253342138979921839890088464044843714967523004413381681481950795692746949771761461944886978122913274336967586102276507303936.000000
source>=tow,snapshot
$GNGGA,070833.685,,,,,0,00,,,M,,,,0000*2F
$GNRMC,070833.685,A,,,,,,,160519,,*28
$GPGSA,A,1,,,,,,,,,,,,,,,*1E
$BDGSA,A,1,,,,,,,,,,,,,,,*0F
$GLGSA,A,1,,,,,,,,,,,,,,,*02
$GPGSV,3,1,09,01,00,000,44,03,00,000,40,07,00,000,43,11,00,000,43*73
$GPGSV,3,2,09,17,00,000,44,18,00,000,42,22,00,000,38,28,00,000,45*78
$GPGSV,3,3,09,30,00,000,43*44
$BDGSV,3,1,12,01,00,000,41,02,00,000,40,03,00,000,42,04,00,000,40*6E
$BDGSV,3,2,12,07,00,000,43,08,00,000,43,10,00,000,43,13,00,000,43*66
$BDGSV,3,3,12,27,00,000,44,29,00,000,41,30,00,000,43,32,00,000,40*61
$B3CN0,0,0,0,0,0,0,0,0,0,0,0,0,0,0*4C
$ini_pos,lastpos_good = 0,ini_pos.x:0.000000,ini_pos.y:1870047718374314371710976.000000,ini_pos.z:-2046739898144079604584181494893243150538612660687552759866211436395811498176008283937217445670253342138979921839890088464044843714967523004413381681481950795692746949771761461944886978122913274336967586102276507303936.000000
source>=tow,snapshot
$GNGGA,070834.685,,,,,0,00,,,M,,,,0000*28
$GNRMC,070834.685,A,,,,,,,160519,,*2F
$GPGSA,A,1,,,,,,,,,,,,,,,*1E
$BDGSA,A,1,,,,,,,,,,,,,,,*0F
$GLGSA,A,1,,,,,,,,,,,,,,,*02
$GPGSV,3,1,09,01,00,000,45,03,00,000,41,07,00,000,44,11,00,000,43*74
$GPGSV,3,2,09,17,00,000,44,18,00,000,42,22,00,000,37,28,00,000,43*71
$GPGSV,3,3,09,30,00,000,44*43
$BDGSV,3,1,12,01,00,000,40,02,00,000,41,03,00,000,43,04,00,000,41*6E
$BDGSV,3,2,12,07,00,000,43,08,00,000,43,10,00,000,43,13,00,000,43*66
$BDGSV,3,3,12,27,00,000,45,29,00,000,40,30,00,000,43,32,00,000,40*61
$B3CN0,0,0,17,0,0,0,0,0,0,0,0,0,0,0*7A
$ini_pos,lastpos_good = 0,ini_pos.x:0.000000,ini_pos.y:1870047718374314371710976.000000,ini_pos.z:-2046739898144079604584181494893243150538612660687552759866211436395811498176008283937217445670253342138979921839890088464044843714967523004413381681481950795692746949771761461944886978122913274336967586102276507303936.000000
source>=tow,snapshot
$GNGGA,070835.685,,,,,0,00,,,M,,,,0000*29
$GNRMC,070835.685,A,,,,,,,160519,,*2E
$GPGSA,A,1,,,,,,,,,,,,,,,*1E
$BDGSA,A,1,,,,,,,,,,,,,,,*0F
$GLGSA,A,1,,,,,,,,,,,,,,,*02
$GPGSV,3,1,09,01,00,000,44,03,00,000,41,07,00,000,43,11,00,000,43*72
$GPGSV,3,2,09,17,00,000,44,18,00,000,42,22,00,000,36,28,00,000,44*77
$GPGSV,3,3,09,30,00,000,43*44
$BDGSV,3,1,12,01,00,000,40,02,00,000,40,03,00,000,42,04,00,000,41*6E
$BDGSV,3,2,12,07,00,000,43,08,00,000,43,10,00,000,43,13,00,000,43*66
$BDGSV,3,3,12,27,00,000,44,29,00,000,41,30,00,000,44,32,00,000,40*66
$B3CN0,0,0,0,0,0,0,0,0,0,0,0,0,0,0*4C
$ini_pos,lastpos_good = 0,ini_pos.x:0.000000,ini_pos.y:1870047718374314371710976.000000,ini_pos.z:-2046739898144079604584181494893243150538612660687552759866211436395811498176008283937217445670253342138979921839890088464044843714967523004413381681481950795692746949771761461944886978122913274336967586102276507303936.000000
source>=tow,snapshot
$GNGGA,070836.685,,,,,0,00,,,M,,,,0000*2A
$GNRMC,070836.685,A,,,,,,,160519,,*2D
$GPGSA,A,1,,,,,,,,,,,,,,,*1E
$BDGSA,A,1,,,,,,,,,,,,,,,*0F
$GLGSA,A,1,,,,,,,,,,,,,,,*02
$GPGSV,3,1,09,01,00,000,44,03,00,000,40,07,00,000,44,11,00,000,44*73
$GPGSV,3,2,09,17,00,000,44,18,00,000,42,22,00,000,38,28,00,000,44*79
$GPGSV,3,3,09,30,00,000,43*44
$BDGSV,3,1,12,01,00,000,40,02,00,000,40,03,00,000,43,04,00,000,41*6F
$BDGSV,3,2,12,07,00,000,43,08,00,000,43,10,00,000,43,13,00,000,43*66
$BDGSV,3,3,12,27,00,000,44,29,00,000,41,30,00,000,44,32,00,000,41*67
$B3CN0,0,0,24,0,0,0,0,0,0,0,0,0,0,0*7A
$ini_pos,lastpos_good = 0,ini_pos.x:0.000000,ini_pos.y:1870047718374314371710976.000000,ini_pos.z:-2046739898144079604584181494893243150538612660687552759866211436395811498176008283937217445670253342138979921839890088464044843714967523004413381681481950795692746949771761461944886978122913274336967586102276507303936.000000
source>=tow,snapshot
$GNGGA,070837.685,,,,,0,00,,,M,,,,0000*2B
$GNRMC,070837.685,A,,,,,,,160519,,*2C
$GPGSA,A,1,,,,,,,,,,,,,,,*1E
$BDGSA,A,1,,,,,,,,,,,,,,,*0F
$GLGSA,A,1,,,,,,,,,,,,,,,*02
$GPGSV,3,1,09,01,00,000,44,03,00,000,40,07,00,000,43,11,00,000,43*73
$GPGSV,3,2,09,17,00,000,44,18,00,000,41,22,00,000,37,28,00,000,44*75
$GPGSV,3,3,09,30,00,000,44*43
$BDGSV,3,1,12,01,00,000,41,02,00,000,39,03,00,000,43,04,00,000,41*60
$BDGSV,3,2,12,07,00,000,43,08,00,000,43,10,00,000,43,13,00,000,43*66
$BDGSV,3,3,12,27,00,000,44,29,00,000,40,30,00,000,44,32,00,000,40*67
$B3CN0,0,0,0,0,0,0,0,0,0,0,0,0,0,0*4C
$ini_pos,lastpos_good = 0,ini_pos.x:0.000000,ini_pos.y:1870047718374314371710976.000000,ini_pos.z:-2046739898144079604584181494893243150538612660687552759866211436395811498176008283937217445670253342138979921839890088464044843714967523004413381681481950795692746949771761461944886978122913274336967586102276507303936.000000
source>=tow,snapshot
$GNGGA,070838.685,,,,,0,00,,,M,,,,0000*24
$GNRMC,070838.685,A,,,,,,,160519,,*23
$GPGSA,A,1,,,,,,,,,,,,,,,*1E
$BDGSA,A,1,,,,,,,,,,,,,,,*0F
$GLGSA,A,1,,,,,,,,,,,,,,,*02
$GPGSV,3,1,09,01,00,000,44,03,00,000,39,07,00,000,43,11,00,000,43*7D
$GPGSV,3,2,09,17,00,000,45,18,00,000,42,22,00,000,38,28,00,000,44*78
$GPGSV,3,3,09,30,00,000,43*44
$BDGSV,3,1,12,01,00,000,41,02,00,000,41,03,00,000,45,04,00,000,39*66
$BDGSV,3,2,12,07,00,000,43,08,00,000,43,10,00,000,43,13,00,000,43*66
$BDGSV,3,3,12,27,00,000,44,29,00,000,41,30,00,000,44,32,00,000,40*66
$B3CN0,0,0,22,0,0,0,0,0,0,0,0,0,0,0*7C
$GLGSV,2,1,07,21,00,000,37,23,00,000,47,24,00,000,37,11,00,000,47*65
$GLGSV,2,2,07,12,00,000,46,13,00,000,39,22,00,000,47*58
$ini_pos,lastpos_good = 0,ini_pos.x:0.000000,ini_pos.y:1870047718374314371710976.000000,ini_pos.z:-2046739898144079604584181494893243150538612660687552759866211436395811498176008283937217445670253342138979921839890088464044843714967523004413381681481950795692746949771761461944886978122913274336967586102276507303936.000000
source>=tow,snapshot
$GNGGA,070839.685,,,,,0,00,,,M,,,,0000*25
$GNRMC,070839.685,A,,,,,,,160519,,*22
$GPGSA,A,1,,,,,,,,,,,,,,,*1E
$BDGSA,A,1,,,,,,,,,,,,,,,*0F
$GLGSA,A,1,,,,,,,,,,,,,,,*02
$GPGSV,3,1,09,01,00,000,43,03,00,000,40,07,00,000,43,11,00,000,43*74
$GPGSV,3,2,09,17,00,000,44,18,00,000,42,22,00,000,38,28,00,000,44*79
$GPGSV,3,3,09,30,00,000,44*43
$BDGSV,3,1,12,01,00,000,41,02,00,000,40,03,00,000,42,04,00,000,39*60
$BDGSV,3,2,12,07,00,000,43,08,00,000,43,10,00,000,43,13,00,000,43*66
$BDGSV,3,3,12,27,00,000,44,29,00,000,41,30,00,000,44,32,00,000,40*66
$B3CN0,21,0,20,0,0,0,0,0,0,0,0,0,0,0*4D
$GLGSV,2,1,07,21,00,000,37,23,00,000,47,24,00,000,36,11,00,000,47*64
$GLGSV,2,2,07,12,00,000,46,13,00,000,40,22,00,000,47*56
$ini_pos,lastpos_good = 0,ini_pos.x:0.000000,ini_pos.y:1870047718374314371710976.000000,ini_pos.z:-2046739898144079604584181494893243150538612660687552759866211436395811498176008283937217445670253342138979921839890088464044843714967523004413381681481950795692746949771761461944886978122913274336967586102276507303936.000000
$GNGGA,070840.555,2944.9052,N,10633.0927,E,1,07,1.0,351.4,M,,,,0000*14
$GNRMC,070840.555,A,2944.9052,N,10633.0927,E,0.39,0.00,160519,,*1D
$GPGSA,A,3,,,,,,,,,,,,,1.6,1.0,1.2*37
$BDGSA,A,3,,,,,,,,,,,,,1.6,1.0,1.2*26
$GLGSA,A,3,12,13,14,22,23,24,25,,,,,,1.6,1.0,1.2*2F
$GPGSV,3,1,09,01,00,000,44,03,00,000,40,07,00,000,43,11,00,000,43*73
$GPGSV,3,2,09,17,00,000,44,18,00,000,41,22,00,000,38,28,00,000,44*7A
$GPGSV,3,3,09,30,00,000,43*44
$BDGSV,3,1,12,01,00,000,41,02,00,000,40,03,00,000,43,04,00,000,40*6F
$BDGSV,3,2,12,07,00,000,43,08,00,000,43,10,00,000,42,13,00,000,43*67
$BDGSV,3,3,12,27,00,000,44,29,00,000,41,30,00,000,44,32,00,000,40*66
$B3CN0,19,0,22,0,0,0,0,0,0,0,0,0,0,0*44
$GLGSV,2,1,07,21,00,000,37,23,00,000,47,24,00,000,36,11,00,000,47*64
$GLGSV,2,2,07,12,00,000,46,13,00,000,40,22,00,000,47*56
$ini_pos,lastpos_good = 1,ini_pos.x:-1578921.742684,ini_pos.y:5312794.585072,ini_pos.z:3146366.062949
$GNGGA,070842.000,2944.9051,N,10633.0939,E,1,07,1.0,351.0,M,,,,0000*1B
$GNRMC,070842.000,A,2944.9051,N,10633.0939,E,0.32,0.00,160519,,*1D
$GPGSA,A,3,,,,,,,,,,,,,1.6,1.0,1.2*37
$BDGSA,A,3,,,,,,,,,,,,,1.6,1.0,1.2*26
$GLGSA,A,3,11,12,13,21,22,23,24,,,,,,1.6,1.0,1.2*2E
$GPGSV,3,1,09,01,00,000,44,03,00,000,40,07,00,000,43,11,00,000,43*73
$GPGSV,3,2,09,17,00,000,44,18,00,000,42,22,00,000,37,28,00,000,43*71
$GPGSV,3,3,09,30,00,000,43*44
$BDGSV,3,1,12,01,00,000,42,02,00,000,41,03,00,000,45,04,00,000,39*65
$BDGSV,3,2,12,07,00,000,43,08,00,000,42,10,00,000,43,13,00,000,43*67
$BDGSV,3,3,12,27,00,000,44,29,00,000,41,30,00,000,44,32,00,000,40*66
$B3CN0,0,0,24,0,0,0,0,0,0,0,0,0,0,0*7A
$GLGSV,2,1,07,21,00,000,37,23,00,000,48,24,00,000,37,11,00,000,47*6A
$GLGSV,2,2,07,12,00,000,46,13,00,000,40,22,00,000,47*56
$ini_pos,lastpos_good = 1,ini_pos.x:-1578923.473273,ini_pos.y:5312793.761546,ini_pos.z:3146365.705880
Refix G03: 1, 371340.922720, -3208
$GNGGA,070843.000,2944.9053,N,10633.0937,E,1,07,1.0,350.3,M,,,,0000*14
$GNRMC,070843.000,A,2944.9053,N,10633.0937,E,0.22,0.00,160519,,*11
$GPGSA,A,3,,,,,,,,,,,,,1.6,1.0,1.2*37
$BDGSA,A,3,,,,,,,,,,,,,1.6,1.0,1.2*26
$GLGSA,A,3,11,12,13,21,22,23,24,,,,,,1.6,1.0,1.2*2E
$GPGSV,3,1,09,01,00,000,44,03,00,000,40,07,00,000,43,11,00,000,43*73
$GPGSV,3,2,09,17,00,000,45,18,00,000,42,22,00,000,38,28,00,000,43*7F
$GPGSV,3,3,09,30,00,000,44*43
$BDGSV,3,1,12,01,00,000,41,02,00,000,40,03,00,000,43,04,00,000,40*6F
$BDGSV,3,2,12,07,00,000,43,08,00,000,43,10,00,000,43,13,58,220,43*6B
$BDGSV,3,3,12,27,00,000,44,29,00,000,41,30,00,000,43,32,00,000,40*61
$B3CN0,0,0,26,0,0,0,0,0,0,0,0,0,0,0*78
$GLGSV,2,1,07,21,03,040,37,23,45,263,47,24,06,236,36,11,32,153,47*62
$GLGSV,2,2,07,12,79,168,46,13,33,329,40,22,49,005,47*57
$ini_pos,lastpos_good = 1,ini_pos.x:-1578922.980142,ini_pos.y:5312793.126647,ini_pos.z:3146365.677135
Refix G03: 1, 371341.922722, -3207
$GNGGA,070844.000,2944.9056,N,10633.0935,E,1,07,1.0,349.4,M,,,,0000*1B
$GNRMC,070844.000,A,2944.9056,N,10633.0935,E,0.55,0.00,160519,,*11
$GPGSA,A,3,,,,,,,,,,,,,1.6,1.0,1.2*37
$BDGSA,A,3,,,,,,,,,,,,,1.6,1.0,1.2*26
$GLGSA,A,3,11,12,13,21,22,23,24,,,,,,1.6,1.0,1.2*2E
$GPGSV,3,1,09,01,00,000,44,03,25,116,41,07,00,000,44,11,00,000,42*75
$GPGSV,3,2,09,17,00,000,45,18,00,000,42,22,00,000,38,28,00,000,44*78
$GPGSV,3,3,09,30,00,000,44*43
$BDGSV,3,1,12,01,00,000,41,02,00,000,41,03,00,000,43,04,00,000,40*6E
$BDGSV,3,2,12,07,00,000,43,08,00,000,43,10,00,000,42,13,58,220,43*6A
$BDGSV,3,3,12,27,00,000,44,29,00,000,41,30,00,000,43,32,00,000,40*61
$B3CN0,0,0,17,0,0,0,0,0,0,0,0,0,0,0*7A
$GLGSV,2,1,07,21,03,040,37,23,45,263,48,24,06,236,37,11,32,153,47*6C
$GLGSV,2,2,07,12,79,168,46,13,33,329,40,22,49,005,47*57
$ini_pos,lastpos_good = 1,ini_pos.x:-1578922.431936,ini_pos.y:5312792.201864,ini_pos.z:3146365.678001
Refix G03: 1, 371342.922724, -3206
$GNGGA,070845.000,2944.9055,N,10633.0927,E,1,12,99.0,350.5,M,,,,0000*26
$GNRMC,070845.000,A,2944.9055,N,10633.0927,E,0.25,0.00,160519,,*17
$GPGSA,A,3,,,,,,,,,,,,,99.0,99.0,99.0*02
$BDGSA,A,3,07,08,10,13,32,,,,,,,,99.0,99.0,99.0*1E
$GLGSA,A,3,11,12,13,21,22,23,24,,,,,,99.0,99.0,99.0*1B
$GPGSV,3,1,09,01,00,000,44,03,25,116,41,07,00,000,44,11,00,000,43*74
$GPGSV,3,2,09,17,00,000,45,18,00,000,42,22,00,000,38,28,00,000,44*78
$GPGSV,3,3,09,30,00,000,44*43
$BDGSV,3,1,12,01,00,000,41,02,00,000,40,03,00,000,43,04,00,000,40*6F
$BDGSV,3,2,12,07,00,000,43,08,00,000,43,10,00,000,43,13,58,220,43*6B
$BDGSV,3,3,12,27,00,000,44,29,00,000,41,30,00,000,43,32,00,000,40*61
$B3CN0,0,0,22,0,0,0,0,0,0,0,0,0,0,0*7C
$GLGSV,2,1,07,21,03,040,37,23,45,263,48,24,06,236,36,11,32,153,47*6D
$GLGSV,2,2,07,12,79,168,46,13,33,329,39,22,49,005,47*59
$ini_pos,lastpos_good = 1,ini_pos.x:-1578921.513381,ini_pos.y:5312793.515094,ini_pos.z:3146366.085786
Refix G03: 1, 371343.922726, -3210
$GNGGA,070846.000,2944.9055,N,10633.0925,E,1,12,0.9,349.9,M,,,,0000*1A
$GNRMC,070846.000,A,2944.9055,N,10633.0925,E,0.17,0.00,160519,,*17
$GPGSA,A,3,,,,,,,,,,,,,1.1,0.9,0.6*3D
$BDGSA,A,3,07,08,10,13,32,,,,,,,,1.1,0.9,0.6*21
$GLGSA,A,3,11,12,13,21,22,23,24,,,,,,1.1,0.9,0.6*24
$GPGSV,3,1,09,01,00,000,44,03,25,116,40,07,00,000,44,11,00,000,43*75
$GPGSV,3,2,09,17,00,000,45,18,00,000,42,22,00,000,37,28,00,000,44*77
$GPGSV,3,3,09,30,00,000,45*42
$BDGSV,3,1,12,01,00,000,42,02,00,000,40,03,00,000,43,04,00,000,39*62
$BDGSV,3,2,12,07,63,117,43,08,87,251,44,10,82,007,43,13,58,220,43*6A
$BDGSV,3,3,12,27,00,000,43,29,00,000,41,30,00,000,44,32,06,146,39*6A
$B3CN0,0,0,0,0,0,0,0,0,0,0,0,0,0,0*4C
$GLGSV,2,1,07,21,03,040,38,23,45,263,47,24,06,236,37,11,32,153,46*6D
$GLGSV,2,2,07,12,79,168,46,13,33,329,39,22,49,005,47*59
$ini_pos,lastpos_good = 1,ini_pos.x:-1578921.047661,ini_pos.y:5312793.067996,ini_pos.z:3146365.864003
Refix G03: 1, 371344.922728, -3207
$GNGGA,070847.000,2944.9055,N,10633.0923,E,1,12,0.9,349.4,M,,,,0000*10
$GNRMC,070847.000,A,2944.9055,N,10633.0923,E,0.52,0.00,160519,,*11
$GPGSA,A,3,,,,,,,,,,,,,1.1,0.9,0.6*3D
$BDGSA,A,3,07,08,10,13,32,,,,,,,,1.1,0.9,0.6*21
$GLGSA,A,3,11,12,13,21,22,23,24,,,,,,1.1,0.9,0.6*24
$GPGSV,3,1,09,01,00,000,44,03,25,116,40,07,00,000,44,11,00,000,43*75
$GPGSV,3,2,09,17,00,000,44,18,00,000,42,22,00,000,38,28,00,000,44*79
$GPGSV,3,3,09,30,00,000,44*43
$BDGSV,3,1,12,01,00,000,41,02,00,000,40,03,00,000,43,04,00,000,40*6F
$BDGSV,3,2,12,07,63,117,43,08,87,251,43,10,82,007,43,13,58,220,43*6D
$BDGSV,3,3,12,27,00,000,44,29,00,000,41,30,00,000,43,32,06,146,40*64
$B3CN0,0,0,0,0,0,0,0,0,0,0,0,0,0,0*4C
$GLGSV,2,1,07,21,03,040,37,23,45,263,47,24,06,236,36,11,32,153,46*63
$GLGSV,2,2,07,12,79,168,46,13,33,329,39,22,49,005,47*59
$ini_pos,lastpos_good = 1,ini_pos.x:-1578920.598044,ini_pos.y:5312792.808743,ini_pos.z:3146365.569715
Refix G03: 1, 371345.922730, -3206
$GNGGA,070848.000,2944.9055,N,10633.0922,E,1,12,0.9,348.9,M,,,,0000*12
$GNRMC,070848.000,A,2944.9055,N,10633.0922,E,0.37,0.00,160519,,*1C
$GPGSA,A,3,,,,,,,,,,,,,1.1,0.9,0.6*3D
$BDGSA,A,3,07,08,10,13,32,,,,,,,,1.1,0.9,0.6*21
$GLGSA,A,3,11,12,13,21,22,23,24,,,,,,1.1,0.9,0.6*24
$GPGSV,3,1,09,01,00,000,44,03,25,116,40,07,00,000,44,11,00,000,43*75
$GPGSV,3,2,09,17,00,000,44,18,00,000,42,22,00,000,38,28,00,000,44*79
$GPGSV,3,3,09,30,00,000,44*43
$BDGSV,3,1,12,01,00,000,40,02,00,000,39,03,00,000,43,04,00,000,41*61
$BDGSV,3,2,12,07,63,117,43,08,87,251,43,10,82,007,43,13,58,220,43*6D
$BDGSV,3,3,12,27,00,000,44,29,00,000,41,30,00,000,43,32,06,146,40*64
$B3CN0,0,0,0,0,0,0,0,0,0,0,0,0,0,0*4C
$GLGSV,2,1,07,21,03,040,37,23,45,263,47,24,06,236,36,11,32,153,47*62
$GLGSV,2,2,07,12,79,168,46,13,33,329,40,22,49,005,47*57
$ini_pos,lastpos_good = 1,ini_pos.x:-1578920.313662,ini_pos.y:5312792.482703,ini_pos.z:3146365.285801
Refix G01: 2, 371346.930073, 898
Refix G03: 2, 371346.922916, -3204
Refix G07: 2, 371346.924633, 2270
Refix G11: 2, 371346.927486, 1368
$GNGGA,070849.000,2944.9052,N,10633.0919,E,1,16,99.0,348.8,M,,,,0000*20
$GNRMC,070849.000,A,2944.9052,N,10633.0919,E,0.37,0.00,160519,,*12
$GPGSA,A,3,01,03,07,11,,,,,,,,,99.0,99.0,99.0*07
$BDGSA,A,3,07,08,10,13,32,,,,,,,,99.0,99.0,99.0*1E
$GLGSA,A,3,11,12,13,21,22,23,24,,,,,,99.0,99.0,99.0*1B
$GPGSV,3,1,09,01,00,000,44,03,25,116,41,07,00,000,44,11,00,000,43*74
$GPGSV,3,2,09,17,00,000,44,18,00,000,42,22,00,000,39,28,00,000,44*78
$GPGSV,3,3,09,30,00,000,45*42
$BDGSV,3,1,12,01,00,000,41,02,00,000,41,03,00,000,43,04,00,000,40*6E
$BDGSV,3,2,12,07,63,117,43,08,87,251,43,10,82,007,43,13,58,220,43*6D
$BDGSV,3,3,12,27,00,000,44,29,00,000,40,30,00,000,43,32,06,146,39*6B
$B3CN0,21,0,0,0,0,0,0,0,0,0,0,0,0,0*7F
$GLGSV,2,1,07,21,03,040,37,23,45,263,47,24,06,236,36,11,32,153,46*63
$GLGSV,2,2,07,12,79,168,46,13,33,329,40,22,49,005,46*56
$ini_pos,lastpos_good = 1,ini_pos.x:-1578919.915365,ini_pos.y:5312792.779153,ini_pos.z:3146364.792419
Refix G01: 2, 371347.930073, 897
Refix G03: 2, 371347.922918, -3205
Refix G07: 2, 371347.924632, 2269
Refix G11: 2, 371347.927485, 1367
$GNGGA,070850.000,2944.9050,N,10633.0918,E,1,16,0.8,348.2,M,,,,0000*19
$GNRMC,070850.000,A,2944.9050,N,10633.0918,E,0.62,0.00,160519,,*19
$GPGSA,A,3,01,03,07,11,,,,,,,,,0.9,0.8,0.4*32
$BDGSA,A,3,07,08,10,13,32,,,,,,,,0.9,0.8,0.4*2B
$GLGSA,A,3,11,12,13,21,22,23,24,,,,,,0.9,0.8,0.4*2E
$GPGSV,3,1,09,01,53,046,44,03,25,116,40,07,28,179,44,11,40,042,44*71
$GPGSV,3,2,09,17,00,000,44,18,00,000,41,22,00,000,39,28,00,000,44*7B
$GPGSV,3,3,09,30,00,000,44*43
$BDGSV,3,1,12,01,00,000,41,02,00,000,39,03,00,000,43,04,00,000,40*61
$BDGSV,3,2,12,07,63,117,43,08,87,251,43,10,82,007,43,13,58,220,43*6D
$BDGSV,3,3,12,27,00,000,44,29,00,000,40,30,00,000,43,32,06,146,39*6B
$B3CN0,19,0,0,0,0,0,0,0,0,0,0,0,0,0*74
$GLGSV,2,1,07,21,03,040,37,23,45,263,47,24,06,236,36,11,32,153,47*62
$GLGSV,2,2,07,12,79,168,46,13,33,329,40,22,49,005,47*57
$ini_pos,lastpos_good = 1,ini_pos.x:-1578919.582645,ini_pos.y:5312792.493976,ini_pos.z:3146364.157743
Refix G01: 2, 371348.930072, 896
Refix G03: 2, 371348.922920, -3206
Refix G07: 2, 371348.924630, 2268
Refix G11: 2, 371348.927484, 1366
$GNGGA,070851.000,2944.9049,N,10633.0917,E,1,16,0.8,347.5,M,,,,0000*17
$GNRMC,070851.000,A,2944.9049,N,10633.0917,E,0.55,0.00,160519,,*1B
$GPGSA,A,3,01,03,07,11,,,,,,,,,0.9,0.8,0.4*32
$BDGSA,A,3,07,08,10,13,32,,,,,,,,0.9,0.8,0.4*2B
$GLGSA,A,3,11,12,13,21,22,23,24,,,,,,0.9,0.8,0.4*2E
$GPGSV,3,1,09,01,53,046,44,03,25,116,40,07,28,179,43,11,40,042,44*76
$GPGSV,3,2,09,17,00,000,45,18,00,000,41,22,00,000,39,28,00,000,44*7A
$GPGSV,3,3,09,30,00,000,44*43
$BDGSV,3,1,12,01,00,000,40,02,00,000,41,03,00,000,43,04,00,000,39*61
$BDGSV,3,2,12,07,63,117,43,08,87,251,43,10,82,007,43,13,58,220,43*6D
$BDGSV,3,3,12,27,00,000,45,29,00,000,40,30,00,000,44,32,06,146,39*6D
$B3CN0,0,0,0,0,0,0,0,0,0,0,0,0,0,0*4C
$GLGSV,2,1,07,21,03,040,37,23,45,263,47,24,06,236,36,11,32,153,47*62
$GLGSV,2,2,07,12,79,168,46,13,33,329,40,22,49,005,46*56
$ini_pos,lastpos_good = 1,ini_pos.x:-1578919.289983,ini_pos.y:5312792.017699,ini_pos.z:3146363.718635
Refix G01: 2, 371349.930072, 897
Refix G03: 2, 371349.922922, -3206
Refix G07: 2, 371349.924629, 2268
Refix G11: 2, 371349.927483, 1366
$GNGGA,070852.000,2944.9049,N,10633.0916,E,1,16,0.8,347.0,M,,,,0000*10
$GNRMC,070852.000,A,2944.9049,N,10633.0916,E,0.63,0.00,160519,,*1C
$GPGSA,A,3,01,03,07,11,,,,,,,,,0.9,0.8,0.4*32
$BDGSA,A,3,07,08,10,13,32,,,,,,,,0.9,0.8,0.4*2B
$GLGSA,A,3,11,12,13,21,22,23,24,,,,,,0.9,0.8,0.4*2E
$GPGSV,3,1,09,01,53,046,44,03,25,116,40,07,28,179,43,11,40,042,43*71
$GPGSV,3,2,09,17,00,000,44,18,00,000,42,22,00,000,38,28,00,000,44*79
$GPGSV,3,3,09,30,00,000,44*43
$BDGSV,3,1,12,01,00,000,41,02,00,000,38,03,00,000,45,04,00,000,40*66
$BDGSV,3,2,12,07,63,117,43,08,87,251,43,10,82,007,43,13,58,220,43*6D
$BDGSV,3,3,12,27,00,000,44,29,00,000,40,30,00,000,44,32,06,146,39*6C
$B3CN0,0,0,0,0,0,0,0,0,0,0,0,0,0,0*4C
$GLGSV,2,1,07,21,03,040,37,23,45,263,47,24,06,236,36,11,32,153,46*63
$GLGSV,2,2,07,12,79,168,46,13,33,329,40,22,49,005,47*57
$ini_pos,lastpos_good = 1,ini_pos.x:-1578919.083965,ini_pos.y:5312791.604169,ini_pos.z:3146363.431771
Refix G01: 2, 371350.930071, 899
Refix G03: 2, 371350.922924, -3203
Refix G07: 2, 371350.924628, 2270
Refix G11: 2, 371350.927482, 1369
$GNGGA,070853.000,2944.9049,N,10633.0916,E,1,16,0.8,346.5,M,,,,0000*15
$GNRMC,070853.000,A,2944.9049,N,10633.0916,E,0.52,0.00,160519,,*1F
$GPGSA,A,3,01,03,07,11,,,,,,,,,0.9,0.8,0.4*32
$BDGSA,A,3,07,08,10,13,32,,,,,,,,0.9,0.8,0.4*2B
$GLGSA,A,3,11,12,13,21,22,23,24,,,,,,0.9,0.8,0.4*2E
$GPGSV,3,1,09,01,53,046,44,03,25,116,41,07,28,179,43,11,40,042,43*70
$GPGSV,3,2,09,17,00,000,44,18,00,000,41,22,00,000,38,28,00,000,43*7D
$GPGSV,3,3,09,30,00,000,44*43
$BDGSV,3,1,12,01,00,000,40,02,00,000,40,03,00,000,42,04,00,000,39*61
$BDGSV,3,2,12,07,63,117,43,08,87,251,43,10,82,007,43,13,58,220,44*6A
$BDGSV,3,3,12,27,00,000,44,29,00,000,40,30,00,000,44,32,06,146,39*6C
$B3CN0,0,0,0,0,0,0,0,0,0,0,0,0,0,0*4C
$GLGSV,2,1,07,21,03,040,37,23,45,263,47,24,06,236,36,11,32,153,47*62
$GLGSV,2,2,07,12,79,168,46,13,33,329,40,22,49,005,46*56
$ini_pos,lastpos_good = 1,ini_pos.x:-1578918.879541,ini_pos.y:5312791.273066,ini_pos.z:3146363.196469
Refix G01: 2, 371351.930070, 897
Refix G03: 2, 371351.922926, -3206
Refix G07: 2, 371351.924626, 2268
Refix G11: 2, 371351.927481, 1366
$GNGGA,070854.000,2944.9048,N,10633.0916,E,1,20,0.7,345.5,M,,,,0000*1A
$GNRMC,070854.000,A,2944.9048,N,10633.0916,E,0.54,0.00,160519,,*1F
$GPGSA,A,3,01,03,07,11,,,,,,,,,0.7,0.7,0.4*33
$BDGSA,A,3,01,02,03,04,07,08,10,13,32,,,,0.7,0.7,0.4*2E
$GLGSA,A,3,11,12,13,21,22,23,24,,,,,,0.7,0.7,0.4*2F
$GPGSV,3,1,09,01,53,046,44,03,25,116,41,07,28,179,44,11,40,042,43*77
$GPGSV,3,2,09,17,00,000,44,18,00,000,42,22,00,000,38,28,00,000,44*79
$GPGSV,3,3,09,30,00,000,44*43
$BDGSV,3,1,12,01,00,000,41,02,00,000,40,03,00,000,43,04,00,000,40*6F
$BDGSV,3,2,12,07,63,117,43,08,87,251,43,10,82,007,43,13,58,220,43*6D
$BDGSV,3,3,12,27,00,000,45,29,00,000,40,30,00,000,44,32,06,146,39*6D
$B3CN0,0,0,0,0,0,0,0,0,0,0,0,0,0,0*4C
$GLGSV,2,1,07,21,03,040,37,23,45,263,47,24,06,236,36,11,32,153,46*63
$GLGSV,2,2,07,12,79,168,46,13,33,329,40,22,49,005,46*56
$ini_pos,lastpos_good = 1,ini_pos.x:-1578918.729517,ini_pos.y:5312790.485645,ini_pos.z:3146362.586004
Refix G01: 2, 371352.930070, 897
Refix G03: 2, 371352.922928, -3206
Refix G07: 2, 371352.924625, 2268
Refix G11: 2, 371352.927481, 1366
Refix G17: 2, 371352.926145, -2142
Refix G18: 2, 371352.924373, 2089
Refix G28: 2, 371352.929285, -2735
Refix G30: 2, 371352.929428, 828
$GNGGA,070855.000,2944.9048,N,10633.0921,E,1,24,0.6,344.6,M,,,,0000*18
$GNRMC,070855.000,A,2944.9048,N,10633.0921,E,0.23,0.00,160519,,*1A
$GPGSA,A,3,01,03,07,11,17,18,28,30,,,,,0.7,0.6,0.4*34
$BDGSA,A,3,01,02,03,04,07,08,10,13,32,,,,0.7,0.6,0.4*2F
$GLGSA,A,3,11,12,13,21,22,23,24,,,,,,0.7,0.6,0.4*2E
$GPGSV,3,1,09,01,53,046,44,03,25,116,41,07,28,179,44,11,40,042,43*77
$GPGSV,3,2,09,17,00,000,44,18,00,000,42,22,00,000,38,28,00,000,44*79
$GPGSV,3,3,09,30,00,000,44*43
$BDGSV,3,1,12,01,40,125,40,02,46,219,40,03,55,171,42,04,23,109,41*6A
$BDGSV,3,2,12,07,63,117,42,08,87,251,43,10,82,007,43,13,58,220,43*6C
$BDGSV,3,3,12,27,00,000,44,29,00,000,40,30,00,000,43,32,06,146,39*6B
$B3CN0,0,0,0,0,0,0,0,0,0,0,0,0,0,0*4C
$GLGSV,2,1,07,21,03,040,37,23,45,263,47,24,06,236,36,11,32,153,46*63
$GLGSV,2,2,07,12,79,168,46,13,33,329,40,22,49,005,46*56
$ini_pos,lastpos_good = 1,ini_pos.x:-1578919.322983,ini_pos.y:5312789.509899,ini_pos.z:3146362.014129
Refix G01: 2, 371353.930069, 901
Refix G03: 2, 371353.922930, -3202
Refix G07: 2, 371353.924623, 2271
Refix G11: 2, 371353.927480, 1370
Refix G17: 2, 371353.926146, -2139
Refix G18: 2, 371353.924372, 2092
Refix G28: 2, 371353.929287, -2732
Refix G30: 2, 371353.929428, 832
$GNGGA,070856.000,2944.9047,N,10633.0925,E,1,24,0.6,344.0,M,,,,0000*16
$GNRMC,070856.000,A,2944.9047,N,10633.0925,E,0.22,0.00,160519,,*13
$GPGSA,A,3,01,03,07,11,17,18,28,30,,,,,0.7,0.6,0.4*34
$BDGSA,A,3,01,02,03,04,07,08,10,13,32,,,,0.7,0.6,0.4*2F
$GLGSA,A,3,11,12,13,21,22,23,24,,,,,,0.7,0.6,0.4*2E
$GPGSV,3,1,09,01,53,046,44,03,25,116,41,07,28,179,43,11,40,042,43*70
$GPGSV,3,2,09,17,41,288,45,18,26,042,41,22,00,000,38,28,58,343,43*70
$GPGSV,3,3,09,30,51,212,44*46
$BDGSV,3,1,12,01,40,125,41,02,46,219,40,03,55,171,43,04,23,109,40*6B
$BDGSV,3,2,12,07,63,117,43,08,87,251,43,10,82,007,42,13,58,220,43*6C
$BDGSV,3,3,12,27,00,000,44,29,00,000,40,30,00,000,44,32,06,146,39*6C
$B3CN0,0,0,0,0,0,0,0,0,0,0,0,0,0,0*4C
$GLGSV,2,1,07,21,03,040,36,23,45,263,47,24,06,236,36,11,32,153,46*62
$GLGSV,2,2,07,12,79,168,46,13,33,329,40,22,49,005,46*56
$ini_pos,lastpos_good = 1,ini_pos.x:-1578919.705907,ini_pos.y:5312788.932783,ini_pos.z:3146361.538008
Refix G01: 2, 371354.930069, 899
Refix G03: 2, 371354.922932, -3205
Refix G07: 2, 371354.924622, 2269
Refix G11: 2, 371354.927479, 1367
Refix G17: 2, 371354.926148, -2142
Refix G18: 2, 371354.924371, 2089
Refix G28: 2, 371354.929289, -2735
Refix G30: 2, 371354.929427, 830
$GNGGA,070857.000,2944.9047,N,10633.0927,E,1,24,0.6,343.2,M,,,,0000*10
$GNRMC,070857.000,A,2944.9047,N,10633.0927,E,0.36,0.00,160519,,*15
$GPGSA,A,3,01,03,07,11,17,18,28,30,,,,,0.7,0.6,0.4*34
$BDGSA,A,3,01,02,03,04,07,08,10,13,32,,,,0.7,0.6,0.4*2F
$GLGSA,A,3,11,12,13,21,22,23,24,,,,,,0.7,0.6,0.4*2E
$GPGSV,3,1,09,01,53,046,44,03,25,116,41,07,28,179,44,11,40,042,43*77
$GPGSV,3,2,09,17,41,288,44,18,26,042,42,22,00,000,38,28,58,343,44*75
$GPGSV,3,3,09,30,51,212,44*46
$BDGSV,3,1,12,01,40,125,40,02,46,219,40,03,55,171,42,04,23,109,40*6B
$BDGSV,3,2,12,07,63,117,43,08,87,251,43,10,82,007,43,13,58,220,43*6D
$BDGSV,3,3,12,27,00,000,44,29,00,000,41,30,00,000,44,32,06,146,39*6D
$B3CN0,0,0,0,0,0,0,0,0,0,0,0,0,0,0*4C
$GLGSV,2,1,07,21,03,040,36,23,45,263,47,24,06,236,36,11,32,153,46*62
$GLGSV,2,2,07,12,79,168,46,13,33,329,40,22,49,005,47*57
$ini_pos,lastpos_good = 1,ini_pos.x:-1578919.804548,ini_pos.y:5312788.229696,ini_pos.z:3146361.190883
Refix G01: 2, 371355.930068, 897
Refix G03: 2, 371355.922934, -3207
Refix G07: 2, 371355.924620, 2267
Refix G11: 2, 371355.927478, 1365
Refix G17: 2, 371355.926149, -2144
Refix G18: 2, 371355.924369, 2087
Refix G28: 2, 371355.929290, -2737
Refix G30: 2, 371355.929427, 828
$GNGGA,070858.000,2944.9047,N,10633.0928,E,1,24,0.6,342.8,M,,,,0000*1B
$GNRMC,070858.000,A,2944.9047,N,10633.0928,E,0.41,0.00,160519,,*15
$GPGSA,A,3,01,03,07,11,17,18,28,30,,,,,0.7,0.6,0.4*34
$BDGSA,A,3,01,02,03,04,07,08,10,13,32,,,,0.7,0.6,0.4*2F
$GLGSA,A,3,11,12,13,21,22,23,24,,,,,,0.7,0.6,0.4*2E
$GPGSV,3,1,09,01,53,046,45,03,25,116,41,07,28,179,44,11,40,042,42*77
$GPGSV,3,2,09,17,41,288,44,18,26,042,42,22,00,000,38,28,58,343,43*72
$GPGSV,3,3,09,30,51,212,44*46
$BDGSV,3,1,12,01,40,125,41,02,46,219,39,03,55,171,43,04,23,109,40*65
$BDGSV,3,2,12,07,63,117,43,08,87,251,43,10,82,007,43,13,58,220,43*6D
$BDGSV,3,3,12,27,00,000,44,29,00,000,41,30,00,000,43,32,06,146,39*6A
$B3CN0,0,0,0,0,0,0,0,0,0,0,0,0,0,0*4C
$GLGSV,2,1,07,21,03,040,37,23,45,263,47,24,06,236,35,11,32,153,46*60
$GLGSV,2,2,07,12,79,168,45,13,33,329,40,22,49,005,47*54
$ini_pos,lastpos_good = 1,ini_pos.x:-1578919.886665,ini_pos.y:5312787.763071,ini_pos.z:3146361.046819
Refix G01: 2, 371356.930067, 900
Refix G03: 2, 371356.922936, -3204
Refix G07: 2, 371356.924619, 2269
Refix G11: 2, 371356.927477, 1368
Refix G17: 2, 371356.926150, -2142
Refix G18: 2, 371356.924368, 2090
Refix G28: 2, 371356.929292, -2735
Refix G30: 2, 371356.929426, 831
$GNGGA,070859.000,2944.9047,N,10633.0929,E,1,24,0.6,342.5,M,,,,0000*16
$GNRMC,070859.000,A,2944.9047,N,10633.0929,E,0.51,0.00,160519,,*14
$GPGSA,A,3,01,03,07,11,17,18,28,30,,,,,0.7,0.6,0.4*34
$BDGSA,A,3,01,02,03,04,07,08,10,13,32,,,,0.7,0.6,0.4*2F
$GLGSA,A,3,11,12,13,21,22,23,24,,,,,,0.7,0.6,0.4*2E
$GPGSV,3,1,09,01,53,046,45,03,25,116,41,07,28,179,43,11,40,042,43*71
$GPGSV,3,2,09,17,41,288,45,18,26,042,42,22,00,000,37,28,58,343,43*7C
$GPGSV,3,3,09,30,51,212,44*46
$BDGSV,3,1,12,01,40,125,41,02,46,219,40,03,55,171,43,04,23,109,40*6B
$BDGSV,3,2,12,07,63,117,43,08,87,251,43,10,82,007,43,13,58,220,43*6D
$BDGSV,3,3,12,27,00,000,44,29,00,000,40,30,00,000,44,32,06,146,39*6C
$B3CN0,0,0,0,0,0,0,0,0,0,0,0,0,0,0*4C
$GLGSV,2,1,07,21,03,040,36,23,45,263,47,24,06,236,35,11,32,153,46*61
$GLGSV,2,2,07,12,79,168,46,13,33,329,41,22,49,005,47*56
$ini_pos,lastpos_good = 1,ini_pos.x:-1578919.912219,ini_pos.y:5312787.466135,ini_pos.z:3146360.903222
Refix G01: 2, 371357.930067, 896
Refix G03: 2, 371357.922938, -3208
Refix G07: 2, 371357.924617, 2266
Refix G11: 2, 371357.927476, 1364
Refix G17: 2, 371357.926152, -2145
Refix G18: 2, 371357.924367, 2086
Refix G28: 2, 371357.929294, -2738
Refix G30: 2, 371357.929426, 827
$GNGGA,070900.000,2944.9048,N,10633.0929,E,1,24,0.6,342.1,M,,,,0000*10
$GNRMC,070900.000,A,2944.9048,N,10633.0929,E,0.34,0.00,160519,,*15
$GPGSA,A,3,01,03,07,11,17,18,28,30,,,,,0.7,0.6,0.4*34
$BDGSA,A,3,01,02,03,04,07,08,10,13,32,,,,0.7,0.6,0.4*2F
$GLGSA,A,3,11,12,13,21,22,23,24,,,,,,0.7,0.6,0.4*2E
$GPGSV,3,1,09,01,53,046,45,03,25,116,41,07,28,179,43,11,40,042,43*71
$GPGSV,3,2,09,17,41,288,45,18,26,042,41,22,00,000,37,28,58,343,43*7F
$GPGSV,3,3,09,30,51,212,44*46
$BDGSV,3,1,12,01,40,125,40,02,46,219,40,03,55,171,43,04,23,109,40*6A
$BDGSV,3,2,12,07,63,117,43,08,87,251,43,10,82,007,43,13,58,220,43*6D
$BDGSV,3,3,12,27,00,000,44,29,00,000,40,30,00,000,44,32,06,146,39*6C
$B3CN0,36,36,0,0,0,0,0,0,0,0,0,0,0,0*4C
$GLGSV,2,1,07,21,03,040,36,23,45,263,47,24,06,236,35,11,32,153,46*61
$GLGSV,2,2,07,12,79,168,45,13,33,329,40,22,49,006,46*56
$ini_pos,lastpos_good = 1,ini_pos.x:-1578919.877469,ini_pos.y:5312787.112982,ini_pos.z:3146360.817395
Refix G01: 2, 371358.930066, 898
Refix G03: 2, 371358.922940, -3207
Refix G07: 2, 371358.924616, 2266
Refix G11: 2, 371358.927475, 1365
Refix G17: 2, 371358.926153, -2144
Refix G18: 2, 371358.924365, 2088
Refix G22: 2, 371358.922216, -1840
Refix G28: 2, 371358.929295, -2737
Refix G30: 2, 371358.929425, 829
$GNGGA,070901.000,2944.9048,N,10633.0930,E,1,25,0.6,341.8,M,,,,0000*12
$GNRMC,070901.000,A,2944.9048,N,10633.0930,E,0.12,0.00,160519,,*18
$GPGSA,A,3,01,03,07,11,17,18,22,28,30,,,,0.7,0.6,0.4*34
$BDGSA,A,3,01,02,03,04,07,08,10,13,32,,,,0.7,0.6,0.4*2F
$GLGSA,A,3,11,12,13,21,22,23,24,,,,,,0.7,0.6,0.4*2E
$GPGSV,3,1,09,01,53,046,44,03,25,116,40,07,28,179,43,11,40,042,43*71
$GPGSV,3,2,09,17,41,288,45,18,26,042,42,22,00,000,37,28,58,343,44*7B
$GPGSV,3,3,09,30,51,212,45*47
$BDGSV,3,1,12,01,40,125,41,02,46,219,41,03,55,171,45,04,23,109,41*6D
$BDGSV,3,2,12,07,63,117,43,08,87,251,43,10,82,007,42,13,58,220,43*6C
$BDGSV,3,3,12,27,00,000,44,29,00,000,41,30,00,000,43,32,06,146,38*6B
$B3CN0,0,0,0,0,0,0,0,0,0,0,0,0,0,0*4C
$GLGSV,2,1,07,21,03,040,35,23,45,263,47,24,06,236,35,11,32,153,46*62
$GLGSV,2,2,07,12,79,168,46,13,33,329,40,22,49,006,47*54
$ini_pos,lastpos_good = 1,ini_pos.x:-1578919.989435,ini_pos.y:5312786.793372,ini_pos.z:3146360.625255
Refix G01: 2, 371359.930066, 901
Refix G03: 2, 371359.922942, -3203
Refix G07: 2, 371359.924614, 2270
Refix G11: 2, 371359.927474, 1368
Refix G17: 2, 371359.926154, -2141
Refix G18: 2, 371359.924364, 2091
Refix G22: 2, 371359.922217, -1836
Refix G28: 2, 371359.929297, -2734
Refix G30: 2, 371359.929424, 832
$GNGGA,070902.000,2944.9048,N,10633.0931,E,1,25,0.6,341.5,M,,,,0000*1D
$GNRMC,070902.000,A,2944.9048,N,10633.0931,E,0.28,0.00,160519,,*13
$GPGSA,A,3,01,03,07,11,17,18,22,28,30,,,,0.7,0.6,0.4*34
$BDGSA,A,3,01,02,03,04,07,08,10,13,32,,,,0.7,0.6,0.4*2F
$GLGSA,A,3,11,12,13,21,22,23,24,,,,,,0.7,0.6,0.4*2E
$GPGSV,3,1,09,01,53,046,45,03,25,116,40,07,28,179,44,11,40,042,43*77
$GPGSV,3,2,09,17,41,288,45,18,26,042,41,22,26,091,37,28,58,343,45*75
$GPGSV,3,3,09,30,51,212,45*47
$BDGSV,3,1,12,01,40,125,41,02,46,219,39,03,55,171,43,04,23,109,39*6B
$BDGSV,3,2,12,07,63,117,43,08,87,251,43,10,82,007,43,13,58,220,44*6A
$BDGSV,3,3,12,27,00,000,44,29,00,000,40,30,00,000,44,32,06,146,38*6D
$B3CN0,0,0,0,0,0,0,0,0,0,0,0,0,0,0*4C
$GLGSV,2,1,07,21,03,040,35,23,45,263,47,24,06,236,35,11,32,153,47*63
$GLGSV,2,2,07,12,79,168,46,13,33,329,40,22,49,006,46*55
$ini_pos,lastpos_good = 1,ini_pos.x:-1578919.998734,ini_pos.y:5312786.574312,ini_pos.z:3146360.501390
Refix G01: 2, 371360.930065, 898
Refix G03: 2, 371360.922944, -3207
Refix G07: 2, 371360.924613, 2266
Refix G11: 2, 371360.927473, 1365
Refix G17: 2, 371360.926156, -2144
Refix G18: 2, 371360.924362, 2088
Refix G22: 2, 371360.922218, -1839
Refix G28: 2, 371360.929299, -2737
Refix G30: 2, 371360.929424, 829
$GNGGA,070903.000,2944.9049,N,10633.0931,E,1,25,0.6,341.1,M,,,,0000*19
$GNRMC,070903.000,A,2944.9049,N,10633.0931,E,0.19,0.00,160519,,*11
$GPGSA,A,3,01,03,07,11,17,18,22,28,30,,,,0.7,0.6,0.4*34
$BDGSA,A,3,01,02,03,04,07,08,10,13,32,,,,0.7,0.6,0.4*2F
$GLGSA,A,3,11,12,13,21,22,23,24,,,,,,0.7,0.6,0.4*2E
$GPGSV,3,1,09,01,53,046,45,03,25,116,40,07,28,179,43,11,40,042,43*70
$GPGSV,3,2,09,17,41,288,45,18,26,042,41,22,26,091,38,28,58,343,44*7B
$GPGSV,3,3,09,30,51,212,45*47
$BDGSV,3,1,12,01,40,125,41,02,46,219,39,03,55,171,42,04,23,109,41*65
$BDGSV,3,2,12,07,63,117,43,08,87,251,43,10,82,007,43,13,58,220,44*6A
$BDGSV,3,3,12,27,00,000,44,29,00,000,40,30,00,000,44,32,06,146,38*6D
$B3CN0,0,0,0,0,0,0,0,0,0,0,0,0,0,0*4C
$GLGSV,2,1,07,21,03,040,35,23,45,263,47,24,06,236,35,11,32,153,47*63
$GLGSV,2,2,07,12,79,168,46,13,33,329,40,22,49,006,47*54
$ini_pos,lastpos_good = 1,ini_pos.x:-1578919.887178,ini_pos.y:5312786.100998,ini_pos.z:3146360.412443
Refix G01: 2, 371361.930064, 905
Refix G03: 2, 371361.922946, -3201
Refix G07: 2, 371361.924611, 2273
Refix G11: 2, 371361.927472, 1371
Refix G17: 2, 371361.926157, -2139
Refix G18: 2, 371361.924361, 2093
Refix G22: 2, 371361.922219, -1833
Refix G28: 2, 371361.929300, -2731
Refix G30: 2, 371361.929423, 836
$GNGGA,070904.000,2944.9049,N,10633.0931,E,1,25,0.6,340.8,M,,,,0000*16
$GNRMC,070904.000,A,2944.9049,N,10633.0931,E,0.36,0.00,160519,,*1B
$GPGSA,A,3,01,03,07,11,17,18,22,28,30,,,,0.7,0.6,0.4*34
$BDGSA,A,3,01,02,03,04,07,08,10,13,32,,,,0.7,0.6,0.4*2F
$GLGSA,A,3,11,12,13,21,22,23,24,,,,,,0.7,0.6,0.4*2E
$GPGSV,3,1,09,01,53,046,45,03,25,116,41,07,28,179,44,11,40,042,43*76
$GPGSV,3,2,09,17,41,288,45,18,26,042,42,22,26,091,37,28,58,343,44*77
$GPGSV,3,3,09,30,51,212,45*47
$BDGSV,3,1,12,01,40,125,42,02,46,219,40,03,55,171,42,04,23,109,39*67
$BDGSV,3,2,12,07,63,117,43,08,87,251,43,10,82,007,43,13,58,220,43*6D
$BDGSV,3,3,12,27,00,000,45,29,00,000,40,30,00,000,43,32,06,146,38*6B
$B3CN0,0,0,0,0,0,0,0,0,0,0,0,0,0,0*4C
$GLGSV,2,1,07,21,03,040,35,23,45,263,47,24,06,236,35,11,32,153,47*63
$GLGSV,2,2,07,12,79,168,46,13,33,329,40,22,49,006,47*54
$ini_pos,lastpos_good = 1,ini_pos.x:-1578919.773676,ini_pos.y:5312785.780220,ini_pos.z:3146360.380771
Refix G01: 2, 371362.930064, 904
Refix G03: 2, 371362.922948, -3202
Refix G07: 2, 371362.924610, 2272
Refix G11: 2, 371362.927472, 1370
Refix G17: 2, 371362.926158, -2139
Refix G18: 2, 371362.924360, 2093
Refix G22: 2, 371362.922220, -1834
Refix G28: 2, 371362.929302, -2732
Refix G30: 2, 371362.929423, 835
$GNGGA,070905.000,2944.9050,N,10633.0931,E,1,25,0.6,340.3,M,,,,0000*14
$GNRMC,070905.000,A,2944.9050,N,10633.0931,E,0.15,0.00,160519,,*13
$GPGSA,A,3,01,03,07,11,17,18,22,28,30,,,,0.7,0.6,0.4*34
$BDGSA,A,3,01,02,03,04,07,08,10,13,32,,,,0.7,0.6,0.4*2F
$GLGSA,A,3,11,12,13,21,22,23,24,,,,,,0.7,0.6,0.4*2E
$GPGSV,3,1,09,01,53,046,44,03,25,116,41,07,28,179,43,11,40,042,43*70
$GPGSV,3,2,09,17,41,288,45,18,26,042,41,22,26,091,36,28,58,343,44*75
$GPGSV,3,3,09,30,51,212,44*46
$BDGSV,3,1,12,01,40,125,41,02,46,219,39,03,55,171,43,04,23,109,38*6A
$BDGSV,3,2,12,07,63,117,43,08,87,251,43,10,82,007,43,13,58,220,43*6D
$BDGSV,3,3,12,27,00,000,45,29,00,000,40,30,00,000,43,32,06,146,38*6B
$B3CN0,0,0,0,0,0,0,0,0,0,0,0,0,0,0*4C
$GLGSV,2,1,07,21,03,040,35,23,45,263,47,24,06,236,35,11,32,153,47*63
$GLGSV,2,2,07,12,79,168,46,13,33,329,40,22,49,006,47*54
$ini_pos,lastpos_good = 1,ini_pos.x:-1578919.605765,ini_pos.y:5312785.325968,ini_pos.z:3146360.220196
Refix G01: 2, 371363.930063, 905
Refix G03: 2, 371363.922950, -3200
Refix G07: 2, 371363.924608, 2273
Refix G11: 2, 371363.927471, 1371
Refix G17: 2, 371363.926160, -2138
Refix G18: 2, 371363.924358, 2094
Refix G22: 2, 371363.922222, -1832
Refix G28: 2, 371363.929304, -2731
Refix G30: 2, 371363.929422, 836
$GNGGA,070906.000,2944.9050,N,10633.0930,E,1,25,0.6,339.8,M,,,,0000*13
$GNRMC,070906.000,A,2944.9050,N,10633.0930,E,0.26,0.00,160519,,*11
$GPGSA,A,3,01,03,07,11,17,18,22,28,30,,,,0.7,0.6,0.4*34
$BDGSA,A,3,01,02,03,04,07,08,10,13,32,,,,0.7,0.6,0.4*2F
$GLGSA,A,3,11,12,13,21,22,23,24,,,,,,0.7,0.6,0.4*2E
$GPGSV,3,1,09,01,53,046,44,03,25,116,40,07,28,179,44,11,40,042,43*76
$GPGSV,3,2,09,17,41,288,45,18,26,042,41,22,26,091,37,28,58,343,44*74
$GPGSV,3,3,09,30,51,212,45*47
$BDGSV,3,1,12,01,40,125,41,02,46,219,41,03,55,171,43,04,23,109,41*6B
$BDGSV,3,2,12,07,63,117,43,08,87,251,43,10,82,007,43,13,58,220,43*6D
$BDGSV,3,3,12,27,00,000,45,29,00,000,40,30,00,000,44,32,06,146,38*6C
$B3CN0,0,0,0,0,0,0,0,0,0,0,0,0,0,0*4C
$GLGSV,2,1,07,21,03,040,34,23,45,263,47,24,06,236,35,11,32,153,46*63
$GLGSV,2,2,07,12,79,168,46,13,33,329,40,22,49,006,46*55
$ini_pos,lastpos_good = 1,ini_pos.x:-1578919.462498,ini_pos.y:5312784.899227,ini_pos.z:3146360.029564
Refix G01: 2, 371364.930063, 900
Refix G03: 2, 371364.922952, -3206
Refix G07: 2, 371364.924607, 2267
Refix G11: 2, 371364.927470, 1366
Refix G17: 2, 371364.926161, -2144
Refix G18: 2, 371364.924357, 2088
Refix G22: 2, 371364.922223, -1838
Refix G28: 2, 371364.929306, -2737
Refix G30: 2, 371364.929422, 830
$GNGGA,070907.000,2944.9050,N,10633.0930,E,1,25,0.6,339.3,M,,,,0000*19
$GNRMC,070907.000,A,2944.9050,N,10633.0930,E,0.22,0.00,160519,,*14
$GPGSA,A,3,01,03,07,11,17,18,22,28,30,,,,0.7,0.6,0.4*34
$BDGSA,A,3,01,02,03,04,07,08,10,13,32,,,,0.7,0.6,0.4*2F
$GLGSA,A,3,11,12,13,21,22,23,24,,,,,,0.7,0.6,0.4*2E
$GPGSV,3,1,09,01,53,046,44,03,25,116,41,07,28,179,44,11,40,042,43*77
$GPGSV,3,2,09,17,41,288,45,18,26,042,41,22,26,091,38,28,58,343,44*7B
$GPGSV,3,3,09,30,51,212,44*46
$BDGSV,3,1,12,01,40,125,41,02,46,219,41,03,55,171,43,04,23,109,41*6B
$BDGSV,3,2,12,07,63,117,43,08,87,253,43,10,82,007,43,13,58,220,43*6F
$BDGSV,3,3,12,27,00,000,45,29,00,000,40,30,00,000,44,32,06,146,39*6D
$B3CN0,0,0,0,0,0,0,0,0,0,0,0,0,0,0*4C
$GLGSV,2,1,07,21,03,040,33,23,45,263,47,24,06,236,35,11,32,153,47*65
$GLGSV,2,2,07,12,79,168,46,13,33,329,40,22,49,006,46*55
$ini_pos,lastpos_good = 1,ini_pos.x:-1578919.320697,ini_pos.y:5312784.547050,ini_pos.z:3146359.811037
Refix G01: 2, 371365.930062, 902
Refix G03: 2, 371365.922954, -3204
Refix G07: 2, 371365.924605, 2269
Refix G11: 2, 371365.927469, 1368
Refix G17: 2, 371365.926162, -2142
Refix G18: 2, 371365.924356, 2090
Refix G22: 2, 371365.922224, -1835
Refix G28: 2, 371365.929307, -2735
Refix G30: 2, 371365.929421, 834
$GNGGA,070908.000,2944.9050,N,10633.0930,E,1,25,0.6,339.2,M,,,,0000*17
$GNRMC,070908.000,A,2944.9050,N,10633.0930,E,0.19,0.00,160519,,*13
$GPGSA,A,3,01,03,07,11,17,18,22,28,30,,,,0.7,0.6,0.4*34
$BDGSA,A,3,01,02,03,04,07,08,10,13,32,,,,0.7,0.6,0.4*2F
$GLGSA,A,3,11,12,13,21,22,23,24,,,,,,0.7,0.6,0.4*2E
$GPGSV,3,1,09,01,53,046,44,03,25,116,40,07,28,179,43,11,40,042,43*71
$GPGSV,3,2,09,17,41,288,45,18,26,042,42,22,26,091,38,28,58,343,43*7F
$GPGSV,3,3,09,30,51,212,45*47
$BDGSV,3,1,12,01,40,125,41,02,46,219,41,03,55,171,43,04,23,109,40*6A
$BDGSV,3,2,12,07,63,117,43,08,87,253,43,10,82,007,42,13,58,220,43*6E
$BDGSV,3,3,12,27,00,000,45,29,00,000,39,30,00,000,44,32,06,146,39*63
$B3CN0,23,21,0,0,0,0,0,0,0,0,0,0,0,0*4E
$GLGSV,2,1,07,21,03,040,33,23,45,263,47,24,06,236,35,11,32,153,47*65
$GLGSV,2,2,07,12,79,168,46,13,33,329,40,22,49,006,46*55
$ini_pos,lastpos_good = 1,ini_pos.x:-1578919.297771,ini_pos.y:5312784.405142,ini_pos.z:3146359.710781
Refix G01: 2, 371366.930061, 906
Refix G03: 2, 371366.922956, -3201
Refix G07: 2, 371366.924604, 2272
Refix G11: 2, 371366.927468, 1372
Refix G17: 2, 371366.926163, -2138
Refix G18: 2, 371366.924354, 2094
Refix G22: 2, 371366.922225, -1832
Refix G28: 2, 371366.929309, -2731
Refix G30: 2, 371366.929421, 837
$GNGGA,070909.000,2944.9050,N,10633.0930,E,1,25,0.6,338.9,M,,,,0000*1C
$GNRMC,070909.000,A,2944.9050,N,10633.0930,E,0.05,0.00,160519,,*1F
$GPGSA,A,3,01,03,07,11,17,18,22,28,30,,,,0.7,0.6,0.4*34
$BDGSA,A,3,01,02,03,04,07,08,10,13,32,,,,0.7,0.6,0.4*2F
$GLGSA,A,3,11,12,13,21,22,23,24,,,,,,0.7,0.6,0.4*2E
$GPGSV,3,1,09,01,53,046,45,03,25,116,40,07,28,179,43,11,40,042,43*70
$GPGSV,3,2,09,17,41,288,45,18,26,042,42,22,26,091,38,28,58,343,44*78
$GPGSV,3,3,09,30,51,212,44*46
$BDGSV,3,1,12,01,40,125,41,02,46,219,40,03,55,171,43,04,23,109,40*6B
$BDGSV,3,2,12,07,63,117,43,08,87,253,43,10,82,007,43,13,58,220,43*6F
$BDGSV,3,3,12,27,00,000,44,29,00,000,40,30,00,000,44,32,06,146,39*6C
$B3CN0,18,0,0,0,0,0,0,0,0,0,0,0,0,0*75
$GLGSV,2,1,07,21,03,040,32,23,45,263,47,24,06,236,36,11,32,153,47*67
$GLGSV,2,2,07,12,79,168,46,13,33,329,40,22,49,006,46*55
$ini_pos,lastpos_good = 1,ini_pos.x:-1578919.236233,ini_pos.y:5312784.136220,ini_pos.z:3146359.585782
Refix G01: 2, 371367.930061, 909
Refix G03: 2, 371367.922958, -3198
Refix G07: 2, 371367.924603, 2275
Refix G11: 2, 371367.927467, 1374
Refix G17: 2, 371367.926165, -2137
Refix G18: 2, 371367.924353, 2096
Refix G22: 2, 371367.922226, -1829
Refix G28: 2, 371367.929311, -2729
Refix G30: 2, 371367.929420, 840
$GNGGA,070910.000,2944.9050,N,10633.0930,E,1,25,0.6,338.6,M,,,,0000*1B
$GNRMC,070910.000,A,2944.9050,N,10633.0930,E,0.30,0.00,160519,,*11
$GPGSA,A,3,01,03,07,11,17,18,22,28,30,,,,0.7,0.6,0.4*34
$BDGSA,A,3,01,02,03,04,07,08,10,13,32,,,,0.7,0.6,0.4*2F
$GLGSA,A,3,11,12,13,21,22,23,24,,,,,,0.7,0.6,0.4*2E
$GPGSV,3,1,09,01,53,046,44,03,25,116,40,07,28,179,43,11,40,042,43*71
$GPGSV,3,2,09,17,41,288,44,18,26,042,42,22,26,091,38,28,58,343,43*7E
$GPGSV,3,3,09,30,51,212,44*46
$BDGSV,3,1,12,01,40,125,41,02,46,219,40,03,55,171,43,04,23,109,41*6A
$BDGSV,3,2,12,07,63,117,43,08,87,253,43,10,82,007,43,13,58,220,43*6F
$BDGSV,3,3,12,27,00,000,44,29,00,000,40,30,00,000,44,32,06,146,38*6D
$B3CN0,19,0,0,0,0,0,0,0,0,0,0,0,0,0*74
$GLGSV,2,1,07,21,03,040,32,23,45,263,47,24,06,236,35,11,32,153,47*64
$GLGSV,2,2,07,12,79,168,46,13,33,329,40,22,49,006,46*55
$ini_pos,lastpos_good = 1,ini_pos.x:-1578919.089997,ini_pos.y:5312783.867188,ini_pos.z:3146359.463703
Refix G01: 2, 371368.930060, 900
Refix G03: 2, 371368.922960, -3206
Refix G07: 2, 371368.924601, 2266
Refix G11: 2, 371368.927466, 1365
Refix G17: 2, 371368.926166, -2145
Refix G18: 2, 371368.924352, 2088
Refix G22: 2, 371368.922227, -1837
Refix G28: 2, 371368.929312, -2738
Refix G30: 2, 371368.929419, 830
$GNGGA,070911.000,2944.9051,N,10633.0929,E,1,25,0.6,338.1,M,,,,0000*14
$GNRMC,070911.000,A,2944.9051,N,10633.0929,E,0.24,0.00,160519,,*1C
$GPGSA,A,3,01,03,07,11,17,18,22,28,30,,,,0.7,0.6,0.4*34
$BDGSA,A,3,01,02,03,04,07,08,10,13,32,,,,0.7,0.6,0.4*2F
$GLGSA,A,3,11,12,13,21,22,23,24,,,,,,0.7,0.6,0.4*2E
$GPGSV,3,1,09,01,53,046,45,03,25,116,40,07,28,179,43,11,40,042,43*70
$GPGSV,3,2,09,17,41,288,44,18,26,042,41,22,26,091,38,28,58,343,44*7A
$GPGSV,3,3,09,30,51,212,44*46
$BDGSV,3,1,12,01,40,125,42,02,46,219,40,03,55,171,43,04,23,109,40*68
$BDGSV,3,2,12,07,63,117,43,08,87,253,42,10,82,007,42,13,58,220,43*6F
$BDGSV,3,3,12,27,00,000,44,29,00,000,40,30,00,000,44,32,06,146,38*6D
$B3CN0,0,0,0,0,0,0,0,0,0,0,0,0,0,0*4C
$GLGSV,2,1,07,21,03,040,31,23,45,263,47,24,06,236,35,11,32,153,47*67
$GLGSV,2,2,07,12,79,168,46,13,33,329,41,22,49,006,46*54
$ini_pos,lastpos_good = 1,ini_pos.x:-1578918.766393,ini_pos.y:5312783.457331,ini_pos.z:3146359.298786
Refix G01: 2, 371369.930060, 901
Refix G03: 2, 371369.922962, -3205
Refix G07: 2, 371369.924600, 2267
Refix G11: 2, 371369.927465, 1366
Refix G17: 2, 371369.926167, -2144
Refix G18: 2, 371369.924350, 2088
Refix G22: 2, 371369.922228, -1836
Refix G28: 2, 371369.929314, -2737
Refix G30: 2, 371369.929419, 832
$GNGGA,070912.000,2944.9051,N,10633.0929,E,1,25,0.6,338.0,M,,,,0000*16
$GNRMC,070912.000,A,2944.9051,N,10633.0929,E,0.21,0.00,160519,,*1A
$GPGSA,A,3,01,03,07,11,17,18,22,28,30,,,,0.7,0.6,0.4*34
$BDGSA,A,3,01,02,03,04,07,08,10,13,32,,,,0.7,0.6,0.4*2F
$GLGSA,A,3,11,12,13,21,22,23,24,,,,,,0.7,0.6,0.4*2E
$GPGSV,3,1,09,01,53,046,45,03,25,116,41,07,28,179,44,11,40,042,44*71
$GPGSV,3,2,09,17,41,288,45,18,26,042,41,22,26,091,39,28,58,343,43*7D
$GPGSV,3,3,09,30,51,212,44*46
$BDGSV,3,1,12,01,40,125,41,02,46,219,39,03,55,171,43,04,23,109,40*65
$BDGSV,3,2,12,07,63,117,43,08,87,253,43,10,82,007,42,13,58,220,43*6E
$BDGSV,3,3,12,27,00,000,44,29,00,000,40,30,00,000,44,32,06,146,38*6D
$B3CN0,0,0,0,0,0,0,0,0,0,0,0,0,0,0*4C
$GLGSV,2,1,07,21,03,040,31,23,45,263,48,24,06,236,36,11,32,153,47*6B
$GLGSV,2,2,07,12,79,168,46,13,33,329,41,22,49,006,46*54
$ini_pos,lastpos_good = 1,ini_pos.x:-1578918.718671,ini_pos.y:5312783.452951,ini_pos.z:3146359.295824
Refix G01: 2, 371370.930059, 905
Refix G03: 2, 371370.922964, -3202
Refix G07: 2, 371370.924598, 2270
Refix G11: 2, 371370.927464, 1369
Refix G17: 2, 371370.926169, -2141
Refix G18: 2, 371370.924349, 2092
Refix G22: 2, 371370.922229, -1833
Refix G28: 2, 371370.929316, -2734
Refix G30: 2, 371370.929418, 836
$GNGGA,070913.000,2944.9051,N,10633.0928,E,1,25,0.6,337.9,M,,,,0000*10
$GNRMC,070913.000,A,2944.9051,N,10633.0928,E,0.23,0.00,160519,,*18
$GPGSA,A,3,01,03,07,11,17,18,22,28,30,,,,0.7,0.6,0.4*34
$BDGSA,A,3,01,02,03,04,07,08,10,13,32,,,,0.7,0.6,0.4*2F
$GLGSA,A,3,11,12,13,21,22,23,24,,,,,,0.7,0.6,0.4*2E
$GPGSV,3,1,09,01,53,046,45,03,25,116,41,07,28,179,43,11,40,042,43*71
$GPGSV,3,2,09,17,41,288,45,18,26,042,41,22,26,091,39,28,58,343,44*7A
$GPGSV,3,3,09,30,51,212,44*46
$BDGSV,3,1,12,01,40,125,40,02,46,219,41,03,55,171,42,04,23,109,40*6A
$BDGSV,3,2,12,07,63,117,43,08,87,253,43,10,82,007,42,13,58,220,43*6E
$BDGSV,3,3,12,27,00,000,44,29,00,000,40,30,00,000,44,32,06,146,38*6D
$B3CN0,0,0,19,0,0,0,0,0,0,0,0,0,0,0*74
$GLGSV,2,1,07,21,03,040,31,23,45,263,48,24,06,236,36,11,32,153,46*6A
$GLGSV,2,2,07,12,79,168,46,13,33,329,41,22,49,006,46*54
$ini_pos,lastpos_good = 1,ini_pos.x:-1578918.641448,ini_pos.y:5312783.280552,ini_pos.z:3146359.252979
Refix G01: 2, 371371.930058, 906
Refix G03: 2, 371371.922966, -3202
Refix G07: 2, 371371.924597, 2270
Refix G11: 2, 371371.927463, 1370
Refix G17: 2, 371371.926170, -2141
Refix G18: 2, 371371.924347, 2092
Refix G22: 2, 371371.922231, -1832
Refix G28: 2, 371371.929318, -2734
Refix G30: 2, 371371.929418, 836
$GNGGA,070914.000,2944.9052,N,10633.0928,E,1,25,0.6,337.5,M,,,,0000*18
$GNRMC,070914.000,A,2944.9052,N,10633.0928,E,0.25,0.00,160519,,*1A
$GPGSA,A,3,01,03,07,11,17,18,22,28,30,,,,0.7,0.6,0.4*34
$BDGSA,A,3,01,02,03,04,07,08,10,13,32,,,,0.7,0.6,0.4*2F
$GLGSA,A,3,11,12,13,21,22,23,24,,,,,,0.7,0.6,0.4*2E
$GPGSV,3,1,09,01,53,046,45,03,25,116,41,07,28,179,43,11,40,042,43*71
$GPGSV,3,2,09,17,41,288,45,18,26,042,42,22,26,091,39,28,58,343,44*79
$GPGSV,3,3,09,30,51,212,44*46
$BDGSV,3,1,12,01,40,125,41,02,46,219,40,03,55,171,43,04,23,109,40*6B
$BDGSV,3,2,12,07,63,117,43,08,87,253,43,10,82,007,42,13,58,220,43*6E
$BDGSV,3,3,12,27,00,000,44,29,00,000,40,30,00,000,44,32,06,146,38*6D
$B3CN0,0,0,25,0,0,0,0,0,0,0,0,0,0,0*7B
$GLGSV,2,1,07,21,03,040,31,23,45,263,48,24,06,236,36,11,32,153,46*6A
$GLGSV,2,2,07,12,79,168,46,13,33,329,41,22,49,006,46*54
$ini_pos,lastpos_good = 1,ini_pos.x:-1578918.458268,ini_pos.y:5312782.945300,ini_pos.z:3146359.113470
Refix G01: 2, 371372.930058, 903
Refix G03: 2, 371372.922968, -3205
Refix G07: 2, 371372.924595, 2268
Refix G11: 2, 371372.927463, 1367
Refix G17: 2, 371372.926171, -2144
Refix G18: 2, 371372.924346, 2089
Refix G22: 2, 371372.922232, -1835
Refix G28: 2, 371372.929319, -2737
Refix G30: 2, 371372.929417, 834
$GNGGA,070915.000,2944.9053,N,10633.0927,E,1,28,0.5,337.2,M,,,,0000*1E
$GNRMC,070915.000,A,2944.9053,N,10633.0927,E,0.22,0.00,160519,,*12
$GPGSA,A,3,01,03,07,11,17,18,22,28,30,,,,0.6,0.5,0.3*31
$BDGSA,A,3,01,02,03,04,07,08,10,13,27,29,30,32,0.6,0.5,0.3*27
$GLGSA,A,3,11,12,13,21,22,23,24,,,,,,0.6,0.5,0.3*2B
$GPGSV,3,1,09,01,53,046,45,03,25,116,41,07,28,179,44,11,40,042,43*76
$GPGSV,3,2,09,17,41,288,45,18,26,042,42,22,26,091,39,28,58,343,44*79
$GPGSV,3,3,09,30,51,212,45*47
$BDGSV,3,1,12,01,40,125,41,02,46,219,40,03,55,171,43,04,23,109,41*6A
$BDGSV,3,2,12,07,63,117,43,08,87,253,43,10,82,007,43,13,58,220,43*6F
$BDGSV,3,3,12,27,00,000,44,29,00,000,39,30,00,000,44,32,06,146,37*6C
$B3CN0,23,0,18,0,0,0,0,0,0,0,0,0,0,0*44
$GLGSV,2,1,07,21,03,040,31,23,45,263,47,24,06,236,36,11,32,153,46*65
$GLGSV,2,2,07,12,79,168,46,13,33,329,41,22,49,006,47*55
$ini_pos,lastpos_good = 1,ini_pos.x:-1578918.189131,ini_pos.y:5312782.663203,ini_pos.z:3146359.187184
Refix G01: 2, 371373.930057, 909
Refix G03: 2, 371373.922970, -3199
Refix G07: 2, 371373.924594, 2274
Refix G11: 2, 371373.927462, 1372
Refix G17: 2, 371373.926173, -2138
Refix G18: 2, 371373.924345, 2095
Refix G22: 2, 371373.922233, -1829
Refix G28: 2, 371373.929321, -2731
Refix G30: 2, 371373.929417, 840
$GNGGA,070916.000,2944.9054,N,10633.0926,E,1,28,0.5,337.2,M,,,,0000*1B
$GNRMC,070916.000,A,2944.9054,N,10633.0926,E,0.29,0.00,160519,,*1C
$GPGSA,A,3,01,03,07,11,17,18,22,28,30,,,,0.6,0.5,0.3*31
$BDGSA,A,3,01,02,03,04,07,08,10,13,27,29,30,32,0.6,0.5,0.3*27
$GLGSA,A,3,11,12,13,21,22,23,24,,,,,,0.6,0.5,0.3*2B
$GPGSV,3,1,09,01,53,046,45,03,25,116,41,07,28,179,45,11,40,042,43*77
$GPGSV,3,2,09,17,41,288,45,18,26,042,41,22,26,091,39,28,58,343,44*7A
$GPGSV,3,3,09,30,51,212,45*47
$BDGSV,3,1,12,01,40,125,41,02,46,219,40,03,55,171,43,04,23,109,41*6A
$BDGSV,3,2,12,07,63,117,43,08,87,253,43,10,82,007,42,13,58,220,43*6E
$BDGSV,3,3,12,27,54,023,44,29,05,249,39,30,50,278,43,32,06,146,37*69
$B3CN0,0,0,22,0,0,0,0,0,0,0,0,0,0,0*7C
$GLGSV,2,1,07,21,03,040,30,23,45,263,48,24,06,236,36,11,32,153,46*6B
$GLGSV,2,2,07,12,79,168,46,13,33,329,41,22,49,006,47*55
$ini_pos,lastpos_good = 1,ini_pos.x:-1578918.067628,ini_pos.y:5312782.553810,ini_pos.z:3146359.363986
Refix G01: 2, 371374.930057, 906
Refix G03: 2, 371374.922972, -3202
Refix G07: 2, 371374.924592, 2270
Refix G11: 2, 371374.927461, 1369
Refix G17: 2, 371374.926174, -2141
Refix G18: 2, 371374.924343, 2092
Refix G22: 2, 371374.922234, -1832
Refix G28: 2, 371374.929323, -2735
Refix G30: 2, 371374.929416, 837
$GNGGA,070917.000,2944.9055,N,10633.0926,E,1,28,0.5,337.0,M,,,,0000*19
$GNRMC,070917.000,A,2944.9055,N,10633.0926,E,0.16,0.00,160519,,*10
$GPGSA,A,3,01,03,07,11,17,18,22,28,30,,,,0.6,0.5,0.3*31
$BDGSA,A,3,01,02,03,04,07,08,10,13,27,29,30,32,0.6,0.5,0.3*27
$GLGSA,A,3,11,12,13,21,22,23,24,,,,,,0.6,0.5,0.3*2B
$GPGSV,3,1,09,01,53,046,45,03,25,116,40,07,28,179,44,11,40,042,43*77
$GPGSV,3,2,09,17,41,289,45,18,26,042,41,22,26,091,39,28,58,343,44*7B
$GPGSV,3,3,09,30,51,212,44*46
$BDGSV,3,1,12,01,40,125,42,02,46,219,40,03,55,171,43,04,23,109,41*69
$BDGSV,3,2,12,07,63,117,43,08,87,253,44,10,82,007,42,13,58,220,43*69
$BDGSV,3,3,12,27,54,023,44,29,05,249,39,30,50,278,44,32,06,146,37*6E
$B3CN0,18,0,21,0,0,0,0,0,0,0,0,0,0,0*46
$GLGSV,2,1,07,21,03,040,28,23,45,263,47,24,06,236,36,11,32,153,46*6D
$GLGSV,2,2,07,12,79,168,46,13,33,329,41,22,49,006,47*55
$ini_pos,lastpos_good = 1,ini_pos.x:-1578917.909149,ini_pos.y:5312782.346538,ini_pos.z:3146359.424600
Refix G01: 2, 371375.930056, 905
Refix G03: 2, 371375.922974, -3203
Refix G07: 2, 371375.924591, 2269
Refix G11: 2, 371375.927460, 1368
Refix G17: 2, 371375.926175, -2142
Refix G18: 2, 371375.924342, 2091
Refix G22: 2, 371375.922235, -1833
Refix G28: 2, 371375.929324, -2736
Refix G30: 2, 371375.929415, 836
$GNGGA,070918.000,2944.9056,N,10633.0926,E,1,27,0.5,337.1,M,,,,0000*1B
$GNRMC,070918.000,A,2944.9056,N,10633.0926,E,0.08,0.00,160519,,*13
$GPGSA,A,3,01,03,07,11,17,18,22,28,30,,,,0.6,0.5,0.3*31
$BDGSA,A,3,01,02,03,04,07,08,10,13,27,29,30,32,0.6,0.5,0.3*27
$GLGSA,A,3,11,12,13,22,23,24,,,,,,,0.6,0.5,0.3*28
$GPGSV,3,1,09,01,53,046,45,03,25,116,41,07,28,179,44,11,40,042,43*76
$GPGSV,3,2,09,17,41,289,45,18,26,042,40,22,26,091,39,28,58,343,45*7B
$GPGSV,3,3,09,30,51,212,45*47
$BDGSV,3,1,12,01,40,125,41,02,46,219,39,03,55,171,43,04,23,109,39*6B
$BDGSV,3,2,12,07,63,117,43,08,87,253,43,10,82,007,42,13,58,220,44*69
$BDGSV,3,3,12,27,54,023,44,29,05,249,39,30,50,278,43,32,06,146,37*69
$B3CN0,0,0,22,0,0,0,0,0,0,0,0,0,0,0*7C
$GLGSV,2,1,07,21,03,040,26,23,45,263,47,24,06,236,36,11,32,153,46*63
$GLGSV,2,2,07,12,79,168,46,13,33,329,41,22,49,006,47*55
$ini_pos,lastpos_good = 1,ini_pos.x:-1578917.927328,ini_pos.y:5312782.405901,ini_pos.z:3146359.558133
Refix G01: 2, 371376.930055, 907
Refix G03: 2, 371376.922976, -3201
Refix G07: 2, 371376.924589, 2271
Refix G11: 2, 371376.927459, 1370
Refix G17: 2, 371376.926177, -2141
Refix G18: 2, 371376.924341, 2093
Refix G22: 2, 371376.922236, -1831
Refix G28: 2, 371376.929326, -2734
Refix G30: 2, 371376.929415, 838
$GNGGA,070919.000,2944.9056,N,10633.0926,E,1,27,0.5,337.2,M,,,,0000*19
$GNRMC,070919.000,A,2944.9056,N,10633.0926,E,0.22,0.00,160519,,*1A
$GPGSA,A,3,01,03,07,11,17,18,22,28,30,,,,0.6,0.5,0.3*31
$BDGSA,A,3,01,02,03,04,07,08,10,13,27,29,30,32,0.6,0.5,0.3*27
$GLGSA,A,3,11,12,13,22,23,24,,,,,,,0.6,0.5,0.3*28
$GPGSV,3,1,09,01,53,046,45,03,25,116,41,07,28,179,44,11,40,042,43*76
$GPGSV,3,2,09,17,41,289,45,18,26,042,41,22,26,091,39,28,58,343,44*7B
$GPGSV,3,3,09,30,51,212,44*46
$BDGSV,3,1,12,01,40,125,42,02,46,219,41,03,55,171,43,04,23,109,40*69
$BDGSV,3,2,12,07,63,117,43,08,87,253,43,10,82,007,42,13,58,220,44*69
$BDGSV,3,3,12,27,54,023,45,29,05,249,39,30,50,278,43,32,06,146,38*67
$B3CN0,19,0,23,0,0,0,0,0,0,0,0,0,0,0*45
$GLGSV,2,1,07,23,45,263,48,24,06,236,36,11,32,153,46,12,79,168,46*6C
$GLGSV,2,2,07,13,33,329,41,22,49,006,47,21,03,040,00*51
$ini_pos,lastpos_good = 1,ini_pos.x:-1578917.977507,ini_pos.y:5312782.481671,ini_pos.z:3146359.686181
Refix G01: 2, 371377.930055, 911
Refix G03: 2, 371377.922978, -3198
Refix G07: 2, 371377.924588, 2274
Refix G11: 2, 371377.927458, 1374
Refix G17: 2, 371377.926178, -2137
Refix G18: 2, 371377.924339, 2097
Refix G22: 2, 371377.922237, -1827
Refix G28: 2, 371377.929328, -2730
Refix G30: 2, 371377.929414, 842
$GNGGA,070920.000,2944.9056,N,10633.0926,E,1,27,0.5,337.3,M,,,,0000*12
$GNRMC,070920.000,A,2944.9056,N,10633.0926,E,0.14,0.00,160519,,*15
$GPGSA,A,3,01,03,07,11,17,18,22,28,30,,,,0.6,0.5,0.3*31
$BDGSA,A,3,01,02,03,04,07,08,10,13,27,29,30,32,0.6,0.5,0.3*27
$GLGSA,A,3,11,12,13,22,23,24,,,,,,,0.6,0.5,0.3*28
$GPGSV,3,1,09,01,53,046,44,03,25,116,39,07,28,179,44,11,40,042,43*78
$GPGSV,3,2,09,17,41,289,45,18,26,042,40,22,26,091,39,28,58,343,44*7A
$GPGSV,3,3,09,30,51,212,44*46
$BDGSV,3,1,12,01,40,125,41,02,46,219,40,03,55,171,43,04,23,109,41*6A
$BDGSV,3,2,12,07,63,117,43,08,87,253,43,10,82,007,43,13,58,220,44*68
$BDGSV,3,3,12,27,54,023,44,29,05,249,39,30,50,278,44,32,06,146,37*6E
$B3CN0,0,19,18,0,0,0,0,0,0,0,0,0,0,0*4D
$GLGSV,2,1,07,23,45,263,47,24,06,236,36,11,32,153,47,12,78,168,46*63
$GLGSV,2,2,07,13,33,329,41,22,49,006,47,21,03,040,00*51
$ini_pos,lastpos_good = 1,ini_pos.x:-1578917.984728,ini_pos.y:5312782.540239,ini_pos.z:3146359.722708
Refix G01: 2, 371378.930054, 906
Refix G03: 2, 371378.922980, -3203
Refix G07: 2, 371378.924586, 2269
Refix G11: 2, 371378.927457, 1368
Refix G17: 2, 371378.926179, -2143
Refix G18: 2, 371378.924338, 2091
Refix G22: 2, 371378.922239, -1832
Refix G28: 2, 371378.929329, -2736
Refix G30: 2, 371378.929414, 836
$GNGGA,070921.000,2944.9056,N,10633.0926,E,1,27,0.5,337.3,M,,,,0000*13
$GNRMC,070921.000,A,2944.9056,N,10633.0926,E,0.16,0.00,160519,,*16
$GPGSA,A,3,01,03,07,11,17,18,22,28,30,,,,0.6,0.5,0.3*31
$BDGSA,A,3,01,02,03,04,07,08,10,13,27,29,30,32,0.6,0.5,0.3*27
$GLGSA,A,3,11,12,13,22,23,24,,,,,,,0.6,0.5,0.3*28
$GPGSV,3,1,09,01,53,046,44,03,25,116,40,07,28,179,44,11,40,042,44*71
$GPGSV,3,2,09,17,41,289,45,18,26,042,41,22,26,091,38,28,58,343,44*7A
$GPGSV,3,3,09,30,51,212,45*47
$BDGSV,3,1,12,01,40,125,41,02,46,219,39,03,55,171,43,04,23,109,40*65
$BDGSV,3,2,12,07,63,117,43,08,87,253,43,10,82,007,43,13,58,220,43*6F
$BDGSV,3,3,12,27,54,023,45,29,05,249,39,30,50,278,44,32,06,146,37*6F
$B3CN0,0,0,18,0,0,0,0,0,0,0,0,0,0,0*75
$GLGSV,2,1,07,21,03,040,16,23,45,263,47,24,06,236,36,11,32,153,46*60
$GLGSV,2,2,07,12,78,168,46,13,33,329,41,22,49,006,47*54
$ini_pos,lastpos_good = 1,ini_pos.x:-1578917.978609,ini_pos.y:5312782.589453,ini_pos.z:3146359.717287
Refix G01: 2, 371379.930054, 911
Refix G03: 2, 371379.922982, -3199
Refix G07: 2, 371379.924585, 2273
Refix G11: 2, 371379.927456, 1373
Refix G17: 2, 371379.926181, -2139
Refix G18: 2, 371379.924337, 2096
Refix G22: 2, 371379.922240, -1828
Refix G28: 2, 371379.929331, -2732
Refix G30: 2, 371379.929413, 841
$GNGGA,070922.000,2944.9055,N,10633.0926,E,1,27,0.5,337.6,M,,,,0000*16
$GNRMC,070922.000,A,2944.9055,N,10633.0926,E,0.24,0.00,160519,,*17
$GPGSA,A,3,01,03,07,11,17,18,22,28,30,,,,0.6,0.5,0.3*31
$BDGSA,A,3,01,02,03,04,07,08,10,13,27,29,30,32,0.6,0.5,0.3*27
$GLGSA,A,3,11,12,13,22,23,24,,,,,,,0.6,0.5,0.3*28
$GPGSV,3,1,09,01,53,046,44,03,25,116,41,07,28,179,43,11,40,042,44*77
$GPGSV,3,2,09,17,41,289,45,18,26,042,41,22,26,091,38,28,58,343,44*7A
$GPGSV,3,3,09,30,51,212,45*47
$BDGSV,3,1,12,01,40,125,41,02,46,219,40,03,55,171,43,04,23,109,41*6A
$BDGSV,3,2,12,07,63,117,43,08,87,253,43,10,82,007,43,13,58,220,43*6F
$BDGSV,3,3,12,27,54,023,45,29,05,249,39,30,50,278,44,32,06,146,37*6F
$B3CN0,0,0,20,0,0,0,0,0,0,0,0,0,0,0*7E
$GLGSV,2,1,07,23,45,263,48,24,06,236,36,11,32,153,46,12,78,168,46*6D
$GLGSV,2,2,07,13,33,329,41,22,49,006,47,21,03,040,00*51
$ini_pos,lastpos_good = 1,ini_pos.x:-1578918.015929,ini_pos.y:5312782.838484,ini_pos.z:3146359.768162
Refix G01: 2, 371380.930053, 911
Refix G03: 2, 371380.922984, -3199
Refix G07: 2, 371380.924583, 2272
Refix G11: 2, 371380.927455, 1372
Refix G17: 2, 371380.926182, -2139
Refix G18: 2, 371380.924335, 2095
Refix G22: 2, 371380.922241, -1828
Refix G28: 2, 371380.929333, -2732
Refix G30: 2, 371380.929413, 841
$GNGGA,070923.000,2944.9055,N,10633.0925,E,1,27,0.5,337.5,M,,,,0000*17
$GNRMC,070923.000,A,2944.9055,N,10633.0925,E,0.20,0.00,160519,,*11
$GPGSA,A,3,01,03,07,11,17,18,22,28,30,,,,0.6,0.5,0.3*31
$BDGSA,A,3,01,02,03,04,07,08,10,13,27,29,30,32,0.6,0.5,0.3*27
$GLGSA,A,3,11,12,13,22,23,24,,,,,,,0.6,0.5,0.3*28
$GPGSV,3,1,09,01,53,046,45,03,25,116,41,07,28,179,44,11,40,042,43*76
$GPGSV,3,2,09,17,41,289,45,18,26,042,40,22,26,091,38,28,58,343,44*7B
$GPGSV,3,3,09,30,51,212,45*47
$BDGSV,3,1,12,01,40,125,41,02,46,219,39,03,55,171,43,04,23,109,39*6B
$BDGSV,3,2,12,07,63,117,43,08,87,253,43,10,82,007,43,13,58,220,43*6F
$BDGSV,3,3,12,27,54,023,45,29,05,249,39,30,50,278,44,32,06,146,37*6F
$B3CN0,0,22,0,0,0,0,0,0,0,0,0,0,0,0*7C
$GLGSV,2,1,07,23,45,263,48,24,06,236,36,11,32,153,46,12,78,168,46*6D
$GLGSV,2,2,07,13,33,329,41,22,49,006,46,21,03,040,00*50
$ini_pos,lastpos_good = 1,ini_pos.x:-1578918.000391,ini_pos.y:5312782.846098,ini_pos.z:3146359.597965
Refix G01: 2, 371381.930052, 912
Refix G03: 2, 371381.922986, -3198
Refix G07: 2, 371381.924582, 2273
Refix G11: 2, 371381.927454, 1373
Refix G17: 2, 371381.926183, -2139
Refix G18: 2, 371381.924334, 2096
Refix G22: 2, 371381.922242, -1827
Refix G28: 2, 371381.929335, -2731
Refix G30: 2, 371381.929412, 842
$GNGGA,070924.000,2944.9054,N,10633.0925,E,1,27,0.6,337.6,M,,,,0000*11
$GNRMC,070924.000,A,2944.9054,N,10633.0925,E,0.24,0.00,160519,,*13
$GPGSA,A,3,01,03,07,11,17,18,22,28,30,,,,0.6,0.6,0.3*32
$BDGSA,A,3,01,02,03,04,05,07,08,10,13,27,29,30,0.6,0.6,0.3*20
$GLGSA,A,3,11,12,13,22,23,,,,,,,,0.6,0.6,0.3*2D
$GPGSV,3,1,09,01,53,046,44,03,25,116,41,07,28,179,44,11,40,042,43*77
$GPGSV,3,2,09,17,41,289,45,18,26,042,40,22,26,091,37,28,58,343,44*74
$GPGSV,3,3,09,30,51,212,45*47
$BDGSV,3,1,12,01,40,125,41,02,46,219,41,03,55,171,43,04,23,109,40*6A
$BDGSV,3,2,12,07,63,117,43,08,87,253,43,10,82,007,43,13,58,220,43*6F
$BDGSV,3,3,12,27,54,023,44,29,05,249,39,30,50,278,44,32,06,146,37*6E
$B3CN0,0,0,0,0,0,0,0,0,0,0,0,0,0,0*4C
$GLGSV,2,1,07,23,45,263,48,24,06,236,36,11,32,153,46,12,78,168,46*6D
$GLGSV,2,2,07,13,33,329,41,22,49,006,46,21,03,040,00*50
$ini_pos,lastpos_good = 1,ini_pos.x:-1578918.034214,ini_pos.y:5312782.975103,ini_pos.z:3146359.516382
Refix G01: 2, 371382.930052, 909
Refix G03: 2, 371382.922988, -3201
Refix G07: 2, 371382.924580, 2270
Refix G11: 2, 371382.927454, 1370
Refix G17: 2, 371382.926185, -2141
Refix G18: 2, 371382.924333, 2093
Refix G22: 2, 371382.922243, -1830
Refix G28: 2, 371382.929336, -2734
Refix G30: 2, 371382.929412, 839
$GNGGA,070925.000,2944.9055,N,10633.0926,E,1,28,0.5,337.5,M,,,,0000*1D
$GNRMC,070925.000,A,2944.9055,N,10633.0926,E,0.21,0.00,160519,,*15
$GPGSA,A,3,01,03,07,11,17,18,22,28,30,,,,0.6,0.5,0.3*31
$BDGSA,A,3,01,02,03,04,05,07,08,10,13,27,29,30,0.6,0.5,0.3*23
$GLGSA,A,3,11,12,13,22,23,24,,,,,,,0.6,0.5,0.3*28
$GPGSV,3,1,09,01,53,046,44,03,25,116,40,07,28,179,43,11,40,042,44*76
$GPGSV,3,2,09,17,41,289,44,18,26,042,41,22,26,091,37,28,58,343,43*73
$GPGSV,3,3,09,30,51,212,45*47
$BDGSV,3,1,12,01,40,125,41,02,46,219,40,03,55,171,43,04,23,109,41*6A
$BDGSV,3,2,12,07,63,117,43,08,87,253,43,10,82,007,43,13,58,220,43*6F
$BDGSV,3,3,12,27,54,023,44,29,05,249,39,30,50,278,44,32,06,146,36*6F
$B3CN0,16,0,0,0,0,0,0,0,0,0,0,0,0,0*7B
$GLGSV,2,1,07,23,45,263,47,24,06,236,35,11,32,153,47,12,78,168,46*60
$GLGSV,2,2,07,13,33,329,41,22,49,006,46,21,03,040,00*50
$ini_pos,lastpos_good = 1,ini_pos.x:-1578918.135946,ini_pos.y:5312782.748324,ini_pos.z:3146359.610803
Refix G01: 2, 371383.930051, 912
Refix G03: 2, 371383.922990, -3198
Refix G07: 2, 371383.924579, 2273
Refix G11: 2, 371383.927453, 1373
Refix G17: 2, 371383.926186, -2139
Refix G18: 2, 371383.924331, 2096
Refix G22: 2, 371383.922244, -1827
Refix G28: 2, 371383.929338, -2732
Refix G30: 2, 371383.929411, 842
$GNGGA,070926.000,2944.9055,N,10633.0926,E,1,28,0.5,337.2,M,,,,0000*19
$GNRMC,070926.000,A,2944.9055,N,10633.0926,E,0.23,0.00,160519,,*14
$GPGSA,A,3,01,03,07,11,17,18,22,28,30,,,,0.6,0.5,0.3*31
$BDGSA,A,3,01,02,03,04,05,07,08,10,13,27,29,30,0.6,0.5,0.3*23
$GLGSA,A,3,11,12,13,22,23,24,,,,,,,0.6,0.5,0.3*28
$GPGSV,3,1,09,01,53,046,44,03,25,116,40,07,28,179,44,11,40,042,43*76
$GPGSV,3,2,09,17,41,289,45,18,26,042,41,22,26,091,38,28,58,343,44*7A
$GPGSV,3,3,09,30,51,212,44*46
$BDGSV,3,1,12,01,40,125,41,02,46,219,39,03,55,171,43,04,23,109,40*65
$BDGSV,3,2,12,07,63,117,43,08,87,253,43,10,82,007,43,13,58,220,43*6F
$BDGSV,3,3,12,27,54,023,44,29,05,249,39,30,50,278,43,32,06,146,36*68
$B3CN0,20,0,0,0,0,0,0,0,0,0,0,0,0,0*7E
$GLGSV,2,1,07,23,45,263,48,24,06,236,36,11,32,153,47,12,78,168,46*6C
$GLGSV,2,2,07,13,33,329,41,22,49,006,46,21,03,040,00*50
$ini_pos,lastpos_good = 1,ini_pos.x:-1578918.024468,ini_pos.y:5312782.536318,ini_pos.z:3146359.506365
Refix G01: 2, 371384.930051, 912
Refix G03: 2, 371384.922992, -3199
Refix G07: 2, 371384.924577, 2272
Refix G11: 2, 371384.927452, 1373
Refix G17: 2, 371384.926187, -2139
Refix G18: 2, 371384.924330, 2095
Refix G22: 2, 371384.922245, -1827
Refix G28: 2, 371384.929340, -2732
Refix G30: 2, 371384.929410, 842
$GNGGA,070927.000,2944.9056,N,10633.0926,E,1,28,0.5,337.0,M,,,,0000*19
$GNRMC,070927.000,A,2944.9056,N,10633.0926,E,0.15,0.00,160519,,*13
$GPGSA,A,3,01,03,07,11,17,18,22,28,30,,,,0.6,0.5,0.3*31
$BDGSA,A,3,01,02,03,04,05,07,08,10,13,27,29,30,0.6,0.5,0.3*23
$GLGSA,A,3,11,12,13,22,23,24,,,,,,,0.6,0.5,0.3*28
$GPGSV,3,1,09,01,53,046,45,03,25,116,40,07,28,179,44,11,40,042,43*77
$GPGSV,3,2,09,17,41,289,45,18,26,042,41,22,26,091,38,28,58,343,44*7A
$GPGSV,3,3,09,30,51,212,44*46
$BDGSV,3,1,12,01,40,125,41,02,46,219,39,03,55,171,42,04,23,109,40*64
$BDGSV,3,2,12,07,63,117,43,08,87,255,43,10,82,007,43,13,58,220,43*69
$BDGSV,3,3,12,27,54,023,44,29,05,249,39,30,50,278,44,32,06,146,35*6C
$B3CN0,0,0,0,0,0,0,0,0,0,0,0,0,0,0*4C
$GLGSV,2,1,07,23,45,263,48,24,06,236,35,11,32,153,47,12,78,168,46*6F
$GLGSV,2,2,07,13,33,329,41,22,49,006,46,21,03,040,00*50
$ini_pos,lastpos_good = 1,ini_pos.x:-1578917.929345,ini_pos.y:5312782.335190,ini_pos.z:3146359.569859
Refix G01: 2, 371385.930050, 912
Refix G03: 2, 371385.922994, -3199
Refix G07: 2, 371385.924576, 2272
Refix G11: 2, 371385.927451, 1373
Refix G17: 2, 371385.926189, -2139
Refix G18: 2, 371385.924328, 2096
Refix G22: 2, 371385.922246, -1827
Refix G28: 2, 371385.929341, -2732
Refix G30: 2, 371385.929410, 842
$GNGGA,070928.000,2944.9057,N,10633.0925,E,1,28,0.5,336.7,M,,,,0000*12
$GNRMC,070928.000,A,2944.9057,N,10633.0925,E,0.19,0.00,160519,,*12
$GPGSA,A,3,01,03,07,11,17,18,22,28,30,,,,0.6,0.5,0.3*31
$BDGSA,A,3,01,02,03,04,05,07,08,10,13,27,29,30,0.6,0.5,0.3*23
$GLGSA,A,3,11,12,13,22,23,24,,,,,,,0.6,0.5,0.3*28
$GPGSV,3,1,09,01,53,046,45,03,25,116,40,07,28,179,43,11,40,042,43*70
$GPGSV,3,2,09,17,41,289,45,18,26,042,40,22,26,091,38,28,58,343,43*7C
$GPGSV,3,3,09,30,51,212,44*46
$BDGSV,3,1,12,01,40,125,41,02,46,219,40,03,55,171,45,04,23,109,40*6D
$BDGSV,3,2,12,07,63,117,43,08,87,255,43,10,82,007,42,13,58,220,44*6F
$BDGSV,3,3,12,27,54,023,44,29,05,249,39,30,50,278,44,32,06,146,36*6F
$B3CN0,0,19,0,0,0,0,0,0,0,0,0,0,0,0*74
$GLGSV,2,1,07,23,45,263,48,24,06,236,36,11,32,153,47,12,78,168,46*6C
$GLGSV,2,2,07,13,33,329,41,22,49,006,47,21,03,040,00*51
$ini_pos,lastpos_good = 1,ini_pos.x:-1578917.700243,ini_pos.y:5312781.994088,ini_pos.z:3146359.588565
Refix G01: 2, 371386.930049, 912
Refix G03: 2, 371386.922996, -3199
Refix G07: 2, 371386.924575, 2272
Refix G11: 2, 371386.927450, 1372
Refix G17: 2, 371386.926190, -2140
Refix G18: 2, 371386.924327, 2095
Refix G22: 2, 371386.922248, -1827
Refix G28: 2, 371386.929343, -2733
Refix G30: 2, 371386.929409, 842
$GNGGA,070929.000,2944.9057,N,10633.0924,E,1,28,0.5,336.2,M,,,,0000*17
$GNRMC,070929.000,A,2944.9057,N,10633.0924,E,0.17,0.00,160519,,*1C
$GPGSA,A,3,01,03,07,11,17,18,22,28,30,,,,0.6,0.5,0.3*31
$BDGSA,A,3,01,02,03,04,05,07,08,10,13,27,29,30,0.6,0.5,0.3*23
$GLGSA,A,3,11,12,13,22,23,24,,,,,,,0.6,0.5,0.3*28
$GPGSV,3,1,09,01,53,046,45,03,25,116,39,07,28,179,44,11,40,042,43*79
$GPGSV,3,2,09,17,41,289,45,18,26,042,40,22,26,091,38,28,58,343,44*7B
$GPGSV,3,3,09,30,51,212,44*46
$BDGSV,3,1,12,01,40,125,41,02,46,219,39,03,55,171,43,04,23,109,40*65
$BDGSV,3,2,12,07,63,117,43,08,87,255,43,10,82,007,43,13,58,220,43*69
$BDGSV,3,3,12,27,54,023,44,29,05,249,39,30,50,278,44,32,06,146,35*6C
$B3CN0,0,18,0,0,0,0,0,0,0,0,0,0,0,0*75
$GLGSV,2,1,07,23,45,263,48,24,06,236,36,11,32,153,47,12,78,168,46*6C
$GLGSV,2,2,07,13,33,329,41,22,49,006,46,21,03,040,00*50
$ini_pos,lastpos_good = 1,ini_pos.x:-1578917.441995,ini_pos.y:5312781.564089,ini_pos.z:3146359.334097
Refix G01: 2, 371387.930049, 913
Refix G03: 2, 371387.922998, -3198
Refix G07: 2, 371387.924573, 2272
Refix G11: 2, 371387.927449, 1373
Refix G17: 2, 371387.926191, -2140
Refix G18: 2, 371387.924326, 2096
Refix G22: 2, 371387.922249, -1826
Refix G28: 2, 371387.929345, -2732
Refix G30: 2, 371387.929409, 843
$GNGGA,070930.000,2944.9057,N,10633.0924,E,1,28,0.5,335.9,M,,,,0000*17
$GNRMC,070930.000,A,2944.9057,N,10633.0924,E,0.29,0.00,160519,,*19
$GPGSA,A,3,01,03,07,11,17,18,22,28,30,,,,0.6,0.5,0.3*31
$BDGSA,A,3,01,02,03,04,05,07,08,10,13,27,29,30,0.6,0.5,0.3*23
$GLGSA,A,3,11,12,13,22,23,24,,,,,,,0.6,0.5,0.3*28
$GPGSV,3,1,09,01,53,046,45,03,25,116,39,07,28,179,43,11,40,042,43*7E
$GPGSV,3,2,09,17,41,289,45,18,26,042,41,22,26,091,38,28,58,343,43*7D
$GPGSV,3,3,09,30,51,212,44*46
$BDGSV,3,1,12,01,40,125,41,02,46,219,39,03,55,171,43,04,23,109,40*65
$BDGSV,3,2,12,07,63,117,43,08,87,255,43,10,82,007,43,13,58,220,43*69
$BDGSV,3,3,12,27,54,023,44,29,05,249,38,30,50,278,43,32,06,146,36*69
$B3CN0,0,0,0,0,0,0,0,0,0,0,0,0,0,0*4C
$GLGSV,2,1,07,23,45,263,47,24,06,236,36,11,32,153,47,12,78,168,46*63
$GLGSV,2,2,07,13,33,329,41,22,49,006,46,21,03,040,00*50
$ini_pos,lastpos_good = 1,ini_pos.x:-1578917.336242,ini_pos.y:5312781.298236,ini_pos.z:3146359.237059
Refix G01: 2, 371388.930048, 915
Refix G03: 2, 371388.923000, -3196
Refix G07: 2, 371388.924572, 2274
Refix G11: 2, 371388.927448, 1375
Refix G17: 2, 371388.926193, -2137
Refix G18: 2, 371388.924324, 2098
Refix G22: 2, 371388.922250, -1824
Refix G28: 2, 371388.929347, -2730
Refix G30: 2, 371388.929408, 845
$GNGGA,070931.000,2944.9058,N,10633.0924,E,1,28,0.5,335.3,M,,,,0000*13
$GNRMC,070931.000,A,2944.9058,N,10633.0924,E,0.21,0.00,160519,,*1F
$GPGSA,A,3,01,03,07,11,17,18,22,28,30,,,,0.6,0.5,0.3*31
$BDGSA,A,3,01,02,03,04,05,07,08,10,13,27,29,30,0.6,0.5,0.3*23
$GLGSA,A,3,11,12,13,22,23,24,,,,,,,0.6,0.5,0.3*28
$GPGSV,3,1,09,01,52,046,45,03,25,116,40,07,27,179,44,11,40,042,42*78
$GPGSV,3,2,09,17,41,289,45,18,26,042,41,22,26,091,37,28,58,343,44*75
$GPGSV,3,3,09,30,51,212,45*47
$BDGSV,3,1,12,01,40,125,42,02,46,219,39,03,55,171,43,04,23,109,40*66
$BDGSV,3,2,12,07,63,117,43,08,87,255,43,10,82,007,43,13,58,220,43*69
$BDGSV,3,3,12,27,54,023,44,29,05,249,39,30,50,278,43,32,06,146,35*6B
$B3CN0,0,19,0,0,0,0,0,0,0,0,0,0,0,0*74
$GLGSV,2,1,07,23,45,263,48,24,06,236,36,11,32,153,47,12,78,168,46*6C
$GLGSV,2,2,07,13,33,329,41,22,49,006,46,21,03,040,00*50
$ini_pos,lastpos_good = 1,ini_pos.x:-1578917.098850,ini_pos.y:5312780.829092,ini_pos.z:3146358.975747
Refix G01: 2, 371389.930047, 910
Refix G03: 2, 371389.923002, -3201
Refix G07: 2, 371389.924570, 2270
Refix G11: 2, 371389.927447, 1370
Refix G17: 2, 371389.926194, -2143
Refix G18: 2, 371389.924323, 2093
Refix G22: 2, 371389.922251, -1828
Refix G28: 2, 371389.929348, -2735
Refix G30: 2, 371389.929408, 841
$GNGGA,070932.000,2944.9057,N,10633.0923,E,1,28,0.5,334.6,M,,,,0000*1C
$GNRMC,070932.000,A,2944.9057,N,10633.0923,E,0.16,0.00,160519,,*10
$GPGSA,A,3,01,03,07,11,17,18,22,28,30,,,,0.6,0.5,0.3*31
$BDGSA,A,3,01,02,03,04,05,07,08,10,13,27,29,30,0.6,0.5,0.3*23
$GLGSA,A,3,11,12,13,22,23,24,,,,,,,0.6,0.5,0.3*28
$GPGSV,3,1,09,01,52,046,45,03,25,116,40,07,27,179,43,11,40,042,42*7F
$GPGSV,3,2,09,17,41,289,45,18,26,042,41,22,26,091,38,28,58,343,44*7A
$GPGSV,3,3,09,30,51,212,45*47
$BDGSV,3,1,12,01,40,125,41,02,46,219,41,03,55,171,43,04,23,109,39*64
$BDGSV,3,2,12,07,63,117,43,08,87,255,43,10,82,007,43,13,58,220,43*69
$BDGSV,3,3,12,27,54,023,44,29,05,249,38,30,50,278,43,32,06,146,35*6A
$B3CN0,0,0,0,0,0,0,0,0,0,0,0,0,0,0*4C
$GLGSV,2,1,07,23,45,263,48,24,06,236,36,11,32,153,47,12,78,168,46*6C
$GLGSV,2,2,07,13,33,329,41,22,49,006,46,21,03,040,00*50
$ini_pos,lastpos_good = 1,ini_pos.x:-1578916.874691,ini_pos.y:5312780.300648,ini_pos.z:3146358.639468
Refix G01: 2, 371390.930047, 910
Refix G03: 2, 371390.923004, -3201
Refix G07: 2, 371390.924569, 2269
Refix G11: 2, 371390.927446, 1370
Refix G17: 2, 371390.926195, -2142
Refix G18: 2, 371390.924322, 2093
Refix G22: 2, 371390.922252, -1829
Refix G28: 2, 371390.929350, -2735
Refix G30: 2, 371390.929407, 841
$GNGGA,070933.000,2944.9058,N,10633.0923,E,1,28,0.5,334.4,M,,,,0000*10
$GNRMC,070933.000,A,2944.9058,N,10633.0923,E,0.16,0.00,160519,,*1E
$GPGSA,A,3,01,03,07,11,17,18,22,28,30,,,,0.6,0.5,0.3*31
$BDGSA,A,3,01,02,03,04,05,07,08,10,13,27,29,30,0.6,0.5,0.3*23
$GLGSA,A,3,11,12,13,22,23,24,,,,,,,0.6,0.5,0.3*28
$GPGSV,3,1,09,01,52,046,45,03,25,116,40,07,27,179,44,11,40,042,42*78
$GPGSV,3,2,09,17,41,289,45,18,26,042,40,22,26,091,38,28,58,343,44*7B
$GPGSV,3,3,09,30,51,212,45*47
$BDGSV,3,1,12,01,40,125,41,02,46,219,41,03,55,171,45,04,23,109,39*62
$BDGSV,3,2,12,07,63,117,43,08,87,255,43,10,82,007,42,13,58,220,44*6F
$BDGSV,3,3,12,27,54,023,45,29,05,249,39,30,50,278,43,32,06,146,35*6A
$B3CN0,19,0,0,0,0,0,0,0,0,0,0,0,0,0*74
$GLGSV,2,1,07,23,45,263,47,24,06,236,36,11,32,153,47,12,78,168,46*63
$GLGSV,2,2,07,13,33,329,41,22,49,006,46,21,03,040,00*50
$ini_pos,lastpos_good = 1,ini_pos.x:-1578916.861288,ini_pos.y:5312780.133662,ini_pos.z:3146358.557863
Refix G01: 2, 371391.930046, 917
Refix G03: 2, 371391.923006, -3195
Refix G07: 2, 371391.924567, 2276
Refix G11: 2, 371391.927445, 1376
Refix G17: 2, 371391.926197, -2137
Refix G18: 2, 371391.924320, 2099
Refix G22: 2, 371391.922253, -1822
Refix G28: 2, 371391.929352, -2729
Refix G30: 2, 371391.929406, 848
$GNGGA,070934.000,2944.9058,N,10633.0924,E,1,28,0.5,334.2,M,,,,0000*16
$GNRMC,070934.000,A,2944.9058,N,10633.0924,E,0.25,0.00,160519,,*1E
$GPGSA,A,3,01,03,07,11,17,18,22,28,30,,,,0.6,0.5,0.3*31
$BDGSA,A,3,01,02,03,04,05,07,08,10,13,27,29,30,0.6,0.5,0.3*23
$GLGSA,A,3,11,12,13,22,23,24,,,,,,,0.6,0.5,0.3*28
$GPGSV,3,1,09,01,52,046,45,03,25,116,40,07,27,179,44,11,40,042,42*78
$GPGSV,3,2,09,17,41,289,45,18,26,042,41,22,26,091,38,28,58,343,44*7A
$GPGSV,3,3,09,30,51,212,45*47
$BDGSV,3,1,12,01,40,125,43,02,46,219,40,03,55,171,41,04,23,109,40*6B
$BDGSV,3,2,12,07,63,117,44,08,87,255,43,10,82,007,43,13,58,220,44*69
$BDGSV,3,3,12,27,54,023,45,29,05,249,38,30,50,278,44,32,06,146,35*6C
$B3CN0,36,0,0,0,0,0,0,0,0,0,0,0,0,0*79
$GLGSV,2,1,07,23,45,263,47,24,06,236,36,11,32,153,47,12,78,168,46*63
$GLGSV,2,2,07,13,33,329,41,22,49,006,46,21,03,040,00*50
$ini_pos,lastpos_good = 1,ini_pos.x:-1578916.816938,ini_pos.y:5312779.882282,ini_pos.z:3146358.552927
Refix G01: 2, 371392.930046, 916
Refix G03: 2, 371392.923008, -3196
Refix G07: 2, 371392.924566, 2274
Refix G11: 2, 371392.927445, 1375
Refix G17: 2, 371392.926198, -2138
Refix G18: 2, 371392.924319, 2098
Refix G22: 2, 371392.922254, -1823
Refix G28: 2, 371392.929353, -2731
Refix G30: 2, 371392.929406, 847
$GNGGA,070935.000,2944.9059,N,10633.0923,E,1,28,0.5,333.8,M,,,,0000*1C
$GNRMC,070935.000,A,2944.9059,N,10633.0923,E,0.25,0.00,160519,,*19
$GPGSA,A,3,01,03,07,11,17,18,22,28,30,,,,0.6,0.5,0.3*31
$BDGSA,A,3,01,02,03,04,05,07,08,10,13,27,29,30,0.6,0.5,0.3*23
$GLGSA,A,3,11,12,13,22,23,24,,,,,,,0.6,0.5,0.3*28
$GPGSV,3,1,09,01,52,046,44,03,25,116,39,07,27,179,44,11,40,042,43*76
$GPGSV,3,2,09,17,41,289,45,18,26,042,40,22,26,091,38,28,58,343,44*7B
$GPGSV,3,3,09,30,51,212,45*47
$BDGSV,3,1,12,01,40,125,42,02,46,219,39,03,55,171,42,04,23,109,40*67
$BDGSV,3,2,12,07,63,117,43,08,87,255,43,10,82,007,43,13,58,220,43*69
$BDGSV,3,3,12,27,54,023,45,29,05,249,38,30,50,278,44,32,06,146,35*6C
$B3CN0,0,0,0,0,0,0,0,0,0,0,0,0,0,0*4C
$GLGSV,2,1,07,23,45,263,48,24,06,236,35,11,32,153,47,12,78,168,46*6F
$GLGSV,2,2,07,13,33,329,41,22,49,006,47,21,03,040,00*51
$ini_pos,lastpos_good = 1,ini_pos.x:-1578916.655594,ini_pos.y:5312779.518728,ini_pos.z:3146358.451707
Refix G01: 2, 371393.930045, 918
Refix G03: 2, 371393.923010, -3194
Refix G07: 2, 371393.924564, 2276
Refix G11: 2, 371393.927444, 1377
Refix G17: 2, 371393.926199, -2136
Refix G18: 2, 371393.924318, 2100
Refix G22: 2, 371393.922255, -1821
Refix G28: 2, 371393.929355, -2729
Refix G30: 2, 371393.929405, 849
$GNGGA,070936.000,2944.9059,N,10633.0924,E,1,28,0.5,333.5,M,,,,0000*15
$GNRMC,070936.000,A,2944.9059,N,10633.0924,E,0.15,0.00,160519,,*1E
$GPGSA,A,3,01,03,07,11,17,18,22,28,30,,,,0.6,0.5,0.3*31
$BDGSA,A,3,01,02,03,04,05,07,08,10,13,27,29,30,0.6,0.5,0.3*23
$GLGSA,A,3,11,12,13,22,23,24,,,,,,,0.6,0.5,0.3*28
$GPGSV,3,1,09,01,52,046,45,03,25,116,40,07,27,179,44,11,40,042,43*79
$GPGSV,3,2,09,17,41,289,45,18,26,042,40,22,26,091,38,28,58,343,44*7B
$GPGSV,3,3,09,30,51,212,44*46
$BDGSV,3,1,12,01,40,125,41,02,46,219,40,03,55,171,45,04,23,109,40*6D
$BDGSV,3,2,12,07,63,117,44,08,87,255,43,10,82,007,43,13,58,220,43*6E
$BDGSV,3,3,12,27,54,023,45,29,05,249,39,30,50,278,44,32,06,146,34*6C
$B3CN0,0,0,0,0,0,0,0,0,0,0,0,0,0,0*4C
$GLGSV,2,1,07,23,45,263,47,24,06,236,35,11,32,153,47,12,78,168,46*60
$GLGSV,2,2,07,13,33,329,42,22,49,006,47,21,03,040,00*52
$ini_pos,lastpos_good = 1,ini_pos.x:-1578916.622553,ini_pos.y:5312779.244890,ini_pos.z:3146358.336911
Refix G01: 2, 371394.930044, 918
Refix G03: 2, 371394.923012, -3195
Refix G07: 2, 371394.924563, 2275
Refix G11: 2, 371394.927443, 1376
Refix G17: 2, 371394.926201, -2137
Refix G18: 2, 371394.924316, 2099
Refix G22: 2, 371394.922257, -1822
Refix G28: 2, 371394.929357, -2729
Refix G30: 2, 371394.929405, 848
$GNGGA,070937.000,2944.9059,N,10633.0924,E,1,28,0.5,333.3,M,,,,0000*12
$GNRMC,070937.000,A,2944.9059,N,10633.0924,E,0.14,0.00,160519,,*1E
$GPGSA,A,3,01,03,07,11,17,18,22,28,30,,,,0.6,0.5,0.3*31
$BDGSA,A,3,01,02,03,04,05,07,08,10,13,27,29,30,0.6,0.5,0.3*23
$GLGSA,A,3,11,12,13,22,23,24,,,,,,,0.6,0.5,0.3*28
$GPGSV,3,1,09,01,52,046,44,03,25,116,39,07,27,179,43,11,40,042,43*71
$GPGSV,3,2,09,17,41,289,44,18,26,042,41,22,26,091,38,28,58,343,44*7B
$GPGSV,3,3,09,30,51,212,45*47
$BDGSV,3,1,12,01,40,125,41,02,46,219,40,03,55,171,43,04,23,109,40*6B
$BDGSV,3,2,12,07,63,117,43,08,87,255,43,10,82,007,43,13,58,220,43*69
$BDGSV,3,3,12,27,54,023,45,29,05,249,38,30,51,278,44,32,06,146,35*6D
$B3CN0,0,0,0,0,0,0,0,0,0,0,0,0,0,0*4C
$GLGSV,2,1,07,23,45,263,47,24,06,236,35,11,32,153,46,12,78,168,46*61
$GLGSV,2,2,07,13,33,329,41,22,49,006,47,21,03,040,00*51
$ini_pos,lastpos_good = 1,ini_pos.x:-1578916.657834,ini_pos.y:5312779.044447,ini_pos.z:3146358.186204
Refix G01: 2, 371395.930044, 911
Refix G03: 2, 371395.923014, -3202
Refix G07: 2, 371395.924561, 2268
Refix G11: 2, 371395.927442, 1369
Refix G17: 2, 371395.926202, -2144
Refix G18: 2, 371395.924315, 2092
Refix G22: 2, 371395.922258, -1828
Refix G28: 2, 371395.929358, -2737
Refix G30: 2, 371395.929404, 841
$GNGGA,070938.000,2944.9058,N,10633.0925,E,1,28,0.5,333.2,M,,,,0000*1C
$GNRMC,070938.000,A,2944.9058,N,10633.0925,E,0.15,0.00,160519,,*10
$GPGSA,A,3,01,03,07,11,17,18,22,28,30,,,,0.6,0.5,0.3*31
$BDGSA,A,3,01,02,03,04,05,07,08,10,13,27,29,30,0.6,0.5,0.3*23
$GLGSA,A,3,11,12,13,22,23,24,,,,,,,0.6,0.5,0.3*28
$GPGSV,3,1,09,01,52,046,45,03,25,116,39,07,27,179,44,11,40,042,43*77
$GPGSV,3,2,09,17,41,289,44,18,26,042,41,22,26,091,39,28,58,343,44*7A
$GPGSV,3,3,09,30,51,212,45*47
$BDGSV,3,1,12,01,40,125,41,02,46,219,41,03,55,171,43,04,23,109,40*6A
$BDGSV,3,2,12,07,63,117,43,08,87,255,43,10,82,007,42,13,58,220,43*68
$BDGSV,3,3,12,27,54,023,44,29,05,249,39,30,51,278,44,32,06,146,34*6C
$B3CN0,0,0,0,0,0,0,0,0,0,0,0,0,0,0*4C
$GLGSV,2,1,07,23,45,263,47,24,06,236,35,11,32,153,46,12,78,168,46*61
$GLGSV,2,2,07,13,33,329,41,22,49,006,46,21,03,040,00*50
$ini_pos,lastpos_good = 1,ini_pos.x:-1578916.793334,ini_pos.y:5312778.944990,ini_pos.z:3146358.024968
Refix G01: 2, 371396.930043, 921
Refix G03: 2, 371396.923016, -3192
Refix G07: 2, 371396.924560, 2278
Refix G11: 2, 371396.927441, 1379
Refix G17: 2, 371396.926203, -2135
Refix G18: 2, 371396.924313, 2102
Refix G22: 2, 371396.922259, -1818
Refix G28: 2, 371396.929360, -2727
Refix G30: 2, 371396.929404, 852
$GNGGA,070939.000,2944.9058,N,10633.0925,E,1,28,0.5,333.5,M,,,,0000*1A
$GNRMC,070939.000,A,2944.9058,N,10633.0925,E,0.26,0.00,160519,,*11
$GPGSA,A,3,01,03,07,11,17,18,22,28,30,,,,0.6,0.5,0.3*31
$BDGSA,A,3,01,02,03,04,05,07,08,10,13,27,29,30,0.6,0.5,0.3*23
$GLGSA,A,3,11,12,13,22,23,24,,,,,,,0.6,0.5,0.3*28
$GPGSV,3,1,09,01,52,046,44,03,25,116,39,07,27,179,43,11,40,042,43*71
$GPGSV,3,2,09,17,41,289,44,18,26,042,40,22,26,091,39,28,58,343,43*7C
$GPGSV,3,3,09,30,51,212,44*46
$BDGSV,3,1,12,01,40,125,42,02,46,219,40,03,55,171,42,04,23,109,41*68
$BDGSV,3,2,12,07,63,117,43,08,87,255,43,10,82,007,42,13,58,220,43*68
$BDGSV,3,3,12,27,54,023,45,29,05,249,39,30,51,278,44,32,06,146,34*6D
$B3CN0,0,36,0,0,0,0,0,0,0,0,0,0,0,0*79
$GLGSV,2,1,07,23,45,263,47,24,06,236,34,11,32,153,46,12,78,168,46*60
$GLGSV,2,2,07,13,33,329,42,22,49,006,47,21,03,040,00*52
$ini_pos,lastpos_good = 1,ini_pos.x:-1578916.909170,ini_pos.y:5312779.200177,ini_pos.z:3146358.104403
Refix G01: 2, 371397.930043, 917
Refix G03: 2, 371397.923018, -3196
Refix G07: 2, 371397.924558, 2274
Refix G11: 2, 371397.927440, 1375
Refix G17: 2, 371397.926205, -2138
Refix G18: 2, 371397.924312, 2098
Refix G22: 2, 371397.922260, -1822
Refix G28: 2, 371397.929362, -2731
Refix G30: 2, 371397.929403, 848
$GNGGA,070940.000,2944.9057,N,10633.0926,E,1,28,0.5,333.5,M,,,,0000*18
$GNRMC,070940.000,A,2944.9057,N,10633.0926,E,0.11,0.00,160519,,*17
$GPGSA,A,3,01,03,07,11,17,18,22,28,30,,,,0.6,0.5,0.3*31
$BDGSA,A,3,01,02,03,04,05,07,08,10,13,27,29,30,0.6,0.5,0.3*23
$GLGSA,A,3,11,12,13,22,23,24,,,,,,,0.6,0.5,0.3*28
$GPGSV,3,1,09,01,52,046,44,03,25,116,39,07,27,179,44,11,40,042,43*76
$GPGSV,3,2,09,17,41,289,44,18,26,042,40,22,26,091,38,28,58,343,44*7A
$GPGSV,3,3,09,30,51,212,44*46
$BDGSV,3,1,12,01,40,125,41,02,46,219,39,03,55,171,43,04,23,109,41*64
$BDGSV,3,2,12,07,63,117,44,08,87,255,43,10,82,007,43,13,58,220,43*6E
$BDGSV,3,3,12,27,54,023,44,29,05,249,39,30,51,278,43,32,06,146,34*6B
$B3CN0,0,0,0,0,0,0,0,0,0,0,0,0,0,0*4C
$GLGSV,2,1,07,23,45,263,48,24,07,236,34,11,32,153,46,12,78,169,46*6F
$GLGSV,2,2,07,13,33,329,42,22,49,006,47,21,03,040,00*52
$ini_pos,lastpos_good = 1,ini_pos.x:-1578916.988351,ini_pos.y:5312779.222949,ini_pos.z:3146358.022168
Refix G01: 2, 371398.930042, 922
Refix G03: 2, 371398.923020, -3192
Refix G07: 2, 371398.924557, 2278
Refix G11: 2, 371398.927439, 1379
Refix G17: 2, 371398.926206, -2135
Refix G18: 2, 371398.924311, 2102
Refix G22: 2, 371398.922261, -1818
Refix G28: 2, 371398.929364, -2727
Refix G30: 2, 371398.929402, 852
$GNGGA,070941.000,2944.9057,N,10633.0926,E,1,28,0.5,333.6,M,,,,0000*1A
$GNRMC,070941.000,A,2944.9057,N,10633.0926,E,0.34,0.00,160519,,*11
$GPGSA,A,3,01,03,07,11,17,18,22,28,30,,,,0.6,0.5,0.3*31
$BDGSA,A,3,01,02,03,04,05,07,08,10,13,27,29,30,0.6,0.5,0.3*23
$GLGSA,A,3,11,12,13,22,23,24,,,,,,,0.6,0.5,0.3*28
$GPGSV,3,1,09,01,52,046,45,03,25,116,39,07,27,179,44,11,40,042,43*77
$GPGSV,3,2,09,17,41,289,44,18,26,042,40,22,26,091,38,28,58,343,44*7A
$GPGSV,3,3,09,30,51,212,44*46
$BDGSV,3,1,12,01,40,125,42,02,46,219,40,03,55,171,45,04,23,109,39*60
$BDGSV,3,2,12,07,63,117,43,08,87,255,43,10,82,007,42,13,58,220,43*68
$BDGSV,3,3,12,27,54,023,44,29,05,249,39,30,51,278,43,32,06,146,34*6B
$B3CN0,0,0,0,0,0,0,0,0,0,0,0,0,0,0*4C
$GLGSV,2,1,07,23,45,263,48,24,07,236,35,11,32,153,46,12,78,169,46*6E
$GLGSV,2,2,07,13,33,329,41,22,49,006,46,21,03,040,00*50
$ini_pos,lastpos_good = 1,ini_pos.x:-1578917.120923,ini_pos.y:5312779.344556,ini_pos.z:3146358.053922
Refix G01: 2, 371399.930041, 914
Refix G03: 2, 371399.923022, -3199
Refix G07: 2, 371399.924555, 2270
Refix G11: 2, 371399.927438, 1371
Refix G17: 2, 371399.926207, -2144
Refix G18: 2, 371399.924309, 2094
Refix G22: 2, 371399.922262, -1825
Refix G28: 2, 371399.929365, -2736
Refix G30: 2, 371399.929402, 843
$GNGGA,070942.000,2944.9057,N,10633.0926,E,1,28,0.5,333.4,M,,,,0000*1B
$GNRMC,070942.000,A,2944.9057,N,10633.0926,E,0.40,0.00,160519,,*11
$GPGSA,A,3,01,03,07,11,17,18,22,28,30,,,,0.6,0.5,0.3*31
$BDGSA,A,3,01,02,03,04,05,07,08,10,13,27,29,30,0.6,0.5,0.3*23
$GLGSA,A,3,11,12,13,22,23,24,,,,,,,0.6,0.5,0.3*28
$GPGSV,3,1,09,01,52,046,45,03,25,116,38,07,27,179,43,11,40,042,43*71
$GPGSV,3,2,09,17,41,289,44,18,26,042,40,22,26,091,38,28,58,343,43*7D
$GPGSV,3,3,09,30,51,212,44*46
$BDGSV,3,1,12,01,40,125,41,02,46,219,41,03,55,171,42,04,23,109,40*6B
$BDGSV,3,2,12,07,63,117,43,08,87,255,43,10,82,007,43,13,58,220,43*69
$BDGSV,3,3,12,27,54,023,44,29,05,249,39,30,51,278,43,32,06,146,35*6A
$B3CN0,0,0,0,0,0,0,0,0,0,0,0,0,0,0*4C
$GLGSV,2,1,07,23,45,263,49,24,07,236,34,11,32,153,46,12,78,169,46*6E
$GLGSV,2,2,07,13,33,329,42,22,49,006,46,21,03,040,00*53
$ini_pos,lastpos_good = 1,ini_pos.x:-1578917.005585,ini_pos.y:5312779.176355,ini_pos.z:3146357.958889
Refix G01: 2, 371400.930041, 915
Refix G03: 2, 371400.923024, -3198
Refix G07: 2, 371400.924554, 2271
Refix G11: 2, 371400.927437, 1371
Refix G17: 2, 371400.926209, -2142
Refix G18: 2, 371400.924308, 2095
Refix G22: 2, 371400.922263, -1824
Refix G28: 2, 371400.929367, -2735
Refix G30: 2, 371400.929401, 845
$GNGGA,070943.000,2944.9057,N,10633.0926,E,1,28,0.5,333.5,M,,,,0000*1B
$GNRMC,070943.000,A,2944.9057,N,10633.0926,E,0.16,0.00,160519,,*13
$GPGSA,A,3,01,03,07,11,17,18,22,28,30,,,,0.6,0.5,0.3*31
$BDGSA,A,3,01,02,03,04,05,07,08,10,13,27,29,30,0.6,0.5,0.3*23
$GLGSA,A,3,11,12,13,22,23,24,,,,,,,0.6,0.5,0.3*28
$GPGSV,3,1,09,01,52,046,45,03,25,116,38,07,27,179,43,11,40,042,43*71
$GPGSV,3,2,09,17,41,289,44,18,26,042,41,22,26,091,39,28,58,343,43*7D
$GPGSV,3,3,09,30,51,212,44*46
$BDGSV,3,1,12,01,40,125,41,02,46,219,40,03,55,171,43,04,23,109,40*6B
$BDGSV,3,2,12,07,63,117,43,08,87,255,43,10,82,007,43,13,58,220,43*69
$BDGSV,3,3,12,27,54,023,44,29,05,249,38,30,51,278,44,32,06,146,34*6D
$B3CN0,0,0,0,0,0,0,0,0,0,0,0,0,0,0*4C
$GLGSV,2,1,07,23,45,263,48,24,07,236,35,11,32,153,46,12,78,169,46*6E
$GLGSV,2,2,07,13,33,329,42,22,49,006,47,21,03,040,00*52
