SD initialized success
Create debug.log Failed! 3
bbram_blkflag = 1
rtcflag = 128
BBRAM Block OK: 01 EPHflag: 28270465 a40012cf, rtc 80
GPS 0 Init Dop: 10000,80
GPS 1 Init Dop: 10000,80
GPS 2 Init Dop: 10000,80
GPS 3 Init Dop: 10000,80
GPS 4 Init Dop: 10000,80
GPS 5 Init Dop: 10000,80
GPS 6 Init Dop: 10000,80
GPS 7 Init Dop: 10000,80
GPS 8 Init Dop: 10000,80
GPS 9 Init Dop: 10000,80
GPS10 Init Dop: 10000,80
GPS11 Init Dop: 10000,80
GPS12 Init Dop: 10000,80
GPS13 Init Dop: 10000,80
GPS14 Init Dop: 10000,80
GPS15 Init Dop: 10000,80
GPS16 Init Dop: 10000,80
GPS17 Init Dop: 10000,80
GPS18 Init Dop: 10000,80
GPS19 Init Dop: 10000,80
GPS20 Init Dop: 10000,80
GPS21 Init Dop: 10000,80
GPS22 Init Dop: 10000,80
GPS23 Init Dop: 10000,80
GPS24 Init Dop: 10000,80
GPS25 Init Dop: 10000,80
GPS26 Init Dop: 10000,80
GPS27 Init Dop: 10000,80
GPS28 Init Dop: 10000,80
GPS29 Init Dop: 10000,80
GPS30 Init Dop: 10000,80
GPS31 Init Dop: 10000,80
BDS 0 Init Dop: 10000,80
BDS 1 Init Dop: 10000,80
BDS 2 Init Dop: 10000,80
BDS 3 Init Dop: 10000,80
BDS 4 Init Dop: 10000,80
BDS 5 Init Dop: 10000,80
BDS 6 Init Dop: 10000,80
BDS 7 Init Dop: 10000,80
BDS 8 Init Dop: 10000,80
BDS 9 Init Dop: 10000,80
BDS10 Init Dop: 10000,80
BDS11 Init Dop: 10000,80
BDS12 Init Dop: 10000,80
BDS13 Init Dop: 10000,80
BDS14 Init Dop: 10000,80
BDS15 Init Dop: 10000,80
BDS16 Init Dop: 10000,80
BDS17 Init Dop: 10000,80
BDS18 Init Dop: 10000,80
BDS19 Init Dop: 10000,80
BDS20 Init Dop: 10000,80
BDS21 Init Dop: 10000,80
BDS22 Init Dop: 10000,80
BDS23 Init Dop: 10000,80
BDS24 Init Dop: 10000,80
BDS25 Init Dop: 10000,80
BDS26 Init Dop: 10000,80
BDS27 Init Dop: 10000,80
BDS28 Init Dop: 10000,80
BDS29 Init Dop: 10000,80
BDS30 Init Dop: 10000,80
BDS31 Init Dop: 10000,80
Good luck!
$ini_pos,lastpos_good = 0,ini_pos.x:0.000000,ini_pos.y:1870047718373214860083200.000000,ini_pos.z:-2046739898144079604584181494893243150538612660687552759866211436395811498176008283937217445670253342138979921839890088464044843714967523004413381681481950795692746949771761461944886978122913274336967586102276507303936.000000
source<tow,snapshot
$GNGGA,000000.000,,,,,0,00,,,M,,,,0000*2B
$GNRMC,000000.000,A,,,,,,,000000,,*26
$GPGSA,A,1,,,,,,,,,,,,,,,*1E
$BDGSA,A,1,,,,,,,,,,,,,,,*0F
$GLGSA,A,1,,,,,,,,,,,,,,,*02
$B3CN0,0,0,0,0,0,0,0,0,0,0,0,0,0,0*4C
$ini_pos,lastpos_good = 0,ini_pos.x:0.000000,ini_pos.y:1870047718373214860083200.000000,ini_pos.z:-2046739898144079604584181494893243150538612660687552759866211436395811498176008283937217445670253342138979921839890088464044843714967523004413381681481950795692746949771761461944886978122913274336967586102276507303936.000000
source<tow,snapshot
$GNGGA,000000.000,,,,,0,00,,,M,,,,0000*2B
$GNRMC,000000.000,A,,,,,,,000000,,*26
$GPGSA,A,1,,,,,,,,,,,,,,,*1E
$BDGSA,A,1,,,,,,,,,,,,,,,*0F
$GLGSA,A,1,,,,,,,,,,,,,,,*02
$B3CN0,0,0,0,0,0,0,0,0,0,0,0,0,0,0*4C
$ini_pos,lastpos_good = 0,ini_pos.x:0.000000,ini_pos.y:1870047718373214860083200.000000,ini_pos.z:-2046739898144079604584181494893243150538612660687552759866211436395811498176008283937217445670253342138979921839890088464044843714967523004413381681481950795692746949771761461944886978122913274336967586102276507303936.000000
source<tow,snapshot
$GNGGA,000000.000,,,,,0,00,,,M,,,,0000*2B
$GNRMC,000000.000,A,,,,,,,000000,,*26
$GPGSA,A,1,,,,,,,,,,,,,,,*1E
$BDGSA,A,1,,,,,,,,,,,,,,,*0F
$GLGSA,A,1,,,,,,,,,,,,,,,*02
$B3CN0,0,0,0,0,0,0,0,0,0,0,0,0,0,0*4C
$ini_pos,lastpos_good = 0,ini_pos.x:0.000000,ini_pos.y:1870047718373214860083200.000000,ini_pos.z:-2046739898144079604584181494893243150538612660687552759866211436395811498176008283937217445670253342138979921839890088464044843714967523004413381681481950795692746949771761461944886978122913274336967586102276507303936.000000
source<tow,snapshot
$GNGGA,000000.000,,,,,0,00,,,M,,,,0000*2B
$GNRMC,000000.000,A,,,,,,,000000,,*26
$GPGSA,A,1,,,,,,,,,,,,,,,*1E
$BDGSA,A,1,,,,,,,,,,,,,,,*0F
$GLGSA,A,1,,,,,,,,,,,,,,,*02
$B3CN0,0,0,0,0,0,0,0,0,0,0,0,0,0,0*4C
$ini_pos,lastpos_good = 0,ini_pos.x:0.000000,ini_pos.y:1870047718373214860083200.000000,ini_pos.z:-2046739898144079604584181494893243150538612660687552759866211436395811498176008283937217445670253342138979921839890088464044843714967523004413381681481950795692746949771761461944886978122913274336967586102276507303936.000000
source<tow,snapshot
$GNGGA,000000.000,,,,,0,00,,,M,,,,0000*2B
$GNRMC,000000.000,A,,,,,,,000000,,*26
$GPGSA,A,1,,,,,,,,,,,,,,,*1E
$BDGSA,A,1,,,,,,,,,,,,,,,*0F
$GLGSA,A,1,,,,,,,,,,,,,,,*02
$GPGSV,2,1,08,07,00,000,35,08,00,000,33,09,00,000,33,16,00,000,22*75
$GPGSV,2,2,08,23,00,000,33,26,00,000,28,27,00,000,27,31,00,000,18*75
$B3CN0,0,0,0,0,0,0,0,0,0,0,0,0,0,0*4C
tow update,352285998.220934
$ini_pos,lastpos_good = 0,ini_pos.x:0.000000,ini_pos.y:1870047718373214860083200.000000,ini_pos.z:-2046739898144079604584181494893243150538612660687552759866211436395811498176008283937217445670253342138979921839890088464044843714967523004413381681481950795692746949771761461944886978122913274336967586102276507303936.000000
source>=tow,snapshot
$GNGGA,000000.000,,,,,0,00,,,M,,,,0000*2B
$GNRMC,000000.000,A,,,,,,,000000,,*26
$GPGSA,A,1,,,,,,,,,,,,,,,*1E
$BDGSA,A,1,,,,,,,,,,,,,,,*0F
$GLGSA,A,1,,,,,,,,,,,,,,,*02
$GPGSV,3,1,09,03,00,000,36,07,00,000,42,08,00,000,42,09,00,000,42*74
$GPGSV,3,2,09,16,00,000,45,23,00,000,44,26,00,000,43,27,00,000,44*70
$GPGSV,3,3,09,31,00,000,44*42
$BDGSV,2,1,05,01,00,000,40,03,00,000,43,04,00,000,40,06,00,000,22*69
$BDGSV,2,2,05,07,00,000,19*52
$B3CN0,0,0,0,0,0,0,0,0,0,0,0,0,0,0*4C
$ini_pos,lastpos_good = 0,ini_pos.x:0.000000,ini_pos.y:1870047718373214860083200.000000,ini_pos.z:-2046739898144079604584181494893243150538612660687552759866211436395811498176008283937217445670253342138979921839890088464044843714967523004413381681481950795692746949771761461944886978122913274336967586102276507303936.000000
source>=tow,snapshot
$GNGGA,000000.000,,,,,0,00,,,M,,,,0000*2B
$GNRMC,000000.000,A,,,,,,,000000,,*26
$GPGSA,A,1,,,,,,,,,,,,,,,*1E
$BDGSA,A,1,,,,,,,,,,,,,,,*0F
$GLGSA,A,1,,,,,,,,,,,,,,,*02
$GPGSV,3,1,09,03,00,000,36,07,00,000,42,08,00,000,42,09,00,000,42*74
$GPGSV,3,2,09,16,00,000,44,23,00,000,44,26,00,000,43,27,00,000,44*71
$GPGSV,3,3,09,31,00,000,43*45
$BDGSV,2,1,08,01,00,000,40,03,00,000,41,04,00,000,40,06,00,000,41*63
$BDGSV,2,2,08,07,00,000,44,09,00,000,37,10,00,000,35,11,00,000,33*6D
$B3CN0,0,0,0,0,0,0,0,0,0,0,0,0,0,0*4C
$ini_pos,lastpos_good = 0,ini_pos.x:0.000000,ini_pos.y:1870047718373214860083200.000000,ini_pos.z:-2046739898144079604584181494893243150538612660687552759866211436395811498176008283937217445670253342138979921839890088464044843714967523004413381681481950795692746949771761461944886978122913274336967586102276507303936.000000
source>=tow,snapshot
$GNGGA,000000.000,,,,,0,00,,,M,,,,0000*2B
$GNRMC,000000.000,A,,,,,,,000000,,*26
$GPGSA,A,1,,,,,,,,,,,,,,,*1E
$BDGSA,A,1,,,,,,,,,,,,,,,*0F
$GLGSA,A,1,,,,,,,,,,,,,,,*02
$GPGSV,3,1,09,03,00,000,36,07,00,000,42,08,00,000,42,09,00,000,42*74
$GPGSV,3,2,09,16,00,000,44,23,00,000,44,26,00,000,43,27,00,000,44*71
$GPGSV,3,3,09,31,00,000,43*45
$BDGSV,3,1,09,01,00,000,41,03,00,000,42,04,00,000,38,06,00,000,41*6E
$BDGSV,3,2,09,07,00,000,43,09,00,000,43,10,00,000,43,11,00,000,42*6E
$BDGSV,3,3,09,16,00,000,42*50
$B3CN0,0,0,0,0,0,0,0,0,0,0,0,0,0,0*4C
$ini_pos,lastpos_good = 0,ini_pos.x:0.000000,ini_pos.y:1870047718373214860083200.000000,ini_pos.z:-2046739898144079604584181494893243150538612660687552759866211436395811498176008283937217445670253342138979921839890088464044843714967523004413381681481950795692746949771761461944886978122913274336967586102276507303936.000000
source>=tow,snapshot
$GNGGA,000000.000,,,,,0,00,,,M,,,,0000*2B
$GNRMC,000000.000,A,,,,,,,000000,,*26
$GPGSA,A,1,,,,,,,,,,,,,,,*1E
$BDGSA,A,1,,,,,,,,,,,,,,,*0F
$GLGSA,A,1,,,,,,,,,,,,,,,*02
$GPGSV,3,1,09,03,00,000,36,07,00,000,43,08,00,000,42,09,00,000,41*76
$GPGSV,3,2,09,16,00,000,44,23,00,000,45,26,00,000,42,27,00,000,44*71
$GPGSV,3,3,09,31,00,000,43*45
$BDGSV,3,1,12,01,00,000,42,03,00,000,42,04,00,000,39,06,00,000,41*66
$BDGSV,3,2,12,07,00,000,43,09,00,000,43,10,00,000,43,11,00,000,42*64
$BDGSV,3,3,12,16,00,000,43,23,00,000,39,25,00,000,32,28,00,000,24*6A
$B3CN0,0,0,0,0,0,0,0,0,0,0,0,0,0,0*4C
$ini_pos,lastpos_good = 0,ini_pos.x:0.000000,ini_pos.y:1870047718373214860083200.000000,ini_pos.z:-2046739898144079604584181494893243150538612660687552759866211436395811498176008283937217445670253342138979921839890088464044843714967523004413381681481950795692746949771761461944886978122913274336967586102276507303936.000000
source>=tow,snapshot
$GNGGA,000000.000,,,,,0,00,,,M,,,,0000*2B
$GNRMC,000000.000,A,,,,,,,000000,,*26
$GPGSA,A,1,,,,,,,,,,,,,,,*1E
$BDGSA,A,1,,,,,,,,,,,,,,,*0F
$GLGSA,A,1,,,,,,,,,,,,,,,*02
$GPGSV,3,1,09,03,00,000,36,07,00,000,42,08,00,000,41,09,00,000,42*77
$GPGSV,3,2,09,16,00,000,44,23,00,000,45,26,00,000,42,27,00,000,44*71
$GPGSV,3,3,09,31,00,000,43*45
$BDGSV,3,1,12,01,00,000,41,03,00,000,43,04,00,000,39,06,00,000,40*65
$BDGSV,3,2,12,07,00,000,43,09,00,000,43,10,00,000,43,11,00,000,42*64
$BDGSV,3,3,12,16,00,000,42,23,00,000,44,25,00,000,42,28,00,000,42*66
$B3CN0,0,0,0,0,0,0,0,0,0,0,0,0,0,0*4C
$ini_pos,lastpos_good = 0,ini_pos.x:0.000000,ini_pos.y:1870047718373214860083200.000000,ini_pos.z:-2046739898144079604584181494893243150538612660687552759866211436395811498176008283937217445670253342138979921839890088464044843714967523004413381681481950795692746949771761461944886978122913274336967586102276507303936.000000
source>=tow,snapshot
$GNGGA,000000.000,,,,,0,00,,,M,,,,0000*2B
$GNRMC,000000.000,A,,,,,,,000000,,*26
$GPGSA,A,1,,,,,,,,,,,,,,,*1E
$BDGSA,A,1,,,,,,,,,,,,,,,*0F
$GLGSA,A,1,,,,,,,,,,,,,,,*02
$GPGSV,3,1,09,03,00,000,36,07,00,000,42,08,00,000,42,09,00,000,42*74
$GPGSV,3,2,09,16,00,000,43,23,00,000,44,26,00,000,43,27,00,000,43*71
$GPGSV,3,3,09,31,00,000,42*44
$BDGSV,3,1,12,01,00,000,41,03,00,000,42,04,00,000,40,06,00,000,40*6A
$BDGSV,3,2,12,07,00,000,43,09,00,000,43,10,00,000,42,11,00,000,42*65
$BDGSV,3,3,12,16,00,000,42,23,00,000,44,25,00,000,42,28,00,000,42*66
$B3CN0,0,0,0,0,0,0,0,0,0,0,19,0,0,0*74
$ini_pos,lastpos_good = 0,ini_pos.x:0.000000,ini_pos.y:1870047718373214860083200.000000,ini_pos.z:-2046739898144079604584181494893243150538612660687552759866211436395811498176008283937217445670253342138979921839890088464044843714967523004413381681481950795692746949771761461944886978122913274336967586102276507303936.000000
source>=tow,snapshot
$GNGGA,000000.000,,,,,0,00,,,M,,,,0000*2B
$GNRMC,000000.000,A,,,,,,,000000,,*26
$GPGSA,A,1,,,,,,,,,,,,,,,*1E
$BDGSA,A,1,,,,,,,,,,,,,,,*0F
$GLGSA,A,1,,,,,,,,,,,,,,,*02
$GPGSV,3,1,09,03,00,000,35,07,00,000,43,08,00,000,42,09,00,000,42*76
$GPGSV,3,2,09,16,00,000,44,23,00,000,45,26,00,000,43,27,00,000,44*70
$GPGSV,3,3,09,31,00,000,43*45
$BDGSV,3,1,12,01,00,000,39,03,00,000,43,04,00,000,39,06,00,000,40*6A
$BDGSV,3,2,12,07,00,000,42,09,00,000,43,10,00,000,42,11,00,000,42*64
$BDGSV,3,3,12,16,00,000,42,23,00,000,44,25,00,000,42,28,00,000,42*66
$B3CN0,0,0,0,0,0,0,0,0,0,0,18,0,0,0*75
$ini_pos,lastpos_good = 0,ini_pos.x:0.000000,ini_pos.y:1870047718373214860083200.000000,ini_pos.z:-2046739898144079604584181494893243150538612660687552759866211436395811498176008283937217445670253342138979921839890088464044843714967523004413381681481950795692746949771761461944886978122913274336967586102276507303936.000000
source>=tow,snapshot
$GNGGA,000000.000,,,,,0,00,,,M,,,,0000*2B
$GNRMC,000000.000,A,,,,,,,000000,,*26
$GPGSA,A,1,,,,,,,,,,,,,,,*1E
$BDGSA,A,1,,,,,,,,,,,,,,,*0F
$GLGSA,A,1,,,,,,,,,,,,,,,*02
$GPGSV,3,1,09,03,00,000,36,07,00,000,42,08,00,000,42,09,00,000,42*74
$GPGSV,3,2,09,16,00,000,45,23,00,000,45,26,00,000,43,27,00,000,44*71
$GPGSV,3,3,09,31,00,000,43*45
$BDGSV,3,1,12,01,00,000,40,03,00,000,43,04,00,000,40,06,00,000,40*6A
$BDGSV,3,2,12,07,00,000,42,09,00,000,43,10,00,000,42,11,00,000,42*64
$BDGSV,3,3,12,16,00,000,42,23,00,000,44,25,00,000,42,28,00,000,42*66
$B3CN0,23,0,0,0,0,0,0,0,0,0,0,0,0,0*7D
$ini_pos,lastpos_good = 0,ini_pos.x:0.000000,ini_pos.y:1870047718373214860083200.000000,ini_pos.z:-2046739898144079604584181494893243150538612660687552759866211436395811498176008283937217445670253342138979921839890088464044843714967523004413381681481950795692746949771761461944886978122913274336967586102276507303936.000000
source>=tow,snapshot
$GNGGA,000000.000,,,,,0,00,,,M,,,,0000*2B
$GNRMC,000000.000,A,,,,,,,000000,,*26
$GPGSA,A,1,,,,,,,,,,,,,,,*1E
$BDGSA,A,1,,,,,,,,,,,,,,,*0F
$GLGSA,A,1,,,,,,,,,,,,,,,*02
$GPGSV,3,1,09,03,00,000,36,07,00,000,42,08,00,000,42,09,00,000,42*74
$GPGSV,3,2,09,16,00,000,44,23,00,000,45,26,00,000,43,27,00,000,44*70
$GPGSV,3,3,09,31,00,000,43*45
$BDGSV,3,1,12,01,00,000,39,02,00,000,40,03,00,000,42,04,00,000,40*61
$BDGSV,3,2,12,06,00,000,40,07,00,000,43,09,00,000,44,10,00,000,43*67
$BDGSV,3,3,12,11,00,000,41,16,00,000,42,23,00,000,44,25,00,000,42*6F
$B3CN0,0,0,0,0,0,0,0,0,0,0,0,0,0,0*4C
$ini_pos,lastpos_good = 0,ini_pos.x:0.000000,ini_pos.y:1870047718373214860083200.000000,ini_pos.z:-2046739898144079604584181494893243150538612660687552759866211436395811498176008283937217445670253342138979921839890088464044843714967523004413381681481950795692746949771761461944886978122913274336967586102276507303936.000000
source>=tow,snapshot
$GNGGA,000000.000,,,,,0,00,,,M,,,,0000*2B
$GNRMC,000000.000,A,,,,,,,000000,,*26
$GPGSA,A,1,,,,,,,,,,,,,,,*1E
$BDGSA,A,1,,,,,,,,,,,,,,,*0F
$GLGSA,A,1,,,,,,,,,,,,,,,*02
$GPGSV,3,1,09,03,00,000,35,07,00,000,42,08,00,000,42,09,00,000,42*77
$GPGSV,3,2,09,16,00,000,44,23,00,000,45,26,00,000,44,27,00,000,44*77
$GPGSV,3,3,09,31,00,000,43*45
$BDGSV,3,1,12,01,00,000,41,02,00,000,40,03,00,000,41,04,00,000,40*6D
$BDGSV,3,2,12,05,00,000,17,06,00,000,40,07,00,000,43,09,00,000,43*65
$BDGSV,3,3,12,10,00,000,42,11,00,000,42,16,00,000,42,23,00,000,45*6B
$B3CN0,0,0,0,0,0,0,0,0,18,0,0,0,0,0*75
$ini_pos,lastpos_good = 0,ini_pos.x:0.000000,ini_pos.y:1870047718373214860083200.000000,ini_pos.z:-2046739898144079604584181494893243150538612660687552759866211436395811498176008283937217445670253342138979921839890088464044843714967523004413381681481950795692746949771761461944886978122913274336967586102276507303936.000000
source>=tow,snapshot
$GNGGA,000000.000,,,,,0,00,,,M,,,,0000*2B
$GNRMC,000000.000,A,,,,,,,000000,,*26
$GPGSA,A,1,,,,,,,,,,,,,,,*1E
$BDGSA,A,1,,,,,,,,,,,,,,,*0F
$GLGSA,A,1,,,,,,,,,,,,,,,*02
$GPGSV,3,1,09,03,00,000,35,07,00,000,42,08,00,000,42,09,00,000,42*77
$GPGSV,3,2,09,16,00,000,44,23,00,000,45,26,00,000,43,27,00,000,44*70
$GPGSV,3,3,09,31,00,000,43*45
$BDGSV,3,1,12,01,00,000,41,02,00,000,38,03,00,000,42,04,00,000,40*61
$BDGSV,3,2,12,05,00,000,36,06,00,000,40,07,00,000,43,09,00,000,43*66
$BDGSV,3,3,12,10,00,000,43,11,00,000,42,16,00,000,42,23,00,000,45*6A
$B3CN0,0,0,0,0,0,0,0,0,27,0,0,0,0,0*79
$ini_pos,lastpos_good = 0,ini_pos.x:0.000000,ini_pos.y:1870047718373214860083200.000000,ini_pos.z:-2046739898144079604584181494893243150538612660687552759866211436395811498176008283937217445670253342138979921839890088464044843714967523004413381681481950795692746949771761461944886978122913274336967586102276507303936.000000
source>=tow,snapshot
$GNGGA,000000.000,,,,,0,00,,,M,,,,0000*2B
$GNRMC,000000.000,A,,,,,,,000000,,*26
$GPGSA,A,1,,,,,,,,,,,,,,,*1E
$BDGSA,A,1,,,,,,,,,,,,,,,*0F
$GLGSA,A,1,,,,,,,,,,,,,,,*02
$GPGSV,3,1,09,03,00,000,35,07,00,000,42,08,00,000,42,09,00,000,42*77
$GPGSV,3,2,09,16,00,000,44,23,00,000,44,26,00,000,43,27,00,000,44*71
$GPGSV,3,3,09,31,00,000,43*45
$BDGSV,3,1,12,01,00,000,40,02,00,000,38,03,00,000,43,04,00,000,40*61
$BDGSV,3,2,12,06,00,000,40,07,00,000,43,09,00,000,43,10,00,000,43*60
$BDGSV,3,3,12,11,00,000,42,16,00,000,43,23,00,000,45,25,00,000,42*6C
$B3CN0,0,0,0,0,0,0,0,0,0,0,0,0,0,0*4C
$ini_pos,lastpos_good = 0,ini_pos.x:0.000000,ini_pos.y:1870047718373214860083200.000000,ini_pos.z:-2046739898144079604584181494893243150538612660687552759866211436395811498176008283937217445670253342138979921839890088464044843714967523004413381681481950795692746949771761461944886978122913274336967586102276507303936.000000
source>=tow,snapshot
$GNGGA,000000.000,,,,,0,00,,,M,,,,0000*2B
$GNRMC,000000.000,A,,,,,,,000000,,*26
$GPGSA,A,1,,,,,,,,,,,,,,,*1E
$BDGSA,A,1,,,,,,,,,,,,,,,*0F
$GLGSA,A,1,,,,,,,,,,,,,,,*02
$GPGSV,3,1,09,03,00,000,35,07,00,000,43,08,00,000,42,09,00,000,42*76
$GPGSV,3,2,09,16,00,000,44,23,00,000,45,26,00,000,44,27,00,000,44*77
$GPGSV,3,3,09,31,00,000,43*45
$BDGSV,3,1,12,01,00,000,40,02,00,000,38,03,00,000,41,04,00,000,40*63
$BDGSV,3,2,12,06,00,000,40,07,00,000,43,09,00,000,43,10,00,000,43*60
$BDGSV,3,3,12,11,00,000,42,16,00,000,42,23,00,000,44,25,00,000,42*6C
$B3CN0,0,0,0,0,0,0,0,0,0,0,0,0,0,0*4C
$ini_pos,lastpos_good = 0,ini_pos.x:0.000000,ini_pos.y:1870047718373214860083200.000000,ini_pos.z:-2046739898144079604584181494893243150538612660687552759866211436395811498176008283937217445670253342138979921839890088464044843714967523004413381681481950795692746949771761461944886978122913274336967586102276507303936.000000
source>=tow,snapshot
$GNGGA,000000.000,,,,,0,00,,,M,,,,0000*2B
$GNRMC,000000.000,A,,,,,,,000000,,*26
$GPGSA,A,1,,,,,,,,,,,,,,,*1E
$BDGSA,A,1,,,,,,,,,,,,,,,*0F
$GLGSA,A,1,,,,,,,,,,,,,,,*02
$GPGSV,3,1,09,03,00,000,35,07,00,000,43,08,00,000,42,09,00,000,42*76
$GPGSV,3,2,09,16,00,000,44,23,00,000,44,26,00,000,44,27,00,000,44*76
$GPGSV,3,3,09,31,00,000,43*45
$BDGSV,3,1,12,01,00,000,40,02,00,000,39,03,00,000,42,04,00,000,40*61
$BDGSV,3,2,12,06,00,000,40,07,00,000,43,09,00,000,43,10,00,000,42*61
$BDGSV,3,3,12,11,00,000,41,16,00,000,43,23,00,000,45,25,00,000,42*6F
$B3CN0,0,0,0,0,0,0,0,0,0,0,0,0,0,0*4C
$ini_pos,lastpos_good = 0,ini_pos.x:0.000000,ini_pos.y:1870047718373214860083200.000000,ini_pos.z:-2046739898144079604584181494893243150538612660687552759866211436395811498176008283937217445670253342138979921839890088464044843714967523004413381681481950795692746949771761461944886978122913274336967586102276507303936.000000
source>=tow,snapshot
$GNGGA,000000.000,,,,,0,00,,,M,,,,0000*2B
$GNRMC,000000.000,A,,,,,,,000000,,*26
$GPGSA,A,1,,,,,,,,,,,,,,,*1E
$BDGSA,A,1,,,,,,,,,,,,,,,*0F
$GLGSA,A,1,,,,,,,,,,,,,,,*02
$GPGSV,3,1,09,03,00,000,35,07,00,000,42,08,00,000,42,09,00,000,42*77
$GPGSV,3,2,09,16,00,000,44,23,00,000,45,26,00,000,43,27,00,000,44*70
$GPGSV,3,3,09,31,00,000,43*45
$BDGSV,3,1,12,01,00,000,41,02,00,000,39,03,00,000,41,04,00,000,39*6D
$BDGSV,3,2,12,06,00,000,41,07,00,000,43,09,00,000,43,10,00,000,43*61
$BDGSV,3,3,12,11,00,000,42,16,00,000,42,23,00,000,45,25,00,000,42*6D
$B3CN0,0,0,0,0,0,0,0,0,0,0,0,0,0,0*4C
$ini_pos,lastpos_good = 0,ini_pos.x:0.000000,ini_pos.y:1870047718373214860083200.000000,ini_pos.z:-2046739898144079604584181494893243150538612660687552759866211436395811498176008283937217445670253342138979921839890088464044843714967523004413381681481950795692746949771761461944886978122913274336967586102276507303936.000000
source>=tow,snapshot
$GNGGA,000000.000,,,,,0,00,,,M,,,,0000*2B
$GNRMC,000000.000,A,,,,,,,000000,,*26
$GPGSA,A,1,,,,,,,,,,,,,,,*1E
$BDGSA,A,1,,,,,,,,,,,,,,,*0F
$GLGSA,A,1,,,,,,,,,,,,,,,*02
$GPGSV,3,1,09,03,00,000,36,07,00,000,41,08,00,000,42,09,00,000,42*77
$GPGSV,3,2,09,16,00,000,44,23,00,000,45,26,00,000,43,27,00,000,44*70
$GPGSV,3,3,09,31,00,000,43*45
$BDGSV,3,1,12,01,00,000,41,02,00,000,38,03,00,000,43,04,00,000,39*6E
$BDGSV,3,2,12,06,00,000,40,07,00,000,43,09,00,000,43,10,00,000,43*60
$BDGSV,3,3,12,11,00,000,41,16,00,000,42,23,00,000,44,25,00,000,42*6F
$B3CN0,0,0,0,0,0,0,0,0,0,0,0,0,0,0*4C
$ini_pos,lastpos_good = 0,ini_pos.x:0.000000,ini_pos.y:1870047718373214860083200.000000,ini_pos.z:-2046739898144079604584181494893243150538612660687552759866211436395811498176008283937217445670253342138979921839890088464044843714967523004413381681481950795692746949771761461944886978122913274336967586102276507303936.000000
source>=tow,snapshot
$GNGGA,000000.000,,,,,0,00,,,M,,,,0000*2B
$GNRMC,000000.000,A,,,,,,,000000,,*26
$GPGSA,A,1,,,,,,,,,,,,,,,*1E
$BDGSA,A,1,,,,,,,,,,,,,,,*0F
$GLGSA,A,1,,,,,,,,,,,,,,,*02
$GPGSV,3,1,09,03,00,000,35,07,00,000,42,08,00,000,42,09,00,000,42*77
$GPGSV,3,2,09,16,00,000,44,23,00,000,44,26,00,000,43,27,00,000,44*71
$GPGSV,3,3,09,31,00,000,43*45
$BDGSV,3,1,12,01,00,000,40,02,00,000,40,03,00,000,43,04,00,000,40*6E
$BDGSV,3,2,12,06,00,000,40,07,00,000,42,09,00,000,43,10,00,000,43*61
$BDGSV,3,3,12,11,00,000,42,16,00,000,42,23,00,000,45,25,00,000,42*6D
$B3CN0,0,16,0,0,0,0,0,0,0,0,20,0,0,0*49
$ini_pos,lastpos_good = 0,ini_pos.x:0.000000,ini_pos.y:1870047718373214860083200.000000,ini_pos.z:-2046739898144079604584181494893243150538612660687552759866211436395811498176008283937217445670253342138979921839890088464044843714967523004413381681481950795692746949771761461944886978122913274336967586102276507303936.000000
source>=tow,snapshot
$GNGGA,000000.000,,,,,0,00,,,M,,,,0000*2B
$GNRMC,000000.000,A,,,,,,,000000,,*26
$GPGSA,A,1,,,,,,,,,,,,,,,*1E
$BDGSA,A,1,,,,,,,,,,,,,,,*0F
$GLGSA,A,1,,,,,,,,,,,,,,,*02
$GPGSV,3,1,09,03,00,000,35,07,00,000,42,08,00,000,42,09,00,000,43*76
$GPGSV,3,2,09,16,00,000,44,23,00,000,44,26,00,000,43,27,00,000,43*76
$GPGSV,3,3,09,31,00,000,43*45
$BDGSV,3,1,12,01,00,000,41,02,00,000,40,03,00,000,43,04,00,000,40*6F
$BDGSV,3,2,12,32,00,000,29,06,00,000,40,07,00,000,43,09,00,000,43*6C
$BDGSV,3,3,12,10,00,000,43,11,00,000,42,16,00,000,42,23,00,000,44*6B
$B3CN0,20,36,0,0,0,0,0,0,0,0,27,0,0,0*7E
$ini_pos,lastpos_good = 0,ini_pos.x:0.000000,ini_pos.y:1870047718373214860083200.000000,ini_pos.z:-2046739898144079604584181494893243150538612660687552759866211436395811498176008283937217445670253342138979921839890088464044843714967523004413381681481950795692746949771761461944886978122913274336967586102276507303936.000000
source>=tow,snapshot
$GNGGA,000000.000,,,,,0,00,,,M,,,,0000*2B
$GNRMC,000000.000,A,,,,,,,000000,,*26
$GPGSA,A,1,,,,,,,,,,,,,,,*1E
$BDGSA,A,1,,,,,,,,,,,,,,,*0F
$GLGSA,A,1,,,,,,,,,,,,,,,*02
$GPGSV,3,1,09,03,00,000,34,07,00,000,43,08,00,000,42,09,00,000,42*77
$GPGSV,3,2,09,16,00,000,44,23,00,000,44,26,00,000,43,27,00,000,44*71
$GPGSV,3,3,09,31,00,000,43*45
$BDGSV,3,1,12,01,00,000,40,02,00,000,40,03,00,000,41,04,00,000,39*62
$BDGSV,3,2,12,32,00,000,42,06,00,000,40,07,00,000,43,09,00,000,43*61
$BDGSV,3,3,12,10,00,000,42,11,00,000,42,16,00,000,42,23,00,000,44*6A
$B3CN0,0,0,0,0,0,0,0,0,0,0,27,0,0,0*79
$ini_pos,lastpos_good = 0,ini_pos.x:0.000000,ini_pos.y:1870047718373214860083200.000000,ini_pos.z:-2046739898144079604584181494893243150538612660687552759866211436395811498176008283937217445670253342138979921839890088464044843714967523004413381681481950795692746949771761461944886978122913274336967586102276507303936.000000
source>=tow,snapshot
$GNGGA,000000.000,,,,,0,00,,,M,,,,0000*2B
$GNRMC,000000.000,A,,,,,,,000000,,*26
$GPGSA,A,1,,,,,,,,,,,,,,,*1E
$BDGSA,A,1,,,,,,,,,,,,,,,*0F
$GLGSA,A,1,,,,,,,,,,,,,,,*02
$GPGSV,3,1,10,03,00,000,35,07,00,000,43,08,00,000,42,09,00,000,43*7F
$GPGSV,3,2,10,16,00,000,44,23,00,000,44,26,00,000,43,27,00,000,44*79
$GPGSV,3,3,10,31,00,000,43,14,00,000,28*72
$BDGSV,3,1,12,01,00,000,41,02,00,000,40,03,00,000,42,04,00,000,39*60
$BDGSV,3,2,12,32,00,000,42,06,00,000,40,07,00,000,43,09,00,000,43*61
$BDGSV,3,3,12,10,00,000,42,11,00,000,41,16,00,000,42,23,00,000,44*69
$B3CN0,0,21,0,0,0,0,0,0,0,0,27,0,0,0*4A
$ini_pos,lastpos_good = 0,ini_pos.x:0.000000,ini_pos.y:1870047718373214860083200.000000,ini_pos.z:-2046739898144079604584181494893243150538612660687552759866211436395811498176008283937217445670253342138979921839890088464044843714967523004413381681481950795692746949771761461944886978122913274336967586102276507303936.000000
source>=tow,snapshot
$GNGGA,000000.000,,,,,0,00,,,M,,,,0000*2B
$GNRMC,000000.000,A,,,,,,,000000,,*26
$GPGSA,A,1,,,,,,,,,,,,,,,*1E
$BDGSA,A,1,,,,,,,,,,,,,,,*0F
$GLGSA,A,1,,,,,,,,,,,,,,,*02
$GPGSV,3,1,10,03,00,000,35,07,00,000,42,08,00,000,42,09,00,000,42*7F
$GPGSV,3,2,10,16,00,000,44,23,00,000,45,26,00,000,42,27,00,000,43*7E
$GPGSV,3,3,10,31,00,000,42,14,00,000,36*7C
$BDGSV,3,1,12,01,00,000,40,02,00,000,38,03,00,000,43,04,00,000,39*6F
$BDGSV,3,2,12,32,00,000,42,06,00,000,40,07,00,000,42,09,00,000,43*60
$BDGSV,3,3,12,10,00,000,43,11,00,000,42,16,00,000,42,23,00,000,44*6B
$B3CN0,0,0,0,0,0,0,0,0,0,0,26,0,0,0*78
$ini_pos,lastpos_good = 0,ini_pos.x:0.000000,ini_pos.y:1870047718373214860083200.000000,ini_pos.z:-2046739898144079604584181494893243150538612660687552759866211436395811498176008283937217445670253342138979921839890088464044843714967523004413381681481950795692746949771761461944886978122913274336967586102276507303936.000000
source>=tow,snapshot
$GNGGA,000000.000,,,,,0,00,,,M,,,,0000*2B
$GNRMC,000000.000,A,,,,,,,000000,,*26
$GPGSA,A,1,,,,,,,,,,,,,,,*1E
$BDGSA,A,1,,,,,,,,,,,,,,,*0F
$GLGSA,A,1,,,,,,,,,,,,,,,*02
$GPGSV,3,1,10,03,00,000,35,07,00,000,43,08,00,000,42,09,00,000,42*7E
$GPGSV,3,2,10,16,00,000,44,23,00,000,45,26,00,000,42,27,00,000,44*79
$GPGSV,3,3,10,31,00,000,43,14,00,000,35*7E
$BDGSV,3,1,12,01,00,000,41,02,00,000,40,03,00,000,43,04,00,000,40*6F
$BDGSV,3,2,12,32,00,000,42,06,00,000,40,07,00,000,42,09,00,000,43*60
$BDGSV,3,3,12,10,00,000,43,11,00,000,42,16,00,000,42,23,00,000,44*6B
$B3CN0,0,0,0,0,0,0,0,0,0,0,22,0,0,0*7C
$ini_pos,lastpos_good = 0,ini_pos.x:0.000000,ini_pos.y:1870047718373214860083200.000000,ini_pos.z:-2046739898144079604584181494893243150538612660687552759866211436395811498176008283937217445670253342138979921839890088464044843714967523004413381681481950795692746949771761461944886978122913274336967586102276507303936.000000
source>=tow,snapshot
$GNGGA,000000.000,,,,,0,00,,,M,,,,0000*2B
$GNRMC,000000.000,A,,,,,,,000000,,*26
$GPGSA,A,1,,,,,,,,,,,,,,,*1E
$BDGSA,A,1,,,,,,,,,,,,,,,*0F
$GLGSA,A,1,,,,,,,,,,,,,,,*02
$GPGSV,3,1,10,03,00,000,35,07,00,000,43,08,00,000,42,09,00,000,41*7D
$GPGSV,3,2,10,16,00,000,44,23,00,000,45,26,00,000,42,27,00,000,44*79
$GPGSV,3,3,10,31,00,000,42,14,00,000,35*7F
$BDGSV,3,1,12,01,00,000,38,02,00,000,39,03,00,000,42,04,00,000,39*60
$BDGSV,3,2,12,32,00,000,42,06,00,000,40,07,00,000,42,09,00,000,43*60
$BDGSV,3,3,12,10,00,000,42,11,00,000,42,16,00,000,42,23,00,000,44*6A
$B3CN0,36,0,0,0,0,0,0,0,0,0,0,0,0,0*79
$ini_pos,lastpos_good = 0,ini_pos.x:0.000000,ini_pos.y:1870047718373214860083200.000000,ini_pos.z:-2046739898144079604584181494893243150538612660687552759866211436395811498176008283937217445670253342138979921839890088464044843714967523004413381681481950795692746949771761461944886978122913274336967586102276507303936.000000
$GNGGA,015130.867,2944.9073,N,10633.0938,E,1,08,1.0,334.9,M,,,,0000*19
$GNRMC,015130.867,A,2944.9073,N,10633.0938,E,0.21,0.00,160519,,*18
$GPGSA,A,3,07,08,09,16,23,26,27,31,,,,,1.7,1.0,1.4*33
$BDGSA,A,3,,,,,,,,,,,,,1.7,1.0,1.4*21
$GLGSA,A,3,,,,,,,,,,,,,1.7,1.0,1.4*2C
$GPGSV,3,1,10,03,00,000,35,07,00,000,42,08,00,000,41,09,00,000,42*7C
$GPGSV,3,2,10,16,00,000,44,23,00,000,45,26,00,000,43,27,00,000,44*78
$GPGSV,3,3,10,31,00,000,43,14,00,000,36*7D
$BDGSV,3,1,12,01,00,000,41,02,00,000,40,03,00,000,42,04,00,000,40*6E
$BDGSV,3,2,12,32,00,000,41,06,00,000,41,07,00,000,42,09,00,000,43*62
$BDGSV,3,3,12,10,00,000,42,11,00,000,41,16,00,000,42,23,00,000,45*68
$B3CN0,0,0,0,0,0,0,0,0,0,0,0,0,0,0*4C
$ini_pos,lastpos_good = 1,ini_pos.x:-1578918.890838,ini_pos.y:5312778.437117,ini_pos.z:3146361.353981
Refix G07: 2, 352309.915521, -3711
Refix G08: 2, 352309.925283, -4510
Refix G09: 2, 352309.923435, -3999
Refix G16: 2, 352309.931461, 333
Refix G23: 2, 352309.929981, -2413
Refix G26: 2, 352309.926298, 1245
Refix G27: 2, 352309.931017, -2917
Refix G31: 2, 352309.920544, 925
$GNGGA,015132.000,2944.9070,N,10633.0939,E,1,08,1.0,334.6,M,,,,0000*1F
$GNRMC,015132.000,A,2944.9070,N,10633.0939,E,0.26,0.00,160519,,*16
$GPGSA,A,3,07,08,09,16,23,26,27,31,,,,,1.7,1.0,1.4*33
$BDGSA,A,3,,,,,,,,,,,,,1.7,1.0,1.4*21
$GLGSA,A,3,,,,,,,,,,,,,1.7,1.0,1.4*2C
$GPGSV,3,1,10,03,00,000,35,07,00,000,42,08,00,000,42,09,00,000,42*7F
$GPGSV,3,2,10,16,00,000,44,23,00,000,45,26,00,000,43,27,00,000,44*78
$GPGSV,3,3,10,31,00,000,43,14,00,000,36*7D
$BDGSV,3,1,12,01,00,000,41,02,00,000,38,03,00,000,42,04,00,000,40*61
$BDGSV,3,2,12,32,00,000,41,06,00,000,40,07,00,000,43,09,00,000,43*62
$BDGSV,3,3,12,10,00,000,42,11,00,000,42,16,00,000,42,23,00,000,45*6B
$B3CN0,0,16,0,0,0,0,0,0,0,0,0,0,0,0*7B
$ini_pos,lastpos_good = 1,ini_pos.x:-1578918.945714,ini_pos.y:5312778.447151,ini_pos.z:3146360.594384
Refix G07: 2, 352310.915524, -3714
Refix G08: 2, 352310.925286, -4513
Refix G09: 2, 352310.923438, -4001
Refix G16: 2, 352310.931461, 330
Refix G23: 2, 352310.929983, -2417
Refix G26: 2, 352310.926297, 1242
Refix G27: 2, 352310.931019, -2920
Refix G31: 2, 352310.920544, 923
$GNGGA,015133.000,2944.9067,N,10633.0937,E,1,08,1.0,334.8,M,,,,0000*18
$GNRMC,015133.000,A,2944.9067,N,10633.0937,E,0.18,0.00,160519,,*12
$GPGSA,A,3,07,08,09,16,23,26,27,31,,,,,1.7,1.0,1.4*33
$BDGSA,A,3,,,,,,,,,,,,,1.7,1.0,1.4*21
$GLGSA,A,3,,,,,,,,,,,,,1.7,1.0,1.4*2C
$GPGSV,3,1,10,03,00,000,35,07,07,299,42,08,33,188,42,09,26,315,41*7B
$GPGSV,3,2,10,16,61,008,44,23,58,291,45,26,37,040,43,27,60,150,44*72
$GPGSV,3,3,10,31,21,095,44,14,00,000,36*75
$BDGSV,3,1,12,01,00,000,40,02,00,000,39,03,00,000,42,04,00,000,41*60
$BDGSV,3,2,12,32,00,000,41,06,00,000,40,07,65,008,43,09,00,000,43*69
$BDGSV,3,3,12,10,00,000,43,11,00,000,41,16,00,000,42,23,00,000,45*69
$B3CN0,22,21,0,0,0,0,0,0,0,0,0,0,0,0*4F
$ini_pos,lastpos_good = 1,ini_pos.x:-1578918.855725,ini_pos.y:5312778.979346,ini_pos.z:3146360.308193
Refix G07: 2, 352311.915526, -3714
Refix G08: 2, 352311.925289, -4513
Refix G09: 2, 352311.923440, -4001
Refix G16: 2, 352311.931461, 330
Refix G23: 2, 352311.929984, -2416
Refix G26: 2, 352311.926296, 1243
Refix G27: 2, 352311.931021, -2919
Refix G31: 2, 352311.920543, 923
$GNGGA,015134.000,2944.9068,N,10633.0936,E,1,08,1.0,335.0,M,,,,0000*18
$GNRMC,015134.000,A,2944.9068,N,10633.0936,E,0.18,0.00,160519,,*1B
$GPGSA,A,3,07,08,09,16,23,26,27,31,,,,,1.7,1.0,1.4*33
$BDGSA,A,3,,,,,,,,,,,,,1.7,1.0,1.4*21
$GLGSA,A,3,,,,,,,,,,,,,1.7,1.0,1.4*2C
$GPGSV,3,1,10,03,00,000,35,07,07,299,43,08,33,188,41,09,26,315,42*7A
$GPGSV,3,2,10,16,61,008,44,23,58,291,45,26,37,040,43,27,60,150,44*72
$GPGSV,3,3,10,31,21,095,43,14,00,000,35*71
$BDGSV,3,1,12,01,00,000,41,02,00,000,39,03,00,000,45,04,00,000,40*67
$BDGSV,3,2,12,32,00,000,42,06,00,000,40,07,65,008,43,09,00,000,44*6D
$BDGSV,3,3,12,10,00,000,43,11,00,000,41,16,00,000,43,23,00,000,45*68
$B3CN0,21,0,0,0,0,0,0,0,0,0,0,0,0,0*7F
$ini_pos,lastpos_good = 1,ini_pos.x:-1578918.651847,ini_pos.y:5312779.079912,ini_pos.z:3146360.463659
Refix G07: 2, 352312.915528, -3714
Refix G08: 2, 352312.925291, -4512
Refix G09: 2, 352312.923443, -4000
Refix G16: 2, 352312.931461, 331
Refix G23: 2, 352312.929986, -2415
Refix G26: 2, 352312.926295, 1243
Refix G27: 2, 352312.931023, -2918
Refix G31: 2, 352312.920542, 923
$GNGGA,015135.000,2944.9068,N,10633.0935,E,1,08,1.0,334.9,M,,,,0000*12
$GNRMC,015135.000,A,2944.9068,N,10633.0935,E,0.15,0.00,160519,,*14
$GPGSA,A,3,07,08,09,16,23,26,27,31,,,,,1.7,1.0,1.4*33
$BDGSA,A,3,,,,,,,,,,,,,1.7,1.0,1.4*21
$GLGSA,A,3,,,,,,,,,,,,,1.7,1.0,1.4*2C
$GPGSV,3,1,10,03,00,000,35,07,07,299,42,08,33,188,41,09,26,315,42*7B
$GPGSV,3,2,10,16,61,008,44,23,58,291,45,26,37,040,43,27,60,150,44*72
$GPGSV,3,3,10,31,21,095,43,14,00,000,36*72
$BDGSV,3,1,12,01,00,000,39,02,00,000,40,03,00,000,43,04,00,000,40*60
$BDGSV,3,2,12,32,00,000,41,06,00,000,40,07,65,008,43,09,00,000,44*6E
$BDGSV,3,3,12,10,00,000,43,11,00,000,41,16,00,000,42,23,00,000,45*69
$B3CN0,0,0,0,0,0,0,0,0,0,0,0,0,0,0*4C
$ini_pos,lastpos_good = 1,ini_pos.x:-1578918.473817,ini_pos.y:5312779.051435,ini_pos.z:3146360.403397
Refix G07: 2, 352313.915531, -3714
Refix G08: 2, 352313.925294, -4510
Refix G09: 2, 352313.923445, -3999
Refix G16: 2, 352313.931460, 333
Refix G23: 2, 352313.929987, -2413
Refix G26: 2, 352313.926295, 1244
Refix G27: 2, 352313.931024, -2915
Refix G31: 2, 352313.920542, 925
$GNGGA,015136.000,2944.9069,N,10633.0934,E,1,08,1.0,334.8,M,,,,0000*10
$GNRMC,015136.000,A,2944.9069,N,10633.0934,E,0.17,0.00,160519,,*15
$GPGSA,A,3,07,08,09,16,23,26,27,31,,,,,1.7,1.0,1.4*33
$BDGSA,A,3,,,,,,,,,,,,,1.7,1.0,1.4*21
$GLGSA,A,3,,,,,,,,,,,,,1.7,1.0,1.4*2C
$GPGSV,3,1,10,03,00,000,35,07,07,299,43,08,33,188,42,09,26,315,42*79
$GPGSV,3,2,10,16,61,008,44,23,58,291,44,26,37,040,43,27,60,150,44*73
$GPGSV,3,3,10,31,21,095,43,14,00,000,36*72
$BDGSV,3,1,12,01,00,000,40,02,00,000,40,03,00,000,42,04,00,000,40*6F
$BDGSV,3,2,12,32,00,000,41,06,00,000,40,07,65,008,43,09,00,000,44*6E
$BDGSV,3,3,12,10,00,000,43,11,00,000,42,16,00,000,42,23,00,000,45*6A
$B3CN0,0,0,0,0,0,0,0,0,0,0,0,0,0,0*4C
$ini_pos,lastpos_good = 1,ini_pos.x:-1578918.269991,ini_pos.y:5312779.021448,ini_pos.z:3146360.531233
Refix G07: 2, 352314.915533, -3717
Refix G08: 2, 352314.925297, -4514
Refix G09: 2, 352314.923448, -4002
Refix G16: 2, 352314.931460, 329
Refix G23: 2, 352314.929989, -2416
Refix G26: 2, 352314.926294, 1241
Refix G27: 2, 352314.931026, -2919
Refix G31: 2, 352314.920541, 922
$GNGGA,015137.000,2944.9070,N,10633.0932,E,1,08,1.0,334.6,M,,,,0000*11
$GNRMC,015137.000,A,2944.9070,N,10633.0932,E,0.06,0.00,160519,,*1A
$GPGSA,A,3,07,08,09,16,23,26,27,31,,,,,1.7,1.0,1.4*33
$BDGSA,A,3,,,,,,,,,,,,,1.7,1.0,1.4*21
$GLGSA,A,3,,,,,,,,,,,,,1.7,1.0,1.4*2C
$GPGSV,3,1,10,03,00,000,35,07,07,299,42,08,33,188,42,09,26,315,43*79
$GPGSV,3,2,10,16,61,008,44,23,58,291,45,26,37,040,44,27,60,150,44*75
$GPGSV,3,3,10,31,21,095,43,14,00,000,36*72
$BDGSV,3,1,12,01,00,000,41,02,00,000,40,03,00,000,42,04,00,000,39*60
$BDGSV,3,2,12,32,00,000,41,06,00,000,40,07,65,008,43,09,00,000,43*69
$BDGSV,3,3,12,10,00,000,43,11,00,000,42,16,00,000,43,23,00,000,45*6B
$B3CN0,0,0,0,0,0,0,0,0,0,0,0,0,0,0*4C
$ini_pos,lastpos_good = 1,ini_pos.x:-1578917.974724,ini_pos.y:5312778.747324,ini_pos.z:3146360.726244
Refix G07: 2, 352315.915535, -3717
Refix G08: 2, 352315.925300, -4513
Refix G09: 2, 352315.923451, -4001
Refix G16: 2, 352315.931460, 330
Refix G23: 2, 352315.929990, -2415
Refix G26: 2, 352315.926293, 1241
Refix G27: 2, 352315.931028, -2918
Refix G31: 2, 352315.920540, 922
$GNGGA,015138.000,2944.9071,N,10633.0932,E,1,08,1.0,334.5,M,,,,0000*1C
$GNRMC,015138.000,A,2944.9071,N,10633.0932,E,0.11,0.00,160519,,*12
$GPGSA,A,3,07,08,09,16,23,26,27,31,,,,,1.7,1.0,1.4*33
$BDGSA,A,3,,,,,,,,,,,,,1.7,1.0,1.4*21
$GLGSA,A,3,,,,,,,,,,,,,1.7,1.0,1.4*2C
$GPGSV,3,1,10,03,00,000,35,07,07,299,42,08,33,188,42,09,26,315,43*79
$GPGSV,3,2,10,16,61,008,44,23,58,291,45,26,37,040,43,27,60,150,44*72
$GPGSV,3,3,10,31,21,095,44,14,00,000,36*75
$BDGSV,3,1,12,01,00,000,40,02,00,000,39,03,00,000,42,04,00,000,40*61
$BDGSV,3,2,12,32,00,000,41,06,00,000,40,07,65,008,42,09,00,000,44*6F
$BDGSV,3,3,12,10,00,000,42,11,00,000,42,16,00,000,42,23,00,000,45*6B
$B3CN0,0,0,0,0,0,0,0,0,0,0,0,0,0,0*4C
$ini_pos,lastpos_good = 1,ini_pos.x:-1578917.834525,ini_pos.y:5312778.668056,ini_pos.z:3146360.708288
Refix G07: 2, 352316.915538, -3716
Refix G08: 2, 352316.925303, -4511
Refix G09: 2, 352316.923453, -4000
Refix G16: 2, 352316.931460, 332
Refix G23: 2, 352316.929992, -2413
Refix G26: 2, 352316.926292, 1243
Refix G27: 2, 352316.931030, -2916
Refix G31: 2, 352316.920540, 924
$GNGGA,015139.000,2944.9071,N,10633.0932,E,1,08,1.0,334.4,M,,,,0000*1C
$GNRMC,015139.000,A,2944.9071,N,10633.0932,E,0.09,0.00,160519,,*1A
$GPGSA,A,3,07,08,09,16,23,26,27,31,,,,,1.7,1.0,1.4*33
$BDGSA,A,3,,,,,,,,,,,,,1.7,1.0,1.4*21
$GLGSA,A,3,,,,,,,,,,,,,1.7,1.0,1.4*2C
$GPGSV,3,1,10,03,00,000,34,07,07,299,42,08,33,188,42,09,26,315,43*78
$GPGSV,3,2,10,16,61,008,44,23,58,291,44,26,37,040,43,27,60,150,44*73
$GPGSV,3,3,10,31,21,095,43,14,00,000,36*72
$BDGSV,3,1,12,01,00,000,40,02,00,000,39,03,00,000,43,04,00,000,40*60
$BDGSV,3,2,12,32,00,000,41,06,00,000,40,07,65,008,43,09,00,000,43*69
$BDGSV,3,3,12,10,00,000,43,11,00,000,42,16,00,000,43,23,00,000,45*6B
$B3CN0,0,0,0,0,0,0,0,0,0,0,0,0,0,0*4C
$GLGSV,2,1,07,08,00,000,46,07,00,000,46,19,00,000,37,20,00,000,41*65
$GLGSV,2,2,07,01,00,000,39,09,00,000,46,26,00,000,45*57
$ini_pos,lastpos_good = 1,ini_pos.x:-1578917.910233,ini_pos.y:5312778.535877,ini_pos.z:3146360.645146
Refix G07: 2, 352317.915540, -3717
Refix G08: 2, 352317.925306, -4511
Refix G09: 2, 352317.923456, -4000
Refix G16: 2, 352317.931459, 332
Refix G23: 2, 352317.929993, -2413
Refix G26: 2, 352317.926291, 1242
Refix G27: 2, 352317.931032, -2915
Refix G31: 2, 352317.920539, 924
$GNGGA,015140.000,2944.9071,N,10633.0934,E,1,08,1.0,334.4,M,,,,0000*14
$GNRMC,015140.000,A,2944.9071,N,10633.0934,E,0.18,0.00,160519,,*12
$GPGSA,A,3,07,08,09,16,23,26,27,31,,,,,1.7,1.0,1.4*33
$BDGSA,A,3,,,,,,,,,,,,,1.7,1.0,1.4*21
$GLGSA,A,3,,,,,,,,,,,,,1.7,1.0,1.4*2C
$GPGSV,3,1,10,03,00,000,34,07,07,299,43,08,33,188,43,09,26,315,42*79
$GPGSV,3,2,10,16,61,008,44,23,58,291,44,26,37,040,43,27,60,150,44*73
$GPGSV,3,3,10,31,21,095,42,14,00,000,35*70
$BDGSV,3,1,12,01,00,000,41,02,00,000,40,03,00,000,42,04,00,000,40*6E
$BDGSV,3,2,12,32,00,000,41,06,00,000,40,07,65,008,43,09,00,000,43*69
$BDGSV,3,3,12,10,00,000,42,11,00,000,42,16,00,000,42,23,00,000,45*6B
$B3CN0,0,0,0,0,0,0,0,0,0,0,0,0,0,0*4C
$GLGSV,2,1,07,08,41,282,46,07,34,214,47,19,29,058,37,20,33,128,41*64
$GLGSV,2,2,07,01,15,324,39,09,38,033,46,26,00,000,44*5C
$ini_pos,lastpos_good = 1,ini_pos.x:-1578918.169420,ini_pos.y:5312778.437150,ini_pos.z:3146360.604626
Refix G07: 2, 352318.915542, -3717
Refix G08: 2, 352318.925308, -4512
Refix G09: 2, 352318.923458, -4001
Refix G16: 2, 352318.931459, 331
Refix G23: 2, 352318.929995, -2413
Refix G26: 2, 352318.926291, 1241
Refix G27: 2, 352318.931034, -2916
Refix G31: 2, 352318.920539, 922
$GNGGA,015141.000,2944.9071,N,10633.0936,E,1,14,1.0,334.6,M,,,,0000*18
$GNRMC,015141.000,A,2944.9071,N,10633.0936,E,0.20,0.00,160519,,*1A
$GPGSA,A,3,07,08,09,16,23,26,27,31,,,,,1.7,1.0,1.4*33
$BDGSA,A,3,,,,,,,,,,,,,1.7,1.0,1.4*21
$GLGSA,A,3,01,07,08,09,19,20,,,,,,,1.7,1.0,1.4*21
$GPGSV,3,1,10,03,00,000,35,07,07,299,43,08,33,188,42,09,26,315,42*79
$GPGSV,3,2,10,16,61,008,44,23,58,291,45,26,37,040,43,27,60,150,44*72
$GPGSV,3,3,10,31,21,095,43,14,00,000,36*72
$BDGSV,3,1,12,01,00,000,40,02,00,000,39,03,00,000,43,04,00,000,40*60
$BDGSV,3,2,12,32,00,000,41,06,00,000,40,07,65,008,43,09,00,000,43*69
$BDGSV,3,3,12,10,00,000,43,11,00,000,42,16,00,000,42,23,00,000,44*6B
$B3CN0,0,0,0,0,0,0,0,0,0,0,0,0,0,0*4C
$GLGSV,2,1,07,08,41,282,46,07,34,214,47,19,29,058,38,20,33,128,41*6B
$GLGSV,2,2,07,01,15,324,39,09,38,033,45,26,00,000,45*5E
$ini_pos,lastpos_good = 1,ini_pos.x:-1578918.551713,ini_pos.y:5312778.421742,ini_pos.z:3146360.806190
Refix G07: 2, 352319.915545, -3721
Refix G08: 2, 352319.925311, -4516
Refix G09: 2, 352319.923461, -4003
Refix G16: 2, 352319.931459, 329
Refix G23: 2, 352319.929996, -2415
Refix G26: 2, 352319.926290, 1240
Refix G27: 2, 352319.931035, -2918
Refix G31: 2, 352319.920538, 920
$GNGGA,015142.000,2944.9070,N,10633.0940,E,1,14,0.7,333.8,M,,,,0000*14
$GNRMC,015142.000,A,2944.9070,N,10633.0940,E,0.44,0.00,160519,,*1B
$GPGSA,A,3,07,08,09,16,23,26,27,31,,,,,1.0,0.7,0.7*30
$BDGSA,A,3,,,,,,,,,,,,,1.0,0.7,0.7*22
$GLGSA,A,3,01,07,08,09,19,20,,,,,,,1.0,0.7,0.7*22
$GPGSV,3,1,10,03,00,000,35,07,07,299,43,08,33,188,42,09,26,315,42*79
$GPGSV,3,2,10,16,61,008,44,23,58,291,44,26,37,040,43,27,60,150,44*73
$GPGSV,3,3,10,31,21,095,43,14,00,000,36*72
$BDGSV,3,1,12,01,00,000,41,02,00,000,40,03,00,000,41,04,00,000,39*63
$BDGSV,3,2,12,32,00,000,41,06,00,000,40,07,65,008,43,09,00,000,44*6E
$BDGSV,3,3,12,10,00,000,42,11,00,000,42,16,00,000,42,23,00,000,44*6A
$B3CN0,0,0,0,0,0,0,0,0,0,0,0,0,0,0*4C
$GLGSV,2,1,07,08,41,282,47,07,34,214,46,19,29,058,38,20,33,128,41*6B
$GLGSV,2,2,07,01,15,324,38,09,38,033,46,26,00,000,45*5C
$ini_pos,lastpos_good = 1,ini_pos.x:-1578918.893681,ini_pos.y:5312777.698125,ini_pos.z:3146360.281773
Refix G07: 2, 352320.915547, -3719
Refix G08: 2, 352320.925314, -4512
Refix G09: 2, 352320.923463, -4000
Refix G16: 2, 352320.931459, 333
Refix G23: 2, 352320.929998, -2412
Refix G26: 2, 352320.926289, 1242
Refix G27: 2, 352320.931037, -2914
Refix G31: 2, 352320.920537, 923
$GNGGA,015143.000,2944.9070,N,10633.0943,E,1,14,0.7,333.4,M,,,,0000*1A
$GNRMC,015143.000,A,2944.9070,N,10633.0943,E,0.33,0.00,160519,,*19
$GPGSA,A,3,07,08,09,16,23,26,27,31,,,,,1.0,0.7,0.7*30
$BDGSA,A,3,,,,,,,,,,,,,1.0,0.7,0.7*22
$GLGSA,A,3,01,07,08,09,19,20,,,,,,,1.0,0.7,0.7*22
$GPGSV,3,1,10,03,00,000,35,07,07,299,43,08,33,188,42,09,26,315,43*78
$GPGSV,3,2,10,16,61,008,44,23,58,291,44,26,37,040,43,27,60,150,44*73
$GPGSV,3,3,10,31,21,095,43,14,00,000,36*72
$BDGSV,3,1,12,01,00,000,40,02,00,000,39,03,00,000,43,04,00,000,39*6E
$BDGSV,3,2,12,32,00,000,41,06,00,000,40,07,65,009,42,09,00,000,43*69
$BDGSV,3,3,12,10,00,000,42,11,00,000,42,16,00,000,42,23,00,000,44*6A
$B3CN0,0,0,0,0,0,0,0,0,0,0,0,0,0,0*4C
$GLGSV,2,1,07,08,41,282,46,07,34,214,47,19,29,058,37,20,33,128,42*67
$GLGSV,2,2,07,01,15,324,39,09,38,033,46,26,00,000,45*5D
$ini_pos,lastpos_good = 1,ini_pos.x:-1578919.374830,ini_pos.y:5312777.279183,ini_pos.z:3146359.978548
Refix G07: 2, 352321.915549, -3717
Refix G08: 2, 352321.925317, -4511
Refix G09: 2, 352321.923466, -3998
Refix G16: 2, 352321.931458, 334
Refix G23: 2, 352321.929999, -2410
Refix G26: 2, 352321.926288, 1244
Refix G27: 2, 352321.931039, -2913
Refix G31: 2, 352321.920537, 924
$GNGGA,015144.000,2944.9070,N,10633.0944,E,1,14,0.7,333.1,M,,,,0000*1F
$GNRMC,015144.000,A,2944.9070,N,10633.0944,E,0.32,0.00,160519,,*18
$GPGSA,A,3,07,08,09,16,23,26,27,31,,,,,1.0,0.7,0.7*30
$BDGSA,A,3,,,,,,,,,,,,,1.0,0.7,0.7*22
$GLGSA,A,3,01,07,08,09,19,20,,,,,,,1.0,0.7,0.7*22
$GPGSV,3,1,10,03,00,000,34,07,07,299,42,08,33,188,42,09,26,315,42*79
$GPGSV,3,2,10,16,61,008,43,23,58,291,44,26,37,040,43,27,60,150,44*74
$GPGSV,3,3,10,31,21,095,43,14,00,000,36*72
$BDGSV,3,1,12,01,00,000,40,02,00,000,38,03,00,000,42,04,00,000,39*6E
$BDGSV,3,2,12,32,00,000,41,06,00,000,40,07,65,009,42,09,00,000,43*69
$BDGSV,3,3,12,10,00,000,42,11,00,000,42,16,00,000,42,23,00,000,44*6A
$B3CN0,0,0,0,0,0,0,0,0,0,0,0,0,0,0*4C
$GLGSV,2,1,07,08,41,282,46,07,34,214,47,19,29,058,38,20,33,128,41*6B
$GLGSV,2,2,07,01,15,324,39,09,38,033,46,26,00,000,45*5D
$ini_pos,lastpos_good = 1,ini_pos.x:-1578919.311909,ini_pos.y:5312776.945851,ini_pos.z:3146359.919817
Refix G07: 2, 352322.915552, -3721
Refix G08: 2, 352322.925320, -4515
Refix G09: 2, 352322.923468, -4002
Refix G16: 2, 352322.931458, 330
Refix G23: 2, 352322.930001, -2414
Refix G26: 2, 352322.926287, 1239
Refix G27: 2, 352322.931041, -2917
Refix G31: 2, 352322.920536, 920
$GNGGA,015145.000,2944.9071,N,10633.0945,E,1,24,0.7,332.9,M,,,,0000*14
$GNRMC,015145.000,A,2944.9071,N,10633.0945,E,0.24,0.00,160519,,*1E
$GPGSA,A,3,07,08,09,16,23,26,27,31,,,,,1.0,0.7,0.7*30
$BDGSA,A,3,06,07,09,10,11,16,23,25,28,32,,,1.0,0.7,0.7*21
$GLGSA,A,3,01,07,08,09,19,20,,,,,,,1.0,0.7,0.7*22
$GPGSV,3,1,10,03,00,000,35,07,07,299,42,08,33,188,42,09,26,315,42*78
$GPGSV,3,2,10,16,61,008,44,23,58,291,45,26,37,040,43,27,60,150,44*72
$GPGSV,3,3,10,31,21,095,43,14,00,000,37*73
$BDGSV,3,1,12,01,00,000,40,02,00,000,40,03,00,000,42,04,00,000,39*61
$BDGSV,3,2,12,32,00,000,41,06,00,000,40,07,65,009,42,09,00,000,43*69
$BDGSV,3,3,12,10,00,000,42,11,00,000,42,16,00,000,42,23,00,000,44*6A
$B3CN0,19,16,0,0,0,0,0,0,0,0,0,0,0,0*43
$GLGSV,2,1,07,08,41,282,46,07,34,214,47,19,29,058,38,20,33,128,41*6B
$GLGSV,2,2,07,01,15,324,39,09,38,033,45,26,00,000,45*5E
$ini_pos,lastpos_good = 1,ini_pos.x:-1578919.469479,ini_pos.y:5312776.678327,ini_pos.z:3146359.861391
Refix G07: 2, 352323.915554, -3722
Refix G08: 2, 352323.925323, -4515
Refix G09: 2, 352323.923471, -4003
Refix G16: 2, 352323.931458, 329
Refix G23: 2, 352323.930002, -2415
Refix G26: 2, 352323.926286, 1238
Refix G27: 2, 352323.931043, -2917
Refix G31: 2, 352323.920536, 919
$GNGGA,015146.000,2944.9067,N,10633.0943,E,1,24,0.5,332.3,M,,,,0000*1E
$GNRMC,015146.000,A,2944.9067,N,10633.0943,E,0.05,0.00,160519,,*1F
$GPGSA,A,3,07,08,09,16,23,26,27,31,,,,,0.7,0.5,0.4*37
$BDGSA,A,3,06,07,09,10,11,16,23,25,28,32,,,0.7,0.5,0.4*26
$GLGSA,A,3,01,07,08,09,19,20,,,,,,,0.7,0.5,0.4*25
$GPGSV,3,1,10,03,00,000,35,07,07,299,43,08,33,188,41,09,26,315,42*7A
$GPGSV,3,2,10,16,61,008,44,23,58,291,45,26,37,040,43,27,60,150,44*72
$GPGSV,3,3,10,31,21,095,43,14,00,000,36*72
$BDGSV,3,1,12,01,00,000,41,02,00,000,39,03,00,000,43,04,00,000,40*61
$BDGSV,3,2,12,32,31,247,41,06,42,169,40,07,65,009,43,09,68,205,43*6A
$BDGSV,3,3,12,10,62,300,42,11,35,066,42,16,48,176,42,23,58,009,45*62
$B3CN0,0,18,0,0,0,0,0,0,0,0,0,0,0,0*75
$GLGSV,2,1,07,08,41,282,46,07,34,214,46,19,29,058,37,20,33,128,41*65
$GLGSV,2,2,07,01,15,324,39,09,38,033,46,26,00,000,45*5D
$ini_pos,lastpos_good = 1,ini_pos.x:-1578919.183444,ini_pos.y:5312776.634679,ini_pos.z:3146359.009215
Refix G07: 2, 352324.915556, -3722
Refix G08: 2, 352324.925325, -4515
Refix G09: 2, 352324.923473, -4002
Refix G16: 2, 352324.931458, 330
Refix G23: 2, 352324.930004, -2413
Refix G26: 2, 352324.926286, 1239
Refix G27: 2, 352324.931045, -2916
Refix G31: 2, 352324.920535, 920
$GNGGA,015147.000,2944.9065,N,10633.0942,E,1,24,0.5,331.9,M,,,,0000*15
$GNRMC,015147.000,A,2944.9065,N,10633.0942,E,0.19,0.00,160519,,*10
$GPGSA,A,3,07,08,09,16,23,26,27,31,,,,,0.7,0.5,0.4*37
$BDGSA,A,3,06,07,09,10,11,16,23,25,28,32,,,0.7,0.5,0.4*26
$GLGSA,A,3,01,07,08,09,19,20,,,,,,,0.7,0.5,0.4*25
$GPGSV,3,1,10,03,00,000,34,07,07,299,42,08,33,188,42,09,26,315,42*79
$GPGSV,3,2,10,16,61,008,44,23,58,291,45,26,37,040,43,27,60,150,45*73
$GPGSV,3,3,10,31,21,095,42,14,00,000,36*73
$BDGSV,3,1,12,01,00,000,41,02,00,000,40,03,00,000,43,04,00,000,39*61
$BDGSV,3,2,12,32,31,247,41,06,42,169,41,07,65,009,42,09,68,205,43*6A
$BDGSV,3,3,12,10,62,300,42,11,35,066,42,16,48,176,42,23,58,009,45*62
$B3CN0,0,17,0,0,0,0,0,0,0,0,0,0,0,0*7A
$GLGSV,2,1,07,08,41,282,46,07,34,214,46,19,29,058,37,20,33,128,42*66
$GLGSV,2,2,07,01,15,324,39,09,38,033,46,26,00,000,45*5D
$ini_pos,lastpos_good = 1,ini_pos.x:-1578918.964262,ini_pos.y:5312776.477325,ini_pos.z:3146358.570493
Refix G07: 2, 352325.915559, -3721
Refix G08: 2, 352325.925328, -4512
Refix G09: 2, 352325.923476, -4000
Refix G16: 2, 352325.931457, 332
Refix G23: 2, 352325.930005, -2410
Refix G26: 2, 352325.926285, 1240
Refix G27: 2, 352325.931046, -2913
Refix G31: 2, 352325.920534, 922
$GNGGA,015148.000,2944.9065,N,10633.0942,E,1,24,0.5,331.4,M,,,,0000*17
$GNRMC,015148.000,A,2944.9065,N,10633.0942,E,0.09,0.00,160519,,*1E
$GPGSA,A,3,07,08,09,16,23,26,27,31,,,,,0.7,0.5,0.4*37
$BDGSA,A,3,06,07,09,10,11,16,23,25,28,32,,,0.7,0.5,0.4*26
$GLGSA,A,3,01,07,08,09,19,20,,,,,,,0.7,0.5,0.4*25
$GPGSV,3,1,10,03,00,000,35,07,07,299,42,08,33,188,42,09,26,315,42*78
$GPGSV,3,2,10,16,61,008,44,23,58,291,45,26,37,040,44,27,60,150,44*75
$GPGSV,3,3,10,31,21,095,43,14,00,000,36*72
$BDGSV,3,1,12,01,00,000,41,02,00,000,40,03,00,000,41,04,00,000,39*63
$BDGSV,3,2,12,32,31,247,40,06,42,169,40,07,65,009,42,09,68,205,44*6D
$BDGSV,3,3,12,10,62,300,42,11,35,066,42,16,48,176,42,23,58,009,45*62
$B3CN0,36,20,0,0,0,0,0,0,0,0,0,0,0,0*4B
$GLGSV,2,1,07,08,41,282,46,07,34,214,47,19,29,058,38,20,33,128,41*6B
$GLGSV,2,2,07,01,15,324,39,09,38,033,46,26,00,000,45*5D
$ini_pos,lastpos_good = 1,ini_pos.x:-1578918.749201,ini_pos.y:5312776.072380,ini_pos.z:3146358.302737
Refix G07: 2, 352326.915561, -3717
Refix G08: 2, 352326.925331, -4507
Refix G09: 2, 352326.923478, -3995
Refix G16: 2, 352326.931457, 338
Refix G23: 2, 352326.930007, -2405
Refix G26: 2, 352326.926284, 1246
Refix G27: 2, 352326.931048, -2907
Refix G31: 2, 352326.920534, 927
$GNGGA,015149.000,2944.9066,N,10633.0941,E,1,24,0.5,331.0,M,,,,0000*12
$GNRMC,015149.000,A,2944.9066,N,10633.0941,E,0.26,0.00,160519,,*12
$GPGSA,A,3,07,08,09,16,23,26,27,31,,,,,0.7,0.5,0.4*37
$BDGSA,A,3,06,07,09,10,11,16,23,25,28,32,,,0.7,0.5,0.4*26
$GLGSA,A,3,01,07,08,09,19,20,,,,,,,0.7,0.5,0.4*25
$GPGSV,3,1,10,03,00,000,34,07,07,299,43,08,33,188,41,09,26,315,42*7B
$GPGSV,3,2,10,16,61,008,44,23,58,291,45,26,37,040,43,27,60,150,44*72
$GPGSV,3,3,10,31,21,095,43,14,00,000,37*73
$BDGSV,3,1,12,01,00,000,41,02,00,000,40,03,00,000,43,04,00,000,40*6F
$BDGSV,3,2,12,32,31,247,40,06,42,169,41,07,65,009,43,09,68,205,44*6D
$BDGSV,3,3,12,10,62,300,42,11,35,066,42,16,48,176,42,23,58,009,45*62
$B3CN0,16,0,0,0,0,0,0,0,0,0,0,0,0,0*7B
$GLGSV,2,1,07,08,41,282,46,07,34,214,47,19,29,058,37,20,33,128,42*67
$GLGSV,2,2,07,01,15,324,39,09,38,033,46,26,00,000,45*5D
$ini_pos,lastpos_good = 1,ini_pos.x:-1578918.580001,ini_pos.y:5312775.740033,ini_pos.z:3146358.144274
Refix G07: 2, 352327.915563, -3717
Refix G08: 2, 352327.925334, -4507
Refix G09: 2, 352327.923481, -3995
Refix G16: 2, 352327.931457, 338
Refix G23: 2, 352327.930008, -2405
Refix G26: 2, 352327.926283, 1245
Refix G27: 2, 352327.931050, -2907
Refix G31: 2, 352327.920533, 927
$GNGGA,015150.000,2944.9066,N,10633.0942,E,1,24,0.5,330.4,M,,,,0000*1C
$GNRMC,015150.000,A,2944.9066,N,10633.0942,E,0.24,0.00,160519,,*1B
$GPGSA,A,3,07,08,09,16,23,26,27,31,,,,,0.7,0.5,0.4*37
$BDGSA,A,3,06,07,09,10,11,16,23,25,28,32,,,0.7,0.5,0.4*26
$GLGSA,A,3,01,07,08,09,19,20,,,,,,,0.7,0.5,0.4*25
$GPGSV,3,1,10,03,00,000,35,07,07,299,42,08,33,188,41,09,26,315,42*7B
$GPGSV,3,2,10,16,61,008,43,23,58,291,45,26,37,040,44,27,60,150,45*73
$GPGSV,3,3,10,31,21,095,43,14,00,000,36*72
$BDGSV,3,1,12,01,00,000,41,02,00,000,40,03,00,000,43,04,00,000,40*6F
$BDGSV,3,2,12,32,31,247,40,06,42,169,40,07,65,009,43,09,68,205,44*6C
$BDGSV,3,3,12,10,62,300,42,11,35,066,42,16,48,176,42,23,58,009,45*62
$B3CN0,0,0,0,0,0,0,0,0,0,0,0,0,0,0*4C
$GLGSV,2,1,07,08,41,282,46,07,34,214,47,19,29,058,37,20,33,128,41*64
$GLGSV,2,2,07,01,15,324,39,09,38,033,46,26,00,000,45*5D
$ini_pos,lastpos_good = 1,ini_pos.x:-1578918.469346,ini_pos.y:5312775.179148,ini_pos.z:3146358.000483
Refix G07: 2, 352328.915566, -3720
Refix G08: 2, 352328.925337, -4511
Refix G09: 2, 352328.923483, -3998
Refix G16: 2, 352328.931457, 334
Refix G23: 2, 352328.930010, -2408
Refix G26: 2, 352328.926282, 1242
Refix G27: 2, 352328.931052, -2910
Refix G31: 2, 352328.920532, 923
$GNGGA,015151.000,2944.9067,N,10633.0942,E,1,24,0.5,330.0,M,,,,0000*18
$GNRMC,015151.000,A,2944.9067,N,10633.0942,E,0.18,0.00,160519,,*14
$GPGSA,A,3,07,08,09,16,23,26,27,31,,,,,0.7,0.5,0.4*37
$BDGSA,A,3,06,07,09,10,11,16,23,25,28,32,,,0.7,0.5,0.4*26
$GLGSA,A,3,01,07,08,09,19,20,,,,,,,0.7,0.5,0.4*25
$GPGSV,3,1,10,03,00,000,34,07,07,299,43,08,33,188,41,09,26,315,42*7B
$GPGSV,3,2,10,16,61,008,44,23,58,291,45,26,37,040,44,27,60,150,44*75
$GPGSV,3,3,10,31,21,095,43,14,00,000,37*73
$BDGSV,3,1,12,01,00,000,40,02,00,000,41,03,00,000,43,04,00,000,41*6E
$BDGSV,3,2,12,32,31,247,41,06,42,169,41,07,65,009,43,09,68,205,44*6C
$BDGSV,3,3,12,10,62,300,43,11,35,066,42,16,48,176,42,23,58,009,45*63
$B3CN0,0,0,0,0,0,0,0,0,0,0,0,0,0,0*4C
$GLGSV,2,1,07,08,41,282,46,07,34,214,47,19,29,058,38,20,33,128,41*6B
$GLGSV,2,2,07,01,15,324,38,09,38,033,46,26,00,000,45*5C
$ini_pos,lastpos_good = 1,ini_pos.x:-1578918.376452,ini_pos.y:5312774.800193,ini_pos.z:3146357.808244
Refix G07: 2, 352329.915568, -3721
Refix G08: 2, 352329.925340, -4511
Refix G09: 2, 352329.923486, -3998
Refix G16: 2, 352329.931456, 334
Refix G23: 2, 352329.930011, -2408
Refix G26: 2, 352329.926282, 1242
Refix G27: 2, 352329.931054, -2911
Refix G31: 2, 352329.920532, 923
$GNGGA,015152.000,2944.9067,N,10633.0942,E,1,24,0.5,329.6,M,,,,0000*15
$GNRMC,015152.000,A,2944.9067,N,10633.0942,E,0.38,0.00,160519,,*15
$GPGSA,A,3,07,08,09,16,23,26,27,31,,,,,0.7,0.5,0.4*37
$BDGSA,A,3,06,07,09,10,11,16,23,25,28,32,,,0.7,0.5,0.4*26
$GLGSA,A,3,01,07,08,09,19,20,,,,,,,0.7,0.5,0.4*25
$GPGSV,3,1,10,03,00,000,34,07,07,299,42,08,33,188,42,09,26,315,42*79
$GPGSV,3,2,10,16,61,008,44,23,58,291,45,26,37,040,43,27,60,150,44*72
$GPGSV,3,3,10,31,21,095,43,14,00,000,37*73
$BDGSV,3,1,12,01,00,000,39,02,00,000,41,03,00,000,42,04,00,000,41*61
$BDGSV,3,2,12,32,31,247,40,06,42,169,40,07,65,009,43,09,68,205,43*6B
$BDGSV,3,3,12,10,62,300,42,11,35,066,41,16,48,176,42,23,58,009,45*61
$B3CN0,0,0,0,0,0,0,0,0,0,0,0,0,0,0*4C
$GLGSV,2,1,07,08,41,282,46,07,34,214,47,19,29,058,37,20,33,128,41*64
$GLGSV,2,2,07,01,15,324,39,09,38,033,46,26,00,000,45*5D
$ini_pos,lastpos_good = 1,ini_pos.x:-1578918.371247,ini_pos.y:5312774.429484,ini_pos.z:3146357.664223
Refix G07: 2, 352330.915570, -3721
Refix G08: 2, 352330.925342, -4510
Refix G09: 2, 352330.923488, -3998
Refix G16: 2, 352330.931456, 335
Refix G23: 2, 352330.930013, -2407
Refix G26: 2, 352330.926281, 1242
Refix G27: 2, 352330.931055, -2909
Refix G31: 2, 352330.920531, 923
$GNGGA,015153.000,2944.9068,N,10633.0942,E,1,24,0.5,329.3,M,,,,0000*1E
$GNRMC,015153.000,A,2944.9068,N,10633.0942,E,0.24,0.00,160519,,*16
$GPGSA,A,3,07,08,09,16,23,26,27,31,,,,,0.7,0.5,0.4*37
$BDGSA,A,3,06,07,09,10,11,16,23,25,28,32,,,0.7,0.5,0.4*26
$GLGSA,A,3,01,07,08,09,19,20,,,,,,,0.7,0.5,0.4*25
$GPGSV,3,1,10,03,00,000,34,07,07,299,43,08,34,188,41,09,26,315,42*7C
$GPGSV,3,2,10,16,61,008,44,23,59,291,45,26,37,040,43,27,60,150,44*73
$GPGSV,3,3,10,31,20,095,43,14,00,000,37*72
$BDGSV,3,1,12,01,00,000,40,02,00,000,40,03,00,000,42,04,00,000,41*6E
$BDGSV,3,2,12,32,31,247,41,06,42,169,41,07,65,009,43,09,68,205,43*6B
$BDGSV,3,3,12,10,62,300,42,11,35,066,42,16,48,176,42,23,58,009,45*62
$B3CN0,0,0,0,0,0,0,0,0,0,0,0,0,0,0*4C
$GLGSV,2,1,07,08,41,282,46,07,34,214,47,19,29,058,37,20,33,128,41*64
$GLGSV,2,2,07,01,15,324,38,09,38,033,46,26,00,000,45*5C
$ini_pos,lastpos_good = 1,ini_pos.x:-1578918.241921,ini_pos.y:5312774.136644,ini_pos.z:3146357.642621
Refix G07: 2, 352331.915573, -3719
Refix G08: 2, 352331.925345, -4508
Refix G09: 2, 352331.923491, -3996
Refix G16: 2, 352331.931456, 336
Refix G23: 2, 352331.930014, -2405
Refix G26: 2, 352331.926280, 1243
Refix G27: 2, 352331.931057, -2907
Refix G31: 2, 352331.920531, 924
$GNGGA,015154.000,2944.9068,N,10633.0942,E,1,28,0.5,329.0,M,,,,0000*16
$GNRMC,015154.000,A,2944.9068,N,10633.0942,E,0.01,0.00,160519,,*16
$GPGSA,A,3,07,08,09,16,23,26,27,31,,,,,0.6,0.5,0.3*31
$BDGSA,A,3,01,02,03,04,06,07,09,10,11,16,23,25,0.6,0.5,0.3*2F
$GLGSA,A,3,01,07,08,09,19,20,,,,,,,0.6,0.5,0.3*23
$GPGSV,3,1,10,03,00,000,34,07,07,299,43,08,34,188,42,09,26,315,42*7F
$GPGSV,3,2,10,16,61,008,45,23,59,291,45,26,37,040,43,27,60,150,44*72
$GPGSV,3,3,10,31,20,095,44,14,00,000,37*75
$BDGSV,3,1,12,01,00,000,41,02,00,000,41,03,00,000,43,04,00,000,39*60
$BDGSV,3,2,12,32,31,247,41,06,42,169,41,07,65,009,43,09,68,205,43*6B
$BDGSV,3,3,12,10,62,300,43,11,35,066,42,16,48,176,42,23,58,009,44*62
$B3CN0,36,0,0,0,0,0,0,0,0,0,0,0,0,0*79
$GLGSV,2,1,08,08,41,282,46,07,34,214,47,19,29,058,37,20,33,128,41*6B
$GLGSV,2,2,08,01,15,324,38,09,38,033,46,26,00,000,45,18,00,020,00*68
$ini_pos,lastpos_good = 1,ini_pos.x:-1578918.137191,ini_pos.y:5312773.888888,ini_pos.z:3146357.495081
Refix G07: 2, 352332.915575, -3720
Refix G08: 2, 352332.925348, -4509
Refix G09: 2, 352332.923493, -3996
Refix G16: 2, 352332.931456, 335
Refix G23: 2, 352332.930016, -2405
Refix G26: 2, 352332.926279, 1242
Refix G27: 2, 352332.931059, -2908
Refix G31: 2, 352332.920530, 924
$GNGGA,015155.000,2944.9068,N,10633.0941,E,1,28,0.5,328.7,M,,,,0000*12
$GNRMC,015155.000,A,2944.9068,N,10633.0941,E,0.15,0.00,160519,,*11
$GPGSA,A,3,07,08,09,16,23,26,27,31,,,,,0.6,0.5,0.3*31
$BDGSA,A,3,01,02,03,04,06,07,09,10,11,16,23,25,0.6,0.5,0.3*2F
$GLGSA,A,3,01,07,08,09,19,20,,,,,,,0.6,0.5,0.3*23
$GPGSV,3,1,10,03,00,000,34,07,07,299,43,08,34,188,42,09,26,315,43*7E
$GPGSV,3,2,10,16,61,008,44,23,59,291,45,26,37,040,43,27,60,150,44*73
$GPGSV,3,3,10,31,20,095,43,14,00,000,36*73
$BDGSV,3,1,12,01,40,125,41,02,45,218,37,03,54,172,43,04,23,109,40*6B
$BDGSV,3,2,12,32,31,247,41,06,42,169,40,07,65,009,43,09,68,205,43*6A
$BDGSV,3,3,12,10,62,300,42,11,35,066,42,16,48,176,42,23,58,009,45*62
$B3CN0,0,0,0,0,0,0,0,0,0,0,0,0,0,0*4C
$GLGSV,2,1,08,08,41,282,46,07,34,214,47,19,29,058,37,20,33,128,41*6B
$GLGSV,2,2,08,01,15,324,39,09,38,033,46,26,00,000,45,18,00,020,00*69
$ini_pos,lastpos_good = 1,ini_pos.x:-1578917.868787,ini_pos.y:5312773.699168,ini_pos.z:3146357.355633
Refix G07: 2, 352333.915577, -3720
Refix G08: 2, 352333.925351, -4507
Refix G09: 2, 352333.923496, -3995
Refix G16: 2, 352333.931455, 338
Refix G23: 2, 352333.930017, -2403
Refix G26: 2, 352333.926278, 1244
Refix G27: 2, 352333.931061, -2905
Refix G31: 2, 352333.920529, 925
$GNGGA,015156.000,2944.9068,N,10633.0939,E,1,28,0.5,328.4,M,,,,0000*1D
$GNRMC,015156.000,A,2944.9068,N,10633.0939,E,0.17,0.00,160519,,*1F
$GPGSA,A,3,07,08,09,16,23,26,27,31,,,,,0.6,0.5,0.3*31
$BDGSA,A,3,01,02,03,04,06,07,09,10,11,16,23,25,0.6,0.5,0.3*2F
$GLGSA,A,3,01,07,08,09,19,20,,,,,,,0.6,0.5,0.3*23
$GPGSV,3,1,10,03,00,000,35,07,07,299,42,08,34,188,42,09,26,315,43*7E
$GPGSV,3,2,10,16,61,008,44,23,59,291,44,26,37,040,42,27,60,150,44*73
$GPGSV,3,3,10,31,20,095,43,14,00,000,37*72
$BDGSV,3,1,12,01,40,125,39,02,45,218,40,03,54,172,43,04,23,109,39*6A
$BDGSV,3,2,12,32,31,247,41,06,42,169,40,07,65,009,42,09,68,205,43*6B
$BDGSV,3,3,12,10,62,300,42,11,35,066,42,16,48,176,42,23,58,009,44*63
$B3CN0,0,0,0,0,0,0,0,0,0,0,0,0,0,0*4C
$GLGSV,2,1,08,08,41,282,46,07,34,214,46,19,29,058,37,20,33,128,41*6A
$GLGSV,2,2,08,01,15,324,38,09,38,033,46,26,00,000,45,18,00,020,00*68
$ini_pos,lastpos_good = 1,ini_pos.x:-1578917.552729,ini_pos.y:5312773.420782,ini_pos.z:3146357.264248
Refix G07: 2, 352334.915580, -3720
Refix G08: 2, 352334.925354, -4507
Refix G09: 2, 352334.923498, -3994
Refix G16: 2, 352334.931455, 338
Refix G23: 2, 352334.930019, -2402
Refix G26: 2, 352334.926277, 1244
Refix G27: 2, 352334.931063, -2904
Refix G31: 2, 352334.920529, 926
$GNGGA,015157.000,2944.9068,N,10633.0938,E,1,28,0.5,328.1,M,,,,0000*18
$GNRMC,015157.000,A,2944.9068,N,10633.0938,E,0.14,0.00,160519,,*1C
$GPGSA,A,3,07,08,09,16,23,26,27,31,,,,,0.6,0.5,0.3*31
$BDGSA,A,3,01,02,03,04,06,07,09,10,11,16,23,25,0.6,0.5,0.3*2F
$GLGSA,A,3,01,07,08,09,19,20,,,,,,,0.6,0.5,0.3*23
$GPGSV,3,1,10,03,00,000,35,07,07,299,42,08,34,188,42,09,26,315,43*7E
$GPGSV,3,2,10,16,61,008,44,23,59,291,44,26,37,040,42,27,60,150,44*73
$GPGSV,3,3,10,31,20,095,43,14,00,000,37*72
$BDGSV,3,1,12,01,40,125,40,02,45,218,38,03,54,172,41,04,23,109,40*67
$BDGSV,3,2,12,32,31,247,41,06,42,169,40,07,65,009,43,09,68,205,43*6A
$BDGSV,3,3,12,10,62,300,42,11,35,066,42,16,48,176,42,23,58,009,44*63
$B3CN0,0,0,0,0,0,0,0,0,0,0,0,0,0,0*4C
$GLGSV,2,1,08,08,41,282,46,07,34,214,47,19,29,058,37,20,33,128,41*6B
$GLGSV,2,2,08,01,15,324,39,09,38,033,46,26,00,000,45,18,00,020,00*69
$ini_pos,lastpos_good = 1,ini_pos.x:-1578917.208067,ini_pos.y:5312773.320527,ini_pos.z:3146357.099989
Refix G07: 2, 352335.915582, -3725
Refix G08: 2, 352335.925357, -4513
Refix G09: 2, 352335.923501, -4000
Refix G16: 2, 352335.931455, 331
Refix G23: 2, 352335.930020, -2409
Refix G26: 2, 352335.926277, 1237
Refix G27: 2, 352335.931064, -2911
Refix G31: 2, 352335.920528, 919
$GNGGA,015158.000,2944.9068,N,10633.0936,E,1,28,0.5,328.0,M,,,,0000*18
$GNRMC,015158.000,A,2944.9068,N,10633.0936,E,0.08,0.00,160519,,*10
$GPGSA,A,3,07,08,09,16,23,26,27,31,,,,,0.6,0.5,0.3*31
$BDGSA,A,3,01,02,03,04,06,07,09,10,11,16,23,25,0.6,0.5,0.3*2F
$GLGSA,A,3,01,07,08,09,19,20,,,,,,,0.6,0.5,0.3*23
$GPGSV,3,1,10,03,00,000,34,07,07,299,42,08,34,188,42,09,26,315,43*7F
$GPGSV,3,2,10,16,61,008,44,23,59,291,44,26,37,040,42,27,60,150,44*73
$GPGSV,3,3,10,31,20,095,43,14,00,000,37*72
$BDGSV,3,1,12,01,40,125,40,02,45,218,40,03,54,172,43,04,23,109,41*6B
$BDGSV,3,2,12,32,31,247,40,06,42,169,40,07,65,009,42,09,68,205,43*6A
$BDGSV,3,3,12,10,62,300,42,11,35,066,42,16,48,176,42,23,58,009,44*63
$B3CN0,36,0,0,0,0,0,0,0,0,0,0,0,0,0*79
$GLGSV,2,1,08,08,41,282,46,07,34,214,46,19,29,058,37,20,33,128,41*6A
$GLGSV,2,2,08,01,15,324,39,09,38,033,46,26,00,000,45,18,00,020,00*69
$ini_pos,lastpos_good = 1,ini_pos.x:-1578916.966662,ini_pos.y:5312773.264192,ini_pos.z:3146356.953877
Refix G07: 2, 352336.915584, -3724
Refix G08: 2, 352336.925359, -4510
Refix G09: 2, 352336.923503, -3997
Refix G16: 2, 352336.931455, 335
Refix G23: 2, 352336.930022, -2405
Refix G26: 2, 352336.926276, 1241
Refix G27: 2, 352336.931066, -2906
Refix G31: 2, 352336.920528, 923
$GNGGA,015159.000,2944.9067,N,10633.0934,E,1,28,0.5,327.6,M,,,,0000*1D
$GNRMC,015159.000,A,2944.9067,N,10633.0934,E,0.27,0.00,160519,,*11
$GPGSA,A,3,07,08,09,16,23,26,27,31,,,,,0.6,0.5,0.3*31
$BDGSA,A,3,01,02,03,04,06,07,09,10,11,16,23,25,0.6,0.5,0.3*2F
$GLGSA,A,3,01,07,08,09,19,20,,,,,,,0.6,0.5,0.3*23
$GPGSV,3,1,10,03,00,000,34,07,07,299,42,08,34,188,42,09,26,315,43*7F
$GPGSV,3,2,10,16,61,008,44,23,59,291,44,26,37,040,42,27,60,150,44*73
$GPGSV,3,3,10,31,20,095,44,14,00,000,37*75
$BDGSV,3,1,12,01,40,125,41,02,45,218,40,03,54,172,43,04,23,109,40*6B
$BDGSV,3,2,12,32,31,247,41,06,42,169,40,07,65,009,43,09,68,205,43*6A
$BDGSV,3,3,12,10,62,300,42,11,35,066,42,16,48,176,42,23,58,009,44*63
$B3CN0,0,0,0,0,0,0,0,0,0,0,0,0,0,0*4C
$GLGSV,2,1,08,08,41,282,46,07,34,214,47,19,29,058,37,20,33,128,41*6B
$GLGSV,2,2,08,01,15,324,39,09,38,033,46,26,00,000,45,18,00,020,00*69
$ini_pos,lastpos_good = 1,ini_pos.x:-1578916.605047,ini_pos.y:5312773.095299,ini_pos.z:3146356.742838
Refix G07: 2, 352337.915587, -3725
Refix G08: 2, 352337.925362, -4511
Refix G09: 2, 352337.923506, -3998
Refix G16: 2, 352337.931454, 334
Refix G23: 2, 352337.930023, -2406
Refix G26: 2, 352337.926275, 1240
Refix G27: 2, 352337.931068, -2907
Refix G31: 2, 352337.920527, 922
$GNGGA,015200.000,2944.9067,N,10633.0933,E,1,28,0.5,327.2,M,,,,0000*11
$GNRMC,015200.000,A,2944.9067,N,10633.0933,E,0.39,0.00,160519,,*16
$GPGSA,A,3,07,08,09,16,23,26,27,31,,,,,0.6,0.5,0.3*31
$BDGSA,A,3,01,02,03,04,06,07,09,10,11,16,23,25,0.6,0.5,0.3*2F
$GLGSA,A,3,01,07,08,09,19,20,,,,,,,0.6,0.5,0.3*23
$GPGSV,3,1,10,03,00,000,34,07,07,299,42,08,34,188,42,09,26,315,42*7E
$GPGSV,3,2,10,16,61,008,43,23,59,291,44,26,37,040,41,27,60,150,44*77
$GPGSV,3,3,10,31,20,095,42,14,00,000,36*72
$BDGSV,3,1,12,01,40,125,40,02,45,218,40,03,54,172,42,04,23,109,40*6B
$BDGSV,3,2,12,32,31,247,41,06,42,169,40,07,65,009,42,09,68,205,43*6B
$BDGSV,3,3,12,10,62,300,42,11,35,066,42,16,48,176,42,23,58,009,45*62
$B3CN0,0,0,0,0,0,0,0,0,0,0,0,0,0,0*4C
$GLGSV,2,1,08,08,41,282,46,07,34,214,47,19,29,058,37,20,33,128,41*6B
$GLGSV,2,2,08,01,15,324,38,09,38,033,46,26,00,000,45,18,00,020,00*68
$ini_pos,lastpos_good = 1,ini_pos.x:-1578916.294015,ini_pos.y:5312772.837860,ini_pos.z:3146356.458996
Refix G07: 2, 352338.915589, -3724
Refix G08: 2, 352338.925365, -4510
Refix G09: 2, 352338.923508, -3997
Refix G14: 2, 352338.917325, 2502
Refix G16: 2, 352338.931454, 335
Refix G23: 2, 352338.930025, -2404
Refix G26: 2, 352338.926274, 1240
Refix G27: 2, 352338.931070, -2907
Refix G31: 2, 352338.920526, 922
$GNGGA,015201.000,2944.9067,N,10633.0933,E,1,29,0.5,327.2,M,,,,0000*11
$GNRMC,015201.000,A,2944.9067,N,10633.0933,E,0.18,0.00,160519,,*14
$GPGSA,A,3,07,08,09,14,16,23,26,27,31,,,,0.6,0.5,0.3*34
$BDGSA,A,3,01,02,03,04,06,07,09,10,11,16,23,25,0.6,0.5,0.3*2F
$GLGSA,A,3,01,07,08,09,19,20,,,,,,,0.6,0.5,0.3*23
$GPGSV,3,1,10,03,00,000,34,07,07,299,42,08,34,188,42,09,26,315,43*7F
$GPGSV,3,2,10,16,61,008,44,23,59,291,45,26,37,040,41,27,60,150,44*71
$GPGSV,3,3,10,31,20,095,42,14,00,000,37*73
$BDGSV,3,1,12,01,40,125,41,02,45,218,40,03,54,172,43,04,23,109,41*6A
$BDGSV,3,2,12,32,31,247,40,06,42,169,40,07,65,009,42,09,68,205,43*6A
$BDGSV,3,3,12,10,62,300,42,11,35,066,42,16,48,176,42,23,58,009,45*62
$B3CN0,0,0,0,0,0,0,0,0,0,0,0,0,0,0*4C
$GLGSV,2,1,08,08,41,282,46,07,33,214,46,19,29,058,37,20,33,128,41*6D
$GLGSV,2,2,08,01,15,324,38,09,38,033,46,26,00,000,45,18,00,020,00*68
$ini_pos,lastpos_good = 1,ini_pos.x:-1578916.311127,ini_pos.y:5312772.790046,ini_pos.z:3146356.444993
Refix G07: 2, 352339.915591, -3719
Refix G08: 2, 352339.925368, -4504
Refix G09: 2, 352339.923511, -3991
Refix G14: 2, 352339.917323, 2508
Refix G16: 2, 352339.931454, 342
Refix G23: 2, 352339.930026, -2397
Refix G26: 2, 352339.926273, 1247
Refix G27: 2, 352339.931072, -2899
Refix G31: 2, 352339.920526, 929
$GNGGA,015202.000,2944.9068,N,10633.0932,E,1,29,0.5,326.9,M,,,,0000*16
$GNRMC,015202.000,A,2944.9068,N,10633.0932,E,0.30,0.00,160519,,*13
$GPGSA,A,3,07,08,09,14,16,23,26,27,31,,,,0.6,0.5,0.3*34
$BDGSA,A,3,01,02,03,04,06,07,09,10,11,16,23,25,0.6,0.5,0.3*2F
$GLGSA,A,3,01,07,08,09,19,20,,,,,,,0.6,0.5,0.3*23
$GPGSV,3,1,10,03,00,000,34,07,07,299,41,08,34,188,42,09,26,315,43*7C
$GPGSV,3,2,10,16,61,008,44,23,59,291,45,26,37,040,41,27,60,150,45*70
$GPGSV,3,3,10,31,20,095,43,14,06,149,37*78
$BDGSV,3,1,12,01,40,125,39,02,45,218,40,03,54,172,42,04,23,109,40*65
$BDGSV,3,2,12,32,31,247,41,06,42,169,40,07,65,009,43,09,68,205,43*6A
$BDGSV,3,3,12,10,62,300,43,11,35,066,42,16,48,176,42,23,58,009,45*63
$B3CN0,0,0,0,0,0,0,0,0,0,0,0,0,0,0*4C
$GLGSV,2,1,08,08,41,282,46,07,33,214,47,19,29,058,37,20,33,128,41*6C
$GLGSV,2,2,08,01,15,324,38,09,38,033,46,26,00,000,45,18,00,020,00*68
$ini_pos,lastpos_good = 1,ini_pos.x:-1578916.099606,ini_pos.y:5312772.551422,ini_pos.z:3146356.478059
Refix G07: 2, 352340.915594, -3722
Refix G08: 2, 352340.925371, -4507
Refix G09: 2, 352340.923513, -3994
Refix G14: 2, 352340.917321, 2505
Refix G16: 2, 352340.931454, 339
Refix G23: 2, 352340.930028, -2401
Refix G26: 2, 352340.926273, 1243
Refix G27: 2, 352340.931074, -2902
Refix G31: 2, 352340.920525, 925
$GNGGA,015203.000,2944.9068,N,10633.0933,E,1,29,0.5,326.5,M,,,,0000*1A
$GNRMC,015203.000,A,2944.9068,N,10633.0933,E,0.30,0.00,160519,,*13
$GPGSA,A,3,07,08,09,14,16,23,26,27,31,,,,0.6,0.5,0.3*34
$BDGSA,A,3,01,02,03,04,06,07,09,10,11,16,23,25,0.6,0.5,0.3*2F
$GLGSA,A,3,01,07,08,09,19,20,,,,,,,0.6,0.5,0.3*23
$GPGSV,3,1,10,03,00,000,34,07,07,299,42,08,34,188,42,09,26,315,43*7F
$GPGSV,3,2,10,16,61,008,44,23,59,291,45,26,37,040,42,27,60,150,45*73
$GPGSV,3,3,10,31,20,095,42,14,06,149,37*79
$BDGSV,3,1,12,01,40,125,41,02,45,218,40,03,54,172,41,04,23,109,40*69
$BDGSV,3,2,12,32,31,247,40,06,42,169,40,07,65,009,42,09,68,205,43*6A
$BDGSV,3,3,12,10,62,300,42,11,35,066,42,16,48,176,42,23,58,009,45*62
$B3CN0,0,0,0,0,0,0,0,0,0,0,0,0,0,0*4C
$GLGSV,2,1,08,08,41,282,46,07,33,214,47,19,29,058,37,20,33,128,41*6C
$GLGSV,2,2,08,01,15,324,38,09,38,033,46,26,00,000,45,18,00,020,00*68
$ini_pos,lastpos_good = 1,ini_pos.x:-1578916.042411,ini_pos.y:5312772.216018,ini_pos.z:3146356.225644
Refix G07: 2, 352341.915596, -3719
Refix G08: 2, 352341.925374, -4503
Refix G09: 2, 352341.923516, -3990
Refix G14: 2, 352341.917320, 2508
Refix G16: 2, 352341.931454, 342
Refix G23: 2, 352341.930029, -2397
Refix G26: 2, 352341.926272, 1246
Refix G27: 2, 352341.931075, -2898
Refix G31: 2, 352341.920524, 928
$GNGGA,015204.000,2944.9068,N,10633.0934,E,1,29,0.5,326.5,M,,,,0000*1A
$GNRMC,015204.000,A,2944.9068,N,10633.0934,E,0.23,0.00,160519,,*11
$GPGSA,A,3,07,08,09,14,16,23,26,27,31,,,,0.6,0.5,0.3*34
$BDGSA,A,3,01,02,03,04,06,07,09,10,11,16,23,25,0.6,0.5,0.3*2F
$GLGSA,A,3,01,07,08,09,19,20,,,,,,,0.6,0.5,0.3*23
$GPGSV,3,1,10,03,00,000,34,07,07,299,41,08,34,188,42,09,26,315,42*7D
$GPGSV,3,2,10,16,61,008,44,23,59,291,45,26,37,040,42,27,60,150,45*73
$GPGSV,3,3,10,31,20,095,42,14,06,149,37*79
$BDGSV,3,1,12,01,40,125,40,02,45,218,40,03,54,172,42,04,23,109,40*6B
$BDGSV,3,2,12,32,31,247,40,06,42,169,40,07,65,009,42,09,68,205,44*6D
$BDGSV,3,3,12,10,62,300,42,11,35,066,42,16,48,176,42,23,58,009,45*62
$B3CN0,0,18,0,0,0,0,0,0,0,0,0,0,0,0*75
$GLGSV,2,1,08,08,41,282,47,07,33,214,47,19,29,058,37,20,33,128,41*6D
$GLGSV,2,2,08,01,15,324,38,09,38,033,46,26,00,000,45,18,00,020,00*68
$ini_pos,lastpos_good = 1,ini_pos.x:-1578916.199922,ini_pos.y:5312772.093764,ini_pos.z:3146356.259813
Refix G07: 2, 352342.915598, -3724
Refix G08: 2, 352342.925376, -4509
Refix G09: 2, 352342.923518, -3995
Refix G14: 2, 352342.917318, 2504
Refix G16: 2, 352342.931453, 336
Refix G23: 2, 352342.930031, -2402
Refix G26: 2, 352342.926271, 1241
Refix G27: 2, 352342.931077, -2904
Refix G31: 2, 352342.920524, 923
$GNGGA,015205.000,2944.9069,N,10633.0934,E,1,29,0.5,326.4,M,,,,0000*1B
$GNRMC,015205.000,A,2944.9069,N,10633.0934,E,0.17,0.00,160519,,*16
$GPGSA,A,3,07,08,09,14,16,23,26,27,31,,,,0.6,0.5,0.3*34
$BDGSA,A,3,01,02,03,04,06,07,09,10,11,16,23,25,0.6,0.5,0.3*2F
$GLGSA,A,3,01,07,08,09,19,20,,,,,,,0.6,0.5,0.3*23
$GPGSV,3,1,10,03,00,000,34,07,07,299,42,08,34,188,42,09,26,315,43*7F
$GPGSV,3,2,10,16,61,008,44,23,59,291,45,26,37,040,42,27,60,150,44*72
$GPGSV,3,3,10,31,20,095,43,14,06,149,37*78
$BDGSV,3,1,12,01,40,125,40,02,45,218,40,03,54,172,42,04,23,109,41*6A
$BDGSV,3,2,12,32,31,247,41,06,42,169,40,07,65,009,43,09,68,205,44*6D
$BDGSV,3,3,12,10,62,300,42,11,35,066,42,16,48,176,42,23,58,009,45*62
$B3CN0,0,0,0,0,0,0,0,0,0,0,0,0,0,0*4C
$GLGSV,2,1,08,08,41,282,46,07,33,214,47,19,29,058,37,20,33,128,41*6C
$GLGSV,2,2,08,01,15,324,38,09,38,033,46,26,00,000,46,18,00,020,00*6B
$ini_pos,lastpos_good = 1,ini_pos.x:-1578916.281682,ini_pos.y:5312771.975773,ini_pos.z:3146356.409150
Refix G07: 2, 352343.915601, -3721
Refix G08: 2, 352343.925379, -4505
Refix G09: 2, 352343.923521, -3991
Refix G14: 2, 352343.917316, 2507
Refix G16: 2, 352343.931453, 341
Refix G23: 2, 352343.930032, -2398
Refix G26: 2, 352343.926270, 1245
Refix G27: 2, 352343.931079, -2899
Refix G31: 2, 352343.920523, 927
$GNGGA,015206.000,2944.9069,N,10633.0934,E,1,29,0.5,326.5,M,,,,0000*19
$GNRMC,015206.000,A,2944.9069,N,10633.0934,E,0.43,0.00,160519,,*14
$GPGSA,A,3,07,08,09,14,16,23,26,27,31,,,,0.6,0.5,0.3*34
$BDGSA,A,3,01,02,03,04,06,07,09,10,11,16,23,25,0.6,0.5,0.3*2F
$GLGSA,A,3,01,07,08,09,19,20,,,,,,,0.6,0.5,0.3*23
$GPGSV,3,1,10,03,00,000,34,07,07,299,42,08,34,188,42,09,26,315,42*7E
$GPGSV,3,2,10,16,61,008,44,23,59,291,45,26,37,040,42,27,60,150,45*73
$GPGSV,3,3,10,31,20,095,43,14,06,149,36*79
$BDGSV,3,1,12,01,40,125,40,02,45,218,38,03,54,172,42,04,23,109,40*64
$BDGSV,3,2,12,32,31,247,40,06,42,169,40,07,65,009,42,09,68,205,44*6D
$BDGSV,3,3,12,10,62,300,42,11,35,066,42,16,48,176,42,23,58,009,45*62
$B3CN0,0,0,0,0,0,0,0,0,0,0,0,0,0,0*4C
$GLGSV,2,1,08,08,41,282,46,07,33,214,47,19,29,058,37,20,33,128,41*6C
$GLGSV,2,2,08,01,15,324,37,09,38,033,46,26,00,000,46,18,00,020,00*64
$ini_pos,lastpos_good = 1,ini_pos.x:-1578916.235074,ini_pos.y:5312772.030372,ini_pos.z:3146356.431518
Refix G07: 2, 352344.915603, -3726
Refix G08: 2, 352344.925382, -4510
Refix G09: 2, 352344.923523, -3997
Refix G14: 2, 352344.917315, 2501
Refix G16: 2, 352344.931453, 335
Refix G23: 2, 352344.930034, -2403
Refix G26: 2, 352344.926269, 1238
Refix G27: 2, 352344.931081, -2905
Refix G31: 2, 352344.920523, 921
$GNGGA,015207.000,2944.9070,N,10633.0934,E,1,29,0.5,326.4,M,,,,0000*11
$GNRMC,015207.000,A,2944.9070,N,10633.0934,E,0.03,0.00,160519,,*19
$GPGSA,A,3,07,08,09,14,16,23,26,27,31,,,,0.6,0.5,0.3*34
$BDGSA,A,3,01,02,03,04,06,07,09,10,11,16,23,25,0.6,0.5,0.3*2F
$GLGSA,A,3,01,07,08,09,19,20,,,,,,,0.6,0.5,0.3*23
$GPGSV,3,1,10,03,00,000,34,07,07,299,41,08,34,188,42,09,26,315,42*7D
$GPGSV,3,2,10,16,61,008,44,23,59,291,45,26,37,040,42,27,60,150,44*72
$GPGSV,3,3,10,31,20,095,43,14,06,149,37*78
$BDGSV,3,1,12,01,40,125,41,02,45,218,40,03,54,172,42,04,23,109,40*6A
$BDGSV,3,2,12,32,31,247,40,06,42,169,40,07,65,009,43,09,67,205,44*63
$BDGSV,3,3,12,10,62,300,43,11,35,066,42,16,48,176,42,23,58,010,45*6B
$B3CN0,0,18,0,0,0,0,0,0,0,0,0,0,0,0*75
$GLGSV,2,1,08,08,41,282,46,07,33,214,47,19,29,058,37,20,33,128,41*6C
$GLGSV,2,2,08,01,15,324,38,09,38,033,45,26,00,000,46,18,00,020,00*68
$ini_pos,lastpos_good = 1,ini_pos.x:-1578916.215963,ini_pos.y:5312771.911332,ini_pos.z:3146356.529397
Refix G07: 2, 352345.915605, -3723
Refix G08: 2, 352345.925385, -4506
Refix G09: 2, 352345.923526, -3992
Refix G14: 2, 352345.917313, 2505
Refix G16: 2, 352345.931453, 340
Refix G23: 2, 352345.930035, -2398
Refix G26: 2, 352345.926268, 1243
Refix G27: 2, 352345.931083, -2899
Refix G31: 2, 352345.920522, 925
$GNGGA,015208.000,2944.9071,N,10633.0934,E,1,29,0.5,326.4,M,,,,0000*1F
$GNRMC,015208.000,A,2944.9071,N,10633.0934,E,0.16,0.00,160519,,*13
$GPGSA,A,3,07,08,09,14,16,23,26,27,31,,,,0.6,0.5,0.3*34
$BDGSA,A,3,01,02,03,04,06,07,09,10,11,16,23,25,0.6,0.5,0.3*2F
$GLGSA,A,3,01,07,08,09,19,20,,,,,,,0.6,0.5,0.3*23
$GPGSV,3,1,10,03,00,000,34,07,07,299,42,08,34,188,41,09,26,315,43*7C
$GPGSV,3,2,10,16,61,008,44,23,59,291,45,26,37,040,42,27,60,150,45*73
$GPGSV,3,3,10,31,20,095,43,14,06,149,37*78
$BDGSV,3,1,12,01,40,125,40,02,45,218,40,03,54,172,43,04,23,109,41*6B
$BDGSV,3,2,12,32,31,247,40,06,42,169,40,07,65,009,43,09,67,205,44*63
$BDGSV,3,3,12,10,62,300,42,11,35,066,42,16,48,176,42,23,58,010,45*6A
$B3CN0,0,18,0,0,0,0,0,0,0,0,0,0,0,0*75
$GLGSV,2,1,08,08,41,282,46,07,33,214,47,19,29,058,37,20,33,128,41*6C
$GLGSV,2,2,08,01,15,324,38,09,38,033,46,26,00,000,45,18,00,020,00*68
$ini_pos,lastpos_good = 1,ini_pos.x:-1578916.191879,ini_pos.y:5312771.814165,ini_pos.z:3146356.668095
Refix G07: 2, 352346.915608, -3724
Refix G08: 2, 352346.925388, -4505
Refix G09: 2, 352346.923528, -3992
Refix G14: 2, 352346.917312, 2505
Refix G16: 2, 352346.931452, 340
Refix G23: 2, 352346.930037, -2397
Refix G26: 2, 352346.926268, 1243
Refix G27: 2, 352346.931084, -2899
Refix G31: 2, 352346.920521, 925
$GNGGA,015209.000,2944.9071,N,10633.0934,E,1,29,0.5,326.0,M,,,,0000*1A
$GNRMC,015209.000,A,2944.9071,N,10633.0934,E,0.20,0.00,160519,,*17
$GPGSA,A,3,07,08,09,14,16,23,26,27,31,,,,0.6,0.5,0.3*34
$BDGSA,A,3,01,02,03,04,06,07,09,10,11,16,23,25,0.6,0.5,0.3*2F
$GLGSA,A,3,01,07,08,09,19,20,,,,,,,0.6,0.5,0.3*23
$GPGSV,3,1,10,03,00,000,34,07,07,299,42,08,34,188,42,09,26,315,43*7F
$GPGSV,3,2,10,16,61,008,44,23,59,291,45,26,37,040,42,27,60,150,44*72
$GPGSV,3,3,10,31,20,095,43,14,06,149,38*77
$BDGSV,3,1,12,01,40,125,41,02,45,218,39,03,54,172,43,04,23,109,40*65
$BDGSV,3,2,12,32,31,247,40,06,42,169,40,07,65,009,43,09,67,205,43*64
$BDGSV,3,3,12,10,62,300,42,11,35,066,41,16,48,176,42,23,58,010,45*69
$B3CN0,0,0,0,0,0,0,0,0,0,0,0,0,0,0*4C
$GLGSV,2,1,08,08,41,282,46,07,33,214,47,19,29,058,38,20,33,128,41*63
$GLGSV,2,2,08,01,15,324,38,09,38,033,45,26,00,000,45,18,00,020,00*6B
$ini_pos,lastpos_good = 1,ini_pos.x:-1578916.001269,ini_pos.y:5312771.426236,ini_pos.z:3146356.492441
Refix G07: 2, 352347.915610, -3722
Refix G08: 2, 352347.925391, -4505
Refix G09: 2, 352347.923531, -3991
Refix G14: 2, 352347.917310, 2506
Refix G16: 2, 352347.931452, 340
Refix G23: 2, 352347.930038, -2397
Refix G26: 2, 352347.926267, 1243
Refix G27: 2, 352347.931086, -2898
Refix G31: 2, 352347.920521, 926
$GNGGA,015210.000,2944.9071,N,10633.0934,E,1,29,0.5,326.0,M,,,,0000*12
$GNRMC,015210.000,A,2944.9071,N,10633.0934,E,0.12,0.00,160519,,*1E
$GPGSA,A,3,07,08,09,14,16,23,26,27,31,,,,0.6,0.5,0.3*34
$BDGSA,A,3,01,02,03,04,06,07,09,10,11,16,23,25,0.6,0.5,0.3*2F
$GLGSA,A,3,01,07,08,09,19,20,,,,,,,0.6,0.5,0.3*23
$GPGSV,3,1,10,03,00,000,35,07,07,299,42,08,34,188,42,09,26,315,42*7F
$GPGSV,3,2,10,16,61,008,44,23,59,291,44,26,37,040,42,27,60,150,44*73
$GPGSV,3,3,10,31,20,095,43,14,06,149,37*78
$BDGSV,3,1,12,01,40,125,42,02,45,218,39,03,54,172,43,04,23,109,40*66
$BDGSV,3,2,12,32,31,247,40,06,42,169,40,07,65,009,43,09,67,205,43*64
$BDGSV,3,3,12,10,62,300,42,11,35,066,42,16,48,176,43,23,58,010,44*6A
$B3CN0,0,0,0,0,0,0,0,0,0,0,0,0,0,0*4C
$GLGSV,2,1,08,08,41,282,47,07,33,214,47,19,29,058,37,20,33,128,41*6D
$GLGSV,2,2,08,01,15,324,38,09,38,033,46,26,00,000,45,18,00,020,00*68
$ini_pos,lastpos_good = 1,ini_pos.x:-1578916.005115,ini_pos.y:5312771.475306,ini_pos.z:3146356.463907
Refix G07: 2, 352348.915612, -3723
Refix G08: 2, 352348.925393, -4505
Refix G09: 2, 352348.923533, -3991
Refix G14: 2, 352348.917308, 2506
Refix G16: 2, 352348.931452, 341
Refix G23: 2, 352348.930040, -2396
Refix G26: 2, 352348.926266, 1244
Refix G27: 2, 352348.931088, -2897
Refix G31: 2, 352348.920520, 926
$GNGGA,015211.000,2944.9071,N,10633.0933,E,1,29,0.5,325.6,M,,,,0000*11
$GNRMC,015211.000,A,2944.9071,N,10633.0933,E,0.24,0.00,160519,,*1D
$GPGSA,A,3,07,08,09,14,16,23,26,27,31,,,,0.6,0.5,0.3*34
$BDGSA,A,3,01,02,03,04,06,07,09,10,11,16,23,25,0.6,0.5,0.3*2F
$GLGSA,A,3,01,07,08,09,19,20,,,,,,,0.6,0.5,0.3*23
$GPGSV,3,1,10,03,00,000,35,07,07,299,41,08,34,188,42,09,26,315,43*7D
$GPGSV,3,2,10,16,61,008,44,23,59,291,44,26,37,040,42,27,60,150,43*74
$GPGSV,3,3,10,31,20,095,43,14,06,149,37*78
$BDGSV,3,1,12,01,40,125,40,02,45,218,38,03,54,172,42,04,23,109,40*64
$BDGSV,3,2,12,32,31,247,40,06,42,169,40,07,65,009,42,09,67,205,43*65
$BDGSV,3,3,12,10,62,300,42,11,35,066,42,16,48,176,42,23,58,010,45*6A
$B3CN0,0,0,0,0,0,0,0,0,0,0,0,0,0,0*4C
$GLGSV,2,1,08,08,41,282,46,07,33,214,46,19,29,058,38,20,33,128,41*62
$GLGSV,2,2,08,01,15,324,38,09,38,033,46,26,00,000,45,18,00,020,00*68
$ini_pos,lastpos_good = 1,ini_pos.x:-1578915.853242,ini_pos.y:5312771.206875,ini_pos.z:3146356.294398
Refix G07: 2, 352349.915615, -3724
Refix G08: 2, 352349.925396, -4504
Refix G09: 2, 352349.923536, -3991
Refix G14: 2, 352349.917307, 2505
Refix G16: 2, 352349.931452, 340
Refix G23: 2, 352349.930041, -2396
Refix G26: 2, 352349.926265, 1243
Refix G27: 2, 352349.931090, -2897
Refix G31: 2, 352349.920519, 925
$GNGGA,015212.000,2944.9070,N,10633.0934,E,1,29,0.5,325.8,M,,,,0000*1A
$GNRMC,015212.000,A,2944.9070,N,10633.0934,E,0.12,0.00,160519,,*1D
$GPGSA,A,3,07,08,09,14,16,23,26,27,31,,,,0.6,0.5,0.3*34
$BDGSA,A,3,01,02,03,04,06,07,09,10,11,16,23,25,0.6,0.5,0.3*2F
$GLGSA,A,3,01,07,08,09,19,20,,,,,,,0.6,0.5,0.3*23
$GPGSV,3,1,10,03,00,000,35,07,07,299,41,08,34,188,42,09,26,315,42*7C
$GPGSV,3,2,10,16,61,008,44,23,59,291,44,26,37,040,42,27,60,150,44*73
$GPGSV,3,3,10,31,20,095,43,14,06,149,37*78
$BDGSV,3,1,12,01,40,125,40,02,45,218,39,03,54,172,43,04,23,109,40*64
$BDGSV,3,2,12,32,31,247,40,06,42,169,40,07,65,009,43,09,67,205,43*64
$BDGSV,3,3,12,10,62,300,42,11,35,066,42,16,48,176,42,23,58,010,44*6B
$B3CN0,0,0,0,0,0,0,0,0,0,0,0,0,0,0*4C
$GLGSV,2,1,08,08,41,282,46,07,33,214,47,19,29,058,37,20,33,128,41*6C
$GLGSV,2,2,08,01,15,324,38,09,38,033,46,26,00,000,45,18,00,020,00*68
$ini_pos,lastpos_good = 1,ini_pos.x:-1578915.962118,ini_pos.y:5312771.372410,ini_pos.z:3146356.203492
Refix G07: 2, 352350.915617, -3726
Refix G08: 2, 352350.925399, -4506
Refix G09: 2, 352350.923538, -3993
Refix G14: 2, 352350.917305, 2504
Refix G16: 2, 352350.931451, 338
Refix G23: 2, 352350.930043, -2398
Refix G26: 2, 352350.926264, 1241
Refix G27: 2, 352350.931092, -2899
Refix G31: 2, 352350.920519, 924
$GNGGA,015213.000,2944.9070,N,10633.0934,E,1,29,0.5,325.6,M,,,,0000*15
$GNRMC,015213.000,A,2944.9070,N,10633.0934,E,0.25,0.00,160519,,*18
$GPGSA,A,3,07,08,09,14,16,23,26,27,31,,,,0.6,0.5,0.3*34
$BDGSA,A,3,01,02,03,04,06,07,09,10,11,16,23,25,0.6,0.5,0.3*2F
$GLGSA,A,3,01,07,08,09,19,20,,,,,,,0.6,0.5,0.3*23
$GPGSV,3,1,10,03,00,000,34,07,07,300,42,08,34,188,42,09,26,315,42*7F
$GPGSV,3,2,10,16,61,008,43,23,59,290,44,26,37,040,42,27,60,150,44*75
$GPGSV,3,3,10,31,20,095,42,14,06,149,37*79
$BDGSV,3,1,12,01,40,125,40,02,45,218,40,03,54,172,43,04,23,109,40*6A
$BDGSV,3,2,12,32,31,247,40,06,42,169,40,07,65,009,43,09,67,205,43*64
$BDGSV,3,3,12,10,62,300,42,11,35,066,42,16,48,176,42,23,58,010,44*6B
$B3CN0,0,0,0,0,0,0,0,0,0,0,0,0,0,0*4C
$GLGSV,2,1,08,08,41,282,46,07,33,214,46,19,29,058,38,20,33,128,41*62
$GLGSV,2,2,08,01,15,324,38,09,38,033,46,26,00,000,45,18,00,020,00*68
$ini_pos,lastpos_good = 1,ini_pos.x:-1578915.915471,ini_pos.y:5312771.192376,ini_pos.z:3146356.108774
Refix G07: 2, 352351.915619, -3723
Refix G08: 2, 352351.925402, -4502
Refix G09: 2, 352351.923541, -3989
Refix G14: 2, 352351.917303, 2507
Refix G16: 2, 352351.931451, 344
Refix G23: 2, 352351.930044, -2392
Refix G26: 2, 352351.926264, 1245
Refix G27: 2, 352351.931093, -2893
Refix G31: 2, 352351.920518, 928
$GNGGA,015214.000,2944.9070,N,10633.0934,E,1,29,0.5,325.5,M,,,,0000*11
$GNRMC,015214.000,A,2944.9070,N,10633.0934,E,0.27,0.00,160519,,*1D
$GPGSA,A,3,07,08,09,14,16,23,26,27,31,,,,0.6,0.5,0.3*34
$BDGSA,A,3,01,02,03,04,06,07,09,10,11,16,23,25,0.6,0.5,0.3*2F
$GLGSA,A,3,01,07,08,09,19,20,,,,,,,0.6,0.5,0.3*23
$GPGSV,3,1,10,03,00,000,34,07,07,300,42,08,34,188,42,09,26,315,41*7C
$GPGSV,3,2,10,16,61,008,44,23,59,290,44,26,37,040,42,27,60,150,44*72
$GPGSV,3,3,10,31,20,095,43,14,06,149,37*78
$BDGSV,3,1,12,01,40,125,40,02,45,218,39,03,54,172,42,04,23,109,40*65
$BDGSV,3,2,12,32,31,247,40,06,42,169,40,07,65,009,43,09,67,205,43*64
$BDGSV,3,3,12,10,62,300,42,11,35,066,42,16,48,176,42,23,58,010,44*6B
$B3CN0,0,0,0,0,0,0,0,0,0,0,0,0,0,0*4C
$GLGSV,2,1,08,08,41,282,47,07,33,214,47,19,29,058,38,20,33,128,41*62
$GLGSV,2,2,08,01,15,324,37,09,38,033,46,26,00,000,45,18,00,020,00*67
$ini_pos,lastpos_good = 1,ini_pos.x:-1578915.969380,ini_pos.y:5312771.100291,ini_pos.z:3146356.080164
Refix G07: 2, 352352.915622, -3724
Refix G08: 2, 352352.925405, -4504
Refix G09: 2, 352352.923543, -3990
Refix G14: 2, 352352.917302, 2506
Refix G16: 2, 352352.931451, 342
Refix G23: 2, 352352.930046, -2394
Refix G26: 2, 352352.926263, 1243
Refix G27: 2, 352352.931095, -2895
Refix G31: 2, 352352.920518, 926
$GNGGA,015215.000,2944.9070,N,10633.0935,E,1,29,0.5,325.7,M,,,,0000*13
$GNRMC,015215.000,A,2944.9070,N,10633.0935,E,0.12,0.00,160519,,*1B
$GPGSA,A,3,07,08,09,14,16,23,26,27,31,,,,0.6,0.5,0.3*34
$BDGSA,A,3,01,02,03,04,06,07,09,10,11,16,23,25,0.6,0.5,0.3*2F
$GLGSA,A,3,01,07,08,09,19,20,,,,,,,0.6,0.5,0.3*23
$GPGSV,3,1,10,03,00,000,34,07,07,300,42,08,34,188,41,09,26,315,41*7F
$GPGSV,3,2,10,16,61,008,44,23,59,290,45,26,37,040,42,27,60,150,44*73
$GPGSV,3,3,10,31,20,095,42,14,06,149,38*76
$BDGSV,3,1,12,01,40,125,40,02,45,218,40,03,54,172,43,04,23,109,40*6A
$BDGSV,3,2,12,32,31,247,40,06,42,169,40,07,65,009,43,09,67,205,43*64
$BDGSV,3,3,12,10,62,300,42,11,35,066,42,16,48,176,42,23,58,010,45*6A
$B3CN0,0,0,0,0,0,0,0,0,0,0,0,0,0,0*4C
$GLGSV,2,1,08,08,41,282,46,07,33,214,47,19,29,058,37,20,33,128,41*6C
$GLGSV,2,2,08,01,15,324,38,09,38,033,46,26,00,000,45,18,00,020,00*68
$ini_pos,lastpos_good = 1,ini_pos.x:-1578916.219079,ini_pos.y:5312771.291427,ini_pos.z:3146356.170471
Refix G07: 2, 352353.915624, -3725
Refix G08: 2, 352353.925408, -4504
Refix G09: 2, 352353.923546, -3991
Refix G14: 2, 352353.917300, 2505
Refix G16: 2, 352353.931451, 341
Refix G23: 2, 352353.930047, -2395
Refix G26: 2, 352353.926262, 1243
Refix G27: 2, 352353.931097, -2896
Refix G31: 2, 352353.920517, 926
$GNGGA,015216.000,2944.9070,N,10633.0935,E,1,29,0.5,325.5,M,,,,0000*12
$GNRMC,015216.000,A,2944.9070,N,10633.0935,E,0.23,0.00,160519,,*1A
$GPGSA,A,3,07,08,09,14,16,23,26,27,31,,,,0.6,0.5,0.3*34
$BDGSA,A,3,01,02,03,04,06,07,09,10,11,16,23,25,0.6,0.5,0.3*2F
$GLGSA,A,3,01,07,08,09,19,20,,,,,,,0.6,0.5,0.3*23
$GPGSV,3,1,10,03,00,000,34,07,07,300,41,08,34,188,42,09,26,315,42*7C
$GPGSV,3,2,10,16,61,008,43,23,59,290,45,26,37,040,42,27,60,150,44*74
$GPGSV,3,3,10,31,20,095,43,14,06,149,37*78
$BDGSV,3,1,12,01,40,125,41,02,45,218,37,03,54,172,42,04,23,109,39*64
$BDGSV,3,2,12,32,31,247,40,06,42,169,40,07,65,009,43,09,67,205,43*64
$BDGSV,3,3,12,10,62,300,42,11,35,066,42,16,48,176,42,23,58,010,45*6A
$B3CN0,0,0,0,0,0,0,0,0,0,0,0,0,0,0*4C
$GLGSV,3,1,09,08,41,282,47,07,33,214,47,19,29,058,37,20,33,128,42*6E
$GLGSV,3,2,09,01,15,324,38,09,38,033,46,26,00,000,45,18,00,020,00*68
$GLGSV,3,3,09,21,02,173,00*58
$ini_pos,lastpos_good = 1,ini_pos.x:-1578916.142150,ini_pos.y:5312771.046048,ini_pos.z:3146356.045086
Refix G07: 2, 352354.915626, -3725
Refix G08: 2, 352354.925410, -4503
Refix G09: 2, 352354.923548, -3990
Refix G14: 2, 352354.917299, 2506
Refix G16: 2, 352354.931450, 342
Refix G23: 2, 352354.930049, -2393
Refix G26: 2, 352354.926261, 1244
Refix G27: 2, 352354.931099, -2894
Refix G31: 2, 352354.920516, 927
$GNGGA,015217.000,2944.9069,N,10633.0935,E,1,29,0.5,325.4,M,,,,0000*1A
$GNRMC,015217.000,A,2944.9069,N,10633.0935,E,0.35,0.00,160519,,*14
$GPGSA,A,3,07,08,09,14,16,23,26,27,31,,,,0.6,0.5,0.3*34
$BDGSA,A,3,01,02,03,04,06,07,09,10,11,16,23,25,0.6,0.5,0.3*2F
$GLGSA,A,3,01,07,08,09,19,20,,,,,,,0.6,0.5,0.3*23
$GPGSV,3,1,10,03,00,000,34,07,07,300,40,08,34,188,42,09,26,315,43*7C
$GPGSV,3,2,10,16,61,008,43,23,59,290,46,26,37,040,42,27,60,150,44*77
$GPGSV,3,3,10,31,20,095,42,14,06,149,37*79
$BDGSV,3,1,12,01,40,125,41,02,45,218,40,03,54,172,42,04,23,109,41*6B
$BDGSV,3,2,12,32,31,247,41,06,42,169,40,07,65,009,43,09,67,205,43*65
$BDGSV,3,3,12,10,62,300,42,11,35,066,42,16,48,176,42,23,58,010,45*6A
$B3CN0,0,0,0,0,0,0,0,0,0,0,0,0,0,0*4C
$GLGSV,3,1,09,08,41,282,47,07,33,214,47,19,29,058,38,20,33,128,41*62
$GLGSV,3,2,09,01,15,324,37,09,38,033,46,26,00,000,45,18,00,020,00*67
$GLGSV,3,3,09,21,02,173,00*58
$ini_pos,lastpos_good = 1,ini_pos.x:-1578916.135283,ini_pos.y:5312771.041385,ini_pos.z:3146356.001558
Refix G07: 2, 352355.915629, -3726
Refix G08: 2, 352355.925413, -4505
Refix G09: 2, 352355.923551, -3991
Refix G14: 2, 352355.917297, 2504
Refix G16: 2, 352355.931450, 340
Refix G23: 2, 352355.930050, -2395
Refix G26: 2, 352355.926260, 1241
Refix G27: 2, 352355.931101, -2896
Refix G31: 2, 352355.920516, 925
$GNGGA,015218.000,2944.9070,N,10633.0935,E,1,29,0.5,325.4,M,,,,0000*1D
$GNRMC,015218.000,A,2944.9070,N,10633.0935,E,0.17,0.00,160519,,*13
$GPGSA,A,3,07,08,09,14,16,23,26,27,31,,,,0.6,0.5,0.3*34
$BDGSA,A,3,01,02,03,04,06,07,09,10,11,16,23,25,0.6,0.5,0.3*2F
$GLGSA,A,3,01,07,08,09,19,20,,,,,,,0.6,0.5,0.3*23
$GPGSV,3,1,10,03,00,000,33,07,07,300,40,08,34,188,42,09,26,315,43*7B
$GPGSV,3,2,10,16,61,008,44,23,59,290,45,26,37,040,42,27,60,150,45*72
$GPGSV,3,3,10,31,20,095,42,14,06,149,37*79
$BDGSV,3,1,12,01,40,125,41,02,45,218,39,03,54,172,42,04,23,109,41*65
$BDGSV,3,2,12,32,31,247,40,06,42,169,40,07,65,009,43,09,67,205,43*64
$BDGSV,3,3,12,10,62,300,42,11,35,066,42,16,48,176,42,23,58,010,45*6A
$B3CN0,0,16,0,0,0,0,0,0,0,0,0,0,0,0*7B
$GLGSV,3,1,09,08,41,282,47,07,33,214,46,19,29,058,38,20,33,128,41*63
$GLGSV,3,2,09,01,15,324,37,09,38,033,46,26,00,000,45,18,00,020,00*67
$GLGSV,3,3,09,21,02,173,00*58
$ini_pos,lastpos_good = 1,ini_pos.x:-1578916.125397,ini_pos.y:5312771.015952,ini_pos.z:3146356.029857
Refix G07: 2, 352356.915631, -3726
Refix G08: 2, 352356.925416, -4504
Refix G09: 2, 352356.923553, -3990
Refix G14: 2, 352356.917295, 2505
Refix G16: 2, 352356.931450, 342
Refix G23: 2, 352356.930052, -2393
Refix G26: 2, 352356.926259, 1243
Refix G27: 2, 352356.931103, -2894
Refix G31: 2, 352356.920515, 926
$GNGGA,015219.000,2944.9070,N,10633.0936,E,1,29,0.5,325.4,M,,,,0000*1F
$GNRMC,015219.000,A,2944.9070,N,10633.0936,E,0.27,0.00,160519,,*12
$GPGSA,A,3,07,08,09,14,16,23,26,27,31,,,,0.6,0.5,0.3*34
$BDGSA,A,3,01,02,03,04,06,07,09,10,11,16,23,25,0.6,0.5,0.3*2F
$GLGSA,A,3,01,07,08,09,19,20,,,,,,,0.6,0.5,0.3*23
$GPGSV,3,1,10,03,00,000,34,07,07,300,40,08,34,188,42,09,26,315,43*7C
$GPGSV,3,2,10,16,61,008,44,23,59,290,45,26,37,040,42,27,60,150,44*73
$GPGSV,3,3,10,31,20,095,41,14,06,149,37*7A
$BDGSV,3,1,12,01,40,125,41,02,45,218,38,03,54,172,42,04,23,109,40*65
$BDGSV,3,2,12,32,31,247,40,06,42,169,40,07,65,009,43,09,67,205,44*63
$BDGSV,3,3,12,10,62,300,42,11,35,066,43,16,48,176,42,23,58,010,45*6B
$B3CN0,0,0,0,0,0,0,0,0,0,0,0,0,0,0*4C
$GLGSV,3,1,09,08,41,282,47,07,33,214,46,19,29,058,37,20,33,128,42*6F
$GLGSV,3,2,09,01,15,324,37,09,38,033,46,26,00,000,45,18,00,020,00*67
$GLGSV,3,3,09,21,02,173,00*58
$ini_pos,lastpos_good = 1,ini_pos.x:-1578916.234742,ini_pos.y:5312770.930539,ini_pos.z:3146356.068356
Refix G07: 2, 352357.915633, -3725
Refix G08: 2, 352357.925419, -4502
Refix G09: 2, 352357.923556, -3988
Refix G14: 2, 352357.917294, 2506
Refix G16: 2, 352357.931450, 344
Refix G23: 2, 352357.930053, -2391
Refix G26: 2, 352357.926259, 1244
Refix G27: 2, 352357.931104, -2892
Refix G31: 2, 352357.920515, 927
$GNGGA,015220.000,2944.9070,N,10633.0936,E,1,29,0.5,325.1,M,,,,0000*10
$GNRMC,015220.000,A,2944.9070,N,10633.0936,E,0.36,0.00,160519,,*18
$GPGSA,A,3,07,08,09,14,16,23,26,27,31,,,,0.6,0.5,0.3*34
$BDGSA,A,3,01,02,03,04,06,07,09,10,11,16,23,25,0.6,0.5,0.3*2F
$GLGSA,A,3,01,07,08,09,19,20,,,,,,,0.6,0.5,0.3*23
$GPGSV,3,1,10,03,00,000,34,07,07,300,40,08,34,188,42,09,26,315,43*7C
$GPGSV,3,2,10,16,61,008,44,23,59,290,45,26,37,040,42,27,60,150,44*73
$GPGSV,3,3,10,31,20,095,43,14,06,149,37*78
$BDGSV,3,1,12,01,40,125,41,02,45,218,39,03,54,172,42,04,23,109,41*65
$BDGSV,3,2,12,32,31,247,41,06,42,169,40,07,65,009,42,09,67,205,44*63
$BDGSV,3,3,12,10,62,300,42,11,35,066,42,16,48,176,42,23,58,010,45*6A
$B3CN0,0,0,0,0,0,0,0,0,0,0,0,0,0,0*4C
$GLGSV,3,1,09,08,41,282,47,07,33,214,46,19,29,058,38,20,33,128,41*63
$GLGSV,3,2,09,01,15,324,38,09,38,033,46,26,00,000,44,18,00,020,00*69
$GLGSV,3,3,09,21,02,173,00*58
$ini_pos,lastpos_good = 1,ini_pos.x:-1578916.155208,ini_pos.y:5312770.670427,ini_pos.z:3146355.954437
Refix G07: 2, 352358.915636, -3728
Refix G08: 2, 352358.925422, -4506
Refix G09: 2, 352358.923558, -3992
Refix G14: 2, 352358.917292, 2503
Refix G16: 2, 352358.931449, 340
Refix G23: 2, 352358.930055, -2395
Refix G26: 2, 352358.926258, 1240
Refix G27: 2, 352358.931106, -2895
Refix G31: 2, 352358.920514, 924
$GNGGA,015221.000,2944.9070,N,10633.0935,E,1,29,0.5,324.9,M,,,,0000*1B
$GNRMC,015221.000,A,2944.9070,N,10633.0935,E,0.19,0.00,160519,,*17
$GPGSA,A,3,07,08,09,14,16,23,26,27,31,,,,0.6,0.5,0.3*34
$BDGSA,A,3,01,02,03,04,06,07,09,10,11,16,23,25,0.6,0.5,0.3*2F
$GLGSA,A,3,01,07,08,09,19,20,,,,,,,0.6,0.5,0.3*23
$GPGSV,3,1,10,03,00,000,34,07,07,300,40,08,34,188,41,09,26,315,43*7F
$GPGSV,3,2,10,16,61,008,44,23,59,290,45,26,37,040,42,27,60,150,44*73
$GPGSV,3,3,10,31,20,095,43,14,06,149,37*78
$BDGSV,3,1,12,01,40,125,40,02,45,218,40,03,54,172,43,04,23,109,40*6A
$BDGSV,3,2,12,32,31,247,41,06,42,169,40,07,65,009,43,09,67,205,44*62
$BDGSV,3,3,12,10,62,300,42,11,35,066,42,16,48,176,42,23,58,010,45*6A
$B3CN0,0,0,0,0,0,0,0,0,0,0,0,0,0,0*4C
$GLGSV,3,1,09,08,41,282,47,07,33,214,47,19,29,058,38,20,33,128,41*62
$GLGSV,3,2,09,01,15,324,38,09,38,033,46,26,00,000,45,18,00,020,00*68
$GLGSV,3,3,09,21,02,173,00*58
$ini_pos,lastpos_good = 1,ini_pos.x:-1578915.984794,ini_pos.y:5312770.482665,ini_pos.z:3146355.865143
Refix G07: 2, 352359.915638, -3726
Refix G08: 2, 352359.925425, -4502
Refix G09: 2, 352359.923561, -3988
Refix G14: 2, 352359.917290, 2506
Refix G16: 2, 352359.931449, 344
Refix G23: 2, 352359.930056, -2391
Refix G26: 2, 352359.926257, 1244
Refix G27: 2, 352359.931108, -2891
Refix G31: 2, 352359.920513, 927
$GNGGA,015222.000,2944.9070,N,10633.0935,E,1,29,0.5,325.0,M,,,,0000*10
$GNRMC,015222.000,A,2944.9070,N,10633.0935,E,0.33,0.00,160519,,*1C
$GPGSA,A,3,07,08,09,14,16,23,26,27,31,,,,0.6,0.5,0.3*34
$BDGSA,A,3,01,02,03,04,06,07,09,10,11,16,23,25,0.6,0.5,0.3*2F
$GLGSA,A,3,01,07,08,09,19,20,,,,,,,0.6,0.5,0.3*23
$GPGSV,3,1,10,03,00,000,34,07,07,300,41,08,34,188,42,09,26,315,43*7D
$GPGSV,3,2,10,16,61,008,44,23,59,290,45,26,37,040,42,27,60,150,45*72
$GPGSV,3,3,10,31,20,095,43,14,06,149,37*78
$BDGSV,3,1,12,01,40,125,41,02,45,218,39,03,54,172,42,04,23,109,39*6A
$BDGSV,3,2,12,32,31,247,41,06,42,169,40,07,65,009,43,09,67,205,43*65
$BDGSV,3,3,12,10,62,300,42,11,35,066,42,16,48,176,42,23,58,010,45*6A
$B3CN0,0,0,0,0,0,0,0,0,0,0,0,0,0,0*4C
$GLGSV,3,1,09,08,41,282,47,07,33,214,46,19,29,058,38,20,33,128,41*63
$GLGSV,3,2,09,01,15,324,37,09,38,033,46,26,00,000,45,18,00,020,00*67
$GLGSV,3,3,09,21,02,173,00*58
$ini_pos,lastpos_good = 1,ini_pos.x:-1578916.020578,ini_pos.y:5312770.637454,ini_pos.z:3146355.930990
Refix G07: 2, 352360.915640, -3726
Refix G08: 2, 352360.925427, -4502
Refix G09: 2, 352360.923563, -3988
Refix G14: 2, 352360.917289, 2506
Refix G16: 2, 352360.931449, 343
Refix G23: 2, 352360.930058, -2390
Refix G26: 2, 352360.926256, 1243
Refix G27: 2, 352360.931110, -2891
Refix G31: 2, 352360.920513, 927
$GNGGA,015223.000,2944.9071,N,10633.0935,E,1,29,0.5,324.9,M,,,,0000*18
$GNRMC,015223.000,A,2944.9071,N,10633.0935,E,0.24,0.00,160519,,*1A
$GPGSA,A,3,07,08,09,14,16,23,26,27,31,,,,0.6,0.5,0.3*34
$BDGSA,A,3,01,02,03,04,06,07,09,10,11,16,23,25,0.6,0.5,0.3*2F
$GLGSA,A,3,01,07,08,09,19,20,,,,,,,0.6,0.5,0.3*23
$GPGSV,3,1,10,03,00,000,33,07,07,300,41,08,34,188,41,09,26,315,43*79
$GPGSV,3,2,10,16,61,008,44,23,59,290,45,26,37,040,41,27,60,150,45*71
$GPGSV,3,3,10,31,20,095,43,14,06,149,37*78
$BDGSV,3,1,12,01,40,125,40,02,45,218,39,03,54,172,43,04,23,109,40*64
$BDGSV,3,2,12,32,31,247,41,06,42,169,40,07,65,009,43,09,67,205,44*62
$BDGSV,3,3,12,10,62,300,42,11,35,066,42,16,48,176,41,23,58,010,44*68
$B3CN0,0,0,0,0,0,0,0,0,0,0,0,0,0,0*4C
$GLGSV,3,1,09,08,41,282,47,07,33,214,46,19,29,058,37,20,33,128,42*6F
$GLGSV,3,2,09,01,15,324,37,09,38,033,46,26,00,000,45,18,00,020,00*67
$GLGSV,3,3,09,21,02,173,00*58
$ini_pos,lastpos_good = 1,ini_pos.x:-1578915.977904,ini_pos.y:5312770.486593,ini_pos.z:3146355.946790
Refix G07: 2, 352361.915643, -3728
Refix G08: 2, 352361.925430, -4505
Refix G09: 2, 352361.923566, -3990
Refix G14: 2, 352361.917287, 2503
Refix G16: 2, 352361.931449, 341
Refix G23: 2, 352361.930059, -2392
Refix G26: 2, 352361.926255, 1240
Refix G27: 2, 352361.931112, -2893
Refix G31: 2, 352361.920512, 924
$GNGGA,015224.000,2944.9071,N,10633.0935,E,1,29,0.5,324.7,M,,,,0000*11
$GNRMC,015224.000,A,2944.9071,N,10633.0935,E,0.07,0.00,160519,,*1C
$GPGSA,A,3,07,08,09,14,16,23,26,27,31,,,,0.6,0.5,0.3*34
$BDGSA,A,3,01,02,03,04,06,07,09,10,11,16,23,25,0.6,0.5,0.3*2F
$GLGSA,A,3,01,07,08,09,19,20,,,,,,,0.6,0.5,0.3*23
$GPGSV,3,1,10,03,00,000,33,07,07,300,40,08,34,188,41,09,26,315,43*78
$GPGSV,3,2,10,16,61,008,44,23,59,290,45,26,37,040,42,27,60,150,44*73
$GPGSV,3,3,10,31,20,095,43,14,06,149,37*78
$BDGSV,3,1,12,01,40,125,39,02,45,218,39,03,54,172,42,04,23,109,40*6B
$BDGSV,3,2,12,32,31,247,41,06,42,169,40,07,65,009,43,09,67,205,43*65
$BDGSV,3,3,12,10,62,300,43,11,35,066,42,16,48,176,42,23,58,010,45*6B
$B3CN0,0,0,0,0,0,0,0,0,0,0,0,0,0,0*4C
$GLGSV,3,1,09,08,41,282,47,07,33,214,47,19,29,058,37,20,33,128,41*6D
$GLGSV,3,2,09,01,15,324,37,09,38,033,46,26,00,000,44,18,00,020,00*66
$GLGSV,3,3,09,21,02,173,00*58
$ini_pos,lastpos_good = 1,ini_pos.x:-1578915.869606,ini_pos.y:5312770.261538,ini_pos.z:3146355.892484
Refix G07: 2, 352362.915645, -3731
Refix G08: 2, 352362.925433, -4507
Refix G09: 2, 352362.923568, -3993
Refix G14: 2, 352362.917286, 2501
Refix G16: 2, 352362.931448, 338
Refix G23: 2, 352362.930061, -2395
Refix G26: 2, 352362.926255, 1238
Refix G27: 2, 352362.931113, -2895
Refix G31: 2, 352362.920511, 922
$GNGGA,015225.000,2944.9071,N,10633.0934,E,1,29,0.5,324.5,M,,,,0000*13
$GNRMC,015225.000,A,2944.9071,N,10633.0934,E,0.20,0.00,160519,,*19
$GPGSA,A,3,07,08,09,14,16,23,26,27,31,,,,0.6,0.5,0.3*34
$BDGSA,A,3,01,02,03,04,06,07,09,10,11,16,23,25,0.6,0.5,0.3*2F
$GLGSA,A,3,01,07,08,09,19,20,,,,,,,0.6,0.5,0.3*23
$GPGSV,3,1,10,03,00,000,33,07,07,300,41,08,34,188,42,09,26,315,43*7A
$GPGSV,3,2,10,16,61,008,44,23,59,290,45,26,37,040,42,27,60,150,44*73
$GPGSV,3,3,10,31,20,095,43,14,06,149,38*77
$BDGSV,3,1,12,01,40,125,39,02,45,218,41,03,54,172,43,04,23,109,40*65
$BDGSV,3,2,12,32,31,247,41,06,42,169,40,07,65,009,42,09,67,205,43*64
$BDGSV,3,3,12,10,62,300,43,11,35,066,42,16,48,176,42,23,58,010,44*6A
$B3CN0,0,0,0,0,0,0,0,0,0,0,0,0,0,0*4C
$GLGSV,3,1,09,08,41,282,47,07,33,214,46,19,29,058,37,20,33,128,41*6C
$GLGSV,3,2,09,01,15,324,37,09,38,033,46,26,00,000,45,18,00,020,00*67
$GLGSV,3,3,09,21,02,173,00*58
