SD initialized success
Create debug.log Failed! 3
bbram_blkflag = 1
rtcflag = 0
BBRAM Block OK: 01 EPHflag: 08050922 00241adf, rtc 00
Hot-start nowtime:day = 28,minute = 7,seconds = 43.00
GPS 0 Init Dop: 10000,80
GPS 1 Init Dop: -2330, 2
GPS 2 Init Dop: 10000,80
GPS 3 Init Dop: 10000,80
GPS 4 Init Dop: 10000,80
GPS 5 Init Dop:  -884, 2
GPS 6 Init Dop: 10000,80
GPS 7 Init Dop: 10000,80
GPS 8 Init Dop: -3022, 2
GPS 9 Init Dop: 10000,80
GPS10 Init Dop: 10000,80
GPS11 Init Dop: -4306, 2
GPS12 Init Dop: 10000,80
GPS13 Init Dop: 10000,80
GPS14 Init Dop: 10000,80
GPS15 Init Dop: 10000,80
GPS16 Init Dop:  -821, 2
GPS17 Init Dop: 10000,80
GPS18 Init Dop: -1414, 2
GPS19 Init Dop: 10000,80
GPS20 Init Dop: 10000,80
GPS21 Init Dop: 10000,80
GPS22 Init Dop: 10000,80
GPS23 Init Dop: 10000,80
GPS24 Init Dop: 10000,80
GPS25 Init Dop: 10000,80
GPS26 Init Dop: 10000,80
GPS27 Init Dop:  1723, 2
GPS28 Init Dop: 10000,80
GPS29 Init Dop: 10000,80
GPS30 Init Dop: 10000,80
GPS31 Init Dop: 10000,80
BDS 0 Init Dop:  -860, 2
BDS 1 Init Dop:  -930, 2
BDS 2 Init Dop:  -878, 2
BDS 3 Init Dop:  -882, 2
BDS 4 Init Dop:  -911, 2
BDS 5 Init Dop: 10000,80
BDS 6 Init Dop:   501, 2
BDS 7 Init Dop:  -473, 2
BDS 8 Init Dop: 10000,80
BDS 9 Init Dop:   150, 2
BDS10 Init Dop: 10000,80
BDS11 Init Dop: -1791, 2
BDS12 Init Dop:  -660, 2
BDS13 Init Dop: 10000,80
BDS14 Init Dop: 10000,80
BDS15 Init Dop: 10000,80
BDS16 Init Dop: 10000,80
BDS17 Init Dop: 10000,80
BDS18 Init Dop:   169, 2
BDS19 Init Dop: 10000,80
BDS20 Init Dop: 10000,80
BDS21 Init Dop: -2674, 2
BDS22 Init Dop: 10000,80
BDS23 Init Dop: 10000,80
BDS24 Init Dop: 10000,80
BDS25 Init Dop: 10000,80
BDS26 Init Dop: 10000,80
BDS27 Init Dop: 10000,80
BDS28 Init Dop: 10000,80
BDS29 Init Dop: 10000,80
BDS30 Init Dop: 10000,80
BDS31 Init Dop: 10000,80
Good luck!
$ini_pos,lastpos_good = 1,ini_pos.x:-1578921.000000,ini_pos.y:5312780.000000,ini_pos.z:3146360.000000
$rtc_local_time,localRTC.weeks:2055,localRTC.seconds:205682.026010,localGtime.weeks:0,localGtime.seconds:19.026010
source<tow,snapshot
$GNGGA,000000.000,,,,,0,00,,,M,,,,0000*2B
$GNRMC,000000.000,A,,,,,,,060180,,*29
$GPGSA,A,1,,,,,,,,,,,,,,,*1E
$BDGSA,A,1,,,,,,,,,,,,,,,*0F
$GLGSA,A,1,,,,,,,,,,,,,,,*02
$B3CN0,0,0,0,0,0,0,0,0,0,0,0,0,0,0*4C
tow update,205684116.551911
$ini_pos,lastpos_good = 1,ini_pos.x:-1578921.000000,ini_pos.y:5312780.000000,ini_pos.z:3146360.000000
$rtc_local_time,localRTC.weeks:2055,localRTC.seconds:205683.026010,localGtime.weeks:2055,localGtime.seconds:205684.116552
source>=tow,snapshot
$GNGGA,090746.117,,,,,0,00,,,M,,,,0000*20
$GNRMC,090746.117,A,,,,,,,280519,,*2A
$GPGSA,A,1,,,,,,,,,,,,,,,*1E
$BDGSA,A,1,,,,,,,,,,,,,,,*0F
$GLGSA,A,1,,,,,,,,,,,,,,,*02
$B3CN0,0,0,0,0,0,0,0,0,0,0,0,0,0,0*4C
$ini_pos,lastpos_good = 1,ini_pos.x:-1578921.000000,ini_pos.y:5312780.000000,ini_pos.z:3146360.000000
$rtc_local_time,localRTC.weeks:2055,localRTC.seconds:205684.026010,localGtime.weeks:2055,localGtime.seconds:205685.116552
$pseudo_cd_ph,prn:2,pseudo_cd_ph:5.815903836098
measnum = 0,full_prange = 22637975.775236
$oldmeas,msRange:0.000000,x:13100832.170553,y:21917815.676437,z:8193237.394194,vx:-846.703857,vy:-510.486877,vz:2923.209961,tb:-0.000223816051
$newmeas,x:13100896.106204,y:21917854.223796,z:8193016.655812,vx:-846.683044,vy:-510.470795,vz:2923.222900,tb:-0.000223816050
$pseudo_cd_ph,prn:6,pseudo_cd_ph:12.947373420961
measnum = 1,full_prange = 20625169.846625
$oldmeas,msRange:69.108868,x:1352402.693435,y:19892882.029840,z:17571208.676340,vx:-1551.068848,vy:-1595.260864,vz:1933.493042,tb:0.000193655643
$newmeas,x:1352509.403522,y:19892991.780642,z:17571075.654693,vx:-1551.051392,vy:-1595.254639,vz:1933.518677,tb:0.000193655644
$pseudo_cd_ph,prn:9,pseudo_cd_ph:19.883777152292
measnum = 2,full_prange = 24604268.754296
$oldmeas,msRange:82.380713,x:-24678596.801671,y:8498833.753509,z:-4990163.385970,vx:-675.412537,vy:-171.415482,vz:3070.966553,tb:0.000402904633
$newmeas,x:-24678541.368645,y:8498847.821626,z:-4990415.422938,vx:-675.442749,vy:-171.412460,vz:3070.958008,tb:0.000402904634
$pseudo_cd_ph,prn:12,pseudo_cd_ph:1.025921818798
measnum = 3,full_prange = 24212555.820279
$oldmeas,msRange:81.073486,x:13843914.732344,y:4829940.483105,z:21925224.172483,vx:-1112.100952,vy:2603.079834,vz:144.030960,tb:0.000238435609
$newmeas,x:13844004.550997,y:4829730.247220,z:21925212.538357,vx:-1112.113281,vy:2603.072998,vz:144.069427,tb:0.000238435609
$pseudo_cd_ph,prn:17,pseudo_cd_ph:11.060430427917
measnum = 4,full_prange = 21151430.471641
$oldmeas,msRange:70.864253,x:-13420687.842422,y:14080541.216628,z:18450971.140663,vx:-2253.694580,vy:176.841690,vz:-1822.822876,tb:0.000062129153
$newmeas,x:-13420528.835621,y:14080528.740093,z:18451099.746387,vx:-2253.710938,vy:176.833771,vz:-1822.795898,tb:0.000062129152
$pseudo_cd_ph,prn:19,pseudo_cd_ph:12.616707519352
measnum = 5,full_prange = 20572226.744285
$oldmeas,msRange:68.932049,x:-6037174.278150,y:14599884.476229,z:21060843.763657,vx:-2733.564941,vy:161.684189,vz:-875.826660,tb:-0.000313609424
$newmeas,x:-6036986.696369,y:14599873.381578,z:21060903.863165,vx:-2733.573242,vy:161.673386,vz:-875.795044,tb:-0.000313609424
$pseudo_cd_ph,prn:28,pseudo_cd_ph:9.410118625078
measnum = 6,full_prange = 21857738.529892
$oldmeas,msRange:73.221499,x:-13058214.484206,y:22834881.874087,z:-3415624.295513,vx:21.220341,vy:-548.680969,vz:-3176.849121,tb:0.000767807439
$newmeas,x:-13058216.031028,y:22834921.877199,z:-3415392.672621,vx:21.210903,vy:-548.654053,vz:-3176.854492,tb:0.000767807439
source>=tow,snapshot
nits = 2
$GNGGA,090746.449,2944.9054,N,10633.0911,E,1,17,0.0,325.7,M,,,,0000*1C
$GNRMC,090746.449,A,2944.9054,N,10633.0911,E,0.00,0.00,280519,,*12
$GPGSA,A,3,02,06,09,12,17,19,28,,,,,,0.0,0.0,0.0*38
$BDGSA,A,3,01,03,04,05,07,10,12,13,19,22,,,0.0,0.0,0.0*2F
$GLGSA,A,3,,,,,,,,,,,,,0.0,0.0,0.0*2E
$GPGSV,2,1,07,02,00,000,26,06,00,000,26,09,00,000,25,12,00,000,25*73
$GPGSV,2,2,07,17,00,000,26,19,00,000,25,28,00,000,25*4E
$BDGSV,3,1,10,01,00,000,41,03,00,000,43,04,00,000,40,05,00,000,36*6B
$BDGSV,3,2,10,07,00,000,24,10,00,000,24,12,00,000,24,13,00,000,24*6F
$BDGSV,3,3,10,19,00,000,24,22,00,000,23*66
$B3CN0,0,0,0,0,0,0,0,0,0,0,0,0,0,0*4C
$ini_pos,lastpos_good = 1,ini_pos.x:-1578912.871110,ini_pos.y:5312773.664165,ini_pos.z:3146353.674585
$rtc_local_time,localRTC.weeks:2055,localRTC.seconds:205685.026010,localGtime.weeks:2055,localGtime.seconds:205686.116552
$pseudo_cd_ph,prn:2,pseudo_cd_ph:5.817500169443
measnum = 0,full_prange = 22637487.538151
$oldmeas,msRange:0.000000,x:13099985.328929,y:21917305.083077,z:8196160.519420,vx:-846.979431,vy:-510.699860,vz:2923.040527,tb:-0.000223816057
$newmeas,x:13100049.284010,y:21917343.645687,z:8195939.798589,vx:-846.958618,vy:-510.683777,vz:2923.053467,tb:-0.000223816056
$pseudo_cd_ph,prn:6,pseudo_cd_ph:12.948051900109
measnum = 1,full_prange = 20624956.773357
$oldmeas,msRange:69.108908,x:1350851.497494,y:19891286.723818,z:17573141.982713,vx:-1551.323120,vy:-1595.351196,vz:1933.119873,tb:0.000193655633
$newmeas,x:1350958.223965,y:19891396.479703,z:17573008.988113,vx:-1551.305542,vy:-1595.344971,vz:1933.145508,tb:0.000193655634
$pseudo_cd_ph,prn:9,pseudo_cd_ph:19.885801000213
measnum = 2,full_prange = 24603652.351283
$oldmeas,msRange:82.379393,x:-24679272.030187,y:8498662.319607,z:-4987092.366398,vx:-675.044556,vy:-171.452347,vz:3071.072754,tb:0.000402904626
$newmeas,x:-24679216.628752,y:8498676.390397,z:-4987344.405751,vx:-675.074707,vy:-171.449310,vz:3071.063965,tb:0.000402904626
$pseudo_cd_ph,prn:12,pseudo_cd_ph:1.028766896834
measnum = 3,full_prange = 24211693.218245
$oldmeas,msRange:81.071329,x:13842802.707765,y:4832543.604257,z:21925367.965312,vx:-1111.948242,vy:2603.162598,vz:143.554703,tb:0.000238435603
$newmeas,x:13842892.510892,y:4832333.369163,z:21925356.370063,vx:-1111.960571,vy:2603.156006,vz:143.593170,tb:0.000238435604
$pseudo_cd_ph,prn:17,pseudo_cd_ph:11.061089725438
measnum = 4,full_prange = 21151223.158078
$oldmeas,msRange:70.864346,x:-13422941.421049,y:14080718.114495,z:18449148.127057,vx:-2253.462646,vy:176.954041,vz:-1823.204468,tb:0.000062129162
$newmeas,x:-13422782.432175,y:14080705.630156,z:18449276.758445,vx:-2253.479004,vy:176.946121,vz:-1823.177490,tb:0.000062129161
$pseudo_cd_ph,prn:19,pseudo_cd_ph:12.617711332886
measnum = 5,full_prange = 20571916.145444
$oldmeas,msRange:68.931759,x:-6039907.781247,y:14600046.239154,z:21059967.707062,vx:-2733.441406,vy:161.841660,vz:-876.286621,tb:-0.000313609422
$newmeas,x:-6039720.210762,y:14600035.133864,z:21060027.837227,vx:-2733.449951,vy:161.830856,vz:-876.255066,tb:-0.000313609422
$pseudo_cd_ph,prn:28,pseudo_cd_ph:9.409143084305
measnum = 6,full_prange = 21858021.324848
$oldmeas,msRange:73.223194,x:-13058193.199154,y:22834333.008419,z:-3418801.108051,vx:21.349758,vy:-549.050415,vz:-3176.776123,tb:0.000767807438
$newmeas,x:-13058194.755431,y:22834373.038981,z:-3418569.487486,vx:21.340324,vy:-549.023438,vz:-3176.781494,tb:0.000767807438
source>=tow,snapshot
nits = 2
$GNGGA,090747.445,2944.9062,N,10633.0915,E,1,17,0.0,325.5,M,,,,0000*12
$GNRMC,090747.445,A,2944.9062,N,10633.0915,E,0.00,0.00,280519,,*1E
$GPGSA,A,3,02,06,09,12,17,19,28,,,,,,0.0,0.0,0.0*38
$BDGSA,A,3,01,03,04,05,07,10,12,13,19,22,,,0.0,0.0,0.0*2F
$GLGSA,A,3,,,,,,,,,,,,,0.0,0.0,0.0*2E
$GPGSV,2,1,07,02,00,000,40,06,00,000,46,09,00,000,36,12,00,000,39*7A
$GPGSV,2,2,07,17,00,000,46,19,00,000,44,28,00,000,44*48
$BDGSV,3,1,10,01,00,000,41,03,00,000,42,04,00,000,40,05,00,000,37*6B
$BDGSV,3,2,10,07,00,000,42,10,00,000,41,12,00,000,43,13,00,000,44*6B
$BDGSV,3,3,10,19,00,000,43,22,00,000,45*67
$B3CN0,0,0,0,0,0,0,0,0,0,0,0,0,0,0*4C
$ini_pos,lastpos_good = 1,ini_pos.x:-1578913.217071,ini_pos.y:5312772.649300,ini_pos.z:3146354.867724
$rtc_local_time,localRTC.weeks:2055,localRTC.seconds:205686.026010,localGtime.weeks:2055,localGtime.seconds:205687.116552
$pseudo_cd_ph,prn:2,pseudo_cd_ph:5.819100626986
measnum = 0,full_prange = 22636998.068103
$oldmeas,msRange:0.000000,x:13099138.211717,y:21916794.276772,z:8199083.475206,vx:-847.255066,vy:-510.912781,vz:2922.871094,tb:-0.000223816062
$newmeas,x:13099202.186225,y:21916832.854626,z:8198862.771944,vx:-847.234253,vy:-510.896698,vz:2922.884033,tb:-0.000223816062
$pseudo_cd_ph,prn:6,pseudo_cd_ph:12.948732236264
measnum = 1,full_prange = 20624743.146150
$oldmeas,msRange:69.108922,x:1349300.047385,y:19889691.327474,z:17575074.915894,vx:-1551.577271,vy:-1595.441528,vz:1932.746582,tb:0.000193655623
$newmeas,x:1349406.790236,y:19889801.088433,z:17574941.948347,vx:-1551.559814,vy:-1595.435303,vz:1932.772339,tb:0.000193655623
$pseudo_cd_ph,prn:9,pseudo_cd_ph:19.887827346518
measnum = 2,full_prange = 24603035.197771
$oldmeas,msRange:82.378052,x:-24679946.890685,y:8498490.848812,z:-4984021.240865,vx:-674.676514,vy:-171.489258,vz:3071.178711,tb:0.000402904619
$newmeas,x:-24679891.520841,y:8498504.922279,z:-4984273.282589,vx:-674.706726,vy:-171.486237,vz:3071.169922,tb:0.000402904619
$pseudo_cd_ph,prn:12,pseudo_cd_ph:1.031615554645
measnum = 3,full_prange = 24210829.544070
$oldmeas,msRange:81.069172,x:13841690.835820,y:4835146.808326,z:21925511.281889,vx:-1111.795654,vy:2603.245605,vz:143.078461,tb:0.000238435597
$newmeas,x:13841780.623416,y:4834936.574037,z:21925499.725516,vx:-1111.807983,vy:2603.239014,vz:143.116913,tb:0.000238435598
$pseudo_cd_ph,prn:17,pseudo_cd_ph:11.061744704857
measnum = 4,full_prange = 21151017.131084
$oldmeas,msRange:70.864397,x:-13425194.767656,y:14080895.124691,z:18447324.731844,vx:-2253.230713,vy:177.066360,vz:-1823.586060,tb:0.000062129172
$newmeas,x:-13425035.796702,y:14080882.632550,z:18447453.388901,vx:-2253.247070,vy:177.058426,vz:-1823.559082,tb:0.000062129171
$pseudo_cd_ph,prn:19,pseudo_cd_ph:12.618720374382
measnum = 5,full_prange = 20571603.974128
$oldmeas,msRange:68.931434,x:-6042641.160966,y:14600208.159545,z:21059091.190493,vx:-2733.318115,vy:161.999130,vz:-876.746582,tb:-0.000313609420
$newmeas,x:-6042453.601796,y:14600197.043620,z:21059151.351309,vx:-2733.326660,vy:161.988327,vz:-876.715027,tb:-0.000313609420
$pseudo_cd_ph,prn:28,pseudo_cd_ph:9.408169676481
measnum = 6,full_prange = 21858303.476520
$oldmeas,msRange:73.224867,x:-13058171.784710,y:22833783.773345,z:-3421977.847554,vx:21.479124,vy:-549.419800,vz:-3176.703125,tb:0.000767807437
$newmeas,x:-13058173.350440,y:22833823.831359,z:-3421746.229326,vx:21.469692,vy:-549.392883,vz:-3176.708496,tb:0.000767807437
$GNGGA,090748.442,2945.1673,N,10633.0905,E,1,04,142.4,587.6,M,,,,0000*18
$GNRMC,090748.442,A,2945.1673,N,10633.0905,E,32.13,0.00,280519,,*2B
$GPGSA,A,3,,,,,,,,,,,,,163.8,142.4,80.9*0C
$BDGSA,A,3,01,03,04,05,,,,,,,,,163.8,142.4,80.9*1E
$GLGSA,A,3,,,,,,,,,,,,,163.8,142.4,80.9*10
$GPGSV,2,1,07,02,34,265,38,06,63,311,46,09,10,119,36,12,12,321,38*7F
$GPGSV,2,2,07,17,56,050,45,19,59,009,44,28,40,159,44*41
$BDGSV,3,1,12,01,40,126,41,03,56,171,42,04,23,109,41,05,28,246,38*61
$BDGSV,3,2,12,07,37,171,41,10,58,204,41,12,50,333,42,13,58,301,44*6A
$BDGSV,3,3,12,19,32,061,42,22,48,132,44,02,48,220,00,08,59,359,00*6A
$B3CN0,20,0,0,0,0,0,0,0,0,0,0,0,0,0*7E
$ini_pos,lastpos_good = 1,ini_pos.x:-1578913.217071,ini_pos.y:5312772.649300,ini_pos.z:3146354.867724
$rtc_local_time,localRTC.weeks:2055,localRTC.seconds:205687.584145,localGtime.weeks:2055,localGtime.seconds:205688.000000
$pseudo_cd_ph,prn:2,pseudo_cd_ph:205687923.956909835339
measnum = 0,full_prange = 22730008.019697
$oldmeas,msRange:0.000000,x:13098389.598346,y:21916342.828799,z:8201665.613884,vx:-847.498535,vy:-511.100830,vz:2922.721436,tb:-0.000223816068
$newmeas,x:13098453.854168,y:21916381.579416,z:8201444.015160,vx:-847.477600,vy:-511.084686,vz:2922.734131,tb:-0.000223816067
$pseudo_cd_ph,prn:6,pseudo_cd_ph:205687931.085106015205
measnum = 1,full_prange = 20718183.427370
$oldmeas,msRange:69.108934,x:1347929.210306,y:19888281.802533,z:17576782.251496,vx:-1551.801758,vy:-1595.521240,vz:1932.416870,tb:0.000193655614
$newmeas,x:1348036.452270,y:19888392.066272,z:17576648.704325,vx:-1551.784180,vy:-1595.515015,vz:1932.442627,tb:0.000193655615
$pseudo_cd_ph,prn:9,pseudo_cd_ph:205687918.026300609112
measnum = 2,full_prange = 24695846.070261
$oldmeas,msRange:82.376867,x:-24680542.788716,y:8498339.332531,z:-4981307.972789,vx:-674.351379,vy:-171.521927,vz:3071.272217,tb:0.000402904613
$newmeas,x:-24680487.236778,y:8498353.461777,z:-4981560.973002,vx:-674.381714,vy:-171.518875,vz:3071.263428,tb:0.000402904613
$pseudo_cd_ph,prn:12,pseudo_cd_ph:205687919.171372532845
measnum = 3,full_prange = 24303255.571746
$oldmeas,msRange:81.067268,x:13840708.681689,y:4837446.672909,z:21925637.498419,vx:-1111.660767,vy:2603.318848,vz:142.657715,tb:0.000238435592
$newmeas,x:13840798.801122,y:4837235.630109,z:21925625.932031,vx:-1111.673096,vy:2603.312012,vz:142.696320,tb:0.000238435593
$pseudo_cd_ph,prn:17,pseudo_cd_ph:205687929.198069155216
measnum = 4,full_prange = 21244472.213047
$oldmeas,msRange:70.864445,x:-13427185.289328,y:14081051.597435,z:18445713.539380,vx:-2253.025635,vy:177.165543,vz:-1823.923096,tb:0.000062129180
$newmeas,x:-13427025.630493,y:14081039.043070,z:18445842.788787,vx:-2253.041992,vy:177.157593,vz:-1823.896118,tb:0.000062129179
$pseudo_cd_ph,prn:19,pseudo_cd_ph:205687930.755611121655
measnum = 5,full_prange = 20664889.280451
$oldmeas,msRange:68.931149,x:-6045055.857345,y:14600351.338796,z:21058316.450943,vx:-2733.208984,vy:162.138214,vz:-877.152893,tb:-0.000313609419
$newmeas,x:-6044867.455175,y:14600340.162878,z:21058376.912571,vx:-2733.217529,vy:162.127365,vz:-877.121216,tb:-0.000313609419
$pseudo_cd_ph,prn:28,pseudo_cd_ph:205687927.541964858770
measnum = 6,full_prange = 21952516.809916
$oldmeas,msRange:73.226343,x:-13058152.758552,y:22833298.245327,z:-3424784.271167,vx:21.593369,vy:-549.746155,vz:-3176.638428,tb:0.000767807437
$newmeas,x:-13058154.339395,y:22833338.499892,z:-3424551.659352,vx:21.583900,vy:-549.719116,vz:-3176.643799,tb:0.000767807437
$GNGGA,090750.000,2944.9075,N,10633.0918,E,1,11,1.0,327.7,M,,,,0000*1D
$GNRMC,090750.000,A,2944.9075,N,10633.0918,E,0.13,0.00,280519,,*14
$GPGSA,A,3,02,06,09,12,17,19,28,,,,,,1.6,1.0,1.2*3D
$BDGSA,A,3,01,03,04,05,,,,,,,,,1.6,1.0,1.2*25
$GLGSA,A,3,,,,,,,,,,,,,1.6,1.0,1.2*2B
$GPGSV,2,1,07,02,34,265,39,06,63,311,45,09,10,119,37,12,12,321,39*7D
$GPGSV,2,2,07,17,56,050,45,19,59,009,44,28,40,159,43*46
$BDGSV,3,1,12,01,40,126,41,03,56,171,42,04,23,109,40,05,28,246,38*60
$BDGSV,3,2,12,07,37,171,40,10,58,204,41,12,50,333,42,13,58,301,43*6C
$BDGSV,3,3,12,19,32,061,42,22,48,132,44,02,48,220,00,08,59,359,00*6A
$B3CN0,0,0,0,0,0,0,0,0,0,0,0,0,0,0*4C
$ini_pos,lastpos_good = 1,ini_pos.x:-1578913.895049,ini_pos.y:5312773.244185,ini_pos.z:3146358.041071
$rtc_local_time,localRTC.weeks:2055,localRTC.seconds:205688.584145,localGtime.weeks:2055,localGtime.seconds:205689.000000
$pseudo_cd_ph,prn:2,pseudo_cd_ph:205688923.958518326283
measnum = 0,full_prange = 22729516.137332
$oldmeas,msRange:0.000000,x:13097541.962035,y:21915831.621563,z:8204588.250380,vx:-847.774170,vy:-511.313660,vz:2922.551758,tb:-0.000223816074
$newmeas,x:13097606.237364,y:21915870.387477,z:8204366.669308,vx:-847.753235,vy:-511.297516,vz:2922.564697,tb:-0.000223816073
$pseudo_cd_ph,prn:6,pseudo_cd_ph:205688931.085791945457
measnum = 1,full_prange = 20717968.120475
$oldmeas,msRange:69.108940,x:1346377.281515,y:19886686.236242,z:17578714.481677,vx:-1552.055908,vy:-1595.611450,vz:1932.043579,tb:0.000193655604
$newmeas,x:1346484.539927,y:19886796.505067,z:17578580.961691,vx:-1552.038330,vy:-1595.605225,vz:1932.069336,tb:0.000193655604
$pseudo_cd_ph,prn:9,pseudo_cd_ph:205688918.028339385986
measnum = 2,full_prange = 24695225.191058
$oldmeas,msRange:82.375527,x:-24681216.956054,y:8498167.792110,z:-4978236.647861,vx:-673.983337,vy:-171.558945,vz:3071.377930,tb:0.000402904605
$newmeas,x:-24681161.435829,y:8498181.924050,z:-4978489.650430,vx:-674.013672,vy:-171.555893,vz:3071.369141,tb:0.000402904606
$pseudo_cd_ph,prn:12,pseudo_cd_ph:205688919.174228996038
measnum = 3,full_prange = 24302389.556729
$oldmeas,msRange:81.065107,x:13839597.097306,y:4840050.032971,z:21925779.917995,vx:-1111.508057,vy:2603.401611,vz:142.181458,tb:0.000238435586
$newmeas,x:13839687.201148,y:4839838.990983,z:21925768.390627,vx:-1111.520386,vy:2603.394775,vz:142.220062,tb:0.000238435587
$pseudo_cd_ph,prn:17,pseudo_cd_ph:205688929.198721259832
measnum = 4,full_prange = 21244267.052701
$oldmeas,msRange:70.864489,x:-13429438.198796,y:14081228.819096,z:18443889.425529,vx:-2252.793457,vy:177.277786,vz:-1824.304688,tb:0.000062129189
$newmeas,x:-13429278.557953,y:14081216.256899,z:18444018.700724,vx:-2252.809814,vy:177.269836,vz:-1824.277588,tb:0.000062129189
$pseudo_cd_ph,prn:19,pseudo_cd_ph:205688930.756630778313
measnum = 5,full_prange = 20664573.928450
$oldmeas,msRange:68.930816,x:-6047789.004504,y:14600513.555714,z:21057439.068091,vx:-2733.085449,vy:162.295624,vz:-877.612854,tb:-0.000313609417
$newmeas,x:-6047600.613725,y:14600502.369115,z:21057499.560499,vx:-2733.093994,vy:162.284775,vz:-877.581116,tb:-0.000313609417
$pseudo_cd_ph,prn:28,pseudo_cd_ph:205688927.540995925665
measnum = 6,full_prange = 21952797.621410
$oldmeas,msRange:73.228014,x:-13058131.100547,y:22832748.314457,z:-3427960.872924,vx:21.722635,vy:-550.115601,vz:-3176.565186,tb:0.000767807436
$newmeas,x:-13058132.690876,y:22832788.596590,z:-3427728.263493,vx:21.713171,vy:-550.088562,vz:-3176.570557,tb:0.000767807436
$GNGGA,090751.000,2944.9073,N,10633.0920,E,1,11,0.9,327.2,M,,,,0000*1C
$GNRMC,090751.000,A,2944.9073,N,10633.0920,E,0.11,0.00,280519,,*1A
$GPGSA,A,3,02,06,09,12,17,19,28,,,,,,1.2,0.9,0.8*3A
$BDGSA,A,3,01,03,04,05,,,,,,,,,1.2,0.9,0.8*22
$GLGSA,A,3,,,,,,,,,,,,,1.2,0.9,0.8*2C
$GPGSV,2,1,07,02,34,265,39,06,63,311,45,09,10,119,36,12,12,321,39*7C
$GPGSV,2,2,07,17,56,050,45,19,59,009,43,28,40,159,43*41
$BDGSV,3,1,12,01,40,126,41,03,56,171,43,04,23,109,40,05,28,246,38*61
$BDGSV,3,2,12,07,37,171,41,10,58,204,42,12,50,333,43,13,58,301,43*6F
$BDGSV,3,3,12,19,32,061,42,22,48,132,45,02,48,220,00,08,59,359,00*6B
$B3CN0,0,0,0,0,0,0,0,0,0,0,0,0,0,0*4C
$ini_pos,lastpos_good = 1,ini_pos.x:-1578914.154312,ini_pos.y:5312772.897483,ini_pos.z:3146357.393017
$rtc_local_time,localRTC.weeks:2055,localRTC.seconds:205689.584145,localGtime.weeks:2055,localGtime.seconds:205690.000000
$pseudo_cd_ph,prn:2,pseudo_cd_ph:205689923.960126519203
measnum = 0,full_prange = 22729024.344312
$oldmeas,msRange:0.000000,x:13096694.050090,y:21915320.201531,z:8207510.717266,vx:-848.049805,vy:-511.526428,vz:2922.382080,tb:-0.000223816079
$newmeas,x:13096758.344926,y:21915358.982738,z:8207289.153849,vx:-848.028870,vy:-511.510315,vz:2922.395020,tb:-0.000223816079
$pseudo_cd_ph,prn:6,pseudo_cd_ph:205689931.086478531361
measnum = 1,full_prange = 20717752.617020
$oldmeas,msRange:69.108957,x:1344825.098589,y:19885090.579809,z:17580646.338548,vx:-1552.310059,vy:-1595.701538,vz:1931.670288,tb:0.000193655594
$newmeas,x:1344932.373447,y:19885200.853714,z:17580512.845751,vx:-1552.292480,vy:-1595.695312,vz:1931.696045,tb:0.000193655594
$pseudo_cd_ph,prn:9,pseudo_cd_ph:205689918.030374616385
measnum = 2,full_prange = 24694605.375061
$oldmeas,msRange:82.374185,x:-24681890.755358,y:8497996.214648,z:-4975165.217161,vx:-673.615295,vy:-171.596008,vz:3071.483643,tb:0.000402904598
$newmeas,x:-24681835.266842,y:8498010.349286,z:-4975418.222089,vx:-673.645630,vy:-171.592957,vz:3071.474854,tb:0.000402904599
$pseudo_cd_ph,prn:12,pseudo_cd_ph:205689919.177085995674
measnum = 3,full_prange = 24301523.380891
$oldmeas,msRange:81.062954,x:13838485.665645,y:4842653.475763,z:21925921.861313,vx:-1111.355347,vy:2603.484131,vz:141.705200,tb:0.000238435580
$newmeas,x:13838575.753895,y:4842442.434592,z:21925910.372962,vx:-1111.367676,vy:2603.477539,vz:141.743805,tb:0.000238435581
$pseudo_cd_ph,prn:17,pseudo_cd_ph:205689929.199373394251
measnum = 4,full_prange = 21244061.883419
$oldmeas,msRange:70.864544,x:-13431690.876094,y:14081406.152979,z:18442064.930176,vx:-2252.561279,vy:177.389984,vz:-1824.686157,tb:0.000062129199
$newmeas,x:-13431531.253246,y:14081393.582952,z:18442194.231156,vx:-2252.577637,vy:177.382034,vz:-1824.659180,tb:0.000062129198
$pseudo_cd_ph,prn:19,pseudo_cd_ph:205689930.757651329041
measnum = 5,full_prange = 20664258.308414
$oldmeas,msRange:68.930496,x:-6050522.028089,y:14600675.930040,z:21056561.225323,vx:-2732.961914,vy:162.453033,vz:-878.072754,tb:-0.000313609415
$newmeas,x:-6050333.648707,y:14600664.732763,z:21056621.748508,vx:-2732.970459,vy:162.442184,vz:-878.041077,tb:-0.000313609415
$pseudo_cd_ph,prn:28,pseudo_cd_ph:205689927.540025234222
measnum = 6,full_prange = 21953078.960040
$oldmeas,msRange:73.229685,x:-13058109.313300,y:22832198.014142,z:-3431137.401446,vx:21.851851,vy:-550.485046,vz:-3176.491943,tb:0.000767807435
$newmeas,x:-13058110.913112,y:22832238.323845,z:-3430904.794399,vx:21.842390,vy:-550.458008,vz:-3176.497314,tb:0.000767807435
$GNGGA,090752.000,2944.9071,N,10633.0921,E,1,17,0.7,327.4,M,,,,0000*12
$GNRMC,090752.000,A,2944.9071,N,10633.0921,E,0.28,0.00,280519,,*10
$GPGSA,A,3,02,06,09,12,17,19,28,,,,,,0.8,0.7,0.4*33
$BDGSA,A,3,01,03,04,05,07,10,12,13,19,22,,,0.8,0.7,0.4*24
$GLGSA,A,3,,,,,,,,,,,,,0.8,0.7,0.4*25
$GPGSV,2,1,08,02,34,265,39,06,63,311,45,09,10,119,37,12,12,321,38*73
$GPGSV,2,2,08,17,56,050,45,19,59,009,43,28,40,159,43,05,00,000,33*7B
$BDGSV,3,1,12,01,40,126,41,03,56,171,42,04,23,109,40,05,28,246,37*6F
$BDGSV,3,2,12,07,37,171,41,10,58,204,41,12,50,333,42,13,58,301,43*6D
$BDGSV,3,3,12,19,32,061,42,22,48,132,44,02,48,220,00,08,59,359,00*6A
$B3CN0,0,0,0,0,0,0,0,0,0,0,0,0,0,0*4C
$ini_pos,lastpos_good = 1,ini_pos.x:-1578914.435874,ini_pos.y:5312773.153490,ini_pos.z:3146357.218017
$rtc_local_time,localRTC.weeks:2055,localRTC.seconds:205690.584145,localGtime.weeks:2055,localGtime.seconds:205691.000000
$pseudo_cd_ph,prn:2,pseudo_cd_ph:205690923.961730569601
measnum = 0,full_prange = 22728533.793189
$oldmeas,msRange:0.000000,x:13095845.862494,y:21914808.568753,z:8210433.014483,vx:-848.325439,vy:-511.739136,vz:2922.212402,tb:-0.000223816085
$newmeas,x:13095910.176841,y:21914847.365250,z:8210211.468713,vx:-848.304565,vy:-511.723022,vz:2922.225342,tb:-0.000223816085
$pseudo_cd_ph,prn:6,pseudo_cd_ph:205690931.087162584066
measnum = 1,full_prange = 20717537.872999
$oldmeas,msRange:69.108971,x:1343272.661538,y:19883494.833298,z:17582577.822069,vx:-1552.564209,vy:-1595.791626,vz:1931.296875,tb:0.000193655583
$newmeas,x:1343379.952846,y:19883605.112283,z:17582444.356457,vx:-1552.546631,vy:-1595.785400,vz:1931.322754,tb:0.000193655584
$pseudo_cd_ph,prn:9,pseudo_cd_ph:205690918.032414197922
measnum = 2,full_prange = 24693984.254626
$oldmeas,msRange:82.372842,x:-24682564.186621,y:8497824.600094,z:-4972093.680752,vx:-673.247253,vy:-171.633118,vz:3071.589355,tb:0.000402904591
$newmeas,x:-24682508.729817,y:8497838.737434,z:-4972346.688022,vx:-673.277588,vy:-171.630066,vz:3071.580566,tb:0.000402904592
$pseudo_cd_ph,prn:12,pseudo_cd_ph:205690919.179939478636
measnum = 3,full_prange = 24300658.259326
$oldmeas,msRange:81.060801,x:13837374.386738,y:4845257.001220,z:21926063.328371,vx:-1111.202515,vy:2603.566895,vz:141.228928,tb:0.000238435575
$newmeas,x:13837464.459398,y:4845045.960864,z:21926051.879033,vx:-1111.214966,vy:2603.560059,vz:141.267532,tb:0.000238435575
$pseudo_cd_ph,prn:17,pseudo_cd_ph:205690929.200019896030
measnum = 4,full_prange = 21243858.402761
$oldmeas,msRange:70.864598,x:-13433943.321169,y:14081583.599045,z:18440240.053358,vx:-2252.329102,vy:177.502151,vz:-1825.067627,tb:0.000062129208
$newmeas,x:-13433783.716308,y:14081571.021190,z:18440369.380129,vx:-2252.345459,vy:177.494202,vz:-1825.040527,tb:0.000062129208
$pseudo_cd_ph,prn:19,pseudo_cd_ph:205690930.758671015501
measnum = 5,full_prange = 20663942.947478
$oldmeas,msRange:68.930174,x:-6053254.928033,y:14600838.461755,z:21055682.922658,vx:-2732.838135,vy:162.610413,vz:-878.532654,tb:-0.000313609414
$newmeas,x:-6053066.560050,y:14600827.253801,z:21055743.476619,vx:-2732.846680,vy:162.599564,vz:-878.500916,tb:-0.000313609414
$pseudo_cd_ph,prn:28,pseudo_cd_ph:205690927.539051771164
measnum = 6,full_prange = 21953361.129580
$oldmeas,msRange:73.231355,x:-13058087.396863,y:22831647.344365,z:-3434313.856667,vx:21.981014,vy:-550.854553,vz:-3176.418701,tb:0.000767807435
$newmeas,x:-13058089.006155,y:22831687.681642,z:-3434081.252000,vx:21.971558,vy:-550.827454,vz:-3176.424072,tb:0.000767807435
$GNGGA,090753.000,2944.9071,N,10633.0921,E,1,17,0.7,326.9,M,,,,0000*1F
$GNRMC,090753.000,A,2944.9071,N,10633.0921,E,0.22,0.00,280519,,*1B
$GPGSA,A,3,02,06,09,12,17,19,28,,,,,,0.8,0.7,0.4*33
$BDGSA,A,3,01,03,04,05,07,10,12,13,19,22,,,0.8,0.7,0.4*24
$GLGSA,A,3,,,,,,,,,,,,,0.8,0.7,0.4*25
$GPGSV,2,1,08,02,34,265,40,06,63,311,45,09,10,119,37,12,12,321,39*7C
$GPGSV,2,2,08,17,56,050,45,19,59,009,43,28,40,159,43,05,00,000,33*7B
$BDGSV,3,1,12,01,40,126,42,03,56,171,43,04,23,109,40,05,28,246,38*62
$BDGSV,3,2,12,07,37,171,41,10,58,204,42,12,50,333,42,13,58,301,43*6E
$BDGSV,3,3,12,19,32,061,42,22,48,132,44,02,48,220,00,08,59,359,00*6A
$B3CN0,0,0,0,0,0,0,0,0,0,0,0,0,0,0*4C
$ini_pos,lastpos_good = 1,ini_pos.x:-1578914.295534,ini_pos.y:5312772.732533,ini_pos.z:3146356.993907
$rtc_local_time,localRTC.weeks:2055,localRTC.seconds:205691.584145,localGtime.weeks:2055,localGtime.seconds:205692.000000
$pseudo_cd_ph,prn:2,pseudo_cd_ph:205691923.963337600231
measnum = 0,full_prange = 22728042.348616
$oldmeas,msRange:0.000000,x:13094997.399232,y:21914296.723280,z:8213355.141971,vx:-848.601135,vy:-511.951813,vz:2922.042725,tb:-0.000223816091
$newmeas,x:13095061.733088,y:21914335.535062,z:8213133.613862,vx:-848.580200,vy:-511.935699,vz:2922.055664,tb:-0.000223816091
$pseudo_cd_ph,prn:6,pseudo_cd_ph:205691931.087850600481
measnum = 1,full_prange = 20717321.940688
$oldmeas,msRange:69.108988,x:1341719.970376,y:19881898.996771,z:17584508.932198,vx:-1552.818237,vy:-1595.881592,vz:1930.923462,tb:0.000193655573
$newmeas,x:1341827.278125,y:19882009.280825,z:17584375.493782,vx:-1552.800659,vy:-1595.875366,vz:1930.949341,tb:0.000193655574
$pseudo_cd_ph,prn:9,pseudo_cd_ph:205691918.034453719854
measnum = 2,full_prange = 24693363.152060
$oldmeas,msRange:82.371501,x:-24683237.249838,y:8497652.948397,z:-4969022.038702,vx:-672.879211,vy:-171.670288,vz:3071.695068,tb:0.000402904584
$newmeas,x:-24683181.824744,y:8497667.088442,z:-4969275.048307,vx:-672.909546,vy:-171.667221,vz:3071.686279,tb:0.000402904585
$pseudo_cd_ph,prn:12,pseudo_cd_ph:205691919.182795763016
measnum = 3,full_prange = 24299792.297916
$oldmeas,msRange:81.058647,x:13836263.260615,y:4847860.609276,z:21926204.319165,vx:-1111.049805,vy:2603.649414,vz:140.752670,tb:0.000238435569
$newmeas,x:13836353.317680,y:4847649.569748,z:21926192.908839,vx:-1111.062134,vy:2603.642822,vz:140.791275,tb:0.000238435569
$pseudo_cd_ph,prn:17,pseudo_cd_ph:205691929.200669586658
measnum = 4,full_prange = 21243653.966109
$oldmeas,msRange:70.864654,x:-13436195.533970,y:14081761.157257,z:18438414.795110,vx:-2252.096680,vy:177.614273,vz:-1825.448975,tb:0.000062129218
$newmeas,x:-13436035.947106,y:14081748.571577,z:18438544.147663,vx:-2252.113281,vy:177.606339,vz:-1825.421997,tb:0.000062129217
$pseudo_cd_ph,prn:19,pseudo_cd_ph:205691930.759695470333
measnum = 5,full_prange = 20663626.157021
$oldmeas,msRange:68.929853,x:-6055987.704267,y:14601001.150839,z:21054804.160117,vx:-2732.714355,vy:162.767761,vz:-878.992493,tb:-0.000313609412
$newmeas,x:-6055799.347701,y:14600989.932210,z:21054864.744846,vx:-2732.722900,vy:162.756927,vz:-878.960815,tb:-0.000313609412
$pseudo_cd_ph,prn:28,pseudo_cd_ph:205691927.538080722094
measnum = 6,full_prange = 21953642.575423
$oldmeas,msRange:73.233027,x:-13058065.351289,y:22831096.305114,z:-3437490.238516,vx:22.110126,vy:-551.223999,vz:-3176.345215,tb:0.000767807434
$newmeas,x:-13058066.970056,y:22831136.669965,z:-3437257.636243,vx:22.100674,vy:-551.196960,vz:-3176.350586,tb:0.000767807434
$GNGGA,090754.000,2944.9072,N,10633.0921,E,1,17,0.7,326.5,M,,,,0000*17
$GNRMC,090754.000,A,2944.9072,N,10633.0921,E,0.08,0.00,280519,,*17
$GPGSA,A,3,02,06,09,12,17,19,28,,,,,,0.8,0.7,0.4*33
$BDGSA,A,3,01,03,04,05,07,10,12,13,19,22,,,0.8,0.7,0.4*24
$GLGSA,A,3,,,,,,,,,,,,,0.8,0.7,0.4*25
$GPGSV,2,1,08,02,34,265,40,06,63,311,46,09,10,119,37,12,12,321,39*7F
$GPGSV,2,2,08,17,56,050,45,19,59,009,43,28,40,159,43,05,00,000,35*7D
$BDGSV,3,1,12,01,40,126,41,03,56,171,43,04,23,109,40,05,28,246,37*6E
$BDGSV,3,2,12,07,37,171,40,10,58,204,41,12,50,333,42,13,58,301,42*6D
$BDGSV,3,3,12,19,32,061,42,22,48,132,45,02,48,220,00,08,59,359,00*6B
$B3CN0,16,0,0,0,0,0,0,0,0,0,0,0,0,0*7B
$ini_pos,lastpos_good = 1,ini_pos.x:-1578914.182608,ini_pos.y:5312772.384552,ini_pos.z:3146356.905611
$rtc_local_time,localRTC.weeks:2055,localRTC.seconds:205692.584145,localGtime.weeks:2055,localGtime.seconds:205693.000000
$pseudo_cd_ph,prn:2,pseudo_cd_ph:205692923.964942395687
measnum = 0,full_prange = 22727551.574131
$oldmeas,msRange:0.000000,x:13094148.660287,y:21913784.665165,z:8216277.099672,vx:-848.876831,vy:-512.164429,vz:2921.872803,tb:-0.000223816097
$newmeas,x:13094213.013654,y:21913823.492227,z:8216055.589220,vx:-848.855896,vy:-512.148315,vz:2921.885742,tb:-0.000223816097
$pseudo_cd_ph,prn:6,pseudo_cd_ph:205692931.088538855314
measnum = 1,full_prange = 20717105.936901
$oldmeas,msRange:69.109004,x:1340167.025112,y:19880303.070291,z:17586439.668894,vx:-1553.072388,vy:-1595.971436,vz:1930.550049,tb:0.000193655563
$newmeas,x:1340274.349303,y:19880413.359409,z:17586306.257676,vx:-1553.054810,vy:-1595.965332,vz:1930.575806,tb:0.000193655564
$pseudo_cd_ph,prn:9,pseudo_cd_ph:205692918.036494046450
measnum = 2,full_prange = 24692741.808262
$oldmeas,msRange:82.370161,x:-24683909.945003,y:8497481.259506,z:-4965950.291074,vx:-672.511169,vy:-171.707504,vz:3071.800537,tb:0.000402904577
$newmeas,x:-24683854.551619,y:8497495.402261,z:-4966203.303007,vx:-672.541504,vy:-171.704437,vz:3071.791748,tb:0.000402904578
$pseudo_cd_ph,prn:12,pseudo_cd_ph:205692919.185653567314
measnum = 3,full_prange = 24298925.880846
$oldmeas,msRange:81.056492,x:13835152.287307,y:4850464.299868,z:21926344.833694,vx:-1110.896973,vy:2603.731934,vz:140.276398,tb:0.000238435563
$newmeas,x:13835242.328773,y:4850253.261178,z:21926333.462378,vx:-1110.909302,vy:2603.725342,vz:140.315002,tb:0.000238435563
$pseudo_cd_ph,prn:17,pseudo_cd_ph:205692929.201318413019
measnum = 4,full_prange = 21243449.788558
$oldmeas,msRange:70.864709,x:-13438447.514445,y:14081938.827577,z:18436589.155468,vx:-2251.864258,vy:177.726364,vz:-1825.830444,tb:0.000062129227
$newmeas,x:-13438287.945579,y:14081926.234075,z:18436718.533803,vx:-2251.880859,vy:177.718430,vz:-1825.803345,tb:0.000062129227
$pseudo_cd_ph,prn:19,pseudo_cd_ph:205692930.760720700026
measnum = 5,full_prange = 20663309.134266
$oldmeas,msRange:68.929532,x:-6058720.356724,y:14601163.997270,z:21053924.937719,vx:-2732.590576,vy:162.925110,vz:-879.452332,tb:-0.000313609410
$newmeas,x:-6058532.011581,y:14601152.767969,z:21053985.553214,vx:-2732.599121,vy:162.914261,vz:-879.420654,tb:-0.000313609410
$pseudo_cd_ph,prn:28,pseudo_cd_ph:205692927.537113189697
measnum = 6,full_prange = 21953922.966994
$oldmeas,msRange:73.234700,x:-13058043.176628,y:22830544.896374,z:-3440666.546927,vx:22.239187,vy:-551.593506,vz:-3176.271729,tb:0.000767807433
$newmeas,x:-13058044.804867,y:22830585.288799,z:-3440433.947063,vx:22.229738,vy:-551.566467,vz:-3176.277100,tb:0.000767807433
$GNGGA,090755.000,2944.9072,N,10633.0921,E,1,17,0.7,326.9,M,,,,0000*1A
$GNRMC,090755.000,A,2944.9072,N,10633.0921,E,0.32,0.00,280519,,*1F
$GPGSA,A,3,02,06,09,12,17,19,28,,,,,,0.8,0.7,0.4*33
$BDGSA,A,3,01,03,04,05,07,10,12,13,19,22,,,0.8,0.7,0.4*24
$GLGSA,A,3,,,,,,,,,,,,,0.8,0.7,0.4*25
$GPGSV,2,1,08,02,34,265,39,06,63,311,46,09,10,119,37,12,12,321,39*71
$GPGSV,2,2,08,17,56,050,45,19,59,009,44,28,40,159,43,05,00,000,35*7A
$BDGSV,3,1,12,01,40,126,40,03,56,171,42,04,23,109,39,05,28,246,37*60
$BDGSV,3,2,12,07,37,171,41,10,58,204,42,12,50,333,43,13,58,301,43*6F
$BDGSV,3,3,12,19,32,061,43,22,48,132,45,02,48,220,00,08,59,359,00*6A
$B3CN0,17,0,0,0,0,0,0,0,0,0,0,0,0,0*7A
$ini_pos,lastpos_good = 1,ini_pos.x:-1578914.228372,ini_pos.y:5312772.729501,ini_pos.z:3146357.142019
$rtc_local_time,localRTC.weeks:2055,localRTC.seconds:205693.584145,localGtime.weeks:2055,localGtime.seconds:205694.000000
$pseudo_cd_ph,prn:2,pseudo_cd_ph:205693923.966541767120
measnum = 0,full_prange = 22727062.425728
$oldmeas,msRange:0.000000,x:13093299.645643,y:21913272.394457,z:8219198.887526,vx:-849.152527,vy:-512.377014,vz:2921.703125,tb:-0.000223816103
$newmeas,x:13093364.018527,y:21913311.236799,z:8218977.394720,vx:-849.131653,vy:-512.360901,vz:2921.715820,tb:-0.000223816103
$pseudo_cd_ph,prn:6,pseudo_cd_ph:205693931.089220464230
measnum = 1,full_prange = 20716891.925510
$oldmeas,msRange:69.109018,x:1338613.825760,y:19878707.053920,z:17588370.032117,vx:-1553.326416,vy:-1596.061401,vz:1930.176514,tb:0.000193655553
$newmeas,x:1338721.166400,y:19878817.348109,z:17588236.648088,vx:-1553.308838,vy:-1596.055176,vz:1930.202393,tb:0.000193655554
$pseudo_cd_ph,prn:9,pseudo_cd_ph:205693918.038532942533
measnum = 2,full_prange = 24692120.893320
$oldmeas,msRange:82.368820,x:-24684582.272112,y:8497309.533370,z:-4962878.437934,vx:-672.143127,vy:-171.744781,vz:3071.906006,tb:0.000402904570
$newmeas,x:-24684526.910436,y:8497323.678839,z:-4963131.452193,vx:-672.173401,vy:-171.741714,vz:3071.897217,tb:0.000402904570
$pseudo_cd_ph,prn:12,pseudo_cd_ph:205693919.188508570194
measnum = 3,full_prange = 24298060.303620
$oldmeas,msRange:81.054338,x:13834041.466844,y:4853068.072931,z:21926484.871955,vx:-1110.744019,vy:2603.814453,vz:139.800125,tb:0.000238435557
$newmeas,x:13834131.492714,y:4852857.035076,z:21926473.539645,vx:-1110.756470,vy:2603.807617,vz:139.838730,tb:0.000238435557
$pseudo_cd_ph,prn:17,pseudo_cd_ph:205693929.201963096857
measnum = 4,full_prange = 21243246.852904
$oldmeas,msRange:70.864763,x:-13440699.262541,y:14082116.609967,z:18434763.134470,vx:-2251.632080,vy:177.838425,vz:-1826.211670,tb:0.000062129237
$newmeas,x:-13440539.711667,y:14082104.008645,z:18434892.538591,vx:-2251.648438,vy:177.830475,vz:-1826.184692,tb:0.000062129236
$pseudo_cd_ph,prn:19,pseudo_cd_ph:205693930.761741399765
measnum = 5,full_prange = 20662993.469557
$oldmeas,msRange:68.929209,x:-6061452.885336,y:14601327.001030,z:21053045.255485,vx:-2732.466797,vy:163.082428,vz:-879.912170,tb:-0.000313609408
$newmeas,x:-6061264.551609,y:14601315.761058,z:21053105.901747,vx:-2732.475342,vy:163.071579,vz:-879.880493,tb:-0.000313609408
$pseudo_cd_ph,prn:28,pseudo_cd_ph:205693927.536139786243
measnum = 6,full_prange = 21954205.118663
$oldmeas,msRange:73.236371,x:-13058020.872934,y:22829993.118131,z:-3443842.781829,vx:22.368195,vy:-551.963013,vz:-3176.198242,tb:0.000767807433
$newmeas,x:-13058022.510641,y:22830033.538135,z:-3443610.184362,vx:22.358749,vy:-551.935974,vz:-3176.203613,tb:0.000767807433
$GNGGA,090756.000,2944.9072,N,10633.0921,E,1,17,0.7,326.9,M,,,,0000*19
$GNRMC,090756.000,A,2944.9072,N,10633.0921,E,0.22,0.00,280519,,*1D
$GPGSA,A,3,02,06,09,12,17,19,28,,,,,,0.8,0.7,0.4*33
$BDGSA,A,3,01,03,04,05,07,10,12,13,19,22,,,0.8,0.7,0.4*24
$GLGSA,A,3,,,,,,,,,,,,,0.8,0.7,0.4*25
$GPGSV,2,1,08,02,34,265,39,06,63,311,46,09,10,119,37,12,12,321,39*71
$GPGSV,2,2,08,17,56,050,45,19,59,009,44,28,40,159,43,05,00,000,35*7A
$BDGSV,3,1,12,01,40,126,42,03,56,171,42,04,23,109,40,05,28,246,37*6C
$BDGSV,3,2,12,07,37,171,41,10,58,204,42,12,50,333,43,13,58,301,43*6F
$BDGSV,3,3,12,19,32,061,43,22,48,132,45,02,48,220,00,08,59,359,00*6A
$B3CN0,0,0,0,0,0,0,0,0,0,0,0,0,0,0*4C
$ini_pos,lastpos_good = 1,ini_pos.x:-1578914.252681,ini_pos.y:5312772.699902,ini_pos.z:3146357.144572
$rtc_local_time,localRTC.weeks:2055,localRTC.seconds:205694.584145,localGtime.weeks:2055,localGtime.seconds:205695.000000
$pseudo_cd_ph,prn:2,pseudo_cd_ph:205694923.968144834042
measnum = 0,full_prange = 22726572.169445
$oldmeas,msRange:0.000000,x:13092450.355284,y:21912759.911209,z:8222120.505475,vx:-849.428223,vy:-512.589539,vz:2921.532959,tb:-0.000223816109
$newmeas,x:13092514.747681,y:21912798.768823,z:8221899.030328,vx:-849.407349,vy:-512.573425,vz:2921.545898,tb:-0.000223816109
$pseudo_cd_ph,prn:6,pseudo_cd_ph:205694931.089908927679
measnum = 1,full_prange = 20716675.859181
$oldmeas,msRange:69.109033,x:1337060.372331,y:19877110.947722,z:17590300.021826,vx:-1553.580566,vy:-1596.151123,vz:1929.802979,tb:0.000193655543
$newmeas,x:1337167.729408,y:19877221.246966,z:17590166.665000,vx:-1553.562988,vy:-1596.144897,vz:1929.828857,tb:0.000193655544
$pseudo_cd_ph,prn:9,pseudo_cd_ph:205694918.040578275919
measnum = 2,full_prange = 24691498.048524
$oldmeas,msRange:82.367479,x:-24685254.231158,y:8497137.769938,z:-4959806.479348,vx:-671.775024,vy:-171.782104,vz:3072.011475,tb:0.000402904563
$newmeas,x:-24685198.901193,y:8497151.918124,z:-4960059.495906,vx:-671.805359,vy:-171.779022,vz:3072.002686,tb:0.000402904563
$pseudo_cd_ph,prn:12,pseudo_cd_ph:205694919.191367238760
measnum = 3,full_prange = 24297193.627450
$oldmeas,msRange:81.052184,x:13832930.799257,y:4855671.928399,z:21926624.433946,vx:-1110.591187,vy:2603.896729,vz:139.323853,tb:0.000238435551
$newmeas,x:13833020.809525,y:4855460.891395,z:21926613.140641,vx:-1110.603516,vy:2603.890137,vz:139.362457,tb:0.000238435552
$pseudo_cd_ph,prn:17,pseudo_cd_ph:205694929.202612429857
measnum = 4,full_prange = 21243042.523466
$oldmeas,msRange:70.864817,x:-13442950.778207,y:14082294.504389,z:18432936.732151,vx:-2251.399414,vy:177.950439,vz:-1826.593018,tb:0.000062129246
$newmeas,x:-13442791.245339,y:14082281.895252,z:18433066.162046,vx:-2251.416016,vy:177.942490,vz:-1826.566040,tb:0.000062129246
$pseudo_cd_ph,prn:19,pseudo_cd_ph:205694930.762766659260
measnum = 5,full_prange = 20662676.437868
$oldmeas,msRange:68.928887,x:-6064185.290035,y:14601490.162098,z:21052165.113434,vx:-2732.342773,vy:163.239716,vz:-880.372009,tb:-0.000313609407
$newmeas,x:-6063996.967740,y:14601478.911456,z:21052225.790458,vx:-2732.351318,vy:163.228882,vz:-880.340271,tb:-0.000313609407
$pseudo_cd_ph,prn:28,pseudo_cd_ph:205694927.535171091557
measnum = 6,full_prange = 21954485.858680
$oldmeas,msRange:73.238044,x:-13057998.440257,y:22829440.970371,z:-3447018.943156,vx:22.497150,vy:-552.332520,vz:-3176.124512,tb:0.000767807432
$newmeas,x:-13058000.087429,y:22829481.417953,z:-3446786.348105,vx:22.487709,vy:-552.305481,vz:-3176.130127,tb:0.000767807432
$GNGGA,090757.000,2944.9072,N,10633.0921,E,1,17,0.7,326.9,M,,,,0000*18
$GNRMC,090757.000,A,2944.9072,N,10633.0921,E,0.45,0.00,280519,,*1D
$GPGSA,A,3,02,06,09,12,17,19,28,,,,,,0.8,0.7,0.4*33
$BDGSA,A,3,01,03,04,05,07,10,12,13,19,22,,,0.8,0.7,0.4*24
$GLGSA,A,3,,,,,,,,,,,,,0.8,0.7,0.4*25
$GPGSV,2,1,08,02,34,265,39,06,63,311,46,09,10,119,36,12,12,321,39*70
$GPGSV,2,2,08,17,56,050,45,19,59,009,44,28,40,159,43,05,00,000,35*7A
$BDGSV,3,1,12,01,40,126,41,03,56,171,42,04,23,109,40,05,28,246,37*6F
$BDGSV,3,2,12,07,37,171,41,10,58,204,42,12,50,333,42,13,58,301,43*6E
$BDGSV,3,3,12,19,32,061,42,22,48,132,44,02,48,220,00,08,59,359,00*6A
$B3CN0,0,0,0,0,0,0,0,0,0,0,0,0,0,0*4C
$ini_pos,lastpos_good = 1,ini_pos.x:-1578914.285418,ini_pos.y:5312772.746498,ini_pos.z:3146357.071694
$rtc_local_time,localRTC.weeks:2055,localRTC.seconds:205695.584145,localGtime.weeks:2055,localGtime.seconds:205696.000000
$pseudo_cd_ph,prn:2,pseudo_cd_ph:205695923.969746500254
measnum = 0,full_prange = 22726082.333085
$oldmeas,msRange:0.000000,x:13091600.789195,y:21912247.215471,z:8225041.953458,vx:-849.703979,vy:-512.802002,vz:2921.363037,tb:-0.000223816115
$newmeas,x:13091665.201106,y:21912286.088354,z:8224820.495971,vx:-849.683105,vy:-512.785889,vz:2921.375977,tb:-0.000223816114
$pseudo_cd_ph,prn:6,pseudo_cd_ph:205695931.090595662594
measnum = 1,full_prange = 20716460.311054
$oldmeas,msRange:69.109049,x:1335506.664836,y:19875514.751758,z:17592229.637981,vx:-1553.834595,vy:-1596.240845,vz:1929.429443,tb:0.000193655533
$newmeas,x:1335614.038352,y:19875625.056056,z:17592096.308357,vx:-1553.817017,vy:-1596.234619,vz:1929.455200,tb:0.000193655533
$pseudo_cd_ph,prn:9,pseudo_cd_ph:205695918.042619705200
measnum = 2,full_prange = 24690876.374149
$oldmeas,msRange:82.366138,x:-24685925.822136,y:8496965.969160,z:-4956734.415380,vx:-671.406982,vy:-171.819473,vz:3072.116699,tb:0.000402904556
$newmeas,x:-24685870.523878,y:8496980.120067,z:-4956987.434245,vx:-671.437256,vy:-171.816391,vz:3072.108154,tb:0.000402904556
$pseudo_cd_ph,prn:12,pseudo_cd_ph:205695919.194222807884
measnum = 3,full_prange = 24296327.880469
$oldmeas,msRange:81.050030,x:13831820.284577,y:4858275.866208,z:21926763.519665,vx:-1110.438232,vy:2603.979004,vz:138.847580,tb:0.000238435545
$newmeas,x:13831910.279244,y:4858064.830053,z:21926752.265361,vx:-1110.450684,vy:2603.972412,vz:138.886185,tb:0.000238435546
$pseudo_cd_ph,prn:17,pseudo_cd_ph:205695929.203259825706
measnum = 4,full_prange = 21242838.774771
$oldmeas,msRange:70.864872,x:-13445202.061390,y:14082472.510807,z:18431109.948548,vx:-2251.166992,vy:178.062408,vz:-1826.974243,tb:0.000062129256
$newmeas,x:-13445042.546528,y:14082459.893856,z:18431239.404218,vx:-2251.183594,vy:178.054474,vz:-1826.947266,tb:0.000062129255
$pseudo_cd_ph,prn:19,pseudo_cd_ph:205695930.763790577650
measnum = 5,full_prange = 20662359.808232
$oldmeas,msRange:68.928566,x:-6066917.570753,y:14601653.480454,z:21051284.511588,vx:-2732.218750,vy:163.397003,vz:-880.831787,tb:-0.000313609405
$newmeas,x:-6066729.259891,y:14601642.219145,z:21051345.219371,vx:-2732.227295,vy:163.386154,vz:-880.800049,tb:-0.000313609405
$pseudo_cd_ph,prn:28,pseudo_cd_ph:205695927.534201562405
measnum = 6,full_prange = 21954766.848862
$oldmeas,msRange:73.239716,x:-13057975.878650,y:22828888.453081,z:-3450195.030838,vx:22.626055,vy:-552.702087,vz:-3176.051025,tb:0.000767807431
$newmeas,x:-13057977.535283,y:22828928.928242,z:-3449962.438205,vx:22.616617,vy:-552.674988,vz:-3176.056396,tb:0.000767807431
$GNGGA,090758.000,2944.9071,N,10633.0921,E,1,17,0.7,327.4,M,,,,0000*18
$GNRMC,090758.000,A,2944.9071,N,10633.0921,E,0.23,0.00,280519,,*11
$GPGSA,A,3,02,06,09,12,17,19,28,,,,,,0.8,0.7,0.4*33
$BDGSA,A,3,01,03,04,05,07,10,12,13,19,22,,,0.8,0.7,0.4*24
$GLGSA,A,3,,,,,,,,,,,,,0.8,0.7,0.4*25
$GPGSV,2,1,08,02,34,265,39,06,63,311,46,09,10,119,38,12,12,321,39*7E
$GPGSV,2,2,08,17,56,050,45,19,59,009,45,28,40,159,44,05,00,000,35*7C
$BDGSV,3,1,12,01,40,126,41,03,56,171,43,04,23,109,40,05,28,246,37*6E
$BDGSV,3,2,12,07,37,171,41,10,58,204,42,12,50,333,43,13,58,301,43*6F
$BDGSV,3,3,12,19,32,061,42,22,48,132,45,02,48,220,00,08,59,359,00*6B
$B3CN0,0,0,0,0,0,0,0,0,0,0,0,0,0,0*4C
$ini_pos,lastpos_good = 1,ini_pos.x:-1578914.444164,ini_pos.y:5312773.190928,ini_pos.z:3146357.249349
$rtc_local_time,localRTC.weeks:2055,localRTC.seconds:205696.584145,localGtime.weeks:2055,localGtime.seconds:205697.000000
$pseudo_cd_ph,prn:2,pseudo_cd_ph:205696923.971348464489
measnum = 0,full_prange = 22725592.407379
$oldmeas,msRange:0.000000,x:13090750.947359,y:21911734.307295,z:8227963.231417,vx:-849.979736,vy:-513.014404,vz:2921.193115,tb:-0.000223816121
$newmeas,x:13090815.378785,y:21911773.195442,z:8227741.791595,vx:-849.958862,vy:-512.998291,vz:2921.205811,tb:-0.000223816120
$pseudo_cd_ph,prn:6,pseudo_cd_ph:205696931.091285020113
measnum = 1,full_prange = 20716243.976691
$oldmeas,msRange:69.109064,x:1333952.703287,y:19873918.466093,z:17594158.880540,vx:-1554.088623,vy:-1596.330566,vz:1929.055786,tb:0.000193655523
$newmeas,x:1334060.093237,y:19874028.775435,z:17594025.578126,vx:-1554.071045,vy:-1596.324341,vz:1929.081665,tb:0.000193655523
$pseudo_cd_ph,prn:9,pseudo_cd_ph:205696918.044660449028
measnum = 2,full_prange = 24690254.905268
$oldmeas,msRange:82.364796,x:-24686597.045040,y:8496794.130983,z:-4953662.246095,vx:-671.038879,vy:-171.856903,vz:3072.221924,tb:0.000402904549
$newmeas,x:-24686541.778488,y:8496808.284616,z:-4953915.267263,vx:-671.069214,vy:-171.853821,vz:3072.213379,tb:0.000402904549
$pseudo_cd_ph,prn:12,pseudo_cd_ph:205696919.197078555822
measnum = 3,full_prange = 24295462.079880
$oldmeas,msRange:81.047877,x:13830709.922835,y:4860879.886292,z:21926902.129108,vx:-1110.285278,vy:2604.061279,vz:138.371307,tb:0.000238435539
$newmeas,x:13830799.901899,y:4860668.850993,z:21926890.913804,vx:-1110.297729,vy:2604.054688,vz:138.409912,tb:0.000238435540
$pseudo_cd_ph,prn:17,pseudo_cd_ph:205696929.203911334276
measnum = 4,full_prange = 21242633.793114
$oldmeas,msRange:70.864926,x:-13447453.112040,y:14082650.629182,z:18429282.783697,vx:-2250.934326,vy:178.174347,vz:-1827.355469,tb:0.000062129265
$newmeas,x:-13447293.615196,y:14082638.004421,z:18429412.265131,vx:-2250.950928,vy:178.166412,vz:-1827.328491,tb:0.000062129264
$pseudo_cd_ph,prn:19,pseudo_cd_ph:205696930.764817923307
measnum = 5,full_prange = 20662042.151127
$oldmeas,msRange:68.928243,x:-6069649.727422,y:14601816.956077,z:21050403.449965,vx:-2732.094727,vy:163.554260,vz:-881.291504,tb:-0.000313609403
$newmeas,x:-6069461.428007,y:14601805.684102,z:21050464.188502,vx:-2732.103271,vy:163.543411,vz:-881.259827,tb:-0.000313609403
$pseudo_cd_ph,prn:28,pseudo_cd_ph:205696927.533233761787
measnum = 6,full_prange = 21955047.320842
$oldmeas,msRange:73.241387,x:-13057953.188165,y:22828335.566245,z:-3453371.044807,vx:22.754908,vy:-553.071655,vz:-3175.977295,tb:0.000767807431
$newmeas,x:-13057954.854256,y:22828376.068987,z:-3453138.454604,vx:22.745474,vy:-553.044556,vz:-3175.982666,tb:0.000767807431
$GNGGA,090759.000,2944.9071,N,10633.0922,E,1,17,0.7,327.8,M,,,,0000*16
$GNRMC,090759.000,A,2944.9071,N,10633.0922,E,0.29,0.00,280519,,*19
$GPGSA,A,3,02,06,09,12,17,19,28,,,,,,0.8,0.7,0.4*33
$BDGSA,A,3,01,03,04,05,07,10,12,13,19,22,,,0.8,0.7,0.4*24
$GLGSA,A,3,,,,,,,,,,,,,0.8,0.7,0.4*25
$GPGSV,2,1,08,02,34,265,39,06,63,311,46,09,10,119,38,12,12,321,39*7E
$GPGSV,2,2,08,17,56,050,45,19,59,009,45,28,40,159,44,05,00,000,35*7C
$BDGSV,3,1,12,01,40,126,41,03,56,171,43,04,23,109,39,05,28,246,39*6E
$BDGSV,3,2,12,07,37,171,41,10,58,204,42,12,50,333,43,13,58,301,44*68
$BDGSV,3,3,12,19,32,061,42,22,48,132,45,02,48,220,00,08,59,359,00*6B
$B3CN0,0,0,0,0,0,0,0,0,0,0,0,0,0,0*4C
$ini_pos,lastpos_good = 1,ini_pos.x:-1578914.611624,ini_pos.y:5312773.476939,ini_pos.z:3146357.418994
$rtc_local_time,localRTC.weeks:2055,localRTC.seconds:205697.584145,localGtime.weeks:2055,localGtime.seconds:205698.000000
$pseudo_cd_ph,prn:2,pseudo_cd_ph:205697923.972950786352
measnum = 0,full_prange = 22725102.374460
$oldmeas,msRange:0.000000,x:13089900.829759,y:21911221.186732,z:8230884.339292,vx:-850.255493,vy:-513.226746,vz:2921.022949,tb:-0.000223816127
$newmeas,x:13089965.280700,y:21911260.090138,z:8230662.917140,vx:-850.234619,vy:-513.210632,vz:2921.035889,tb:-0.000223816126
$pseudo_cd_ph,prn:6,pseudo_cd_ph:205697931.091972887516
measnum = 1,full_prange = 20716028.089052
$oldmeas,msRange:69.109079,x:1332398.487695,y:19872322.090788,z:17596087.749463,vx:-1554.342651,vy:-1596.420166,vz:1928.682129,tb:0.000193655513
$newmeas,x:1332505.894081,y:19872432.405173,z:17595954.474259,vx:-1554.325073,vy:-1596.413940,vz:1928.708008,tb:0.000193655513
$pseudo_cd_ph,prn:9,pseudo_cd_ph:205697918.046700567007
measnum = 2,full_prange = 24689633.624011
$oldmeas,msRange:82.363455,x:-24687267.899865,y:8496622.255357,z:-4950589.971560,vx:-670.670776,vy:-171.894379,vz:3072.327148,tb:0.000402904541
$newmeas,x:-24687212.665017,y:8496636.411720,z:-4950842.995026,vx:-670.701111,vy:-171.891281,vz:3072.318604,tb:0.000402904542
$pseudo_cd_ph,prn:12,pseudo_cd_ph:205697919.199936836958
measnum = 3,full_prange = 24294595.519859
$oldmeas,msRange:81.045723,x:13829599.714060,y:4863483.988588,z:21927040.262275,vx:-1110.132324,vy:2604.143555,vz:137.895035,tb:0.000238435534
$newmeas,x:13829689.677518,y:4863272.954156,z:21927029.085967,vx:-1110.144775,vy:2604.136719,vz:137.933624,tb:0.000238435534
$pseudo_cd_ph,prn:17,pseudo_cd_ph:205697929.204560756683
measnum = 4,full_prange = 21242429.436872
$oldmeas,msRange:70.864980,x:-13449703.930103,y:14082828.859476,z:18427455.237635,vx:-2250.701904,vy:178.286240,vz:-1827.736694,tb:0.000062129275
$newmeas,x:-13449544.451275,y:14082816.226907,z:18427584.744833,vx:-2250.718262,vy:178.278320,vz:-1827.709717,tb:0.000062129274
$pseudo_cd_ph,prn:19,pseudo_cd_ph:205697930.765843451023
measnum = 5,full_prange = 20661725.039028
$oldmeas,msRange:68.927921,x:-6072381.759975,y:14601980.588947,z:21049521.928585,vx:-2731.970459,vy:163.711487,vz:-881.751282,tb:-0.000313609401
$newmeas,x:-6072193.472007,y:14601969.306309,z:21049582.697876,vx:-2731.979004,vy:163.700653,vz:-881.719604,tb:-0.000313609402
$pseudo_cd_ph,prn:28,pseudo_cd_ph:205697927.532266378403
measnum = 6,full_prange = 21955327.667739
$oldmeas,msRange:73.243059,x:-13057930.368853,y:22827782.309851,z:-3456546.984995,vx:22.883709,vy:-553.441223,vz:-3175.903320,tb:0.000767807430
$newmeas,x:-13057932.044398,y:22827822.840175,z:-3456314.397227,vx:22.874277,vy:-553.414124,vz:-3175.908691,tb:0.000767807430
$GNGGA,090800.000,2944.9071,N,10633.0922,E,1,17,0.7,328.0,M,,,,0000*12
$GNRMC,090800.000,A,2944.9071,N,10633.0922,E,0.04,0.00,280519,,*15
$GPGSA,A,3,02,06,09,12,17,19,28,,,,,,0.8,0.7,0.4*33
$BDGSA,A,3,01,03,04,05,07,10,12,13,19,22,,,0.8,0.7,0.4*24
$GLGSA,A,3,,,,,,,,,,,,,0.8,0.7,0.4*25
$GPGSV,2,1,08,02,34,265,39,06,63,311,45,09,10,119,38,12,12,321,39*7D
$GPGSV,2,2,08,17,56,050,45,19,59,009,44,28,40,159,43,05,00,000,35*7A
$BDGSV,3,1,12,01,40,126,41,03,56,171,43,04,23,109,41,05,28,246,38*60
$BDGSV,3,2,12,07,37,171,41,10,58,204,42,12,50,333,43,13,58,301,43*6F
$BDGSV,3,3,12,19,32,061,42,22,48,132,44,02,48,220,00,08,59,359,00*6A
$B3CN0,0,0,0,0,0,0,0,0,0,0,0,0,0,0*4C
$ini_pos,lastpos_good = 1,ini_pos.x:-1578914.699541,ini_pos.y:5312773.602342,ini_pos.z:3146357.501098
$rtc_local_time,localRTC.weeks:2055,localRTC.seconds:205698.584145,localGtime.weeks:2055,localGtime.seconds:205699.000000
$pseudo_cd_ph,prn:2,pseudo_cd_ph:205698923.974557340145
measnum = 0,full_prange = 22724611.072841
$oldmeas,msRange:0.000000,x:13089050.436381,y:21910707.853834,z:8233805.277024,vx:-850.531311,vy:-513.439087,vz:2920.852783,tb:-0.000223816133
$newmeas,x:13089114.906833,y:21910746.772492,z:8233583.872559,vx:-850.510376,vy:-513.422974,vz:2920.865723,tb:-0.000223816132
$pseudo_cd_ph,prn:6,pseudo_cd_ph:205698931.092662811279
measnum = 1,full_prange = 20715811.584933
$oldmeas,msRange:69.109095,x:1330844.018073,y:19870725.625906,z:17598016.244710,vx:-1554.596680,vy:-1596.509644,vz:1928.308472,tb:0.000193655502
$newmeas,x:1330951.440890,y:19870835.945326,z:17597882.996721,vx:-1554.579102,vy:-1596.503540,vz:1928.334229,tb:0.000193655503
$pseudo_cd_ph,prn:9,pseudo_cd_ph:205698918.048748403788
measnum = 2,full_prange = 24689010.028716
$oldmeas,msRange:82.362114,x:-24687938.386605,y:8496450.342230,z:-4947517.591838,vx:-670.302734,vy:-171.931900,vz:3072.432373,tb:0.000402904534
$newmeas,x:-24687883.183466,y:8496464.501326,z:-4947770.617574,vx:-670.333008,vy:-171.928802,vz:3072.423828,tb:0.000402904535
$pseudo_cd_ph,prn:12,pseudo_cd_ph:205698919.202793180943
measnum = 3,full_prange = 24293729.540580
$oldmeas,msRange:81.043570,x:13828489.658285,y:4866088.173030,z:21927177.919162,vx:-1109.979248,vy:2604.225586,vz:137.418747,tb:0.000238435528
$newmeas,x:13828579.606137,y:4865877.139466,z:21927166.781848,vx:-1109.991699,vy:2604.218994,vz:137.457352,tb:0.000238435528
$pseudo_cd_ph,prn:17,pseudo_cd_ph:205698929.205211341381
measnum = 4,full_prange = 21242224.732184
$oldmeas,msRange:70.865034,x:-13451954.515528,y:14083007.201651,z:18425627.310397,vx:-2250.469238,vy:178.398117,vz:-1828.117920,tb:0.000062129284
$newmeas,x:-13451795.054722,y:14082994.561278,z:18425756.843355,vx:-2250.485596,vy:178.390182,vz:-1828.090820,tb:0.000062129283
$pseudo_cd_ph,prn:19,pseudo_cd_ph:205698930.766869872808
measnum = 5,full_prange = 20661407.658893
$oldmeas,msRange:68.927599,x:-6075113.668344,y:14602144.379045,z:21048639.947470,vx:-2731.846436,vy:163.868713,vz:-882.210999,tb:-0.000313609400
$newmeas,x:-6074925.391828,y:14602133.085744,z:21048700.747511,vx:-2731.854980,vy:163.857880,vz:-882.179321,tb:-0.000313609400
$pseudo_cd_ph,prn:28,pseudo_cd_ph:205698927.531297773123
measnum = 6,full_prange = 21955608.380951
$oldmeas,msRange:73.244732,x:-13057907.420767,y:22827228.683883,z:-3459722.851332,vx:23.012457,vy:-553.810791,vz:-3175.829590,tb:0.000767807429
$newmeas,x:-13057909.105763,y:22827269.241793,z:-3459490.266001,vx:23.003029,vy:-553.783691,vz:-3175.834961,tb:0.000767807429
$GNGGA,090801.000,2944.9072,N,10633.0923,E,1,17,0.7,328.4,M,,,,0000*15
$GNRMC,090801.000,A,2944.9072,N,10633.0923,E,0.03,0.00,280519,,*11
$GPGSA,A,3,02,06,09,12,17,19,28,,,,,,0.8,0.7,0.4*33
$BDGSA,A,3,01,03,04,05,07,10,12,13,19,22,,,0.8,0.7,0.4*24
$GLGSA,A,3,,,,,,,,,,,,,0.8,0.7,0.4*25
$GPGSV,2,1,08,02,34,265,39,06,63,311,45,09,10,119,38,12,12,321,39*7D
$GPGSV,2,2,08,17,56,050,45,19,59,009,44,28,40,159,43,05,00,000,34*7B
$BDGSV,3,1,12,01,40,126,41,02,48,220,38,03,56,171,43,04,23,109,40*60
$BDGSV,3,2,12,05,28,246,38,07,37,171,41,10,58,204,42,12,50,333,42*60
$BDGSV,3,3,12,13,58,301,43,19,32,061,43,22,48,132,44,08,59,359,00*6F
$B3CN0,0,0,0,0,0,0,0,0,0,0,0,0,0,0*4C
$ini_pos,lastpos_good = 1,ini_pos.x:-1578914.934490,ini_pos.y:5312773.916251,ini_pos.z:3146357.817185
$rtc_local_time,localRTC.weeks:2055,localRTC.seconds:205699.584145,localGtime.weeks:2055,localGtime.seconds:205699.999999
$pseudo_cd_ph,prn:2,pseudo_cd_ph:205699923.976160228252
measnum = 0,full_prange = 22724120.870166
$oldmeas,msRange:0.000000,x:13088199.767207,y:21910194.308651,z:8236726.044555,vx:-850.807129,vy:-513.651306,vz:2920.682617,tb:-0.000223816138
$newmeas,x:13088264.257175,y:21910233.242559,z:8236504.657769,vx:-850.786194,vy:-513.635254,vz:2920.695312,tb:-0.000223816138
$pseudo_cd_ph,prn:6,pseudo_cd_ph:205699931.093347817659
measnum = 1,full_prange = 20715596.555007
$oldmeas,msRange:69.109110,x:1329289.294432,y:19869129.071511,z:17599944.366238,vx:-1554.850708,vy:-1596.599243,vz:1927.934692,tb:0.000193655492
$newmeas,x:1329396.733686,y:19869239.395969,z:17599811.145458,vx:-1554.833130,vy:-1596.593018,vz:1927.960571,tb:0.000193655493
$pseudo_cd_ph,prn:9,pseudo_cd_ph:205699918.050791919231
measnum = 2,full_prange = 24688387.728926
$oldmeas,msRange:82.360772,x:-24688608.505256,y:8496278.391553,z:-4944445.106996,vx:-669.934631,vy:-171.969482,vz:3072.537598,tb:0.000402904527
$newmeas,x:-24688553.333821,y:8496292.553386,z:-4944698.135009,vx:-669.964966,vy:-171.966385,vz:3072.528809,tb:0.000402904528
$pseudo_cd_ph,prn:12,pseudo_cd_ph:205699919.205646723509
measnum = 3,full_prange = 24292864.401146
$oldmeas,msRange:81.041416,x:13827379.755539,y:4868692.439553,z:21927315.099768,vx:-1109.826294,vy:2604.307617,vz:136.942474,tb:0.000238435522
$newmeas,x:13827469.687786,y:4868481.406855,z:21927304.001445,vx:-1109.838623,vy:2604.301025,vz:136.981064,tb:0.000238435522
$pseudo_cd_ph,prn:17,pseudo_cd_ph:205699929.205858737230
measnum = 4,full_prange = 21242020.983489
$oldmeas,msRange:70.865088,x:-13454204.868263,y:14083185.655670,z:18423799.002021,vx:-2250.236328,vy:178.509933,vz:-1828.499023,tb:0.000062129294
$newmeas,x:-13454045.425476,y:14083173.007495,z:18423928.560741,vx:-2250.252930,vy:178.502014,vz:-1828.472046,tb:0.000062129293
$pseudo_cd_ph,prn:19,pseudo_cd_ph:205699930.767892003059
measnum = 5,full_prange = 20661091.565328
$oldmeas,msRange:68.927277,x:-6077845.452461,y:14602308.326349,z:21047757.506638,vx:-2731.722168,vy:164.025909,vz:-882.670715,tb:-0.000313609398
$newmeas,x:-6077657.187391,y:14602297.022388,z:21047818.337432,vx:-2731.730713,vy:164.015076,vz:-882.639038,tb:-0.000313609398
$pseudo_cd_ph,prn:28,pseudo_cd_ph:205699927.530327111483
measnum = 6,full_prange = 21955889.710644
$oldmeas,msRange:73.246405,x:-13057884.343959,y:22826674.688329,z:-3462898.643751,vx:23.141153,vy:-554.180359,vz:-3175.755615,tb:0.000767807428
$newmeas,x:-13057886.038402,y:22826715.273826,z:-3462666.060856,vx:23.131729,vy:-554.153320,vz:-3175.760986,tb:0.000767807429
$GNGGA,090802.000,2944.9072,N,10633.0924,E,1,17,0.7,329.1,M,,,,0000*15
$GNRMC,090802.000,A,2944.9072,N,10633.0924,E,0.29,0.00,280519,,*1D
$GPGSA,A,3,02,06,09,12,17,19,28,,,,,,0.8,0.7,0.4*33
$BDGSA,A,3,01,03,04,05,07,10,12,13,19,22,,,0.8,0.7,0.4*24
$GLGSA,A,3,,,,,,,,,,,,,0.8,0.7,0.4*25
$GPGSV,2,1,08,02,34,265,39,06,63,311,46,09,10,119,39,12,12,321,39*7F
$GPGSV,2,2,08,17,56,050,45,19,59,009,44,28,40,159,43,05,00,000,34*7B
$BDGSV,3,1,12,01,40,126,43,02,48,220,38,03,56,171,43,04,23,109,40*62
$BDGSV,3,2,12,05,28,246,37,07,37,171,40,08,59,359,39,10,58,204,42*6C
$BDGSV,3,3,12,12,50,333,42,13,58,301,43,19,32,061,42,22,48,132,44*66
$B3CN0,0,0,22,0,0,0,0,0,0,0,0,0,0,0*7C
$ini_pos,lastpos_good = 1,ini_pos.x:-1578915.195200,ini_pos.y:5312774.398723,ini_pos.z:3146358.137119
$rtc_local_time,localRTC.weeks:2055,localRTC.seconds:205700.584145,localGtime.weeks:2055,localGtime.seconds:205700.999999
$pseudo_cd_ph,prn:2,pseudo_cd_ph:205700923.977764010429
measnum = 0,full_prange = 22723630.399456
$oldmeas,msRange:0.000000,x:13087348.822222,y:21909680.551234,z:8239646.641824,vx:-851.082947,vy:-513.863525,vz:2920.512207,tb:-0.000223816144
$newmeas,x:13087413.331705,y:21909719.500387,z:8239425.272724,vx:-851.062012,vy:-513.847473,vz:2920.525146,tb:-0.000223816144
$pseudo_cd_ph,prn:6,pseudo_cd_ph:205700931.094033569098
measnum = 1,full_prange = 20715381.301719
$oldmeas,msRange:69.109125,x:1327734.316784,y:19867532.427664,z:17601872.114009,vx:-1555.104736,vy:-1596.688599,vz:1927.560913,tb:0.000193655482
$newmeas,x:1327841.772473,y:19867642.757154,z:17601738.920440,vx:-1555.087158,vy:-1596.682373,vz:1927.586792,tb:0.000193655483
$pseudo_cd_ph,prn:9,pseudo_cd_ph:205700918.052832573652
measnum = 2,full_prange = 24687766.286848
$oldmeas,msRange:82.359431,x:-24689278.255810,y:8496106.403273,z:-4941372.517098,vx:-669.566528,vy:-172.007111,vz:3072.642578,tb:0.000402904520
$newmeas,x:-24689223.116077,y:8496120.567849,z:-4941625.547391,vx:-669.596863,vy:-172.003998,vz:3072.633789,tb:0.000402904521
$pseudo_cd_ph,prn:12,pseudo_cd_ph:205700919.208498477936
measnum = 3,full_prange = 24291999.797782
$oldmeas,msRange:81.039263,x:13826270.005852,y:4871296.788093,z:21927451.804090,vx:-1109.673218,vy:2604.389648,vz:136.466187,tb:0.000238435516
$newmeas,x:13826359.922495,y:4871085.756262,z:21927440.744754,vx:-1109.685547,vy:2604.383057,vz:136.504776,tb:0.000238435517
$pseudo_cd_ph,prn:17,pseudo_cd_ph:205700929.206507444382
measnum = 4,full_prange = 21241816.841675
$oldmeas,msRange:70.865142,x:-13456454.988255,y:14083364.221496,z:18421970.312542,vx:-2250.003662,vy:178.621719,vz:-1828.880127,tb:0.000062129303
$newmeas,x:-13456295.563494,y:14083351.565521,z:18422099.897019,vx:-2250.020264,vy:178.613800,vz:-1828.853027,tb:0.000062129302
$pseudo_cd_ph,prn:19,pseudo_cd_ph:205700930.768916219473
measnum = 5,full_prange = 20660774.846347
$oldmeas,msRange:68.926954,x:-6080577.112258,y:14602472.430840,z:21046874.606111,vx:-2731.597656,vy:164.183075,vz:-883.130371,tb:-0.000313609396
$newmeas,x:-6080388.858644,y:14602461.116220,z:21046935.467652,vx:-2731.606201,vy:164.172256,vz:-883.098694,tb:-0.000313609396
$pseudo_cd_ph,prn:28,pseudo_cd_ph:205700927.529357373714
measnum = 6,full_prange = 21956170.763366
$oldmeas,msRange:73.248077,x:-13057861.138480,y:22826120.323175,z:-3466074.362183,vx:23.269798,vy:-554.549988,vz:-3175.681396,tb:0.000767807428
$newmeas,x:-13057862.842366,y:22826160.936261,z:-3465841.781732,vx:23.260378,vy:-554.522888,vz:-3175.687012,tb:0.000767807428
$GNGGA,090803.000,2944.9070,N,10633.0921,E,1,18,0.7,329.4,M,,,,0000*19
$GNRMC,090803.000,A,2944.9070,N,10633.0921,E,0.45,0.00,280519,,*11
$GPGSA,A,3,02,06,09,12,17,19,28,,,,,,0.8,0.7,0.4*33
$BDGSA,A,3,01,02,03,04,05,07,10,12,13,19,22,,0.8,0.7,0.4*26
$GLGSA,A,3,,,,,,,,,,,,,0.8,0.7,0.4*25
$GPGSV,2,1,08,02,34,265,40,06,63,311,46,09,10,119,38,12,12,321,39*70
$GPGSV,2,2,08,17,56,050,45,19,59,009,44,28,40,159,43,05,00,000,34*7B
$BDGSV,3,1,12,01,40,126,41,02,48,220,39,03,56,171,43,04,23,109,39*6F
$BDGSV,3,2,12,05,28,246,37,07,37,171,40,08,59,359,42,10,58,204,42*60
$BDGSV,3,3,12,12,50,333,42,13,58,301,43,19,32,061,42,22,48,132,44*66
$B3CN0,0,0,19,0,0,0,0,0,0,0,0,0,0,0*74
$ini_pos,lastpos_good = 1,ini_pos.x:-1578914.987997,ini_pos.y:5312774.981292,ini_pos.z:3146358.021859
$rtc_local_time,localRTC.weeks:2055,localRTC.seconds:205701.584145,localGtime.weeks:2055,localGtime.seconds:205701.999999
$pseudo_cd_ph,prn:2,pseudo_cd_ph:205701923.979364633560
measnum = 0,full_prange = 22723140.875805
$oldmeas,msRange:0.000000,x:13086497.601411,y:21909166.581636,z:8242567.068774,vx:-851.358765,vy:-514.075684,vz:2920.341797,tb:-0.000223816150
$newmeas,x:13086562.130410,y:21909205.546031,z:8242345.717354,vx:-851.337830,vy:-514.059631,vz:2920.354736,tb:-0.000223816150
$pseudo_cd_ph,prn:6,pseudo_cd_ph:205701931.094716846943
measnum = 1,full_prange = 20715166.789996
$oldmeas,msRange:69.109140,x:1326179.085140,y:19865935.694428,z:17603799.487980,vx:-1555.358643,vy:-1596.777954,vz:1927.187134,tb:0.000193655472
$newmeas,x:1326286.557266,y:19866046.028951,z:17603666.321621,vx:-1555.341187,vy:-1596.771729,vz:1927.213013,tb:0.000193655473
$pseudo_cd_ph,prn:9,pseudo_cd_ph:205701918.054872810841
measnum = 2,full_prange = 24687144.969853
$oldmeas,msRange:82.358090,x:-24689947.638264,y:8495934.377340,z:-4938299.822211,vx:-669.198425,vy:-172.044785,vz:3072.747559,tb:0.000402904513
$newmeas,x:-24689892.530231,y:8495948.544662,z:-4938552.854778,vx:-669.228760,vy:-172.041672,vz:3072.738770,tb:0.000402904514
$pseudo_cd_ph,prn:12,pseudo_cd_ph:205701919.211350649595
measnum = 3,full_prange = 24291135.069336
$oldmeas,msRange:81.037110,x:13825160.409257,y:4873901.218584,z:21927588.032125,vx:-1109.520020,vy:2604.471436,vz:135.989899,tb:0.000238435510
$newmeas,x:13825250.310293,y:4873690.187628,z:21927577.011775,vx:-1109.532471,vy:2604.464844,vz:136.028488,tb:0.000238435511
$pseudo_cd_ph,prn:17,pseudo_cd_ph:205701929.207153350115
measnum = 4,full_prange = 21241613.539705
$oldmeas,msRange:70.865197,x:-13458704.875454,y:14083542.899089,z:18420141.241997,vx:-2249.770752,vy:178.733475,vz:-1829.261108,tb:0.000062129313
$newmeas,x:-13458545.468714,y:14083530.235318,z:18420270.852233,vx:-2249.787354,vy:178.725555,vz:-1829.234131,tb:0.000062129312
$pseudo_cd_ph,prn:19,pseudo_cd_ph:205701930.769936442375
measnum = 5,full_prange = 20660459.324591
$oldmeas,msRange:68.926633,x:-6083308.647667,y:14602636.692497,z:21045991.245908,vx:-2731.473389,vy:164.340240,vz:-883.590088,tb:-0.000313609395
$newmeas,x:-6083120.405502,y:14602625.367219,z:21046052.138198,vx:-2731.481934,vy:164.329407,vz:-883.558411,tb:-0.000313609395
$pseudo_cd_ph,prn:28,pseudo_cd_ph:205701927.528383791447
measnum = 6,full_prange = 21956452.968640
$oldmeas,msRange:73.249750,x:-13057837.804383,y:22825565.588405,z:-3469250.006560,vx:23.398390,vy:-554.919617,vz:-3175.607422,tb:0.000767807427
$newmeas,x:-13057839.517709,y:22825606.229084,z:-3469017.428545,vx:23.388973,vy:-554.892517,vz:-3175.612793,tb:0.000767807427
$GNGGA,090804.000,2944.9069,N,10633.0921,E,1,19,0.7,329.8,M,,,,0000*1B
$GNRMC,090804.000,A,2944.9069,N,10633.0921,E,0.24,0.00,280519,,*19
$GPGSA,A,3,02,06,09,12,17,19,28,,,,,,0.8,0.7,0.4*33
$BDGSA,A,3,01,02,03,04,05,07,08,10,12,13,19,22,0.8,0.7,0.4*2E
$GLGSA,A,3,,,,,,,,,,,,,0.8,0.7,0.4*25
$GPGSV,2,1,08,02,34,265,40,06,63,311,46,09,10,119,39,12,12,321,39*71
$GPGSV,2,2,08,17,56,050,45,19,59,009,44,28,40,159,43,05,00,000,35*7A
$BDGSV,3,1,12,01,40,126,42,02,48,220,39,03,56,171,43,04,23,109,39*6C
$BDGSV,3,2,12,05,28,246,36,07,37,171,40,08,59,359,42,10,58,204,42*61
$BDGSV,3,3,12,12,50,333,43,13,58,301,43,19,32,061,43,22,48,132,44*66
$B3CN0,0,0,18,0,0,0,0,0,0,0,0,0,0,0*75
$ini_pos,lastpos_good = 1,ini_pos.x:-1578915.054472,ini_pos.y:5312775.323930,ini_pos.z:3146358.149155
$rtc_local_time,localRTC.weeks:2055,localRTC.seconds:205702.584145,localGtime.weeks:2055,localGtime.seconds:205702.999999
$pseudo_cd_ph,prn:2,pseudo_cd_ph:205702923.980963945389
measnum = 0,full_prange = 22722651.745273
$oldmeas,msRange:0.000000,x:13085646.104756,y:21908652.399907,z:8245487.325343,vx:-851.634583,vy:-514.287781,vz:2920.171387,tb:-0.000223816156
$newmeas,x:13085710.653275,y:21908691.379540,z:8245265.991604,vx:-851.613708,vy:-514.271729,vz:2920.184326,tb:-0.000223816156
$pseudo_cd_ph,prn:6,pseudo_cd_ph:205702931.095401376486
measnum = 1,full_prange = 20714951.903023
$oldmeas,msRange:69.109156,x:1324623.599513,y:19864338.871866,z:17605726.488112,vx:-1555.612671,vy:-1596.867310,vz:1926.813232,tb:0.000193655462
$newmeas,x:1324731.088073,y:19864449.211415,z:17605593.348967,vx:-1555.595093,vy:-1596.861084,vz:1926.839111,tb:0.000193655463
$pseudo_cd_ph,prn:9,pseudo_cd_ph:205702918.056913286448
measnum = 2,full_prange = 24686523.581382
$oldmeas,msRange:82.356750,x:-24690616.652612,y:8495762.313703,z:-4935227.022398,vx:-668.830322,vy:-172.082504,vz:3072.852295,tb:0.000402904506
$newmeas,x:-24690561.576278,y:8495776.483775,z:-4935480.057234,vx:-668.860657,vy:-172.079407,vz:3072.843750,tb:0.000402904506
$pseudo_cd_ph,prn:12,pseudo_cd_ph:205702919.214205294847
measnum = 3,full_prange = 24290269.599325
$oldmeas,msRange:81.034957,x:13824050.965782,y:4876505.730962,z:21927723.783872,vx:-1109.366943,vy:2604.553467,vz:135.513611,tb:0.000238435504
$newmeas,x:13824140.851208,y:4876294.700892,z:21927712.802506,vx:-1109.379395,vy:2604.546875,vz:135.552200,tb:0.000238435505
$pseudo_cd_ph,prn:17,pseudo_cd_ph:205702929.207799196243
measnum = 4,full_prange = 21241410.255604
$oldmeas,msRange:70.865252,x:-13460954.529807,y:14083721.688413,z:18418311.790423,vx:-2249.538086,vy:178.845184,vz:-1829.642090,tb:0.000062129322
$newmeas,x:-13460795.141092,y:14083709.016848,z:18418441.426414,vx:-2249.554443,vy:178.837265,vz:-1829.615112,tb:0.000062129321
$pseudo_cd_ph,prn:19,pseudo_cd_ph:205702930.770957261324
measnum = 5,full_prange = 20660143.624145
$oldmeas,msRange:68.926312,x:-6086040.058620,y:14602801.111300,z:21045107.426049,vx:-2731.348877,vy:164.497375,vz:-884.049683,tb:-0.000313609393
$newmeas,x:-6085851.827911,y:14602789.775366,z:21045168.349085,vx:-2731.357422,vy:164.486542,vz:-884.018005,tb:-0.000313609393
$pseudo_cd_ph,prn:28,pseudo_cd_ph:205702927.527408719063
measnum = 6,full_prange = 21956735.620640
$oldmeas,msRange:73.251423,x:-13057814.341719,y:22825010.484008,z:-3472425.576813,vx:23.526930,vy:-555.289246,vz:-3175.533203,tb:0.000767807426
$newmeas,x:-13057816.064482,y:22825051.152281,z:-3472193.001235,vx:23.517519,vy:-555.262146,vz:-3175.538818,tb:0.000767807426
$GNGGA,090805.000,2944.9069,N,10633.0921,E,1,19,0.7,330.0,M,,,,0000*1A
$GNRMC,090805.000,A,2944.9069,N,10633.0921,E,0.32,0.00,280519,,*1F
$GPGSA,A,3,02,06,09,12,17,19,28,,,,,,0.8,0.7,0.4*33
$BDGSA,A,3,01,02,03,04,05,07,08,10,12,13,19,22,0.8,0.7,0.4*2E
$GLGSA,A,3,,,,,,,,,,,,,0.8,0.7,0.4*25
$GPGSV,2,1,08,02,34,265,40,06,63,311,46,09,10,119,39,12,12,321,39*71
$GPGSV,2,2,08,17,56,050,45,19,59,009,44,28,40,159,43,05,00,000,34*7B
$BDGSV,3,1,12,01,40,126,41,02,48,220,40,03,56,171,43,04,23,109,40*6F
$BDGSV,3,2,12,05,28,246,37,07,37,171,41,08,59,359,41,10,58,204,42*62
$BDGSV,3,3,12,12,50,333,43,13,58,301,43,19,32,061,42,22,48,132,44*67
$B3CN0,0,18,23,0,0,0,0,0,0,0,0,0,0,0*44
$ini_pos,lastpos_good = 1,ini_pos.x:-1578915.114311,ini_pos.y:5312775.471933,ini_pos.z:3146358.205177
$rtc_local_time,localRTC.weeks:2055,localRTC.seconds:205703.584145,localGtime.weeks:2055,localGtime.seconds:205703.999999
$pseudo_cd_ph,prn:2,pseudo_cd_ph:205703923.982567340136
measnum = 0,full_prange = 22722161.390713
$oldmeas,msRange:0.000000,x:13084794.332242,y:21908138.006099,z:8248407.411474,vx:-851.910461,vy:-514.499878,vz:2920.000977,tb:-0.000223816162
$newmeas,x:13084858.900277,y:21908177.000963,z:8248186.095431,vx:-851.889587,vy:-514.483765,vz:2920.013916,tb:-0.000223816162
$pseudo_cd_ph,prn:6,pseudo_cd_ph:205703931.096085608006
measnum = 1,full_prange = 20714737.105395
$oldmeas,msRange:69.109173,x:1323067.859913,y:19862741.960042,z:17607653.114364,vx:-1555.866577,vy:-1596.956543,vz:1926.439331,tb:0.000193655452
$newmeas,x:1323175.364907,y:19862852.304612,z:17607520.002435,vx:-1555.849121,vy:-1596.950317,vz:1926.465210,tb:0.000193655452
$pseudo_cd_ph,prn:9,pseudo_cd_ph:205703918.058954149485
measnum = 2,full_prange = 24685902.076763
$oldmeas,msRange:82.355409,x:-24691285.298847,y:8495590.212311,z:-4932154.117725,vx:-668.462219,vy:-172.120285,vz:3072.957275,tb:0.000402904499
$newmeas,x:-24691230.254212,y:8495604.385137,z:-4932407.154823,vx:-668.492493,vy:-172.117172,vz:3072.948486,tb:0.000402904499
$pseudo_cd_ph,prn:12,pseudo_cd_ph:205703919.217060834169
measnum = 3,full_prange = 24289403.861278
$oldmeas,msRange:81.032804,x:13822941.675459,y:4879110.325161,z:21927859.059328,vx:-1109.213745,vy:2604.635254,vz:135.037308,tb:0.000238435498
$newmeas,x:13823031.545272,y:4878899.295986,z:21927848.116943,vx:-1109.226196,vy:2604.628662,vz:135.075897,tb:0.000238435499
$pseudo_cd_ph,prn:17,pseudo_cd_ph:205703929.208446323872
measnum = 4,full_prange = 21241206.587319
$oldmeas,msRange:70.865308,x:-13463203.951262,y:14083900.589430,z:18416481.957855,vx:-2249.305176,vy:178.956863,vz:-1830.023071,tb:0.000062129331
$newmeas,x:-13463044.580579,y:14083887.910073,z:18416611.619597,vx:-2249.321533,vy:178.948944,vz:-1829.996094,tb:0.000062129331
$pseudo_cd_ph,prn:19,pseudo_cd_ph:205703930.771978586912
measnum = 5,full_prange = 20659827.771812
$oldmeas,msRange:68.925991,x:-6088771.345051,y:14602965.687229,z:21044223.146554,vx:-2731.224121,vy:164.654495,vz:-884.509338,tb:-0.000313609391
$newmeas,x:-6088583.125803,y:14602954.340641,z:21044284.100333,vx:-2731.232910,vy:164.643661,vz:-884.477661,tb:-0.000313609391
$pseudo_cd_ph,prn:28,pseudo_cd_ph:205703927.526437312365
measnum = 6,full_prange = 21957017.173694
$oldmeas,msRange:73.253098,x:-13057790.750540,y:22824455.009967,z:-3475601.072873,vx:23.655418,vy:-555.658875,vz:-3175.458984,tb:0.000767807426
$newmeas,x:-13057792.482736,y:22824495.705836,z:-3475368.499749,vx:23.646011,vy:-555.631836,vz:-3175.464600,tb:0.000767807426
$GNGGA,090806.000,2944.9069,N,10633.0921,E,1,19,0.7,330.0,M,,,,0000*19
$GNRMC,090806.000,A,2944.9069,N,10633.0921,E,0.34,0.00,280519,,*1A
$GPGSA,A,3,02,06,09,12,17,19,28,,,,,,0.8,0.7,0.4*33
$BDGSA,A,3,01,02,03,04,05,07,08,10,12,13,19,22,0.8,0.7,0.4*2E
$GLGSA,A,3,,,,,,,,,,,,,0.8,0.7,0.4*25
$GPGSV,2,1,08,02,34,265,40,06,63,311,45,09,10,119,38,12,12,321,39*73
$GPGSV,2,2,08,17,56,050,45,19,59,009,44,28,40,159,43,05,00,000,33*7C
$BDGSV,3,1,12,01,40,126,41,02,48,220,40,03,56,171,42,04,23,109,39*60
$BDGSV,3,2,12,05,28,246,37,07,37,171,41,08,59,359,42,10,58,204,42*61
$BDGSV,3,3,12,12,50,333,42,13,58,301,43,19,32,061,43,22,48,132,44*67
$B3CN0,0,0,19,0,0,0,0,0,0,0,0,0,0,0*74
$ini_pos,lastpos_good = 1,ini_pos.x:-1578915.133054,ini_pos.y:5312775.584717,ini_pos.z:3146358.126354
$rtc_local_time,localRTC.weeks:2055,localRTC.seconds:205704.584145,localGtime.weeks:2055,localGtime.seconds:205704.999999
$pseudo_cd_ph,prn:2,pseudo_cd_ph:205704923.984168231487
measnum = 0,full_prange = 22721671.786652
$oldmeas,msRange:0.000000,x:13083942.283853,y:21907623.400263,z:8251327.327107,vx:-852.186340,vy:-514.711853,vz:2919.830566,tb:-0.000223816168
$newmeas,x:13084006.871406,y:21907662.410355,z:8251106.028758,vx:-852.165466,vy:-514.695801,vz:2919.843506,tb:-0.000223816167
$pseudo_cd_ph,prn:6,pseudo_cd_ph:205704931.096768707037
measnum = 1,full_prange = 20714522.647279
$oldmeas,msRange:69.109191,x:1321511.866353,y:19861144.959017,z:17609579.366695,vx:-1556.120605,vy:-1597.045654,vz:1926.065430,tb:0.000193655442
$newmeas,x:1321619.387782,y:19861255.308606,z:17609446.281981,vx:-1556.103027,vy:-1597.039551,vz:1926.091309,tb:0.000193655442
$pseudo_cd_ph,prn:9,pseudo_cd_ph:205704918.060995042324
measnum = 2,full_prange = 24685280.563209
$oldmeas,msRange:82.354068,x:-24691953.576966,y:8495418.073112,z:-4929081.108258,vx:-668.094055,vy:-172.158127,vz:3073.062012,tb:0.000402904492
$newmeas,x:-24691898.564028,y:8495432.248696,z:-4929334.147612,vx:-668.124390,vy:-172.155014,vz:3073.053223,tb:0.000402904492
$pseudo_cd_ph,prn:12,pseudo_cd_ph:205704919.219912737608
measnum = 3,full_prange = 24288539.213242
$oldmeas,msRange:81.030652,x:13821832.538318,y:4881715.001118,z:21927993.858491,vx:-1109.060547,vy:2604.716797,vz:134.561020,tb:0.000238435493
$newmeas,x:13821922.392520,y:4881503.972833,z:21927982.955083,vx:-1109.072998,vy:2604.710205,vz:134.599609,tb:0.000238435493
$pseudo_cd_ph,prn:17,pseudo_cd_ph:205704929.209091871977
measnum = 4,full_prange = 21241003.392563
$oldmeas,msRange:70.865364,x:-13465453.139767,y:14084079.602101,z:18414651.744330,vx:-2249.072021,vy:179.068497,vz:-1830.404053,tb:0.000062129341
$newmeas,x:-13465293.787115,y:14084066.914956,z:18414781.431822,vx:-2249.088623,vy:179.060577,vz:-1830.377075,tb:0.000062129340
$pseudo_cd_ph,prn:19,pseudo_cd_ph:205704930.773001581430
measnum = 5,full_prange = 20659511.419146
$oldmeas,msRange:68.925671,x:-6091502.506890,y:14603130.420263,z:21043338.407444,vx:-2731.099609,vy:164.811584,vz:-884.968933,tb:-0.000313609389
$newmeas,x:-6091314.299112,y:14603119.063023,z:21043399.391962,vx:-2731.108154,vy:164.800766,vz:-884.937256,tb:-0.000313609390
$pseudo_cd_ph,prn:28,pseudo_cd_ph:205704927.525465458632
measnum = 6,full_prange = 21957298.860766
$oldmeas,msRange:73.254772,x:-13057767.030899,y:22823899.166271,z:-3478776.494673,vx:23.783855,vy:-556.028564,vz:-3175.384766,tb:0.000767807425
$newmeas,x:-13057768.772524,y:22823939.889736,z:-3478543.924007,vx:23.774450,vy:-556.001465,vz:-3175.390137,tb:0.000767807425
$GNGGA,090807.000,2944.9068,N,10633.0922,E,1,19,0.7,330.6,M,,,,0000*1C
$GNRMC,090807.000,A,2944.9068,N,10633.0922,E,0.37,0.00,280519,,*1A
$GPGSA,A,3,02,06,09,12,17,19,28,,,,,,0.8,0.7,0.4*33
$BDGSA,A,3,01,02,03,04,05,07,08,10,12,13,19,22,0.8,0.7,0.4*2E
$GLGSA,A,3,,,,,,,,,,,,,0.8,0.7,0.4*25
$GPGSV,2,1,08,02,34,265,39,06,63,311,45,09,10,119,39,12,12,321,39*7C
$GPGSV,2,2,08,17,56,050,45,19,59,009,44,28,40,159,43,05,00,000,34*7B
$BDGSV,3,1,12,01,40,126,41,02,48,220,39,03,56,171,43,04,23,109,40*61
$BDGSV,3,2,12,05,28,246,37,07,37,171,41,08,59,359,42,10,58,204,42*61
$BDGSV,3,3,12,12,50,333,42,13,58,301,43,19,32,061,43,22,48,132,44*67
$B3CN0,0,36,20,0,0,0,0,0,0,0,0,0,0,0*4B
$ini_pos,lastpos_good = 1,ini_pos.x:-1578915.379712,ini_pos.y:5312776.139004,ini_pos.z:3146358.313960
$rtc_local_time,localRTC.weeks:2055,localRTC.seconds:205705.584145,localGtime.weeks:2055,localGtime.seconds:205705.999999
$pseudo_cd_ph,prn:2,pseudo_cd_ph:205705923.985768944025
measnum = 0,full_prange = 22721182.236198
$oldmeas,msRange:0.000000,x:13083089.959573,y:21907108.582450,z:8254247.072184,vx:-852.462280,vy:-514.923828,vz:2919.659912,tb:-0.000223816174
$newmeas,x:13083154.566645,y:21907147.607765,z:8254025.791530,vx:-852.441345,vy:-514.907715,vz:2919.672852,tb:-0.000223816173
$pseudo_cd_ph,prn:6,pseudo_cd_ph:205705931.097453445196
measnum = 1,full_prange = 20714307.697764
$oldmeas,msRange:69.109207,x:1319955.618844,y:19859547.868854,z:17611505.245064,vx:-1556.374512,vy:-1597.134766,vz:1925.691406,tb:0.000193655431
$newmeas,x:1320063.156704,y:19859658.223455,z:17611372.187571,vx:-1556.356934,vy:-1597.128662,vz:1925.717285,tb:0.000193655432
$pseudo_cd_ph,prn:9,pseudo_cd_ph:205705918.063037157059
measnum = 2,full_prange = 24684658.683340
$oldmeas,msRange:82.352727,x:-24692621.486962,y:8495245.896056,z:-4926007.994062,vx:-667.725952,vy:-172.196014,vz:3073.166748,tb:0.000402904485
$newmeas,x:-24692566.505721,y:8495260.074402,z:-4926261.035662,vx:-667.756287,vy:-172.192886,vz:3073.157959,tb:0.000402904485
$pseudo_cd_ph,prn:12,pseudo_cd_ph:205705919.222767263651
measnum = 3,full_prange = 24287673.778970
$oldmeas,msRange:81.028499,x:13820723.554391,y:4884319.758766,z:21928128.181358,vx:-1108.907349,vy:2604.798584,vz:134.084717,tb:0.000238435487
$newmeas,x:13820813.392977,y:4884108.731385,z:21928117.316927,vx:-1108.919800,vy:2604.791992,vz:134.123306,tb:0.000238435487
$pseudo_cd_ph,prn:17,pseudo_cd_ph:205705929.209739655256
measnum = 4,full_prange = 21240799.527718
$oldmeas,msRange:70.865418,x:-13467702.095271,y:14084258.726389,z:18412821.149885,vx:-2248.839111,vy:179.180084,vz:-1830.784912,tb:0.000062129350
$newmeas,x:-13467542.760659,y:14084246.031459,z:18412950.863120,vx:-2248.855469,vy:179.172180,vz:-1830.757935,tb:0.000062129350
$pseudo_cd_ph,prn:19,pseudo_cd_ph:205705930.774022698402
measnum = 5,full_prange = 20659195.629355
$oldmeas,msRange:68.925349,x:-6094233.544070,y:14603295.310382,z:21042453.208738,vx:-2730.974854,vy:164.968658,vz:-885.428528,tb:-0.000313609388
$newmeas,x:-6094045.347762,y:14603283.942491,z:21042514.223996,vx:-2730.983398,vy:164.957840,vz:-885.396851,tb:-0.000313609388
$pseudo_cd_ph,prn:28,pseudo_cd_ph:205705927.524491995573
measnum = 6,full_prange = 21957581.030301
$oldmeas,msRange:73.256445,x:-13057743.182848,y:22823342.952904,z:-3481951.842143,vx:23.912241,vy:-556.398254,vz:-3175.310303,tb:0.000767807424
$newmeas,x:-13057744.933898,y:22823383.703968,z:-3481719.273935,vx:23.902840,vy:-556.371155,vz:-3175.315918,tb:0.000767807424
$GNGGA,090808.000,2944.9067,N,10633.0921,E,1,19,0.7,330.4,M,,,,0000*1D
$GNRMC,090808.000,A,2944.9067,N,10633.0921,E,0.39,0.00,280519,,*17
$GPGSA,A,3,02,06,09,12,17,19,28,,,,,,0.8,0.7,0.4*33
$BDGSA,A,3,01,02,03,04,05,07,08,10,12,13,19,22,0.8,0.7,0.4*2E
$GLGSA,A,3,,,,,,,,,,,,,0.8,0.7,0.4*25
$GPGSV,2,1,08,02,34,265,39,06,63,311,45,09,10,118,39,12,12,321,39*7D
$GPGSV,2,2,08,17,56,050,44,19,59,009,44,28,39,159,43,05,00,000,34*74
$BDGSV,3,1,12,01,40,126,41,02,48,220,40,03,56,171,42,04,23,109,40*6E
$BDGSV,3,2,12,05,28,246,37,07,37,172,41,08,59,359,42,10,58,204,42*62
$BDGSV,3,3,12,12,50,333,43,13,58,301,43,19,32,060,42,22,48,131,44*65
$B3CN0,0,0,24,0,0,0,0,0,0,0,0,0,0,0*7A
$ini_pos,lastpos_good = 1,ini_pos.x:-1578915.244884,ini_pos.y:5312776.034726,ini_pos.z:3146358.170007
$rtc_local_time,localRTC.weeks:2055,localRTC.seconds:205706.584145,localGtime.weeks:2055,localGtime.seconds:205706.999999
$pseudo_cd_ph,prn:2,pseudo_cd_ph:205706923.987371951342
measnum = 0,full_prange = 22720691.997787
$oldmeas,msRange:0.000000,x:13082237.359387,y:21906593.552712,z:8257166.646644,vx:-852.738159,vy:-515.135681,vz:2919.489258,tb:-0.000223816180
$newmeas,x:13082301.985975,y:21906632.593244,z:8256945.383698,vx:-852.717285,vy:-515.119629,vz:2919.502197,tb:-0.000223816179
$pseudo_cd_ph,prn:6,pseudo_cd_ph:205706931.098142445087
measnum = 1,full_prange = 20714091.470615
$oldmeas,msRange:69.109225,x:1318399.117399,y:19857950.689617,z:17613430.749430,vx:-1556.628418,vy:-1597.223755,vz:1925.317383,tb:0.000193655421
$newmeas,x:1318506.671681,y:19858061.049218,z:17613297.719170,vx:-1556.610962,vy:-1597.217651,vz:1925.343262,tb:0.000193655422
$pseudo_cd_ph,prn:9,pseudo_cd_ph:205706918.065079629421
measnum = 2,full_prange = 24684036.696257
$oldmeas,msRange:82.351386,x:-24693289.028830,y:8495073.681091,z:-4922934.775202,vx:-667.357849,vy:-172.233948,vz:3073.271240,tb:0.000402904477
$newmeas,x:-24693234.079285,y:8495087.862203,z:-4923187.819041,vx:-667.388123,vy:-172.230820,vz:3073.262695,tb:0.000402904478
$pseudo_cd_ph,prn:12,pseudo_cd_ph:205706919.225621521473
measnum = 3,full_prange = 24286808.425107
$oldmeas,msRange:81.026347,x:13819614.723706,y:4886924.598041,z:21928262.027929,vx:-1108.754028,vy:2604.880127,vz:133.608429,tb:0.000238435481
$newmeas,x:13819704.546676,y:4886713.571569,z:21928251.202470,vx:-1108.766479,vy:2604.873535,vz:133.647018,tb:0.000238435481
$pseudo_cd_ph,prn:17,pseudo_cd_ph:205706929.210391104221
measnum = 4,full_prange = 21240594.563929
$oldmeas,msRange:70.865475,x:-13469950.817721,y:14084437.962257,z:18410990.174556,vx:-2248.605957,vy:179.291656,vz:-1831.165771,tb:0.000062129360
$newmeas,x:-13469791.501160,y:14084425.259544,z:18411119.913524,vx:-2248.622559,vy:179.283752,vz:-1831.138794,tb:0.000062129359
$pseudo_cd_ph,prn:19,pseudo_cd_ph:205706930.775047928095
measnum = 5,full_prange = 20658878.606601
$oldmeas,msRange:68.925030,x:-6096964.456524,y:14603460.357566,z:21041567.550458,vx:-2730.850098,vy:165.125717,vz:-885.888062,tb:-0.000313609386
$newmeas,x:-6096776.271701,y:14603448.979027,z:21041628.596448,vx:-2730.858643,vy:165.114899,vz:-885.856445,tb:-0.000313609386
$pseudo_cd_ph,prn:28,pseudo_cd_ph:205706927.523522436619
measnum = 6,full_prange = 21957862.029415
$oldmeas,msRange:73.258121,x:-13057719.206437,y:22822786.369853,z:-3485127.115216,vx:24.040573,vy:-556.767944,vz:-3175.235840,tb:0.000767807424
$newmeas,x:-13057720.966910,y:22822827.148516,z:-3484894.549483,vx:24.031176,vy:-556.740845,vz:-3175.241455,tb:0.000767807424
$GNGGA,090809.000,2944.9068,N,10633.0923,E,1,19,0.7,331.4,M,,,,0000*10
$GNRMC,090809.000,A,2944.9068,N,10633.0923,E,0.13,0.00,280519,,*13
$GPGSA,A,3,02,06,09,12,17,19,28,,,,,,0.8,0.7,0.4*33
$BDGSA,A,3,01,02,03,04,05,07,08,10,12,13,19,22,0.8,0.7,0.4*2E
$GLGSA,A,3,,,,,,,,,,,,,0.8,0.7,0.4*25
$GPGSV,2,1,08,02,34,265,40,06,63,311,46,09,10,118,38,12,12,321,40*7F
$GPGSV,2,2,08,17,56,050,45,19,59,009,44,28,39,159,43,05,00,000,34*75
$BDGSV,3,1,12,01,40,126,41,02,48,220,40,03,56,171,43,04,23,109,40*6F
$BDGSV,3,2,12,05,28,246,37,07,37,172,40,08,59,359,42,10,58,204,41*60
$BDGSV,3,3,12,12,50,333,43,13,58,301,43,19,32,060,42,22,48,131,44*65
$B3CN0,0,0,22,0,0,0,0,0,0,20,0,0,0,0*4E
$GLGSV,2,1,07,04,00,000,45,20,00,000,43,05,00,000,45,11,00,000,38*6E
$GLGSV,2,2,07,09,00,000,45,26,00,000,45,21,00,000,33*5C
$ini_pos,lastpos_good = 1,ini_pos.x:-1578915.829305,ini_pos.y:5312776.644931,ini_pos.z:3146358.732942
$rtc_local_time,localRTC.weeks:2055,localRTC.seconds:205707.584145,localGtime.weeks:2055,localGtime.seconds:205707.999999
$pseudo_cd_ph,prn:2,pseudo_cd_ph:205707923.988980501890
measnum = 0,full_prange = 22720200.097557
$oldmeas,msRange:0.000000,x:13081384.483277,y:21906078.311099,z:8260086.050428,vx:-853.014099,vy:-515.347534,vz:2919.318604,tb:-0.000223816186
$newmeas,x:13081449.129378,y:21906117.366842,z:8259864.805210,vx:-852.993164,vy:-515.331482,vz:2919.331543,tb:-0.000223816185
$pseudo_cd_ph,prn:6,pseudo_cd_ph:205707931.098832786083
measnum = 1,full_prange = 20713874.841412
$oldmeas,msRange:69.109241,x:1316842.362029,y:19856353.421367,z:17615355.879754,vx:-1556.882324,vy:-1597.312744,vz:1924.943359,tb:0.000193655411
$newmeas,x:1316949.932731,y:19856463.785963,z:17615222.876730,vx:-1556.864868,vy:-1597.306641,vz:1924.969238,tb:0.000193655412
$pseudo_cd_ph,prn:9,pseudo_cd_ph:205707918.067123740911
measnum = 2,full_prange = 24683414.217776
$oldmeas,msRange:82.350044,x:-24693956.202564,y:8494901.428167,z:-4919861.451742,vx:-666.989685,vy:-172.271927,vz:3073.375732,tb:0.000402904470
$newmeas,x:-24693901.284716,y:8494915.612048,z:-4920114.497810,vx:-667.020020,vy:-172.268799,vz:3073.367188,tb:0.000402904471
$pseudo_cd_ph,prn:12,pseudo_cd_ph:205707919.228481203318
measnum = 3,full_prange = 24285941.445164
$oldmeas,msRange:81.024195,x:13818506.046295,y:4889529.518879,z:21928395.398199,vx:-1108.600830,vy:2604.961670,vz:133.132126,tb:0.000238435475
$newmeas,x:13818595.853641,y:4889318.493335,z:21928384.611712,vx:-1108.613159,vy:2604.955078,vz:133.170715,tb:0.000238435476
$pseudo_cd_ph,prn:17,pseudo_cd_ph:205707929.211043596268
measnum = 4,full_prange = 21240389.287431
$oldmeas,msRange:70.865528,x:-13472199.307065,y:14084617.309665,z:18409158.818380,vx:-2248.372803,vy:179.403168,vz:-1831.546631,tb:0.000062129369
$newmeas,x:-13472040.008562,y:14084604.599174,z:18409288.583076,vx:-2248.389404,vy:179.395279,vz:-1831.519653,tb:0.000062129369
$pseudo_cd_ph,prn:19,pseudo_cd_ph:205707930.776075750589
measnum = 5,full_prange = 20658560.806545
$oldmeas,msRange:68.924708,x:-6099695.244183,y:14603625.561794,z:21040681.432622,vx:-2730.725342,vy:165.282745,vz:-886.347656,tb:-0.000313609384
$newmeas,x:-6099507.070856,y:14603614.172609,z:21040742.509340,vx:-2730.733887,vy:165.271927,vz:-886.315979,tb:-0.000313609384
$pseudo_cd_ph,prn:28,pseudo_cd_ph:205707927.522555917501
measnum = 6,full_prange = 21958142.117208
$oldmeas,msRange:73.259795,x:-13057695.101720,y:22822229.417104,z:-3488302.313823,vx:24.168854,vy:-557.137634,vz:-3175.161377,tb:0.000767807423
$newmeas,x:-13057696.871611,y:22822270.223367,z:-3488069.750579,vx:24.159460,vy:-557.110535,vz:-3175.166992,tb:0.000767807423
$GNGGA,090810.000,2944.9068,N,10633.0924,E,1,19,0.7,331.7,M,,,,0000*1C
$GNRMC,090810.000,A,2944.9068,N,10633.0924,E,0.14,0.00,280519,,*1B
$GPGSA,A,3,02,06,09,12,17,19,28,,,,,,0.8,0.7,0.4*33
$BDGSA,A,3,01,02,03,04,05,07,08,10,12,13,19,22,0.8,0.7,0.4*2E
$GLGSA,A,3,,,,,,,,,,,,,0.8,0.7,0.4*25
$GPGSV,2,1,08,02,34,265,40,06,63,311,46,09,10,118,39,12,12,321,40*7E
$GPGSV,2,2,08,17,56,050,46,19,59,009,44,28,39,159,42,05,00,000,34*77
$BDGSV,3,1,12,01,40,126,41,02,48,220,40,03,56,171,43,04,23,109,40*6F
$BDGSV,3,2,12,05,28,246,38,07,37,172,41,08,59,359,42,10,58,204,42*6D
$BDGSV,3,3,12,12,50,333,42,13,58,301,44,19,32,060,42,22,48,131,44*63
$B3CN0,18,0,0,0,0,0,0,0,0,27,0,0,0,0*40
$GLGSV,2,1,07,04,34,064,45,20,41,339,42,05,36,129,46,11,10,328,38*62
$GLGSV,2,2,07,09,33,217,44,26,00,000,46,21,10,288,32*58
