FlashID=0x1 0x20 0x18

BBram_blkflag1: 1315: ecea

FW Ver: 1.30  
GPS00 Init Dop:  -1959,  2
GPS01 Init Dop:   1555,  2
GPS02 Init Dop:  -2681,  2
GPS03 Init Dop:  -5000, 41
GPS04 Init Dop:  -5000, 41
GPS05 Init Dop:   -294,  2
GPS06 Init Dop:  -5000, 41
GPS07 Init Dop:  -5000, 41
GPS08 Init Dop:  -1044,  2
GPS09 Init Dop:  -5000, 41
GPS10 Init Dop:  -5000, 41
GPS11 Init Dop:   -769,  2
GPS12 Init Dop:  -5000, 41
GPS13 Init Dop:  -5000, 41
GPS14 Init Dop:  -5000, 41
GPS15 Init Dop:  -5000, 41
GPS16 Init Dop:  -2674,  2
GPS17 Init Dop:  -5000, 41
GPS18 Init Dop:  -2177,  2
GPS19 Init Dop:  -5000, 41
GPS20 Init Dop:  -5000, 41
GPS21 Init Dop:  -1993,  2
GPS22 Init Dop:  -2364,  2
GPS23 Init Dop:  -5000, 41
GPS24 Init Dop:    870,  2
GPS25 Init Dop:  -5000, 41
GPS26 Init Dop:  -5000, 41
GPS27 Init Dop:  -5000, 41
GPS28 Init Dop:  -5000, 41
GPS29 Init Dop:  -5000, 41
GPS30 Init Dop:  -5000, 41
GPS31 Init Dop:  -5000, 41
BDS00 Init Dop:  -5000, 41
BDS01 Init Dop:  -5000, 41
BDS02 Init Dop:  -5000, 41
BDS03 Init Dop:  -5000, 41
BDS04 Init Dop:  -5000, 41
BDS05 Init Dop:  -5000, 41
BDS06 Init Dop:  -5000, 41
BDS07 Init Dop:  -5000, 41
BDS08 Init Dop:  -5000, 41
BDS09 Init Dop:  -5000, 41
BDS10 Init Dop:  -5000, 41
BDS11 Init Dop:  -5000, 41
BDS12 Init Dop:  -5000, 41
BDS13 Init Dop:  -5000, 41
BDS14 Init Dop:  -5000, 41
BDS15 Init Dop:  -5000, 41
BDS16 Init Dop:  -5000, 41
BDS17 Init Dop:  -5000, 41
BDS18 Init Dop:  -5000, 41
BDS19 Init Dop:  -5000, 41
BDS20 Init Dop:  -5000, 41
BDS21 Init Dop:  -5000, 41
BDS22 Init Dop:  -5000, 41
BDS23 Init Dop:  -5000, 41
BDS24 Init Dop:  -5000, 41
BDS25 Init Dop:  -5000, 41
BDS26 Init Dop:  -5000, 41
BDS27 Init Dop:  -5000, 41
BDS28 Init Dop:  -5000, 41
BDS29 Init Dop:  -5000, 41
BDS30 Init Dop:  -5000, 41
BDS31 Init Dop:  -5000, 41
good luck!
sat0 = 3404 800 1560 -1959
sat0 = 3475 729 1558 -2209
sat1 = 43658 1694 1154 1555
ch0 satid=1 freq = 1555 acq ok1!
sat2 = 2776 257 1077 -2931
sat2 = 2771 289 1076 -2931
sat3 = 4590 474 1381 -5000
sat3 = 4590 506 1381 -5000
sat4 = 3799 161 1261 -6750
sat4 = 4041 1780 1261 -6750
sat5 = 4916 544 1103 -544
ch1 satid=5 freq = -544 acq ok1!
sat6 = 5076 477 1639 -11000
sat6 = 4509 155 1639 -6750
sat7 = 5123 1653 1493 -13000
sat7 = 5207 631 1494 -13000
sat8 = 3180 905 1534 -1044
sat8 = 3180 937 1533 -1044
sat9 = 6390 642 1615 -14500
sat9 = 5315 1399 1615 -14500
sat10 = 5643 1764 1468 -5000
sat10 = 5643 1796 1469 -5000
sat11 = 7757 1477 1169 -1019
ch2 satid=11 freq = -1019 acq ok1!
sat12 = 5472 219 1372 -8500
sat12 = 5015 435 1371 -8750
sat13 = 5716 673 1831 -8250
sat13 = 6080 1066 1831 -12000
sat14 = 4322 1464 1314 -13250
sat14 = 4792 1496 1316 -13250
sat15 = 6850 1839 1718 -11750
sat15 = 6834 1597 1716 -8750
sat16 = 2265 785 953 -2924
sat16 = 2211 817 952 -2924
sat17 = 6297 1977 1983 -11500
---00000001--- Acq_st=3 2019-5-14 12:15:35 
[00]  G02  1 24  -1694.4 2046002.5  0.0  0.0  1  0         0
[01]  G06  1 17    163.9 2046001.0 -0.0  0.0  1  0         0
[02]  G12  1  7    704.9 2045997.9  0.0  0.0  1  0         0
sat17 = 6465 2009 1982 -11500
sat18 = 2409 1256 1126 -2427
$GNGGA,000000.000,,,,,0,00,,,M,,,,0000*2B

$GNRMC,000000.000,A,,,,,,,000000,,*26

$GPGSA,A,1,,,,,,,,,,,,,,,*1E

$BDGSA,A,1,,,,,,,,,,,,,,,*0F

$LOGTIM,0,0.000000,0.000000,0.000000,0.000000,0.000*0A

EndT:        0
sat18 = 2373 1288 1125 -2427
sat19 = 4824 1203 1453 -9000
sat19 = 5210 1917 1453 -9000
sat20 = 3908 453 1095 -6000
sat20 = 3318 485 1096 -6000
sat21 = 2488 961 1040 -1993
sat21 = 2488 993 1040 -1993
sat22 = 3986 1067 1701 -2614
sat22 = 3921 1099 1703 -2614
sat23 = 3009 395 1163 -11500
sat23 = 3145 116 1162 -11500
sat24 = 14445 1633 1134 870
ch3 satid=24 freq = 870 acq ok1!
sat25 = 5015 2027 1823 -5000
sat25 = 5024 13 1822 -5000
sat26 = 3311 1679 1224 -10750
sat26 = 3272 1161 1223 -9000
sat27 = 6141 911 1630 -6250
sat27 = 6574 501 1630 -6250
sat28 = 4062 1548 1232 -5250
sat28 = 3938 1534 1233 -5250
sat29 = 4603 623 1430 -9000
sat29 = 4901 1678 1430 -13250
sat30 = 4556 928 1430 -14500
sat30 = 4677 1401 1431 -14250
sat31 = 4672 1150 1368 -7250
sat31 = 4938 231 1368 -7250
sat37 = 2538 3906 1062 -5750
---00000002--- Acq_st=3 2019-5-14 12:15:36 
[00]  G02  7 31  -1689.6 2046002.1  0.6  1.0  5  0         1
[01]  G06  7 28    160.4 2045999.7  0.2  1.0 10  0         0
[02]  G12  7 17    636.6 2045999.2  0.2  0.0 20  0         6
[03]  G25  1 22   -998.6 2046002.3  0.0  0.0  1  0         0
$GNGGA,000000.000,,,,,0,00,,,M,,,,0000*2B

$GNRMC,000000.000,A,,,,,,,000000,,*26

$GPGSA,A,1,,,,,,,,,,,,,,,*1E

$BDGSA,A,1,,,,,,,,,,,,,,,*0F

$GPGSV,1,1,03,02,00,000,31,06,00,000,28,12,00,000,17*43

$LOGTIM,0,0.000000,0.000000,0.000000,0.000000,0.000*0A

EndT:        0
sat37 = 2606 4081 1063 -10250
sat38 = 2551 2971 1059 -13250
sat38 = 2630 3035 1058 -13250
sat39 = 2837 3902 1049 -11250
sat39 = 2806 3966 1049 -11750
sat40 = 2572 393 1073 -13000
sat40 = 2501 1378 1073 -6000
sat41 = 2489 3518 1049 -6250
sat41 = 2626 3098 1051 -15000
sat42 = 2715 1356 1059 -8750
sat42 = 2620 2897 1058 -13000
---00000003--- Acq_st=3 2019-5-14 12:15:37 
[00]  G02  7 48  -1688.3 2046002.1  1.0  1.0  5  0        11
[01]  G06  7 41    162.6 2045999.7  1.0  1.0  5  0        14
[02]  G12  7 46    638.3 2045999.2  1.0  1.0  5  0         7
[03]  G25  7 26  -1001.3 2046001.2  0.3  0.0 20  0         9
sat43 = 2574 1996 1049 -9250
$GNGGA,000000.000,,,,,0,00,,,M,,,,0000*2B

$GNRMC,000000.000,A,,,,,,,000000,,*26

$GPGSA,A,1,,,,,,,,,,,,,,,*1E

$BDGSA,A,1,,,,,,,,,,,,,,,*0F

$GPGSV,1,1,04,02,00,000,48,06,00,000,41,12,00,000,46,25,00,000,26*72

$LOGTIM,0,0.000000,0.000000,0.000000,0.000000,0.000*0A

EndT:        0
sat43 = 2622 3925 1049 -9750
sat44 = 2763 3001 1057 -11750
sat44 = 2536 3065 1057 -11750
sat45 = 2528 1426 1060 -12250
sat45 = 2537 3950 1060 -7500
sat46 = 2830 3686 1083 -15000
sat46 = 2897 3750 1083 -15000
sat47 = 2585 4080 1040 -6000
sat47 = 2534 2076 1041 -6000
sat48 = 2918 2305 1053 -5750
sat48 = 2645 2369 1052 -5750
---00000004--- Acq_st=3 2019-5-14 12:15:38 
[00]  G02  f 48  -1687.3 2046002.2  1.0  1.0  5  0        11
[01]  G06  f 41    163.5 2045999.7  1.0  1.0  5  0        14
[02]  G12  f 46    639.8 2045999.2  1.0  1.0  5  0         7
[03]  G25  7 41   -999.9 2046001.3  1.0  1.0  5  0         1
sat49 = 7155 1388 1057 -5000
ch16 satid=49 freq = -5000 acq ok1!
$GNGGA,000000.000,,,,,0,00,,,M,,,,0000*2B

$GNRMC,000000.000,A,,,,,,,000000,,*26

$GPGSA,A,1,,,,,,,,,,,,,,,*1E

$BDGSA,A,1,,,,,,,,,,,,,,,*0F

$GPGSV,1,1,04,02,00,000,48,06,00,000,41,12,00,000,46,25,00,000,41*73

$LOGTIM,0,0.000000,0.000000,0.000000,0.000000,0.000*0A

EndT:        0
sat50 = 2569 3550 1050 -7750
sat50 = 2510 3346 1050 -7000
sat51 = 2767 3254 1047 -15000
sat51 = 2546 3318 1046 -14750
sat52 = 2803 2692 1066 -8000
sat52 = 2689 581 1066 -12250
sat53 = 2583 3825 1053 -11500
sat53 = 2618 1010 1055 -6000
sat54 = 2677 2035 1043 -13000
sat54 = 2601 2099 1044 -13000
sat55 = 2698 1243 1045 -12000
---00000005--- Acq_st=3 2019-5-14 12:15:39 
[00]  G02  f 48  -1685.1 2046002.2  1.0  1.0  5  0 216956071
[01]  G06  f 41    165.6 2045999.8  1.0  1.0  5  0 216956074
[02]  G12  f 46    642.6 2045999.2  1.0  1.0  5  0 216956067
[03]  G25  7 40   -997.0 2046001.3  1.0  1.0  5  0         1
[16]  B13  1  7   5026.8 4091986.9  0.2  0.0  1  0         0
$GNGGA,000000.000,,,,,0,00,,,M,,,,0000*2B

$GNRMC,000000.000,A,,,,,,,000000,,*26

$GPGSA,A,1,,,,,,,,,,,,,,,*1E

$BDGSA,A,1,,,,,,,,,,,,,,,*0F

$GPGSV,1,1,04,02,00,000,48,06,00,000,41,12,00,000,46,25,00,000,40*72

$LOGTIM,0,0.000000,0.000000,0.000000,0.000000,0.000*0A

EndT:        0
sat55 = 2702 1275 1043 -11750
sat56 = 2466 3366 1044 -7750
sat56 = 2569 1131 1044 -14750
sat57 = 2639 823 1048 -14500
sat57 = 2658 3954 1048 -6500
sat58 = 6160 1747 1049 -6500
ch17 satid=58 freq = -6500 acq ok1!
sat59 = 2704 1063 1049 -10250
sat59 = 2601 582 1050 -12000
sat60 = 2528 2919 1050 -5500
sat60 = 2502 2083 1048 -11000
sat61 = 2746 3617 1043 -9750
sat61 = 2846 3681 1045 -9500
---00000006--- Acq_st=3 2019-5-14 12:15:40 
[00]  G02  f 48  -1685.3 2046002.2  1.0  1.0  5  0 216957071
[01]  G06  f 41    165.8 2045999.7  1.0  1.0  5  0 216957074
[02]  G12  f 46    642.9 2045999.2  1.0  1.0  5  0 216957067
[03]  G25  7 41   -996.5 2046001.3  1.0  1.0  5  0         1
[16]  B13  1  7   5155.8 4091987.1  0.1  0.0  1  0       987
[17]  B22  1  7   6532.7 4091983.2  0.1  0.0  1  0         0
$GNGGA,000000.000,,,,,0,00,,,M,,,,0000*2B

$GNRMC,000000.000,A,,,,,,,000000,,*26

$GPGSA,A,1,,,,,,,,,,,,,,,*1E

$BDGSA,A,1,,,,,,,,,,,,,,,*0F

$GPGSV,1,1,04,02,00,000,48,06,00,000,41,12,00,000,46,25,00,000,41*73

$LOGTIM,0,0.000000,0.000000,0.000000,0.000000,0.000*0A

EndT:        1
sat62 = 2658 3227 1050 -10750
sat62 = 2658 1936 1051 -9000
sat63 = 2505 3912 1047 -10250
sat63 = 2612 3976 1048 -10000
sat64 = 2600 257 1046 -8250
sat64 = 2628 1637 1046 -8500
sat65 = 2589 3234 1057 -9750
sat65 = 2529 99 1058 -7000
sat66 = 2648 769 1056 -7500
sat66 = 2533 801 1055 -7250
sat67 = 2706 3242 1051 -9500
sat67 = 2695 1817 1050 -10500
---00000007--- Acq_st=3 2019-5-14 12:15:41 
[00]  G02  f 48  -1686.2 2046002.2  1.0  1.0  5  0 216958071
[01]  G06  f 41    164.8 2045999.8  1.0  1.0  5  0 216958074
[02]  G12  f 46    642.4 2045999.2  1.0  1.0  5  0 216958067
[03]  G25  7 40   -997.1 2046001.3  1.0  1.0  5  0         1
[16]  B13  1  7   5100.3 4091986.8 -0.0  0.0  1  0      1987
[17]  B22  1  7   6355.8 4091983.0  0.1  0.0  1  0       556
$GNGGA,000000.000,,,,,0,00,,,M,,,,0000*2B

$GNRMC,000000.000,A,,,,,,,000000,,*26

$GPGSA,A,1,,,,,,,,,,,,,,,*1E

$BDGSA,A,1,,,,,,,,,,,,,,,*0F

$GPGSV,1,1,04,02,00,000,48,06,00,000,41,12,00,000,46,25,00,000,40*72

$LOGTIM,0,0.000000,0.000000,0.000000,0.000000,0.000*0A

EndT:        0
sat68 = 2834 888 1056 -13500
sat68 = 2723 920 1056 -13750
---00000008--- Acq_st=7 2019-5-14 12:15:42 
[00]  G02  f 47  -1687.1 2046002.2  1.0  1.0  5  0 216959071
[01]  G06  f 41    164.4 2045999.8  1.0  1.0  5  0 216959074
[02]  G12  f 46    641.8 2045999.2  1.0  1.0  5  0 216959067
[03]  G25  7 40   -997.5 2046001.3  1.0  1.0  5  0         1
[17]  B22  1  7   6354.1 4091983.2 -0.0  0.0  1  0      1556
$GNGGA,000000.000,,,,,0,00,,,M,,,,0000*2B

$GNRMC,000000.000,A,,,,,,,000000,,*26

$GPGSA,A,1,,,,,,,,,,,,,,,*1E

$BDGSA,A,1,,,,,,,,,,,,,,,*0F

$GPGSV,1,1,04,02,00,000,47,06,00,000,41,12,00,000,46,25,00,000,40*7D

$LOGTIM,0,0.000000,0.000000,0.000000,0.000000,0.000*0A

EndT:        0
---00000009--- Acq_st=7 2019-5-14 12:15:43 
[00]  G02  f 47  -1686.0 2046002.2  1.0  1.0  5  0 216960071
[01]  G06  f 41    165.4 2045999.8  1.0  1.0  5  0 216960074
[02]  G12  f 47    643.4 2045999.2  1.0  1.0  5  0 216960067
[03]  G25  7 40   -995.7 2046001.3  1.0  1.0  5  0         1
$GNGGA,000000.000,,,,,0,00,,,M,,,,0000*2B

$GNRMC,000000.000,A,,,,,,,000000,,*26

$GPGSA,A,1,,,,,,,,,,,,,,,*1E

$BDGSA,A,1,,,,,,,,,,,,,,,*0F

$GPGSV,1,1,04,02,00,000,47,06,00,000,41,12,00,000,47,25,00,000,40*7C

$LOGTIM,0,0.000000,0.000000,0.000000,0.000000,0.000*0A

EndT:        0
---00000010--- Acq_st=7 2019-5-14 12:15:44 
[00]  G02  f 47  -1684.1 2046002.2  1.0  1.0  5  0 216961071
[01]  G06  f 41    167.7 2045999.8  1.0  1.0  5  0 216961074
[02]  G12  f 46    646.1 2045999.2  1.0  1.0  5  0 216961067
[03]  G25  f 40   -993.1 2046001.3  1.0  1.0  5  0         1
lsq: nits= 4
$GNGGA,121544.144,3112.7225,N,12136.4321,E,1,04,3.3,57.8,M,,,,0000*29

$GNRMC,121544.144,A,3112.7225,N,12136.4321,E,0.03,0.00,140519,,*10

$GPGSA,A,3,02,06,12,25,,,,,,,,,4.7,3.3,3.4*36

$BDGSA,A,3,,,,,,,,,,,,,4.7,3.3,3.4*27

$GPGSV,1,1,04,02,00,000,47,06,00,000,41,12,00,000,46,25,00,000,40*7D

$LOGTIM,1,8919011.976129,0.000000,0.000000,0.000000,-64.422*1B

EndT:        0
sat0 = 9971 15 4030 2000
sat0 = 10708 47 4031 2000
sat2 = 10545 1776 4023 -1250
sat2 = 11270 733 4021 4000
sat3 = 11125 1923 4002 -3500
sat3 = 10585 1955 4001 -3500
sat4 = 12827 1177 4027 2250
sat4 = 13258 1209 4031 2250
sat6 = 10779 811 4041 500
sat6 = 10340 677 4038 -4000
sat7 = 9724 891 3965 2500
sat7 = 11070 2045 3965 -3500
sat8 = 37761 1138 4025 -1000
ch4 satid=8 freq = -1000 acq ok1!
sat9 = 9795 217 4015 1250
sat9 = 10008 1101 4017 -4500
sat10 = 9914 15 4018 3500
sat10 = 9982 1704 4020 -1750
sat12 = 9720 307 4043 5000
sat12 = 9437 5 4045 1750
sat13 = 9866 830 4045 2500
sat13 = 10778 862 4044 2750
sat14 = 10787 1933 4058 1250
sat14 = 10719 1898 4054 -1500
---00000011--- Acq_st=3 2019-5-14 12:15:45 
[00]  G02  f 47  -1682.9 2046002.2  1.0  1.0  5  0 216962071
[01]  G06  f 42    168.6 2045999.8  1.0  1.0  5  0 216962074
[02]  G12  f 47    647.6 2045999.2  1.0  1.0  5  0 216962067
[03]  G25  f 40   -991.3 2046001.3  1.0  1.0  5  0 216962061
[04]  G09  1 10    944.6 2045998.9 -0.0  0.0  1  0         0
sat15 = 10900 83 4002 2750
sat15 = 11655 115 4001 2750
sat16 = 10382 1705 4046 -2500
sat16 = 10142 1665 4042 2250
sat17 = 10018 109 4006 -1500
sat17 = 10884 1213 4005 5000
sat18 = 10623 59 4009 250
sat18 = 10129 91 4010 250
sat19 = 10608 1757 4001 -250
sat19 = 10669 1747 4003 -2750
sat20 = 11085 842 4042 -3500
sat20 = 10742 874 4039 -3500
sat21 = 10424 410 3998 -4750
sat21 = 9703 889 3999 -4250
sat22 = 32167 1427 4007 -2250
ch5 satid=22 freq = -2250 acq ok1!
sat23 = 11360 1882 4059 1000
sat23 = 11113 1914 4064 1000
sat25 = 11372 1128 4025 3250
sat25 = 10354 1160 4026 3000
sat26 = 10772 1581 4001 4000
sat26 = 10808 301 4003 -3000
lsq: nits= 4
$GNGGA,121546.000,3112.7213,N,12136.4304,E,1,04,3.3,58.1,M,,,,0000*2E

$GNRMC,121546.000,A,3112.7213,N,12136.4304,E,0.02,0.00,140519,,*10

$GPGSA,A,3,02,06,12,25,,,,,,,,,4.7,3.3,3.4*36

$BDGSA,A,3,,,,,,,,,,,,,4.7,3.3,3.4*27

$GPGSV,1,1,04,02,00,000,47,06,00,000,42,12,00,000,47,25,00,000,40*7F

$LOGTIM,1,-118.308287,0.000000,0.000000,0.000000,-64.081*3E

EndT:        2
sat27 = 9709 1880 3990 3750
sat27 = 9561 1912 3990 3750
sat28 = 10190 938 4023 -1000
---00000012--- Acq_st=3 2019-5-14 12:15:46 
[00]  G02  f 47  -1682.6 2046002.2  1.0  1.0  5  0 216963927
[01]  G06  f 42    169.3 2045999.8  1.0  1.0  5  0 216963929
[02]  G12  f 46    648.5 2045999.2  1.0  1.0  5  0 216963923
[03]  G25  f 41   -990.9 2046001.3  1.0  1.0  5  0 216963917
[04]  G09  7 19    924.7 2045998.7  0.3  0.0 20  0         6
[05]  G23  1 18   2239.7 2045998.0  0.1  0.0  1  0         5
sat28 = 10011 1809 4021 2500
sat29 = 11931 1077 3998 2750
sat29 = 12061 1109 3997 2750
sat30 = 10535 1173 4008 4750
sat30 = 10023 69 4005 1250
sat31 = 10675 2031 4012 -4250
sat31 = 10094 17 4012 -4250
sat37 = 3049 2134 1287 250
sat37 = 3182 487 1286 -3500
sat38 = 3087 3076 1297 -1000
sat38 = 3048 2618 1298 -2750
sat39 = 3456 2459 1286 -2500
sat39 = 3060 1023 1286 -1750
sat40 = 3396 923 1291 0
lsq: nits= 4
$GNGGA,121547.000,3112.7202,N,12136.4299,E,1,04,3.3,59.4,M,,,,0000*2E

$GNRMC,121547.000,A,3112.7202,N,12136.4299,E,0.30,0.00,140519,,*15

$GPGSA,A,3,02,06,12,25,,,,,,,,,4.7,3.3,3.4*36

$BDGSA,A,3,,,,,,,,,,,,,4.7,3.3,3.4*27

$GPGSV,2,1,08,02,52,329,47,06,55,045,42,12,26,273,46,25,10,307,41*79

$GPGSV,2,2,08,09,36,062,19,17,32,145,00,19,52,144,00,23,09,040,00*74

$LOGTIM,1,-181.742197,0.000000,0.000000,0.000000,-64.187*31

EndT:        2
sat40 = 3396 955 1291 0
---00000013--- Acq_st=3 2019-5-14 12:15:47 
[00]  G02  f 48  -1684.2 2046002.2  1.0  1.0  5  0 216964927
[01]  G06  f 42    167.9 2045999.8  1.0  1.0  5  0 216964929
[02]  G12  f 46    647.2 2045999.2  1.0  1.0  5  0 216964923
[03]  G25  f 41   -992.2 2046001.3  1.0  1.0  5  0 216964917
[04]  G09  7 38    923.4 2045998.8  0.9  1.0  5  0         6
[05]  G23  7 12   2240.5 2045997.0  0.3  0.0 20  0         5
sat41 = 3376 3738 1287 -2000
sat41 = 3365 1537 1288 4750
sat42 = 3142 224 1289 500
sat42 = 3190 788 1289 -1500
sat43 = 3177 1977 1279 -3000
sat43 = 3209 1763 1278 -4500
sat44 = 3905 2445 1289 500
sat44 = 3964 2509 1289 500
sat45 = 3288 2465 1282 2750
sat45 = 3096 279 1283 2250
sat46 = 3187 292 1291 -1250
lsq: nits= 4
$GNGGA,121548.000,3112.7193,N,12136.4294,E,1,04,3.3,60.4,M,,,,0000*2D

$GNRMC,121548.000,A,3112.7193,N,12136.4294,E,0.22,0.00,140519,,*1F

$GPGSA,A,3,02,06,12,25,,,,,,,,,4.7,3.3,3.4*36

$BDGSA,A,3,,,,,,,,,,,,,4.7,3.3,3.4*27

$GPGSV,2,1,08,02,52,329,48,06,55,045,42,12,26,273,46,25,10,307,41*76

$GPGSV,2,2,08,09,36,062,38,17,32,145,00,19,52,144,00,23,09,040,00*77

$LOGTIM,1,-245.393025,0.000000,0.000000,0.000000,-64.182*3F

EndT:        2
sat46 = 3486 3649 1292 -4500
---00000014--- Acq_st=3 2019-5-14 12:15:48 
[00]  G02  f 47  -1682.8 2046002.2  1.0  1.0  5  0 216965927
[01]  G06  f 42    169.3 2045999.8  1.0  1.0  5  0 216965929
[02]  G12  f 46    649.2 2045999.1  1.0  1.0  5  0 216965923
[03]  G25  f 41   -989.8 2046001.3  1.0  1.0  5  0 216965917
[04]  G09  7 38    925.1 2045998.8  1.0  1.0  5  0         6
[05]  G23  7 37   2241.6 2045997.0  0.7  1.0  5  0        16
sat47 = 3127 1924 1280 -4500
sat47 = 3097 1956 1280 -4500
sat48 = 3446 1599 1284 4750
sat48 = 3350 64 1283 -750
sat49 = 52217 2269 1281 750
ch16 satid=49 freq = 750 acq ok1!
sat50 = 3241 3769 1281 4750
sat50 = 3413 3833 1281 4750
sat51 = 3394 3475 1281 4500
sat51 = 3341 3568 1279 -3250
sat52 = 3436 2848 1292 -1750
sat52 = 3345 2912 1292 -2000
lsq: nits= 4
$GNGGA,121549.000,3112.7188,N,12136.4289,E,1,04,3.2,61.0,M,,,,0000*2E

$GNRMC,121549.000,A,3112.7188,N,12136.4289,E,0.10,0.00,140519,,*19

$GPGSA,A,3,02,06,12,25,,,,,,,,,4.7,3.2,3.4*37

$BDGSA,A,3,,,,,,,,,,,,,4.7,3.2,3.4*26

$GPGSV,2,1,08,02,52,329,47,06,55,045,42,12,26,273,46,25,10,307,41*79

$GPGSV,2,2,08,09,36,062,38,23,09,040,37,17,32,145,00,19,52,144,00*73

$LOGTIM,1,-308.989504,0.000000,0.000000,0.000000,-64.072*3E

EndT:        2
sat53 = 3082 3573 1278 4500
---00000015--- Acq_st=3 2019-5-14 12:15:49 
[00]  G02  f 47  -1682.1 2046002.2  1.0  1.0  5  0 216966927
[01]  G06  f 43    170.3 2045999.8  1.0  1.0  5  0 216966929
[02]  G12  f 46    650.2 2045999.1  1.0  1.0  5  0 216966923
[03]  G25  f 41   -988.9 2046001.3  1.0  1.0  5  0 216966917
[04]  G09  7 38    926.8 2045998.7  1.0  1.0  5  0         6
[05]  G23  7 37   2243.1 2045997.1  1.0  1.0  5  0        16
[16]  B13  1  7   -752.3 4092000.9 -0.0  0.0  1  0       525
sat53 = 3109 3092 1278 3750
sat54 = 3377 3936 1282 1500
sat54 = 3099 4000 1282 1250
sat55 = 6325 3910 1280 -2500
ch17 satid=55 freq = -2500 acq ok1!
sat56 = 3438 1479 1283 -3000
sat56 = 3392 3679 1282 250
sat57 = 3104 1421 1282 -4000
sat57 = 3208 1453 1282 -4000
sat58 = 18985 2690 1283 -1500
ch18 satid=58 freq = -1500 acq ok1!
sat59 = 3228 618 1279 3250
sat59 = 3445 650 1278 3500
lsq: nits= 4
$GNGGA,121550.000,3112.7187,N,12136.4287,E,1,06,2.4,60.5,M,,,,0000*26

$GNRMC,121550.000,A,3112.7187,N,12136.4287,E,0.09,0.00,140519,,*18

$GPGSA,A,3,02,06,09,12,23,25,,,,,,,3.1,2.4,1.8*37

$BDGSA,A,3,,,,,,,,,,,,,3.1,2.4,1.8*2E

$GPGSV,2,1,08,02,52,329,47,06,55,045,43,12,26,273,46,25,10,307,41*78

$GPGSV,2,2,08,09,36,062,38,23,09,040,37,17,32,145,00,19,52,144,00*73

$LOGTIM,1,-373.296559,0.000000,0.000000,0.000000,-64.133*3B

EndT:        3
sat60 = 3188 3161 1280 -4000
sat60 = 3163 131 1281 3500
---00000016--- Acq_st=3 2019-5-14 12:15:50 
[00]  G02  f 47  -1683.1 2046002.2  1.0  1.0  5  0 216967927
[01]  G06  f 43    169.1 2045999.8  1.0  1.0  5  0 216967929
[02]  G12  f 46    649.7 2045999.2  1.0  1.0  5  0 216967923
[03]  G25  f 41   -989.9 2046001.3  1.0  1.0  5  0 216967917
[04]  G09  f 38    926.1 2045998.8  1.0  1.0  5  0 216967926
[05]  G23  f 38   2242.0 2045997.0  1.0  1.0  5  0 216967916
[16]  B13  1  7   -679.2 4092001.2 -0.1  0.0  1  0      1525
[17]  B19  1  7   2454.7 4091994.0 -0.1  0.0  1  0       620
[18]  B22  1  7   1504.3 4091996.9  0.0  0.0  1  0       209
sat61 = 3196 491 1273 -1500
sat61 = 3175 2718 1272 4000
sat62 = 3425 2061 1279 4000
sat62 = 3539 2125 1281 4250
sat63 = 3100 1997 1283 -4750
sat63 = 3199 2029 1282 -4500
sat64 = 3218 1338 1284 250
sat64 = 3222 1149 1286 -1750
sat65 = 3336 1006 1299 -2250
sat65 = 3273 2645 1297 -3000
lsq: nits= 2
$GNGGA,121551.000,3112.7185,N,12136.4286,E,1,06,2.4,60.5,M,,,,0000*24

$GNRMC,121551.000,A,3112.7185,N,12136.4286,E,0.16,0.00,140519,,*14

$GPGSA,A,3,02,06,09,12,23,25,,,,,,,3.1,2.4,1.8*37

$BDGSA,A,3,,,,,,,,,,,,,3.1,2.4,1.8*2E

$GPGSV,2,1,08,02,52,329,47,06,55,045,43,12,26,273,46,25,10,307,41*78

$GPGSV,2,2,08,09,36,062,38,23,09,040,38,17,32,145,00,19,52,144,00*7C

$LOGTIM,1,-437.711169,0.000000,0.000000,0.000000,-64.347*30

EndT:        2
sat66 = 3195 3770 1285 1250
sat66 = 3203 1120 1285 500
---00000017--- Acq_st=3 2019-5-14 12:15:52 
[00]  G02  f 48  -1684.1 2046002.2  1.0  1.0  5  0 216968927
[01]  G06  f 43    168.3 2045999.8  1.0  1.0  5  0 216968929
[02]  G12  f 46    649.4 2045999.2  1.0  1.0  5  0 216968923
[03]  G25  f 42   -990.0 2046001.3  1.0  1.0  5  0 216968917
[04]  G09  f 38    926.1 2045998.8  1.0  1.0  5  0 216968926
[05]  G23  f 38   2241.1 2045997.1  1.0  1.0  5  0 216968916
[16]  B13  1  7   -599.7 4092001.2  0.1  0.0  1  0      2525
[17]  B19  1  7   2560.3 4091993.9  0.0  0.0  1  0      1620
[18]  B22  1  7   1577.8 4091997.4 -0.1  0.0  1  0      1209
sat67 = 3236 1029 1281 -2750
sat67 = 3182 584 1281 1000
sat68 = 3087 597 1288 5000
sat68 = 3119 122 1288 2500
lsq: nits= 2
$GNGGA,121552.000,3112.7180,N,12136.4285,E,1,06,2.4,61.3,M,,,,0000*26

$GNRMC,121552.000,A,3112.7180,N,12136.4285,E,0.18,0.00,140519,,*1F

$GPGSA,A,3,02,06,09,12,23,25,,,,,,,3.1,2.4,1.8*37

$BDGSA,A,3,,,,,,,,,,,,,3.1,2.4,1.8*2E

$GPGSV,2,1,08,02,52,329,48,06,55,045,43,12,26,273,46,25,10,307,42*74

$GPGSV,2,2,08,09,36,062,38,23,09,040,38,17,32,145,00,19,52,144,00*7C

$LOGTIM,1,-501.924277,0.000000,0.000000,0.000000,-64.418*3D

EndT:        2
---00000018--- Acq_st=7 2019-5-14 12:15:52 
[00]  G02  f 47  -1684.2 2046002.2  1.0  1.0  5  0 216969927
[01]  G06  f 43    168.3 2045999.8  1.0  1.0  5  0 216969929
[02]  G12  f 45    649.6 2045999.2  1.0  1.0  5  0 216969923
[03]  G25  f 42   -989.4 2046001.3  1.0  1.0  5  0 216969917
[04]  G09  f 38    926.4 2045998.8  1.0  1.0  5  0 216969926
[05]  G23  f 37   2241.2 2045997.0  1.0  1.0  5  0 216969916
[17]  B19  1  7   2474.7 4091994.2 -0.0  0.0  1  0      2620
[18]  B22  1  7   1765.7 4091997.2 -0.1  0.0  1  0      2209
lsq: nits= 2
$GNGGA,121553.000,3112.7178,N,12136.4284,E,1,06,2.4,61.8,M,,,,0000*2A

$GNRMC,121553.000,A,3112.7178,N,12136.4284,E,0.20,0.00,140519,,*13

$GPGSA,A,3,02,06,09,12,23,25,,,,,,,3.1,2.4,1.8*37

$BDGSA,A,3,,,,,,,,,,,,,3.1,2.4,1.8*2E

$GPGSV,2,1,08,02,52,329,47,06,55,045,43,12,26,273,45,25,10,307,42*78

$GPGSV,2,2,08,09,36,062,38,23,09,040,37,17,32,145,00,19,52,144,00*73

$LOGTIM,1,-566.449868,0.000000,0.000000,0.000000,-64.550*33

EndT:        2
---00000019--- Acq_st=7 2019-5-14 12:15:53 
[00]  G02  f 47  -1684.6 2046002.2  1.0  1.0  5  0 216970927
[01]  G06  f 42    168.5 2045999.8  1.0  1.0  5  0 216970929
[02]  G12  f 46    649.9 2045999.1  1.0  1.0  5  0 216970923
[03]  G25  f 41   -988.9 2046001.2  1.0  1.0  5  0 216970917
[04]  G09  f 38    926.5 2045998.8  1.0  1.0  5  0 216970926
[05]  G23  f 38   2240.8 2045997.0  1.0  0.9  5  0 216970916
sat0 = 9647 275 4005 4500
sat0 = 10171 307 4004 4500
sat2 = 10883 55 4021 -1500
sat2 = 10617 87 4018 -1500
sat3 = 10298 1592 3999 3250
sat3 = 10136 259 4001 3750
sat4 = 19379 1883 4016 2250
ch6 satid=4 freq = 2250 acq ok1!
sat6 = 10816 395 4015 -750
sat6 = 9692 1255 4015 -750
sat7 = 10226 1214 3965 -3250
sat7 = 10483 1246 3966 -3000
sat9 = 10300 1273 4014 1000
sat9 = 10478 722 4011 3500
sat10 = 10596 594 3996 1750
sat10 = 10492 626 3999 1750
sat12 = 11150 250 4019 2750
sat12 = 11107 282 4021 2750
sat13 = 10661 957 4023 5000
sat13 = 10503 235 4018 -4000
sat14 = 10611 1228 4028 4000
lsq: nits= 2
$GNGGA,121554.000,3112.7166,N,12136.4282,E,1,06,2.4,63.9,M,,,,0000*27

$GNRMC,121554.000,A,3112.7166,N,12136.4282,E,0.10,0.00,140519,,*1E

$GPGSA,A,3,02,06,09,12,23,25,,,,,,,3.1,2.4,1.8*37

$BDGSA,A,3,,,,,,,,,,,,,3.1,2.4,1.8*2E

$GPGSV,2,1,08,02,52,329,47,06,55,045,42,12,26,273,46,25,10,307,41*79

$GPGSV,2,2,08,09,36,062,38,23,09,040,38,17,32,145,00,19,52,144,00*7C

$LOGTIM,1,-630.918953,0.000000,0.000000,0.000000,-64.637*31

EndT:        2
sat14 = 10264 1874 4030 -2250
sat15 = 10542 431 4011 1000
sat15 = 10894 463 4009 1000
---00000020--- Acq_st=3 2019-5-14 12:15:54 
[00]  G02  f 47  -1685.4 2046002.2  1.0  1.0  5  0 216971927
[01]  G06  f 42    167.5 2045999.8  1.0  1.0  5  0 216971929
[02]  G12  f 45    649.5 2045999.2  1.0  1.0  5  0 216971923
[03]  G25  f 41   -989.6 2046001.3  1.0  1.0  5  0 216971917
[04]  G09  f 37    926.3 2045998.9  1.0  1.0  5  0 216971926
[05]  G23  f 37   2240.9 2045997.1  1.0  1.0  5  0 216971916
[06]  G05  1  7  -2271.3 2046003.6  0.1  0.0  1  0        12
sat16 = 9796 1504 4024 4500
sat16 = 9745 1567 4021 250
sat17 = 11374 307 3995 -3000
sat17 = 10930 1857 3990 -250
sat18 = 10306 75 3996 1000
sat18 = 10325 1024 3995 -3250
sat19 = 10959 203 3999 -500
sat19 = 10967 235 4000 -500
sat20 = 11534 1643 4025 1750
sat20 = 12133 1675 4024 1750
sat21 = 10734 163 3976 1500
sat21 = 9611 952 3979 3250
sat23 = 10641 860 4032 3000
sat23 = 11446 881 4029 3000
sat25 = 10587 2029 4019 1500
sat25 = 10823 15 4022 1500
sat26 = 10401 912 3999 0
sat26 = 10401 944 3993 0
sat27 = 10844 1581 3990 0
sat27 = 10844 1613 3990 0
sat28 = 9957 1844 4005 250
lsq: nits= 2
$GNGGA,121555.000,3112.7162,N,12136.4283,E,1,06,2.4,64.4,M,,,,0000*29

$GNRMC,121555.000,A,3112.7162,N,12136.4283,E,0.29,0.00,140519,,*10

$GPGSA,A,3,02,06,09,12,23,25,,,,,,,3.1,2.4,1.8*37

$BDGSA,A,3,,,,,,,,,,,,,3.1,2.4,1.8*2E

$GPGSV,2,1,08,02,52,329,47,06,55,045,42,12,26,273,45,25,10,307,41*7A

$GPGSV,2,2,08,09,36,062,37,23,09,040,37,17,32,145,00,19,52,144,00*7C

$LOGTIM,1,-695.840726,0.000000,0.000000,0.000000,-64.852*33

EndT:        2
sat28 = 10157 1875 3999 -1250
sat29 = 10474 387 4003 -500
sat29 = 10765 419 3997 -500
---00000021--- Acq_st=3 2019-5-14 12:15:55 
[00]  G02  f 48  -1686.5 2046002.2  1.0  1.0  5  0 216972927
[01]  G06  f 43    166.7 2045999.8  1.0  1.0  5  0 216972929
[02]  G12  f 46    648.8 2045999.2  1.0  1.0  5  0 216972923
[03]  G25  f 42   -990.2 2046001.3  1.0  1.0  5  0 216972917
[04]  G09  f 38    924.9 2045998.8  1.0  1.0  5  0 216972926
[05]  G23  f 38   2239.3 2045997.1  1.0  1.0  5  0 216972916
[06]  G05  7 23  -2223.7 2046003.1 -0.0  0.0 20  0         8
sat30 = 11870 2030 3992 1250
sat30 = 10402 1002 3988 1750
sat31 = 10027 1655 3991 250
sat31 = 10271 713 3989 2500
sat37 = 3063 893 1289 -2000
sat37 = 3060 3332 1291 -2250
sat38 = 3181 3609 1306 -4750
sat38 = 3127 1135 1307 -2000
sat39 = 3107 2967 1297 4250
sat39 = 3165 3031 1296 4250
sat40 = 3242 763 1301 4500
sat40 = 3162 795 1301 4750
lsq: nits= 2
$GNGGA,121556.000,3112.7157,N,12136.4282,E,1,06,2.4,65.0,M,,,,0000*28

$GNRMC,121556.000,A,3112.7157,N,12136.4282,E,0.21,0.00,140519,,*1C

$GPGSA,A,3,02,06,09,12,23,25,,,,,,,3.1,2.4,1.8*37

$BDGSA,A,3,,,,,,,,,,,,,3.1,2.4,1.8*2E

$GPGSV,3,1,09,02,52,329,48,06,55,045,43,12,26,273,46,25,10,307,42*74

$GPGSV,3,2,09,09,36,062,38,23,09,040,38,05,00,000,23,17,32,145,00*76

$GPGSV,3,3,09,19,52,144,00*4E

$LOGTIM,1,-761.012547,0.000000,0.000000,0.000000,-64.943*32

EndT:        2
sat41 = 3382 3966 1300 -4500
sat41 = 3269 4030 1301 -4750
---00000022--- Acq_st=3 2019-5-14 12:15:56 
[00]  G02  f 47  -1686.6 2046002.2  1.0  1.0  5  0 216973927
[01]  G06  f 42    166.5 2045999.8  1.0  1.0  5  0 216973929
[02]  G12  f 45    649.3 2045999.1  1.0  1.0  5  0 216973923
[03]  G25  f 41   -989.7 2046001.3  1.0  1.0  5  0 216973917
[04]  G09  f 38    926.0 2045998.8  1.0  1.0  5  0 216973926
[05]  G23  f 38   2239.6 2045997.1  1.0  1.0  5  0 216973916
[06]  G05  7 32  -2218.8 2046003.0  0.7  1.0  5  0         8
sat42 = 3269 2999 1298 1750
sat42 = 3298 2633 1298 5000
sat43 = 3253 1958 1288 -750
sat43 = 3169 1990 1289 -750
sat44 = 3528 1341 1299 500
sat44 = 3507 1373 1299 500
sat45 = 3389 2909 1291 -2750
sat45 = 3104 2973 1291 -2750
sat46 = 3190 3642 1305 3250
sat46 = 3210 920 1304 -4750
lsq: nits= 2
$GNGGA,121557.000,3112.7152,N,12136.4281,E,1,06,2.4,65.7,M,,,,0000*28

$GNRMC,121557.000,A,3112.7152,N,12136.4281,E,0.03,0.00,140519,,*1B

$GPGSA,A,3,02,06,09,12,23,25,,,,,,,3.1,2.4,1.8*37

$BDGSA,A,3,,,,,,,,,,,,,3.1,2.4,1.8*2E

$GPGSV,3,1,09,02,52,329,47,06,55,045,42,12,26,273,45,25,10,307,41*7A

$GPGSV,3,2,09,09,36,062,38,23,09,040,38,05,00,000,32,17,32,145,00*76

$GPGSV,3,3,09,19,52,144,00*4E

$LOGTIM,1,-826.117396,0.000000,0.000000,0.000000,-64.894*3B

EndT:        2
sat47 = 3223 2356 1289 -500
sat47 = 3329 3579 1291 -4000
---00000023--- Acq_st=3 2019-5-14 12:15:57 
[00]  G02  f 47  -1685.6 2046002.2  1.0  1.0  5  0 216974927
[01]  G06  f 42    168.2 2045999.8  1.0  1.0  5  0 216974929
[02]  G12  f 45    651.0 2045999.2  1.0  1.0  5  0 216974923
[03]  G25  f 41   -987.7 2046001.3  1.0  1.0  5  0 216974917
[04]  G09  f 38    927.7 2045998.8  1.0  1.0  5  0 216974926
[05]  G23  f 38   2242.0 2045997.1  1.0  1.0  5  0 216974916
[06]  G05  7 32  -2217.6 2046002.9  1.0  0.9  5  0         8
sat48 = 3429 2133 1301 -1250
sat48 = 3353 4083 1302 3500
sat49 = 53144 1163 1304 750
ch16 satid=49 freq = 750 acq ok1!
sat50 = 3237 2480 1293 -750
sat50 = 3074 1415 1294 3000
sat51 = 3276 3671 1280 1000
sat51 = 3285 3735 1281 1000
sat52 = 3533 960 1314 -1500
sat52 = 3761 992 1315 -1500
sat53 = 3391 1122 1293 4500
sat53 = 3221 111 1292 4750
lsq: nits= 2
$GNGGA,121558.000,3112.7151,N,12136.4280,E,1,06,2.4,66.3,M,,,,0000*22

$GNRMC,121558.000,A,3112.7151,N,12136.4280,E,0.26,0.00,140519,,*11

$GPGSA,A,3,02,06,09,12,23,25,,,,,,,3.1,2.4,1.8*37

$BDGSA,A,3,,,,,,,,,,,,,3.1,2.4,1.8*2E

$GPGSV,3,1,09,02,52,329,47,06,55,045,42,12,26,273,45,25,10,307,41*7A

$GPGSV,3,2,09,09,36,062,38,23,09,040,38,05,00,000,32,17,32,145,00*76

$GPGSV,3,3,09,19,52,144,00*4E

$LOGTIM,1,-890.720432,0.000000,0.000000,0.000000,-64.582*37

EndT:        2
sat54 = 3425 327 1297 1250
---00000024--- Acq_st=3 2019-5-14 12:15:58 
[00]  G02  f 48  -1682.9 2046002.2  1.0  1.0  5  0 216975927
[01]  G06  f 42    170.8 2045999.8  1.0  1.0  5  0 216975929
[02]  G12  f 46    653.8 2045999.2  1.0  1.0  5  0 216975923
[03]  G25  f 41   -984.9 2046001.3  1.0  1.0  5  0 216975917
[04]  G09  f 38    931.0 2045998.8  1.0  1.0  5  0 216975926
[05]  G23  f 37   2243.8 2045997.1  1.0  1.0  5  0 216975916
[06]  G05  7 32  -2214.5 2046002.9  1.0  0.9  5  0         8
[16]  B13  1  7   -715.2 4092000.7 -0.1  0.0  1  0       664
sat54 = 3530 359 1296 1250
sat55 = 4240 2887 1293 -3000
sat55 = 4105 2951 1295 -3000
sat56 = 3305 3463 1290 3000
sat56 = 3228 3527 1290 3000
sat57 = 3150 2495 1289 -2750
sat57 = 3194 2559 1290 -2750
sat58 = 16111 1637 1297 -1500
ch17 satid=58 freq = -1500 acq ok1!
sat59 = 3446 239 1296 -2750
sat59 = 3225 271 1296 -2750
sat60 = 3286 3186 1291 -4500
lsq: nits= 2
$GNGGA,121559.000,3112.7151,N,12136.4279,E,1,06,2.4,66.7,M,,,,0000*21

$GNRMC,121559.000,A,3112.7151,N,12136.4279,E,0.38,0.00,140519,,*19

$GPGSA,A,3,02,06,09,12,23,25,,,,,,,3.1,2.4,1.8*37

$BDGSA,A,3,,,,,,,,,,,,,3.1,2.4,1.8*2E

$GPGSV,3,1,09,02,52,329,48,06,55,046,42,12,26,273,46,25,10,307,41*75

$GPGSV,3,2,09,09,36,062,38,23,09,039,37,05,00,000,32,17,32,146,00*74

$GPGSV,3,3,09,19,52,144,00*4E

$LOGTIM,1,-955.101239,0.000000,0.000000,0.000000,-64.394*36

EndT:        2
sat60 = 3255 3250 1291 -4250
---00000025--- Acq_st=3 2019-5-14 12:15:59 
[00]  G02  f 47  -1682.0 2046002.2  1.0  1.0  5  0 216976927
[01]  G06  f 42    171.6 2045999.8  1.0  1.0  5  0 216976929
[02]  G12  f 46    655.3 2045999.1  1.0  1.0  5  0 216976923
[03]  G25  f 41   -983.1 2046001.3  1.0  1.0  5  0 216976917
[04]  G09  f 39    932.0 2045998.8  1.0  1.0  5  0 216976926
[05]  G23  f 37   2244.8 2045997.1  1.0  1.0  5  0 216976916
[06]  G05  7 32  -2213.9 2046003.0  1.0  0.9  5  0         8
[16]  B13  1  8   -683.8 4092001.0  0.0  0.0  1  0      1664
[17]  B22  1  7   1490.3 4091996.9  0.0  0.0  1  0       266
sat61 = 3637 2203 1290 -4500
sat61 = 3549 2267 1291 -4250
sat62 = 3187 529 1296 500
sat62 = 3222 561 1297 500
sat63 = 3369 2775 1296 -2750
sat63 = 3289 128 1295 2250
sat64 = 3107 1117 1301 1250
sat64 = 3314 399 1302 -3500
sat65 = 3510 3041 1302 0
sat65 = 3510 3105 1304 0
sat66 = 3449 2252 1293 -2250
lsq: nits= 2
$GNGGA,121600.000,3112.7153,N,12136.4277,E,1,06,2.4,66.9,M,,,,0000*2C

$GNRMC,121600.000,A,3112.7153,N,12136.4277,E,0.26,0.00,140519,,*15

$GPGSA,A,3,02,06,09,12,23,25,,,,,,,3.1,2.4,1.8*37

$BDGSA,A,3,,,,,,,,,,,,,3.1,2.4,1.8*2E

$GPGSV,3,1,09,02,52,329,47,06,55,046,42,12,26,273,46,25,10,307,41*7A

$GPGSV,3,2,09,09,36,062,39,23,09,039,37,05,00,000,32,17,32,146,00*75

$GPGSV,3,3,09,19,52,144,00*4E

$LOGTIM,1,-1019.430188,0.000000,0.000000,0.000000,-64.379*0B

EndT:        2
sat66 = 3368 2316 1293 -2000
---00000026--- Acq_st=3 2019-5-14 12:16:0 
[00]  G02  f 48  -1682.3 2046002.2  1.0  1.0  5  0 216977927
[01]  G06  f 42    171.0 2045999.8  1.0  1.0  5  0 216977929
[02]  G12  f 46    655.3 2045999.2  1.0  1.0  5  0 216977923
[03]  G25  f 41   -983.3 2046001.3  1.0  1.0  5  0 216977917
[04]  G09  f 39    932.2 2045998.8  1.0  1.0  5  0 216977926
[05]  G23  f 37   2244.8 2045997.1  1.0  1.0  5  0 216977916
[06]  G05  7 31  -2212.8 2046002.9  1.0  0.9  5  0         8
[16]  B13  1  7   -699.7 4092001.4 -0.1  0.0  1  0      2664
[17]  B22  1  7   1369.7 4091997.4  0.0  0.0  1  0      1266
sat67 = 3088 2767 1291 3000
sat67 = 3248 2831 1292 2750
sat68 = 3364 242 1299 4750
sat68 = 3359 274 1300 4500
lsq: nits= 2
$GNGGA,121601.000,3112.7154,N,12136.4275,E,1,06,2.4,67.1,M,,,,0000*21

$GNRMC,121601.000,A,3112.7154,N,12136.4275,E,0.18,0.00,140519,,*1C

$GPGSA,A,3,02,06,09,12,23,25,,,,,,,3.0,2.4,1.8*36

$BDGSA,A,3,,,,,,,,,,,,,3.0,2.4,1.8*2F

$GPGSV,3,1,09,02,52,329,48,06,55,046,42,12,26,273,46,25,10,307,41*75

$GPGSV,3,2,09,09,36,062,39,23,09,039,37,05,00,000,31,17,32,146,00*76

$GPGSV,3,3,09,19,52,144,00*4E

$LOGTIM,1,-1083.813448,0.000000,0.000000,0.000000,-64.353*04

EndT:        2
---00000027--- Acq_st=7 2019-5-14 12:16:1 
[00]  G02  f 48  -1682.0 2046002.2  1.0  1.0  5  0 216978927
[01]  G06  f 42    171.9 2045999.8  1.0  1.0  5  0 216978929
[02]  G12  f 46    656.2 2045999.2  1.0  1.0  5  0 216978923
[03]  G25  f 42   -982.9 2046001.3  1.0  1.0  5  0 216978917
[04]  G09  f 39    933.3 2045998.8  1.0  1.0  5  0 216978926
[05]  G23  f 36   2245.5 2045997.0  1.0  0.9  5  0 216978916
[06]  G05  7 32  -2211.9 2046002.9  1.0  1.0  5  0         8
[17]  B22  1  7   1245.7 4091997.0  0.2  0.0  1  0      2266
lsq: nits= 2
$GNGGA,121602.000,3112.7154,N,12136.4275,E,1,06,2.4,67.2,M,,,,0000*21

$GNRMC,121602.000,A,3112.7154,N,12136.4275,E,0.25,0.00,140519,,*11

$GPGSA,A,3,02,06,09,12,23,25,,,,,,,3.0,2.4,1.8*36

$BDGSA,A,3,,,,,,,,,,,,,3.0,2.4,1.8*2F

$GPGSV,3,1,09,02,52,329,48,06,55,046,42,12,26,273,46,25,10,307,42*76

$GPGSV,3,2,09,09,36,062,39,23,09,039,36,05,00,000,32,17,32,146,00*74

$GPGSV,3,3,09,19,52,144,00*4E

$LOGTIM,1,-1148.076329,0.000000,0.000000,0.000000,-64.169*02

EndT:        2
---00000028--- Acq_st=7 2019-5-14 12:16:2 
[00]  G02  f 48  -1680.5 2046002.2  1.0  1.0  5  0 216979927
[01]  G06  f 42    173.2 2045999.8  1.0  1.0  5  0 216979929
[02]  G12  f 46    658.1 2045999.1  1.0  1.0  5  0 216979923
[03]  G25  f 41   -981.0 2046001.3  1.0  1.0  5  0 216979917
[04]  G09  f 39    934.8 2045998.8  1.0  1.0  5  0 216979926
[05]  G23  f 37   2246.9 2045997.0  1.0  1.0  5  0 216979916
[06]  G05  f 32  -2210.9 2046002.8  1.0  0.9  5  0 216979928
sat0 = 11269 442 4039 -250
sat0 = 11327 474 4036 -250
sat2 = 10720 1745 4064 3000
sat2 = 10224 1172 4069 1000
sat3 = 9912 88 3997 3750
sat3 = 10316 1062 3998 -1750
sat6 = 10575 1624 4030 4000
sat6 = 10154 1861 4029 -4000
sat7 = 9613 1976 3961 -250
sat7 = 9755 2008 3958 -250
sat9 = 10675 1508 4050 1250
sat9 = 11005 276 4050 -2500
sat10 = 10628 987 4015 -4500
sat10 = 11049 1382 4011 -3750
sat12 = 10620 1792 4034 -500
sat12 = 11171 188 4036 5000
sat13 = 10741 1584 4038 500
sat13 = 11106 534 4034 -2750
sat14 = 10269 644 4046 -3750
sat14 = 11147 1906 4047 -3750
sat15 = 10735 28 4003 -3750
lsq: nits= 2
$GNGGA,121603.000,3112.7154,N,12136.4277,E,1,06,2.4,67.1,M,,,,0000*21

$GNRMC,121603.000,A,3112.7154,N,12136.4277,E,0.33,0.00,140519,,*15

$GPGSA,A,3,02,06,09,12,23,25,,,,,,,3.0,2.4,1.8*36

$BDGSA,A,3,,,,,,,,,,,,,3.0,2.4,1.8*2F

$GPGSV,3,1,09,02,52,329,48,06,55,046,42,12,26,273,46,25,10,307,41*75

$GPGSV,3,2,09,09,36,062,39,23,09,039,37,05,00,000,32,17,32,146,00*75

$GPGSV,3,3,09,19,52,144,00*4E

$LOGTIM,1,-1212.379949,0.000000,0.000000,0.000000,-64.052*07

EndT:        2
sat15 = 11584 60 4002 -3750
sat16 = 10286 1880 4043 -2250
---00000029--- Acq_st=3 2019-5-14 12:16:3 
[00]  G02  f 48  -1680.2 2046002.2  1.0  1.0  5  0 216980927
[01]  G06  f 42    174.1 2045999.8  1.0  1.0  5  0 216980929
[02]  G12  f 46    658.9 2045999.1  1.0  1.0  5  0 216980923
[03]  G25  f 41   -979.7 2046001.3  1.0  1.0  5  0 216980917
[04]  G09  f 39    936.3 2045998.8  1.0  1.0  5  0 216980926
[05]  G23  f 37   2248.1 2045997.1  1.0  1.0  5  0 216980916
[06]  G05  f 33  -2209.5 2046002.9  1.0  1.0  5  0 216980928
sat16 = 9623 817 4045 -250
sat17 = 11587 215 4014 1000
sat17 = 11989 1301 4016 1500
sat18 = 11140 788 3989 2000
sat18 = 11441 820 3990 2000
sat19 = 11581 1400 4007 -2250
sat19 = 10722 1808 4006 -2750
sat20 = 10264 293 4027 -3250
sat20 = 10703 1520 4027 -4250
sat21 = 10148 1452 3992 0
sat21 = 10148 1484 3990 0
sat23 = 10144 222 4056 4500
sat23 = 9978 1005 4053 2250
sat25 = 11214 1976 4021 -2000
sat25 = 10988 1534 4019 3500
sat26 = 9851 1041 4011 -3250
sat26 = 10325 1073 4009 -3500
sat27 = 10108 1268 3992 4250
sat27 = 10222 152 3990 -1000
sat28 = 10493 787 4021 4250
sat28 = 9859 1328 4021 -1000
sat29 = 11115 843 3998 -3000
lsq: nits= 2
$GNGGA,121604.000,3112.7152,N,12136.4280,E,1,06,2.4,66.9,M,,,,0000*21

$GNRMC,121604.000,A,3112.7152,N,12136.4280,E,0.29,0.00,140519,,*17

$GPGSA,A,3,02,06,09,12,23,25,,,,,,,3.0,2.4,1.8*36

$BDGSA,A,3,,,,,,,,,,,,,3.0,2.4,1.8*2F

$GPGSV,3,1,09,02,52,329,48,06,55,046,42,12,26,273,46,25,10,307,41*75

$GPGSV,3,2,09,09,36,062,39,23,09,039,37,05,00,000,33,17,32,146,00*74

$GPGSV,3,3,09,19,52,144,00*4E

$LOGTIM,1,-1276.726594,0.000000,0.000000,0.000000,-64.102*03

EndT:        2
sat29 = 10071 1620 3998 -2500
sat30 = 10773 1777 3991 -500
---00000030--- Acq_st=3 2019-5-14 12:16:4 
[00]  G02  f 48  -1680.8 2046002.2  1.0  1.0  5  0 216981927
[01]  G06  f 41    173.6 2045999.8  1.0  1.0  5  0 216981929
[02]  G12  f 45    659.1 2045999.2  1.0  1.0  5  0 216981923
[03]  G25  f 41   -979.8 2046001.2  1.0  1.0  5  0 216981917
[04]  G09  f 39    936.5 2045998.8  1.0  1.0  5  0 216981926
[05]  G23  f 36   2247.6 2045997.1  1.0  0.9  5  0 216981916
[06]  G05  f 33  -2210.7 2046002.9  1.0  0.9  5  0 216981928
sat30 = 11306 1809 3989 -500
sat31 = 10358 784 4001 2750
sat31 = 10019 1220 4002 -250
sat37 = 3149 1628 1299 -4750
sat37 = 3242 1660 1301 -4500
sat38 = 3617 2021 1317 500
sat38 = 3890 2085 1316 500
sat39 = 3139 234 1305 2250
sat39 = 3218 1744 1305 3750
sat40 = 3539 974 1315 -3500
sat40 = 3334 8 1316 -1000
sat41 = 3125 2885 1308 5000
lsq: nits= 2
$GNGGA,121605.000,3112.7149,N,12136.4283,E,1,06,2.4,67.2,M,,,,0000*23

$GNRMC,121605.000,A,3112.7149,N,12136.4283,E,0.20,0.00,140519,,*16

$GPGSA,A,3,02,06,09,12,23,25,,,,,,,3.0,2.4,1.8*36

$BDGSA,A,3,,,,,,,,,,,,,3.0,2.4,1.8*2F

$GPGSV,3,1,09,02,52,329,48,06,55,046,41,12,26,273,45,25,10,307,41*75

$GPGSV,3,2,09,09,36,062,39,23,09,039,36,05,00,000,33,17,32,146,00*75

$GPGSV,3,3,09,19,52,144,00*4E

$LOGTIM,1,-1340.848657,0.000000,0.000000,0.000000,-64.064*0D

EndT:        2
sat41 = 3157 858 1307 3500
---00000031--- Acq_st=3 2019-5-14 12:16:5 
[00]  G02  f 48  -1680.7 2046002.2  1.0  1.0  5  0 216982927
[01]  G06  f 41    173.2 2045999.7  1.0  1.0  5  0 216982929
[02]  G12  f 46    659.4 2045999.1  1.0  1.0  5  0 216982923
[03]  G25  f 43   -979.4 2046001.3  1.0  1.0  5  0 216982917
[04]  G09  f 39    936.7 2045998.8  1.0  1.0  5  0 216982926
[05]  G23  f 36   2248.0 2045997.1  1.0  1.0  5  0 216982916
[06]  G05  f 32  -2210.9 2046002.9  1.0  0.9  5  0 216982928
sat42 = 3095 1453 1310 -4750
sat42 = 2998 1297 1311 0
sat43 = 3193 2664 1296 -1500
sat43 = 3142 1409 1297 1000
sat44 = 4164 2619 1302 750
sat44 = 3854 2683 1303 750
sat45 = 3345 3717 1296 0
sat45 = 3345 3781 1297 0
sat46 = 3395 1015 1312 -4500
sat46 = 3270 3023 1313 3750
sat47 = 3340 3859 1304 2250
lsq: nits= 2
$GNGGA,121606.000,3112.7145,N,12136.4288,E,1,06,2.4,67.7,M,,,,0000*22

$GNRMC,121606.000,A,3112.7145,N,12136.4288,E,0.10,0.00,140519,,*11

$GPGSA,A,3,02,06,09,12,23,25,,,,,,,3.0,2.4,1.8*36

$BDGSA,A,3,,,,,,,,,,,,,3.0,2.4,1.8*2F

$GPGSV,3,1,09,02,52,329,48,06,55,046,41,12,26,273,46,25,10,307,43*74

$GPGSV,3,2,09,09,36,062,39,23,09,039,36,05,00,000,32,17,32,146,00*74

$GPGSV,3,3,09,19,52,144,00*4E

$LOGTIM,1,-1404.963207,0.000000,0.000000,0.000000,-64.139*0A

EndT:        2
sat47 = 3419 3923 1303 1750
---00000032--- Acq_st=3 2019-5-14 12:16:6 
[00]  G02  f 48  -1681.0 2046002.2  1.0  1.0  5  0 216983927
[01]  G06  f 41    173.5 2045999.8  1.0  1.0  5  0 216983929
[02]  G12  f 46    659.4 2045999.1  1.0  1.0  5  0 216983923
[03]  G25  f 43   -978.9 2046001.2  1.0  1.0  5  0 216983917
[04]  G09  f 38    936.5 2045998.8  1.0  1.0  5  0 216983926
[05]  G23  f 37   2247.3 2045997.1  1.0  1.0  5  0 216983916
[06]  G05  f 32  -2209.5 2046002.8  1.0  0.9  5  0 216983928
sat48 = 3320 2520 1301 4500
sat48 = 3074 741 1301 1250
sat49 = 46821 2440 1311 750
ch16 satid=49 freq = 750 acq ok1!
sat50 = 3128 3180 1304 4000
sat50 = 3192 1265 1305 -1000
sat51 = 3250 3087 1301 1250
sat51 = 3271 356 1300 1250
sat52 = 3357 3308 1320 -1250
sat52 = 3619 361 1321 -2500
sat53 = 3125 2295 1301 4750
sat53 = 3363 2359 1303 4250
lsq: nits= 2
$GNGGA,121607.000,3112.7145,N,12136.4291,E,1,06,2.4,68.1,M,,,,0000*22

$GNRMC,121607.000,A,3112.7145,N,12136.4291,E,0.09,0.00,140519,,*10

$GPGSA,A,3,02,06,09,12,23,25,,,,,,,3.0,2.4,1.8*36

$BDGSA,A,3,,,,,,,,,,,,,3.0,2.4,1.8*2F

$GPGSV,3,1,09,02,52,329,48,06,55,046,41,12,26,273,46,25,10,307,43*74

$GPGSV,3,2,09,09,36,062,38,23,09,039,37,05,00,000,32,17,32,146,00*74

$GPGSV,3,3,09,19,52,144,00*4E

$LOGTIM,1,-1469.158748,0.000000,0.000000,0.000000,-64.266*06

EndT:        2
sat54 = 3298 3063 1306 -4500
---00000033--- Acq_st=3 2019-5-14 12:16:7 
[00]  G02  f 48  -1682.5 2046002.2  1.0  1.0  5  0 216984927
[01]  G06  f 41    172.0 2045999.8  1.0  1.0  5  0 216984929
[02]  G12  f 46    658.7 2045999.1  1.0  1.0  5  0 216984923
[03]  G25  f 42   -979.8 2046001.3  1.0  1.0  5  0 216984917
[04]  G09  f 37    935.6 2045998.8  1.0  1.0  5  0 216984926
[05]  G23  f 37   2246.9 2045997.1  1.0  1.0  5  0 216984916
[06]  G05  f 33  -2210.5 2046002.9  1.0  1.0  5  0 216984928
[16]  B13  1  7   -679.9 4092001.0 -0.2  0.0  1  0       719
sat54 = 3516 2497 1306 -3750
sat55 = 4797 154 1305 -2750
sat55 = 4780 186 1306 -3000
sat56 = 3426 1502 1306 -4500
sat56 = 3475 3719 1307 -250
sat57 = 3269 3492 1299 3500
sat57 = 3219 3843 1300 -1000
sat58 = 26227 2967 1303 -1500
ch17 satid=58 freq = -1500 acq ok1!
sat59 = 3363 365 1306 -2250
sat59 = 3073 3609 1307 -3000
sat60 = 3202 267 1300 4750
lsq: nits= 2
$GNGGA,121608.000,3112.7145,N,12136.4293,E,1,06,2.4,68.5,M,,,,0000*2B

$GNRMC,121608.000,A,3112.7145,N,12136.4293,E,0.32,0.00,140519,,*15

$GPGSA,A,3,02,06,09,12,23,25,,,,,,,3.0,2.4,1.8*36

$BDGSA,A,3,,,,,,,,,,,,,3.0,2.4,1.8*2F

$GPGSV,3,1,09,02,52,329,48,06,55,046,41,12,26,273,46,25,10,307,42*75

$GPGSV,3,2,09,09,36,062,37,23,09,039,37,05,00,000,33,17,32,146,00*7A

$GPGSV,3,3,09,19,52,144,00*4E

$LOGTIM,1,-1533.737924,0.000000,0.000000,0.000000,-64.596*0B

EndT:        2
sat60 = 3164 299 1301 4500
sat61 = 3161 3823 1295 4250
---00000034--- Acq_st=3 2019-5-14 12:16:8 
[00]  G02  f 48  -1685.0 2046002.2  1.0  1.0  5  0 216985927
[01]  G06  f 41    170.0 2045999.8  1.0  1.0  5  0 216985929
[02]  G12  f 46    656.5 2045999.2  1.0  1.0  5  0 216985923
[03]  G25  f 42   -982.0 2046001.3  1.0  1.0  5  0 216985917
[04]  G09  f 37    933.9 2045998.8  1.0  1.0  5  0 216985926
[05]  G23  f 36   2244.4 2045997.1  1.0  0.9  5  0 216985916
[06]  G05  f 33  -2213.0 2046002.9  1.0  1.0  5  0 216985928
[16]  B13  1  7   -592.6 4092001.1 -0.0  0.0  1  0      1719
[17]  B22  1  7   1520.1 4091997.3  0.1  0.0  1  0       321
sat61 = 3236 3917 1295 4000
sat62 = 3595 971 1300 -2750
sat62 = 3292 1003 1301 -3000
sat63 = 3462 2359 1307 3750
sat63 = 3335 247 1306 -1750
sat64 = 3194 231 1311 3250
sat64 = 3329 1911 1311 -2500
sat65 = 3401 268 1313 1750
sat65 = 3260 870 1313 2750
sat66 = 3082 2048 1307 2750
sat66 = 3164 3843 1306 3250
lsq: nits= 2
$GNGGA,121609.000,3112.7146,N,12136.4296,E,1,06,2.4,68.7,M,,,,0000*2E

$GNRMC,121609.000,A,3112.7146,N,12136.4296,E,0.56,0.00,140519,,*10

$GPGSA,A,3,02,06,09,12,23,25,,,,,,,3.0,2.4,1.8*36

$BDGSA,A,3,,,,,,,,,,,,,3.0,2.4,1.8*2F

$GPGSV,3,1,09,02,52,329,48,06,55,046,41,12,26,273,46,25,10,307,42*75

$GPGSV,3,2,09,09,36,062,37,23,09,039,36,05,00,000,33,17,32,146,00*7B

$GPGSV,3,3,09,19,52,144,00*4E

$LOGTIM,1,-1598.966625,0.000000,0.000000,0.000000,-64.989*0C

EndT:        2
sat67 = 3345 2493 1316 -3500
---00000035--- Acq_st=3 2019-5-14 12:16:9 
[00]  G02  f 47  -1688.0 2046002.2  1.0  1.0  5  0 216986927
[01]  G06  f 41    167.4 2045999.8  1.0  1.0  5  0 216986929
[02]  G12  f 46    654.0 2045999.2  1.0  1.0  5  0 216986923
[03]  G25  f 42   -984.5 2046001.3  1.0  1.0  5  0 216986917
[04]  G09  f 37    931.5 2045998.8  1.0  1.0  5  0 216986926
[05]  G23  f 36   2241.4 2045997.1  1.0  1.0  5  0 216986916
[06]  G05  f 33  -2215.9 2046002.9  1.0  1.0  5  0 216986928
[16]  B13  1  7   -730.6 4092001.0  0.1  0.0  1  0      2719
[17]  B22  1  7   1540.9 4091997.4  0.1  0.0  1  0      1321
sat67 = 3264 2815 1316 -3500
sat68 = 3069 875 1306 0
sat68 = 3571 3921 1306 2750
lsq: nits= 2
$GNGGA,121610.000,3112.7147,N,12136.4298,E,1,06,2.4,68.8,M,,,,0000*26

$GNRMC,121610.000,A,3112.7147,N,12136.4298,E,0.65,0.00,140519,,*17

$GPGSA,A,3,02,06,09,12,23,25,,,,,,,3.0,2.4,1.8*36

$BDGSA,A,3,,,,,,,,,,,,,3.0,2.4,1.8*2F

$GPGSV,3,1,09,02,52,329,47,06,55,046,41,12,26,273,46,25,10,307,42*7A

$GPGSV,3,2,09,09,36,062,37,23,09,039,36,05,00,000,33,17,32,146,00*7B

$GPGSV,3,3,09,19,52,144,00*4E

$LOGTIM,1,-1664.641460,0.000000,0.000000,0.000000,-65.288*0E

EndT:        2
---00000036--- Acq_st=7 2019-5-14 12:16:10 
[00]  G02  f 48  -1689.2 2046002.2  1.0  1.0  5  0 216987927
[01]  G06  f 41    165.9 2045999.8  1.0  1.0  5  0 216987929
[02]  G12  f 46    653.3 2045999.2  1.0  1.0  5  0 216987923
[03]  G25  f 42   -985.1 2046001.3  1.0  1.0  5  0 216987917
[04]  G09  f 37    930.6 2045998.8  1.0  1.0  5  0 216987926
[05]  G23  f 37   2241.4 2045997.1  1.0  1.0  5  0 216987916
[06]  G05  f 32  -2217.2 2046003.0  1.0  0.9  5  0 216987928
[17]  B22  1  7   1545.8 4091997.7  0.1  0.0  1  0      2321
lsq: nits= 2
$GNGGA,121611.000,3112.7148,N,12136.4300,E,1,06,2.4,68.6,M,,,,0000*26

$GNRMC,121611.000,A,3112.7148,N,12136.4300,E,0.64,0.00,140519,,*18

$GPGSA,A,3,02,06,09,12,23,25,,,,,,,3.0,2.4,1.8*36

$BDGSA,A,3,,,,,,,,,,,,,3.0,2.4,1.8*2F

$GPGSV,3,1,09,02,52,329,48,06,55,046,41,12,26,273,46,25,10,307,42*75

$GPGSV,3,2,09,09,36,062,37,23,09,039,37,05,00,000,32,17,32,146,00*7B

$GPGSV,3,3,09,19,52,144,00*4E

$LOGTIM,1,-1730.629203,0.000000,0.000000,0.000000,-65.514*01

EndT:        2
---00000037--- Acq_st=7 2019-5-14 12:16:11 
[00]  G02  f 48  -1690.2 2046002.2  1.0  1.0  5  0 216988927
[01]  G06  f 40    164.6 2045999.8  1.0  1.0  5  0 216988929
[02]  G12  f 46    652.8 2045999.2  1.0  1.0  5  0 216988923
[03]  G25  f 41   -985.6 2046001.3  1.0  1.0  5  0 216988917
[04]  G09  f 38    930.6 2045998.8  1.0  0.9  5  0 216988926
[05]  G23  f 37   2240.4 2045997.1  1.0  0.9  5  0 216988916
[06]  G05  f 31  -2217.4 2046002.8  0.9  0.9  5  0 216988928
sat0 = 10680 1647 4034 -3750
sat0 = 10560 1125 4031 3750
sat2 = 9936 297 4044 4500
sat2 = 11016 1717 4045 4500
sat3 = 10558 459 4034 -3750
sat3 = 11117 1775 4031 -1750
sat6 = 10333 1101 4051 -750
sat6 = 10494 2023 4055 4000
sat7 = 10491 233 3968 -4500
sat7 = 10043 265 3965 -4750
sat9 = 11327 1111 4032 1750
sat9 = 11042 1590 4034 2000
sat10 = 10174 1927 4045 -3250
sat10 = 10563 1113 4043 -750
sat12 = 10563 1435 4045 1000
sat12 = 10534 1137 4048 1500
sat13 = 10829 190 4049 -3750
sat13 = 11179 328 4046 4750
sat14 = 10185 617 4054 -3500
sat14 = 11160 649 4055 -3250
sat15 = 9921 1255 4029 2750
lsq: nits= 2
$GNGGA,121612.000,3112.7151,N,12136.4301,E,1,06,2.4,68.2,M,,,,0000*28

$GNRMC,121612.000,A,3112.7151,N,12136.4301,E,0.29,0.00,140519,,*1B

$GPGSA,A,3,02,06,09,12,23,25,,,,,,,3.0,2.4,1.8*36

$BDGSA,A,3,,,,,,,,,,,,,3.0,2.4,1.8*2F

$GPGSV,3,1,09,02,52,329,48,06,55,046,40,12,26,273,46,25,10,307,41*77

$GPGSV,3,2,09,09,36,062,38,23,09,039,37,05,00,000,31,17,32,146,00*77

$GPGSV,3,3,09,19,52,144,00*4E

$LOGTIM,1,-1796.450099,0.000000,0.000000,0.000000,-65.320*01

EndT:        2
sat15 = 10690 839 4030 4250
sat16 = 10109 2028 4044 2250
---00000038--- Acq_st=3 2019-5-14 12:16:12 
[00]  G02  f 48  -1686.6 2046002.2  1.0  1.0  5  0 216989927
[01]  G06  f 40    168.5 2045999.8  1.0  1.0  5  0 216989929
[02]  G12  f 46    657.0 2045999.2  1.0  1.0  5  0 216989923
[03]  G25  f 42   -981.2 2046001.3  1.0  1.0  5  0 216989917
[04]  G09  f 37    934.7 2045998.8  1.0  1.0  5  0 216989926
[05]  G23  f 36   2243.3 2045997.1  1.0  1.0  5  0 216989916
[06]  G05  f 31  -2213.6 2046002.9  1.0  0.9  5  0 216989928
sat16 = 10043 1939 4045 -1750
sat17 = 11548 1657 4020 3250
sat17 = 10469 915 4022 -750
sat18 = 10504 1667 4022 -2250
sat18 = 10466 1437 4022 1500
sat19 = 10889 611 4004 4750
sat19 = 10525 1983 4007 -3250
sat20 = 10787 613 4026 3500
sat20 = 10715 645 4027 3750
sat21 = 10306 85 4012 -500
sat21 = 9990 117 4009 -500
sat23 = 9964 1133 4081 5000
sat23 = 10014 110 4084 2000
sat25 = 9844 604 4015 3000
sat25 = 11010 48 4019 -2750
sat26 = 10262 1783 4003 -1000
sat26 = 10264 1833 4006 -3750
sat27 = 10936 547 4010 4750
sat27 = 10873 265 4016 -1000
sat28 = 10073 1302 4050 -3500
sat28 = 10323 1171 4047 2000
sat29 = 10435 516 3989 -4250
lsq: nits= 2
$GNGGA,121613.000,3112.7153,N,12136.4303,E,1,06,2.4,67.8,M,,,,0000*2C

$GNRMC,121613.000,A,3112.7153,N,12136.4303,E,0.16,0.00,140519,,*16

$GPGSA,A,3,02,06,09,12,23,25,,,,,,,3.0,2.4,1.8*36

$BDGSA,A,3,,,,,,,,,,,,,3.0,2.4,1.8*2F

$GPGSV,3,1,09,02,52,329,48,06,55,046,40,12,26,273,46,25,10,307,42*74

$GPGSV,3,2,09,09,36,062,37,23,09,039,36,05,00,000,31,17,32,146,00*79

$GPGSV,3,3,09,19,52,144,00*4E

$LOGTIM,1,-1862.095656,0.000000,0.000000,0.000000,-65.213*0C

EndT:        2
sat29 = 10905 548 3989 -4250
sat30 = 10039 999 4012 -500
---00000039--- Acq_st=3 2019-5-14 12:16:13 
[00]  G02  f 48  -1686.7 2046002.2  1.0  1.0  5  0 216990927
[01]  G06  f 40    168.6 2045999.8  1.0  1.0  5  0 216990929
[02]  G12  f 46    657.1 2045999.2  1.0  1.0  5  0 216990923
[03]  G25  f 42   -981.2 2046001.3  1.0  1.0  5  0 216990917
[04]  G09  f 38    934.5 2045998.8  1.0  1.0  5  0 216990926
[05]  G23  f 37   2244.7 2045997.1  1.0  1.0  5  0 216990916
[06]  G05  f 32  -2213.6 2046002.8  1.0  1.0  5  0 216990928
sat30 = 10347 1031 4010 -500
sat31 = 10643 525 4020 750
sat31 = 11224 1737 4019 -4750
sat37 = 3119 3312 1288 -1000
sat37 = 3313 3164 1289 -2750
sat38 = 3164 1193 1317 1750
sat38 = 3180 2679 1316 4750
sat39 = 3590 1824 1298 1500
sat39 = 3678 1856 1299 1500
sat40 = 3468 1094 1317 -4500
sat40 = 3222 965 1317 2500
sat41 = 3184 784 1309 -2750
lsq: nits= 2
$GNGGA,121614.000,3112.7154,N,12136.4306,E,1,06,2.4,67.5,M,,,,0000*24

$GNRMC,121614.000,A,3112.7154,N,12136.4306,E,0.20,0.00,140519,,*16

$GPGSA,A,3,02,06,09,12,23,25,,,,,,,3.0,2.4,1.8*36

$BDGSA,A,3,,,,,,,,,,,,,3.0,2.4,1.8*2F

$GPGSV,3,1,09,02,52,329,48,06,55,046,40,12,26,273,46,25,10,307,42*74

$GPGSV,3,2,09,09,36,062,38,23,09,039,37,05,00,000,32,17,32,146,00*74

$GPGSV,3,3,09,19,52,144,00*4E

$LOGTIM,1,-1927.836423,0.000000,0.000000,0.000000,-65.314*0B

EndT:        2
sat41 = 3266 3201 1309 -1750
---00000040--- Acq_st=3 2019-5-14 12:16:14 
[00]  G02  f 48  -1687.4 2046002.2  1.0  1.0  5  0 216991927
[01]  G06  f 40    167.9 2045999.8  1.0  1.0  5  0 216991929
[02]  G12  f 46    657.2 2045999.2  1.0  1.0  5  0 216991923
[03]  G25  f 42   -981.0 2046001.3  1.0  1.0  5  0 216991917
[04]  G09  f 37    935.0 2045998.8  1.0  1.0  5  0 216991926
[05]  G23  f 37   2243.5 2045997.1  1.0  1.0  5  0 216991916
[06]  G05  f 33  -2213.8 2046002.9  1.0  0.9  5  0 216991928
sat42 = 3204 3428 1305 -2250
sat42 = 3086 722 1304 -1500
sat43 = 3248 2320 1304 2500
sat43 = 3341 828 1306 4000
sat44 = 3623 4067 1297 1250
sat44 = 4082 7 1299 1250
sat45 = 3505 318 1301 -1500
sat45 = 3475 350 1302 -1250
sat46 = 3627 458 1312 -3750
sat46 = 3473 2062 1311 -3000
sat47 = 3383 295 1301 -3000
lsq: nits= 2
$GNGGA,121615.000,3112.7155,N,12136.4307,E,1,06,2.4,67.5,M,,,,0000*25

$GNRMC,121615.000,A,3112.7155,N,12136.4307,E,0.28,0.00,140519,,*1F

$GPGSA,A,3,02,06,09,12,23,25,,,,,,,3.0,2.4,1.8*36

$BDGSA,A,3,,,,,,,,,,,,,3.0,2.4,1.8*2F

$GPGSV,3,1,09,02,52,329,48,06,55,046,40,12,26,273,46,25,10,307,42*74

$GPGSV,3,2,09,09,36,062,37,23,09,039,37,05,00,000,33,17,32,146,00*7A

$GPGSV,3,3,09,19,52,144,00*4E

$LOGTIM,1,-1993.186634,0.000000,0.000000,0.000000,-64.960*0A

EndT:        2
sat47 = 3307 2800 1301 -3500
---00000041--- Acq_st=3 2019-5-14 12:16:16 
[00]  G02  f 48  -1684.4 2046002.2  1.0  1.0  5  0 216992927
[01]  G06  f 39    171.2 2045999.8  1.0  1.0  5  0 216992929
[02]  G12  f 46    660.6 2045999.2  1.0  1.0  5  0 216992923
[03]  G25  f 41   -978.0 2046001.3  1.0  1.0  5  0 216992917
[04]  G09  f 37    938.3 2045998.8  1.0  1.0  5  0 216992926
[05]  G23  f 37   2247.3 2045997.1  1.0  1.0  5  0 216992916
[06]  G05  f 33  -2209.3 2046002.8  1.0  1.0  5  0 216992928
sat48 = 3589 208 1303 1500
sat48 = 3620 240 1302 1500
sat49 = 46852 3886 1300 750
ch16 satid=49 freq = 750 acq ok1!
sat50 = 3642 844 1301 3750
sat50 = 3659 1431 1301 -500
sat51 = 3102 1147 1291 750
sat51 = 3199 1179 1291 1250
sat52 = 3166 641 1315 1750
sat52 = 3179 3537 1315 -3500
sat53 = 2997 1532 1300 2250
sat53 = 3323 1564 1301 2250
lsq: nits= 2
$GNGGA,121616.000,3112.7156,N,12136.4310,E,1,06,2.4,67.2,M,,,,0000*24

$GNRMC,121616.000,A,3112.7156,N,12136.4310,E,0.15,0.00,140519,,*17

$GPGSA,A,3,02,06,09,12,23,25,,,,,,,3.0,2.4,1.8*36

$BDGSA,A,3,,,,,,,,,,,,,3.0,2.4,1.8*2F

$GPGSV,3,1,09,02,52,329,48,06,55,046,39,12,26,273,46,25,10,307,41*79

$GPGSV,3,2,09,09,36,062,37,23,09,039,37,05,00,000,33,17,32,146,00*7A

$GPGSV,3,3,09,19,52,144,00*4E

$LOGTIM,1,-2059.054916,0.000000,0.000000,0.000000,-65.330*09

EndT:        2
sat54 = 3191 2264 1299 750
---00000042--- Acq_st=3 2019-5-14 12:16:16 
[00]  G02  f 48  -1687.5 2046002.2  1.0  1.0  5  0 216993927
[01]  G06  f 40    168.2 2045999.8  1.0  1.0  5  0 216993929
[02]  G12  f 46    657.9 2045999.1  1.0  1.0  5  0 216993923
[03]  G25  f 42   -980.4 2046001.2  1.0  1.0  5  0 216993917
[04]  G09  f 38    935.9 2045998.8  1.0  1.0  5  0 216993926
[05]  G23  f 37   2243.7 2045997.1  1.0  1.0  5  0 216993916
[06]  G05  f 33  -2212.9 2046002.9  1.0  0.9  5  0 216993928
[16]  B13  1  7   -844.6 4092000.9  0.0  0.0  1  0       732
sat54 = 3232 2052 1299 -4250
sat55 = 5325 1683 1300 -2750
ch17 satid=55 freq = -2750 acq ok1!
sat56 = 3363 2629 1294 -4000
sat56 = 3194 2693 1294 -3500
sat57 = 3420 2520 1294 2250
sat57 = 3324 2584 1294 2000
sat58 = 43132 375 1304 -1500
ch18 satid=58 freq = -1500 acq ok1!
sat59 = 3041 3115 1298 4500
sat59 = 3280 2178 1299 -2250
sat60 = 3381 511 1293 750
sat60 = 3189 543 1293 750
sat61 = 3352 998 1294 750
lsq: nits= 2
$GNGGA,121617.000,3112.7154,N,12136.4312,E,1,06,2.4,67.0,M,,,,0000*27

$GNRMC,121617.000,A,3112.7154,N,12136.4312,E,0.43,0.00,140519,,*15

$GPGSA,A,3,02,06,09,12,23,25,,,,,,,3.0,2.4,1.8*36

$BDGSA,A,3,,,,,,,,,,,,,3.0,2.4,1.8*2F

$GPGSV,3,1,09,02,52,329,48,06,55,046,40,12,26,273,46,25,10,307,42*74

$GPGSV,3,2,09,09,36,062,38,23,09,039,37,05,00,000,33,17,32,146,00*75

$GPGSV,3,3,09,19,52,144,00*4E

$LOGTIM,1,-2125.501630,0.000000,0.000000,0.000000,-65.778*05

EndT:        2
sat61 = 3451 290 1294 -4500
---00000043--- Acq_st=3 2019-5-14 12:16:17 
[00]  G02  f 48  -1690.9 2046002.2  1.0  1.0  5  0 216994927
[01]  G06  f 40    165.0 2045999.8  1.0  1.0  5  0 216994929
[02]  G12  f 46    655.0 2045999.2  1.0  1.0  5  0 216994923
[03]  G25  f 41   -983.4 2046001.3  1.0  1.0  5  0 216994917
[04]  G09  f 38    933.3 2045998.8  1.0  1.0  5  0 216994926
[05]  G23  f 38   2240.4 2045997.1  1.0  1.0  5  0 216994916
[06]  G05  f 33  -2216.0 2046002.8  1.0  1.0  5  0 216994928
[16]  B13  1  7   -686.6 4092001.0 -0.1  0.0  1  0      1732
[17]  B19  1  7   2794.1 4091993.1 -0.0  0.0  1  0       828
[18]  B22  1  7   1474.3 4091996.8  0.1  0.0  1  0       416
sat62 = 3359 3096 1298 4250
sat62 = 3357 2405 1298 -3250
sat63 = 3126 2798 1302 -1000
sat63 = 3090 2862 1303 -1250
sat64 = 3307 3571 1304 2000
sat64 = 3291 458 1304 3250
sat65 = 3116 1562 1309 -4750
sat65 = 3205 1594 1308 -4250
sat66 = 3778 544 1302 -2250
sat66 = 3693 576 1302 -2250
sat67 = 3226 2358 1301 -3500
lsq: nits= 2
$GNGGA,121618.000,3112.7153,N,12136.4312,E,1,06,2.4,66.9,M,,,,0000*27

$GNRMC,121618.000,A,3112.7153,N,12136.4312,E,0.49,0.00,140519,,*17

$GPGSA,A,3,02,06,09,12,23,25,,,,,,,3.0,2.4,1.8*36

$BDGSA,A,3,,,,,,,,,,,,,3.0,2.4,1.8*2F

$GPGSV,3,1,09,02,52,329,48,06,55,046,40,12,26,273,46,25,10,307,41*77

$GPGSV,3,2,09,09,36,062,38,23,09,039,38,05,00,000,33,17,32,146,00*7A

$GPGSV,3,3,09,19,52,144,00*4E

$LOGTIM,1,-2192.188043,0.000000,0.000000,0.000000,-65.999*0F

EndT:        2
sat67 = 3185 3126 1301 4750
---00000044--- Acq_st=3 2019-5-14 12:16:18 
[00]  G02  f 48  -1691.9 2046002.2  1.0  1.0  5  0 216995927
[01]  G06  f 40    164.5 2045999.8  1.0  1.0  5  0 216995929
[02]  G12  f 46    654.5 2045999.1  1.0  1.0  5  0 216995923
[03]  G25  f 41   -983.5 2046001.3  1.0  1.0  5  0 216995917
[04]  G09  f 38    932.3 2045998.8  1.0  1.0  5  0 216995926
[05]  G23  f 37   2240.0 2045997.1  1.0  1.0  5  0 216995916
[06]  G05  f 34  -2216.5 2046002.9  1.0  0.9  5  0 216995928
[16]  B13  1  7   -814.8 4092001.3 -0.1  0.0  1  0      2732
[17]  B19  1  7   2756.7 4091992.8 -0.1  0.0  1  0      1828
[18]  B22  1  7   1444.2 4091997.0 -0.1  0.0  1  0      1416
sat68 = 3220 637 1304 -250
sat68 = 3204 669 1307 -250
lsq: nits= 2
$GNGGA,121619.000,3112.7151,N,12136.4313,E,1,06,2.4,66.9,M,,,,0000*25

$GNRMC,121619.000,A,3112.7151,N,12136.4313,E,0.34,0.00,140519,,*1F

$GPGSA,A,3,02,06,09,12,23,25,,,,,,,3.0,2.4,1.8*36

$BDGSA,A,3,,,,,,,,,,,,,3.0,2.4,1.8*2F

$GPGSV,3,1,09,02,52,329,48,06,55,046,40,12,26,273,46,25,10,307,41*77

$GPGSV,3,2,09,09,36,062,38,23,09,039,37,05,00,000,34,17,32,146,00*72

$GPGSV,3,3,09,19,52,144,00*4E

$LOGTIM,1,-2258.979074,0.000000,0.000000,0.000000,-66.132*02

EndT:        2
---00000045--- Acq_st=7 2019-5-14 12:16:19 
[00]  G02  f 48  -1691.5 2046002.2  1.0  1.0  5  0 216996927
[01]  G06  f 40    164.6 2045999.8  1.0  1.0  5  0 216996929
[02]  G12  f 46    655.3 2045999.1  1.0  1.0  5  0 216996923
[03]  G25  f 41   -983.1 2046001.3  1.0  1.0  5  0 216996917
[04]  G09  f 38    933.0 2045998.8  1.0  1.0  5  0 216996926
[05]  G23  f 37   2240.9 2045997.1  1.0  1.0  5  0 216996916
[06]  G05  f 33  -2216.8 2046002.9  1.0  0.9  5  0 216996928
[17]  B19  1  7   2665.7 4091993.0 -0.1  0.0  1  0      2828
[18]  B22  1  7   1400.7 4091997.0  0.0  0.0  1  0      2416
lsq: nits= 2
$GNGGA,121620.000,3112.7148,N,12136.4314,E,1,06,2.4,67.2,M,,,,0000*2A

$GNRMC,121620.000,A,3112.7148,N,12136.4314,E,0.16,0.00,140519,,*1A

$GPGSA,A,3,02,06,09,12,23,25,,,,,,,3.0,2.4,1.8*36

$BDGSA,A,3,,,,,,,,,,,,,3.0,2.4,1.8*2F

$GPGSV,3,1,09,02,52,329,48,06,55,046,40,12,26,273,46,25,10,307,41*77

$GPGSV,3,2,09,09,36,062,38,23,09,039,37,05,00,000,33,17,32,146,00*75

$GPGSV,3,3,09,19,52,144,00*4E

$LOGTIM,1,-2325.398176,0.000000,0.000000,0.000000,-65.838*0F

EndT:        2
---00000046--- Acq_st=7 2019-5-14 12:16:20 
[00]  G02  f 48  -1688.3 2046002.2  1.0  1.0  5  0 216997927
[01]  G06  f 40    168.0 2045999.8  1.0  1.0  5  0 216997929
[02]  G12  f 46    659.0 2045999.2  1.0  1.0  5  0 216997923
[03]  G25  f 41   -978.9 2046001.3  1.0  1.0  5  0 216997917
[04]  G09  f 39    937.2 2045998.8  1.0  1.0  5  0 216997926
[05]  G23  f 38   2243.9 2045997.1  1.0  1.0  5  0 216997916
[06]  G05  f 33  -2212.4 2046002.9  1.0  1.0  5  0 216997928
sat0 = 11098 811 4123 3250
sat0 = 10759 1237 4125 3750
sat2 = 10314 1795 4122 -750
sat2 = 10281 1827 4120 -750
sat3 = 11721 303 4087 500
sat3 = 10713 335 4084 500
sat6 = 10967 231 4117 -1750
sat6 = 11309 111 4118 -1500
sat7 = 9560 1131 4042 -500
sat7 = 10014 181 4044 4750
sat9 = 11315 230 4113 3250
sat9 = 11340 435 4117 250
sat10 = 11952 102 4092 -1250
sat10 = 12110 134 4095 -1250
sat12 = 10782 1571 4119 0
sat12 = 10782 1603 4121 0
sat13 = 12645 1033 4126 2250
sat13 = 10983 1013 4127 2750
sat14 = 10836 1099 4134 -1000
sat14 = 10671 441 4129 -2750
sat15 = 9854 1082 4104 5000
lsq: nits= 2
$GNGGA,121621.000,3112.7146,N,12136.4314,E,1,06,2.4,67.3,M,,,,0000*24

$GNRMC,121621.000,A,3112.7146,N,12136.4314,E,0.57,0.00,140519,,*10

$GPGSA,A,3,02,06,09,12,23,25,,,,,,,3.0,2.4,1.8*36

$BDGSA,A,3,,,,,,,,,,,,,3.0,2.4,1.8*2F

$GPGSV,3,1,09,02,52,329,48,06,55,046,40,12,26,273,46,25,10,307,41*77

$GPGSV,3,2,09,09,36,062,39,23,09,039,38,05,00,000,33,17,32,146,00*7B

$GPGSV,3,3,09,19,52,144,00*4E

$LOGTIM,1,-2391.136543,0.000000,0.000000,0.000000,-65.362*00

EndT:        2
sat15 = 10234 1852 4105 -3250
sat16 = 10007 329 4108 -3750
---00000047--- Acq_st=3 2019-5-14 12:16:21 
[00]  G02  f 48  -1684.5 2046002.2  1.0  1.0  5  0 216998927
[01]  G06  f 40    171.9 2045999.8  1.0  1.0  5  0 216998929
[02]  G12  f 46    663.2 2045999.1  1.0  1.0  5  0 216998923
[03]  G25  f 41   -975.1 2046001.3  1.0  1.0  5  0 216998917
[04]  G09  f 39    941.2 2045998.7  1.0  1.0  5  0 216998926
[05]  G23  f 37   2248.5 2045997.1  1.0  1.0  5  0 216998916
[06]  G05  f 32  -2209.0 2046002.8  1.0  0.9  5  0 216998928
sat16 = 10218 1713 4111 4250
sat17 = 10599 693 4083 3000
sat17 = 10749 725 4082 3000
sat18 = 10624 1884 4094 -1750
sat18 = 10584 329 4095 -4750
sat19 = 10441 1107 4087 -3500
sat19 = 9794 1269 4086 -4000
sat20 = 11809 287 4102 -2000
sat20 = 10937 130 4106 1500
sat21 = 10076 641 4092 4250
sat21 = 11413 1441 4087 2000
sat23 = 10997 225 4142 -4500
sat23 = 9846 873 4144 3750
sat25 = 10749 1346 4097 3500
sat25 = 9839 351 4099 4750
sat26 = 10257 1797 4088 -1000
sat26 = 10279 1829 4089 -1000
sat27 = 10125 2042 4068 -250
sat27 = 9742 1573 4071 4250
sat28 = 10330 1158 4108 -2750
sat28 = 10664 1190 4108 -3000
sat29 = 10719 54 4082 2250
lsq: nits= 2
$GNGGA,121622.000,3112.7145,N,12136.4315,E,1,06,2.4,67.2,M,,,,0000*24

$GNRMC,121622.000,A,3112.7145,N,12136.4315,E,0.48,0.00,140519,,*1F

$GPGSA,A,3,02,06,09,12,23,25,,,,,,,3.0,2.4,1.8*36

$BDGSA,A,3,,,,,,,,,,,,,3.0,2.4,1.8*2F

$GPGSV,3,1,09,02,52,329,48,06,55,046,40,12,26,273,46,25,10,307,41*77

$GPGSV,3,2,09,09,36,062,39,23,09,039,37,05,00,000,32,17,32,146,00*75

$GPGSV,3,3,09,19,52,144,00*4E

$LOGTIM,1,-2456.760913,0.000000,0.000000,0.000000,-65.341*01

EndT:        2
sat29 = 11037 259 4081 4250
sat30 = 12841 1733 4095 1000
---00000048--- Acq_st=3 2019-5-14 12:16:22 
[00]  G02  f 48  -1685.5 2046002.2  1.0  1.0  5  0 216999927
[01]  G06  f 40    171.4 2045999.8  1.0  1.0  5  0 216999929
[02]  G12  f 46    663.1 2045999.1  1.0  1.0  5  0 216999923
[03]  G25  f 41   -975.3 2046001.3  1.0  1.0  5  0 216999917
[04]  G09  f 38    941.0 2045998.8  1.0  1.0  5  0 216999926
[05]  G23  f 38   2247.5 2045997.0  1.0  0.9  5  0 216999916
[06]  G05  f 33  -2207.9 2046003.0  1.0  0.9  5  0 216999928
sat30 = 12737 1765 4094 1000
sat31 = 10660 309 4093 3000
sat31 = 11254 341 4092 3000
sat37 = 3369 3967 1297 -500
sat37 = 3625 3212 1297 -2750
sat38 = 3118 3083 1309 2500
sat38 = 3147 3841 1308 3750
sat39 = 3217 543 1306 -2000
sat39 = 3138 1419 1305 -2000
sat40 = 3612 3387 1303 1500
sat40 = 3583 3451 1302 1250
sat41 = 3371 1102 1300 1250
lsq: nits= 2
$GNGGA,121623.000,3112.7144,N,12136.4317,E,1,06,2.4,67.1,M,,,,0000*25

$GNRMC,121623.000,A,3112.7144,N,12136.4317,E,0.31,0.00,140519,,*13

$GPGSA,A,3,02,06,09,12,23,25,,,,,,,3.0,2.4,1.8*36

$BDGSA,A,3,,,,,,,,,,,,,3.0,2.4,1.8*2F

$GPGSV,3,1,09,02,52,329,48,06,55,046,40,12,26,273,46,25,10,307,41*77

$GPGSV,3,2,09,09,36,062,38,23,09,039,38,05,00,000,33,17,32,146,00*7A

$GPGSV,3,3,09,19,52,144,00*4E

$LOGTIM,1,-2522.454576,0.000000,0.000000,0.000000,-65.427*0F

EndT:        2
sat41 = 3237 3505 1301 -3750
---00000049--- Acq_st=3 2019-5-14 12:16:23 
[00]  G02  f 48  -1686.6 2046002.2  1.0  1.0  5  0 217000927
[01]  G06  f 40    170.0 2045999.7  1.0  1.0  5  0 217000929
[02]  G12  f 46    662.1 2045999.1  1.0  1.0  5  0 217000923
[03]  G25  f 40   -975.8 2046001.3  1.0  1.0  5  0 217000917
[04]  G09  f 39    940.9 2045998.8  1.0  1.0  5  0 217000926
[05]  G23  f 38   2246.4 2045997.1  1.0  1.1  5  0 217000916
[06]  G05  f 33  -2210.1 2046002.9  1.0  0.9  5  0 217000928
sat42 = 3221 2046 1310 2750
sat42 = 3218 2110 1311 3000
sat43 = 3243 3657 1295 2500
sat43 = 3369 3359 1294 5000
sat44 = 5341 1419 1303 1000
ch16 satid=44 freq = 1000 acq ok1!
sat45 = 3159 656 1293 3250
sat45 = 3131 592 1293 -4750
sat46 = 3247 1026 1304 -3000
sat46 = 3294 1375 1304 -2750
sat47 = 3181 3596 1299 -3250
sat47 = 3209 3660 1300 -3500
lsq: nits= 2
$GNGGA,121624.000,3112.7145,N,12136.4318,E,1,06,2.4,66.9,M,,,,0000*25

$GNRMC,121624.000,A,3112.7145,N,12136.4318,E,0.20,0.00,140519,,*1A

$GPGSA,A,3,02,06,09,12,23,25,,,,,,,3.0,2.4,1.8*36

$BDGSA,A,3,,,,,,,,,,,,,3.0,2.4,1.8*2F

$GPGSV,3,1,09,02,52,329,48,06,55,046,40,12,26,273,46,25,10,307,40*76

$GPGSV,3,2,09,09,36,062,39,23,09,039,38,05,00,000,33,17,32,146,00*7B

$GPGSV,3,3,09,19,52,144,00*4E

$LOGTIM,1,-2587.993391,0.000000,0.000000,0.000000,-65.394*06

EndT:        2
sat48 = 3729 411 1305 -1000
---00000050--- Acq_st=3 2019-5-14 12:16:24 
[00]  G02  f 47  -1686.4 2046002.2  1.0  1.0  5  0 217001927
[01]  G06  f 40    170.5 2045999.7  1.0  1.0  5  0 217001929
[02]  G12  f 46    663.3 2045999.1  1.0  1.0  5  0 217001923
[03]  G25  f 40   -975.1 2046001.3  1.0  1.0  5  0 217001917
[04]  G09  f 39    941.1 2045998.8  1.0  0.9  5  0 217001926
[05]  G23  f 37   2247.4 2045997.1  1.0  1.0  5  0 217001916
[06]  G05  f 33  -2209.7 2046002.9  1.0  0.9  5  0 217001928
[16]  B08  1  7   -975.0 4092001.8 -0.0  0.0  1  0       567
sat48 = 3688 443 1304 -1000
sat49 = 44777 1238 1312 750
ch17 satid=49 freq = 750 acq ok1!
sat50 = 3368 1846 1302 -2750
sat50 = 3624 2824 1303 3500
sat51 = 3355 1770 1295 -1250
sat51 = 3507 1802 1294 -1500
sat52 = 3376 3293 1312 4000
sat52 = 3346 13 1310 -3000
sat53 = 3057 917 1299 2250
sat53 = 3066 949 1300 1750
sat54 = 3261 367 1307 -3250
sat54 = 3177 399 1308 -3000
lsq: nits= 2
$GNGGA,121625.000,3112.7146,N,12136.4320,E,1,06,2.4,66.6,M,,,,0000*23

$GNRMC,121625.000,A,3112.7146,N,12136.4320,E,0.15,0.00,140519,,*15

$GPGSA,A,3,02,06,09,12,23,25,,,,,,,3.0,2.4,1.8*36

$BDGSA,A,3,,,,,,,,,,,,,3.0,2.4,1.8*2F

$GPGSV,3,1,09,02,52,329,47,06,55,046,40,12,26,273,46,25,10,307,40*79

$GPGSV,3,2,09,09,36,062,39,23,09,039,37,05,00,000,33,17,32,146,00*74

$GPGSV,3,3,09,19,52,144,00*4E

$LOGTIM,1,-2653.463328,0.000000,0.000000,0.000000,-65.325*06

EndT:        2
---00000051--- Acq_st=3 2019-5-14 12:16:25 
[00]  G02  f 48  -1686.0 2046002.2  1.0  1.0  5  0 217002927
[01]  G06  f 40    171.2 2045999.8  1.0  1.0  5  0 217002929
[02]  G12  f 46    663.8 2045999.1  1.0  1.0  5  0 217002923
[03]  G25  f 40   -974.3 2046001.3  1.0  1.0  5  0 217002917
[04]  G09  f 39    942.2 2045998.8  1.0  1.0  5  0 217002926
[05]  G23  f 37   2247.1 2045997.1  1.0  1.0  5  0 217002916
[06]  G05  f 33  -2208.0 2046002.9  1.0  0.9  5  0 217002928
[16]  B08  1  7  -1071.6 4092001.8 -0.0  0.0  1  0      1567
[17]  B13  1  7   -749.8 4092001.1 -0.0  0.0  1  0       827
sat55 = 6343 3210 1301 -2500
ch18 satid=55 freq = -2500 acq ok1!
sat56 = 3111 3001 1300 3250
sat56 = 3141 3393 1300 3250
sat57 = 3166 1196 1298 1250
sat57 = 3133 2858 1298 4750
sat58 = 23346 1873 1306 -1250
ch19 satid=58 freq = -1250 acq ok1!
sat59 = 3428 1514 1297 4750
sat59 = 3397 24 1297 2250
sat60 = 3522 1038 1302 2000
sat60 = 3363 1694 1302 -2500
sat61 = 3095 3120 1292 -750
sat61 = 3231 2842 1292 3750
lsq: nits= 2
$GNGGA,121626.000,3112.7146,N,12136.4323,E,1,06,2.4,66.4,M,,,,0000*21

$GNRMC,121626.000,A,3112.7146,N,12136.4323,E,0.28,0.00,140519,,*1B

$GPGSA,A,3,02,06,09,12,23,25,,,,,,,3.0,2.4,1.8*36

$BDGSA,A,3,,,,,,,,,,,,,3.0,2.4,1.8*2F

$GPGSV,3,1,09,02,52,329,48,06,55,046,40,12,26,273,46,25,10,307,40*76

$GPGSV,3,2,09,09,36,062,39,23,09,039,37,05,00,000,33,17,32,146,00*74

$GPGSV,3,3,09,19,52,144,00*4E

$LOGTIM,1,-2718.770867,0.000000,0.000000,0.000000,-65.208*07

EndT:        2
sat62 = 3133 829 1297 -3500
---00000052--- Acq_st=3 2019-5-14 12:16:26 
[00]  G02  f 48  -1684.1 2046002.2  1.0  1.0  5  0 217003927
[01]  G06  f 40    172.6 2045999.8  1.0  1.0  5  0 217003929
[02]  G12  f 46    666.0 2045999.1  1.0  1.0  5  0 217003923
[03]  G25  f 40   -972.1 2046001.3  1.0  1.0  5  0 217003917
[04]  G09  f 40    944.2 2045998.8  1.0  1.0  5  0 217003926
[05]  G23  f 37   2249.9 2045997.0  1.0  1.0  5  0 217003916
[06]  G05  f 32  -2206.5 2046002.8  1.0  1.0  5  0 217003928
[16]  B08  1  7  -1275.8 4092002.1 -0.0  0.0  1  0      2567
[17]  B13  1  7   -846.4 4092000.6  0.0  0.0  1  0      1827
[18]  B19  1  7   2625.2 4091993.6 -0.1  0.0  1  0       923
[19]  B22  1  7   1297.0 4091996.6  0.0  0.0  1  0       511
sat62 = 3214 2202 1297 5000
sat63 = 3334 1680 1303 -2750
sat63 = 3469 35 1302 -3500
sat64 = 3417 107 1304 -4500
sat64 = 3588 139 1304 -4750
sat65 = 3300 3716 1312 -4500
sat65 = 3080 1324 1312 -500
sat66 = 3554 1480 1304 4000
sat66 = 3450 1512 1305 3750
sat67 = 3304 3421 1296 1250
sat67 = 3170 3485 1296 1500
lsq: nits= 2
$GNGGA,121627.000,3112.7146,N,12136.4325,E,1,06,2.4,66.2,M,,,,0000*20

$GNRMC,121627.000,A,3112.7146,N,12136.4325,E,0.38,0.00,140519,,*1D

$GPGSA,A,3,02,06,09,12,23,25,,,,,,,3.0,2.4,1.8*36

$BDGSA,A,3,,,,,,,,,,,,,3.0,2.4,1.8*2F

$GPGSV,3,1,09,02,52,329,48,06,55,046,40,12,26,273,46,25,10,307,40*76

$GPGSV,3,2,09,09,36,062,40,23,09,039,37,05,00,000,32,17,32,146,00*7B

$GPGSV,3,3,09,19,52,144,00*4E

$LOGTIM,1,-2783.855514,0.000000,0.000000,0.000000,-65.043*09

EndT:        2
sat68 = 3371 3400 1306 -1250
---00000053--- Acq_st=3 2019-5-14 12:16:27 
[00]  G02  f 48  -1683.8 2046002.2  1.0  1.0  5  0 217004927
[01]  G06  f 39    173.5 2045999.7  1.0  1.0  5  0 217004929
[02]  G12  f 46    667.1 2045999.1  1.0  1.0  5  0 217004923
[03]  G25  f 40   -971.3 2046001.3  1.0  1.0  5  0 217004917
[04]  G09  f 39    945.9 2045998.7  1.0  1.0  5  0 217004926
[05]  G23  f 38   2250.7 2045997.1  1.0  1.0  5  0 217004916
[06]  G05  f 32  -2205.9 2046002.9  1.0  0.9  5  0 217004928
[17]  B13  1 11   -999.1 4092001.3  0.1  0.0  1  0      2827
[18]  B19  1  7   2823.8 4091994.2 -0.0  0.0  1  0      1923
[19]  B22  1  7   1075.8 4091997.1 -0.1  0.0  1  0      1511
sat68 = 3454 3464 1305 -1250
lsq: nits= 2
$GNGGA,121628.000,3112.7146,N,12136.4327,E,1,06,2.4,66.0,M,,,,0000*2F

$GNRMC,121628.000,A,3112.7146,N,12136.4327,E,0.14,0.00,140519,,*1E

$GPGSA,A,3,02,06,09,12,23,25,,,,,,,3.0,2.4,1.8*36

$BDGSA,A,3,,,,,,,,,,,,,3.0,2.4,1.8*2F

$GPGSV,3,1,09,02,52,329,48,06,55,046,39,12,26,273,46,25,10,307,40*78

$GPGSV,3,2,09,09,36,062,39,23,09,039,38,05,00,000,32,17,32,146,00*7A

$GPGSV,3,3,09,19,52,144,00*4E

$LOGTIM,1,-2849.085205,0.000000,0.000000,0.000000,-65.193*0E

EndT:        2
---00000054--- Acq_st=7 2019-5-14 12:16:29 
[00]  G02  f 47  -1685.4 2046002.2  1.0  1.0  5  0 217005927
[01]  G06  f 39    171.9 2045999.8  1.0  1.0  5  0 217005929
[02]  G12  f 46    665.9 2045999.1  1.0  1.0  5  0 217005923
[03]  G25  f 39   -972.3 2046001.3  1.0  1.0  5  0 217005917
[04]  G09  f 39    944.7 2045998.8  1.0  1.0  5  0 217005926
[05]  G23  f 38   2248.4 2045997.1  1.0  1.0  5  0 217005916
[06]  G05  f 32  -2207.6 2046002.9  1.0  0.9  5  0 217005928
[18]  B19  1  7   2996.2 4091994.4  0.0  0.0  1  0      2923
[19]  B22  1  7   1353.8 4091997.2 -0.0  0.0  1  0      2511
lsq: nits= 2
$GNGGA,121629.000,3112.7147,N,12136.4328,E,1,06,2.4,65.8,M,,,,0000*2B

$GNRMC,121629.000,A,3112.7147,N,12136.4328,E,0.02,0.00,140519,,*16

$GPGSA,A,3,02,06,09,12,23,25,,,,,,,3.0,2.4,1.8*36

$BDGSA,A,3,,,,,,,,,,,,,3.0,2.4,1.8*2F

$GPGSV,3,1,09,02,52,329,47,06,55,046,39,12,26,273,46,25,10,307,39*79

$GPGSV,3,2,09,09,36,062,39,23,09,039,38,05,00,000,32,17,32,146,00*7A

$GPGSV,3,3,09,19,52,144,00*4E

$LOGTIM,1,-2914.399050,0.000000,0.000000,0.000000,-65.322*03

EndT:        2
---00000055--- Acq_st=7 2019-5-14 12:16:29 
[00]  G02  f 48  -1686.1 2046002.2  1.0  1.0  5  0 217006927
[01]  G06  f 39    171.4 2045999.8  1.0  1.0  5  0 217006929
[02]  G12  f 46    665.6 2045999.1  1.0  1.0  5  0 217006923
[03]  G25  f 40   -972.3 2046001.3  1.0  1.0  5  0 217006917
[04]  G09  f 39    944.1 2045998.7  1.0  1.0  5  0 217006926
[05]  G23  f 38   2248.3 2045997.0  1.0  1.0  5  0 217006916
[06]  G05  f 32  -2207.5 2046002.9  1.0  1.0  5  0 217006928
sat0 = 10919 1058 4197 -250
sat0 = 11060 1090 4197 -250
sat2 = 11335 1958 4174 -750
sat2 = 10742 1251 4171 -3500
sat3 = 11677 2021 4141 -2750
sat3 = 11197 7 4142 -3000
sat6 = 11125 1310 4194 -1750
sat6 = 10940 1747 4193 3750
sat7 = 10064 803 4133 1750
sat7 = 11177 835 4126 1750
sat9 = 10416 233 4175 250
sat9 = 11123 265 4175 250
sat10 = 11116 1945 4160 2000
sat10 = 13092 1639 4161 -3000
sat12 = 11186 1749 4185 -4750
sat12 = 11116 132 4187 -3250
sat13 = 11136 501 4184 2000
sat13 = 11063 961 4177 3500
sat14 = 13269 1628 4202 1750
sat14 = 12505 1660 4203 1750
sat15 = 11148 1277 4175 -2500
sat15 = 11024 609 4181 -3750
lsq: nits= 2
$GNGGA,121630.000,3112.7151,N,12136.4328,E,1,06,2.4,65.4,M,,,,0000*28

$GNRMC,121630.000,A,3112.7151,N,12136.4328,E,0.08,0.00,140519,,*13

$GPGSA,A,3,02,06,09,12,23,25,,,,,,,3.0,2.4,1.8*36

$BDGSA,A,3,,,,,,,,,,,,,3.0,2.4,1.8*2F

$GPGSV,3,1,09,02,52,329,48,06,55,046,39,12,26,273,46,25,10,307,40*78

$GPGSV,3,2,09,09,36,062,39,23,09,039,38,05,00,000,32,17,32,146,00*7A

$GPGSV,3,3,09,19,52,144,00*4E

$LOGTIM,1,-2979.750203,0.000000,0.000000,0.000000,-65.413*08

EndT:        2
sat16 = 11026 687 4189 -4750
---00000056--- Acq_st=3 2019-5-14 12:16:30 
[00]  G02  f 48  -1686.3 2046002.2  1.0  1.0  5  0 217007927
[01]  G06  f 40    171.3 2045999.9  1.0  1.0  5  0 217007929
[02]  G12  f 47    665.4 2045999.1  1.0  1.0  5  0 217007923
[03]  G25  f 41   -972.7 2046001.3  1.0  1.0  5  0 217007917
[04]  G09  f 38    944.4 2045998.7  1.0  0.9  5  0 217007926
[05]  G23  f 38   2248.3 2045997.0  1.0  1.0  5  0 217007916
[06]  G05  f 32  -2206.8 2046002.9  1.0  0.9  5  0 217007928
sat16 = 11251 719 4184 -4500
sat17 = 10684 1773 4164 1000
sat17 = 10722 980 4163 5000
sat18 = 10119 644 4163 750
sat18 = 10136 709 4158 3750
sat19 = 11054 345 4158 4250
sat19 = 11232 378 4157 4250
sat20 = 10939 1201 4201 -3000
sat20 = 11345 151 4203 1500
sat21 = 10720 718 4139 -250
sat21 = 11070 948 4139 2000
sat23 = 12181 1114 4209 -500
sat23 = 11997 1585 4208 3750
sat25 = 11711 1594 4151 4750
sat25 = 11264 332 4151 -2500
sat26 = 10299 1879 4158 0
sat26 = 10458 1911 4158 250
sat27 = 10449 647 4162 250
sat27 = 11329 1708 4163 3750
sat28 = 10636 2036 4174 -4250
sat28 = 10703 1802 4174 1250
sat29 = 10641 512 4155 -2750
sat29 = 11164 544 4154 -2500
lsq: nits= 2
$GNGGA,121631.000,3112.7179,N,12136.4325,E,1,07,1.9,62.9,M,,,,0000*2B

$GNRMC,121631.000,A,3112.7179,N,12136.4325,E,0.22,0.00,140519,,*1D

$GPGSA,A,3,02,05,06,09,12,23,25,,,,,,2.6,1.9,1.8*3A

$BDGSA,A,3,,,,,,,,,,,,,2.6,1.9,1.8*26

$GPGSV,3,1,09,02,52,329,48,06,55,046,40,12,26,273,47,25,10,307,41*76

$GPGSV,3,2,09,09,36,062,38,23,09,039,38,05,00,000,32,17,32,146,00*7B

$GPGSV,3,3,09,19,52,144,00*4E

$LOGTIM,1,-3044.555046,0.000000,0.000000,0.000000,-65.381*06

EndT:        3
sat30 = 11990 778 4147 -4250
---00000057--- Acq_st=3 2019-5-14 12:16:31 
[00]  G02  f 48  -1686.2 2046002.2  1.0  1.0  5  0 217008927
[01]  G06  f 40    171.4 2045999.8  1.0  1.0  5  0 217008929
[02]  G12  f 47    666.2 2045999.1  1.0  1.0  5  0 217008923
[03]  G25  f 41   -971.6 2046001.3  1.0  1.0  5  0 217008917
[04]  G09  f 38    944.6 2045998.8  1.0  1.0  5  0 217008926
[05]  G23  f 37   2248.6 2045997.1  1.0  1.0  5  0 217008916
[06]  G05  f 33  -2206.9 2046002.8  1.0  0.9  5  0 217008928
sat30 = 11309 810 4143 -4250
sat31 = 10853 775 4156 1250
sat31 = 10728 1694 4154 -4000
sat37 = 3087 2631 1278 -3500
sat37 = 3046 1933 1276 -4250
sat38 = 3141 1170 1293 250
sat38 = 3354 2955 1294 -3750
sat39 = 3352 2414 1282 1000
sat39 = 3306 2478 1282 1000
sat40 = 3251 63 1295 2000
sat40 = 3229 95 1293 2000
sat41 = 3156 2594 1288 -4000
lsq: nits= 2
$GNGGA,121632.000,3112.7194,N,12136.4323,E,1,07,1.9,62.8,M,,,,0000*2C

$GNRMC,121632.000,A,3112.7194,N,12136.4323,E,0.37,0.00,140519,,*1F

$GPGSA,A,3,02,05,06,09,12,23,25,,,,,,2.6,1.9,1.8*3A

$BDGSA,A,3,,,,,,,,,,,,,2.6,1.9,1.8*26

$GPGSV,3,1,09,02,52,329,48,06,55,046,40,12,26,273,47,25,10,307,41*76

$GPGSV,3,2,09,09,36,062,38,23,09,039,37,05,45,252,33,17,32,146,00*71

$GPGSV,3,3,09,19,52,144,00*4E

$LOGTIM,1,-3109.136989,0.000000,0.000000,0.000000,-65.460*0D

EndT:        3
sat41 = 3346 2643 1286 4000
---00000058--- Acq_st=3 2019-5-14 12:16:32 
[00]  G02  f 48  -1687.2 2046002.2  1.0  1.0  5  0 217009927
[01]  G06  f 40    170.6 2045999.8  1.0  1.0  5  0 217009929
[02]  G12  f 47    665.9 2045999.1  1.0  1.0  5  0 217009923
[03]  G25  f 41   -972.2 2046001.3  1.0  1.0  5  0 217009917
[04]  G09  f 38    944.9 2045998.8  1.0  1.0  5  0 217009926
[05]  G23  f 38   2247.8 2045997.1  1.0  1.0  5  0 217009916
[06]  G05  f 32  -2206.9 2046002.9  1.0  0.8  5  0 217009928
sat42 = 3050 940 1293 -2500
sat42 = 3102 2841 1293 5000
sat43 = 3199 1124 1285 4250
sat43 = 3210 1156 1286 4250
sat44 = 5269 2865 1289 500
ch16 satid=44 freq = 500 acq ok1!
sat45 = 3285 3717 1290 4750
sat45 = 3339 3970 1290 1750
sat46 = 3392 3277 1292 -2500
sat46 = 3324 2803 1293 1500
sat47 = 3572 3225 1285 4500
sat47 = 3797 3289 1285 5000
sat48 = 3277 959 1283 2250
lsq: nits= 2
$GNGGA,121633.000,3112.7207,N,12136.4320,E,1,07,1.9,63.2,M,,,,0000*2C

$GNRMC,121633.000,A,3112.7207,N,12136.4320,E,0.37,0.00,140519,,*14

$GPGSA,A,3,02,05,06,09,12,23,25,,,,,,2.6,1.9,1.8*3A

$BDGSA,A,3,,,,,,,,,,,,,2.6,1.9,1.8*26

$GPGSV,3,1,09,02,52,329,48,06,55,046,40,12,26,273,47,25,10,307,41*76

$GPGSV,3,2,09,09,36,062,38,23,09,039,38,05,45,252,32,17,32,146,00*7F

$GPGSV,3,3,09,19,52,144,00*4E

$LOGTIM,1,-3173.734179,0.000000,0.000000,0.000000,-65.433*05

EndT:        3
---00000059--- Acq_st=3 2019-5-14 12:16:33 
[00]  G02  f 48  -1686.7 2046002.2  1.0  1.0  5  0 217010927
[01]  G06  f 40    171.6 2045999.8  1.0  1.0  5  0 217010929
[02]  G12  f 47    666.8 2045999.1  1.0  1.0  5  0 217010923
[03]  G25  f 40   -971.0 2046001.2  1.0  1.0  5  0 217010917
[04]  G09  f 38    945.3 2045998.8  1.0  1.0  5  0 217010926
[05]  G23  f 38   2248.6 2045997.0  1.0  1.0  5  0 217010916
[06]  G05  f 32  -2206.5 2046002.9  1.0  0.9  5  0 217010928
[16]  B08  1  7   -473.2 4092001.0 -0.2  0.0  1  0       580
sat48 = 3616 3685 1283 3000
sat49 = 39207 2682 1289 750
ch17 satid=49 freq = 750 acq ok1!
sat50 = 3257 2267 1291 -1500
sat50 = 3334 2331 1292 -1500
sat51 = 3136 937 1283 -3000
sat51 = 3025 187 1284 -4000
sat52 = 3291 411 1305 -3250
sat52 = 3303 443 1307 -3250
sat53 = 3272 4035 1283 1500
sat53 = 3333 1898 1284 -4750
sat54 = 3114 2387 1286 1500
sat54 = 3206 3683 1287 -4250
lsq: nits= 2
$GNGGA,121634.000,3112.7213,N,12136.4320,E,1,07,1.9,64.0,M,,,,0000*2B

$GNRMC,121634.000,A,3112.7213,N,12136.4320,E,0.25,0.00,140519,,*15

$GPGSA,A,3,02,05,06,09,12,23,25,,,,,,2.6,1.9,1.8*3A

$BDGSA,A,3,,,,,,,,,,,,,2.6,1.9,1.8*26

$GPGSV,3,1,09,02,52,329,48,06,55,046,40,12,26,273,47,25,10,307,40*77

$GPGSV,3,2,09,09,36,062,38,23,09,039,38,05,45,252,32,17,32,146,00*7F

$GPGSV,3,3,09,19,52,144,00*4E

$LOGTIM,1,-3238.411153,0.000000,0.000000,0.000000,-65.393*08

EndT:        3
---00000060--- Acq_st=3 2019-5-14 12:16:34 
[00]  G02  f 48  -1686.3 2046002.2  1.0  1.0  5  0 217011927
[01]  G06  f 39    172.1 2045999.8  1.0  1.0  5  0 217011929
[02]  G12  f 47    667.7 2045999.1  1.0  1.0  5  0 217011923
[03]  G25  f 41   -969.9 2046001.3  1.0  1.0  5  0 217011917
[04]  G09  f 38    947.0 2045998.8  1.0  1.0  5  0 217011926
[05]  G23  f 38   2249.7 2045997.1  1.0  1.0  5  0 217011916
[06]  G05  f 32  -2205.6 2046002.8  1.0  1.0  5  0 217011928
[16]  B08  1  7   -632.6 4092001.2  0.1  0.0  1  0      1580
[17]  B13  1  7   -723.7 4092001.1 -0.0  0.0  1  0       840
sat55 = 5046 645 1283 -3000
sat55 = 4938 677 1283 -2750
sat56 = 3312 714 1284 -2750
sat56 = 3600 746 1284 -2750
sat57 = 2974 199 1283 2750
sat57 = 3055 3328 1282 3000
sat58 = 16683 3370 1281 -1500
ch18 satid=58 freq = -1500 acq ok1!
sat59 = 3239 2063 1291 -2250
sat59 = 3084 2292 1291 -500
sat60 = 3199 2549 1284 -250
sat60 = 3276 1541 1284 4750
sat61 = 3338 4051 1275 -3750
lsq: nits= 2
$GNGGA,121635.000,3112.7213,N,12136.4320,E,1,07,1.9,64.7,M,,,,0000*2D

$GNRMC,121635.000,A,3112.7213,N,12136.4320,E,0.18,0.00,140519,,*1A

$GPGSA,A,3,02,05,06,09,12,23,25,,,,,,2.6,1.9,1.8*3A

$BDGSA,A,3,,,,,,,,,,,,,2.6,1.9,1.8*26

$GPGSV,3,1,09,02,52,329,48,06,55,046,39,12,26,273,47,25,10,307,41*78

$GPGSV,3,2,09,09,36,062,38,23,09,039,38,05,45,252,32,17,32,146,00*7F

$GPGSV,3,3,09,19,52,144,00*4E

$LOGTIM,1,-3303.310416,0.000000,0.000000,0.000000,-65.371*0F

EndT:        3
sat61 = 3178 3691 1276 3250
---00000061--- Acq_st=3 2019-5-14 12:16:35 
[00]  G02  f 48  -1686.2 2046002.2  1.0  1.0  5  0 217012927
[01]  G06  f 40    172.4 2045999.8  1.0  1.0  5  0 217012929
[02]  G12  f 46    668.2 2045999.1  1.0  1.0  5  0 217012923
[03]  G25  f 41   -969.1 2046001.3  1.0  1.0  5  0 217012917
[04]  G09  f 38    947.0 2045998.8  1.0  1.0  5  0 217012926
[05]  G23  f 38   2250.1 2045997.1  1.0  1.0  5  0 217012916
[06]  G05  f 32  -2205.3 2046002.8  1.0  0.9  5  0 217012928
[16]  B08  1  7   -321.4 4092000.9  0.0  0.0  1  0      2580
[17]  B13  1  7   -717.6 4092001.3  0.0  0.0  1  0      1840
[18]  B22  1  7   1444.0 4091997.5  0.1  0.0  1  0       443
sat62 = 3483 967 1294 -1000
sat62 = 3413 1828 1294 -3250
sat63 = 3254 2412 1285 1750
sat63 = 3137 359 1285 -2250
sat64 = 3280 3543 1289 2250
sat64 = 3561 2285 1288 -3000
sat65 = 3632 1352 1295 -4500
sat65 = 3479 1384 1296 -4750
sat66 = 3241 2055 1289 -2750
sat66 = 3116 2119 1289 -2500
sat67 = 3353 3348 1289 5000
lsq: nits= 2
$GNGGA,121636.000,3112.7209,N,12136.4319,E,1,07,1.9,65.3,M,,,,0000*2A

$GNRMC,121636.000,A,3112.7209,N,12136.4319,E,0.09,0.00,140519,,*18

$GPGSA,A,3,02,05,06,09,12,23,25,,,,,,2.6,1.9,1.8*3A

$BDGSA,A,3,,,,,,,,,,,,,2.6,1.9,1.8*26

$GPGSV,3,1,09,02,52,329,48,06,55,046,40,12,26,273,46,25,10,307,41*77

$GPGSV,3,2,09,09,36,062,38,23,09,039,38,05,45,252,32,17,32,146,00*7F

$GPGSV,3,3,09,19,52,144,00*4E

$LOGTIM,1,-3368.506016,0.000000,0.000000,0.000000,-65.246*02

EndT:        3
sat67 = 3252 3786 1289 0
---00000062--- Acq_st=3 2019-5-14 12:16:36 
[00]  G02  f 48  -1685.4 2046002.2  1.0  1.0  5  0 217013927
[01]  G06  f 39    173.5 2045999.8  1.0  1.0  5  0 217013929
[02]  G12  f 46    669.7 2045999.1  1.0  1.0  5  0 217013923
[03]  G25  f 41   -968.2 2046001.2  1.0  1.0  5  0 217013917
[04]  G09  f 38    948.9 2045998.8  1.0  1.0  5  0 217013926
[05]  G23  f 37   2251.1 2045997.1  1.0  1.0  5  0 217013916
[06]  G05  f 32  -2203.2 2046002.9  1.0  0.9  5  0 217013928
[17]  B13  1  7   -750.8 4092001.6  0.0  0.0  1  0      2840
[18]  B22  1  7   1624.0 4091997.3  0.1  0.0  1  0      1443
sat68 = 3088 2989 1286 4000
sat68 = 3095 2777 1287 -1500
lsq: nits= 2
$GNGGA,121637.000,3112.7204,N,12136.4317,E,1,07,1.9,65.9,M,,,,0000*22

$GNRMC,121637.000,A,3112.7204,N,12136.4317,E,0.26,0.00,140519,,*17

$GPGSA,A,3,02,05,06,09,12,23,25,,,,,,2.6,1.9,1.8*3A

$BDGSA,A,3,,,,,,,,,,,,,2.6,1.9,1.8*26

$GPGSV,3,1,09,02,52,329,48,06,55,046,39,12,26,273,46,25,10,307,41*79

$GPGSV,3,2,09,09,36,062,38,23,09,039,37,05,45,252,32,17,32,146,00*70

$GPGSV,3,3,09,19,52,144,00*4E

$LOGTIM,1,-3433.619868,0.000000,0.000000,0.000000,-65.145*07

EndT:        3
---00000063--- Acq_st=7 2019-5-14 12:16:37 
[00]  G02  f 48  -1683.9 2046002.2  1.0  1.0  5  0 217014927
[01]  G06  f 39    175.0 2045999.8  1.0  1.0  5  0 217014929
[02]  G12  f 46    671.7 2045999.1  1.0  1.0  5  0 217014923
[03]  G25  f 41   -966.4 2046001.2  1.0  1.0  5  0 217014917
[04]  G09  f 38    950.5 2045998.7  1.0  1.0  5  0 217014926
[05]  G23  f 38   2252.9 2045997.0  1.0  1.0  5  0 217014916
[06]  G05  f 32  -2201.7 2046002.9  1.0  1.0  5  0 217014928
[18]  B22  1  7   1641.3 4091997.3 -0.1  0.0  1  0      2443
lsq: nits= 2
$GNGGA,121638.000,3112.7197,N,12136.4318,E,1,07,1.9,66.9,M,,,,0000*28

$GNRMC,121638.000,A,3112.7197,N,12136.4318,E,0.49,0.00,140519,,*17

$GPGSA,A,3,02,05,06,09,12,23,25,,,,,,2.6,1.9,1.8*3A

$BDGSA,A,3,,,,,,,,,,,,,2.6,1.9,1.8*26

$GPGSV,3,1,09,02,52,329,48,06,55,046,39,12,26,273,46,25,10,307,41*79

$GPGSV,3,2,09,09,36,062,38,23,09,039,38,05,45,252,32,17,32,146,00*7F

$GPGSV,3,3,09,19,52,144,00*4E

$LOGTIM,1,-3498.668040,0.000000,0.000000,0.000000,-64.916*0D

EndT:        3
---00000064--- Acq_st=7 2019-5-14 12:16:38 
[00]  G02  f 48  -1682.1 2046002.2  1.0  1.0  5  0 217015927
[01]  G06  f 39    176.9 2045999.8  1.0  1.0  5  0 217015929
[02]  G12  f 46    674.0 2045999.1  1.0  1.0  5  0 217015923
[03]  G25  f 41   -963.9 2046001.3  1.0  1.0  5  0 217015917
[04]  G09  f 38    953.0 2045998.8  1.0  1.0  5  0 217015926
[05]  G23  f 37   2254.5 2045997.1  1.0  1.0  5  0 217015916
[06]  G05  f 32  -2200.1 2046002.9  1.0  0.9  5  0 217015928
sat0 = 12238 852 4110 -500
sat0 = 12782 884 4113 -500
sat2 = 10795 699 4107 -4750
sat2 = 11308 1199 4112 4250
sat3 = 10778 1201 4090 -500
sat3 = 11513 1233 4087 -500
sat6 = 10860 133 4103 4000
sat6 = 11277 1977 4104 4500
sat7 = 11719 1875 4043 1000
sat7 = 11134 1907 4041 1000
sat9 = 11070 1702 4110 -4500
sat9 = 10589 1684 4110 -250
sat10 = 11056 1696 4088 3500
sat10 = 10366 1920 4090 3750
sat12 = 10406 347 4125 2750
sat12 = 10898 1829 4123 500
sat13 = 11827 905 4111 3000
sat13 = 11129 531 4104 -3500
sat14 = 11061 1787 4129 -4250
sat14 = 10996 989 4131 -500
sat15 = 10612 248 4099 750
sat15 = 10356 1994 4099 4500
lsq: nits= 2
$GNGGA,121639.000,3112.7186,N,12136.4321,E,1,07,1.9,68.2,M,,,,0000*26

$GNRMC,121639.000,A,3112.7186,N,12136.4321,E,1.04,0.00,140519,,*14

$GPGSA,A,3,02,05,06,09,12,23,25,,,,,,2.6,1.9,1.8*3A

$BDGSA,A,3,,,,,,,,,,,,,2.6,1.9,1.8*26

$GPGSV,3,1,09,02,52,329,48,06,55,046,39,12,26,273,46,25,10,307,41*79

$GPGSV,3,2,09,09,36,062,38,23,09,039,37,05,45,252,32,17,32,146,00*70

$GPGSV,3,3,09,19,52,144,00*4E

$LOGTIM,1,-3563.440374,0.000000,0.000000,0.000000,-64.488*0E

EndT:        3
sat16 = 10629 1147 4114 2500
---00000065--- Acq_st=3 2019-5-14 12:16:39 
[00]  G02  f 48  -1678.8 2046002.2  1.0  1.0  5  0 217016927
[01]  G06  f 38    180.2 2045999.8  1.0  1.0  5  0 217016929
[02]  G12  f 47    677.6 2045999.1  1.0  1.0  5  0 217016923
[03]  G25  f 42   -960.0 2046001.2  1.0  1.0  5  0 217016917
[04]  G09  f 38    957.1 2045998.8  1.0  1.0  5  0 217016926
[05]  G23  f 37   2259.0 2045997.0  1.0  1.0  5  0 217016916
[06]  G05  f 31  -2195.7 2046002.9  1.0  0.9  5  0 217016928
sat16 = 10546 1870 4110 -3250
sat17 = 9953 863 4087 1500
sat17 = 10565 1073 4089 4750
sat18 = 10815 15 4086 3000
sat18 = 11141 555 4087 3500
sat19 = 10942 1073 4099 -1000
sat19 = 10459 1105 4095 -750
sat20 = 9797 500 4112 250
sat20 = 10647 444 4111 -3000
sat21 = 11099 1975 4078 -1750
sat21 = 11409 2007 4078 -1750
sat23 = 11785 379 4138 -3250
sat23 = 10755 713 4141 -4750
sat25 = 11163 1859 4095 -250
sat25 = 11238 1168 4102 4250
sat26 = 10357 1351 4101 -2250
sat26 = 10801 2040 4105 3250
sat27 = 11045 179 4083 3000
sat27 = 11621 1924 4081 -1000
sat28 = 10916 239 4102 -2500
sat28 = 11437 271 4101 -2250
sat29 = 11633 2037 4074 3000
sat29 = 11153 2017 4076 500
lsq: nits= 2
$GNGGA,121640.000,3112.7175,N,12136.4324,E,1,07,1.9,69.1,M,,,,0000*23

$GNRMC,121640.000,A,3112.7175,N,12136.4324,E,0.96,0.00,140519,,*19

$GPGSA,A,3,02,05,06,09,12,23,25,,,,,,2.6,1.9,1.8*3A

$BDGSA,A,3,,,,,,,,,,,,,2.6,1.9,1.8*26

$GPGSV,3,1,09,02,52,329,48,06,55,046,38,12,26,273,47,25,10,307,42*7A

$GPGSV,3,2,09,09,36,062,38,23,09,039,37,05,45,252,31,17,32,146,00*73

$GPGSV,3,3,09,19,52,144,00*4E

$LOGTIM,1,-3628.362187,0.000000,0.000000,0.000000,-64.496*04

EndT:        3
sat30 = 11208 741 4087 4750
---00000066--- Acq_st=3 2019-5-14 12:16:40 
[00]  G02  f 48  -1679.7 2046002.2  1.0  1.0  5  0 217017927
[01]  G06  f 38    179.6 2045999.8  1.0  1.0  5  0 217017929
[02]  G12  f 46    677.2 2045999.1  1.0  1.0  5  0 217017923
[03]  G25  f 42   -960.4 2046001.3  1.0  1.0  5  0 217017917
[04]  G09  f 38    956.6 2045998.8  1.0  0.9  5  0 217017926
[05]  G23  f 37   2257.8 2045997.1  1.0  1.0  5  0 217017916
[06]  G05  f 31  -2197.1 2046002.9  1.0  0.9  5  0 217017928
sat30 = 10809 743 4085 2000
sat31 = 10202 954 4082 -3250
sat31 = 10314 1071 4082 1500
sat37 = 3479 3364 1260 -3000
sat37 = 3252 1557 1261 -3250
sat38 = 3329 2923 1286 -2500
sat38 = 3444 1390 1286 -4000
sat39 = 3577 3179 1274 -3250
sat39 = 3284 3243 1274 -3000
sat40 = 3270 3727 1276 4750
sat40 = 3342 3791 1274 4250
sat41 = 3223 198 1270 4250
sat41 = 3085 2663 1270 -1500
lsq: nits= 2
$GNGGA,121641.000,3112.7165,N,12136.4323,E,1,07,1.9,69.7,M,,,,0000*22

$GNRMC,121641.000,A,3112.7165,N,12136.4323,E,0.85,0.00,140519,,*1C

$GPGSA,A,3,02,05,06,09,12,23,25,,,,,,2.6,1.9,1.8*3A

$BDGSA,A,3,,,,,,,,,,,,,2.6,1.9,1.8*26

$GPGSV,3,1,09,02,52,329,48,06,55,046,38,12,26,273,46,25,10,307,42*7B

$GPGSV,3,2,09,09,36,062,38,23,09,039,37,05,45,252,31,17,32,146,00*73

$GPGSV,3,3,09,19,52,144,00*4E

$LOGTIM,1,-3693.650971,0.000000,0.000000,0.000000,-64.554*0E

EndT:        3
---00000067--- Acq_st=3 2019-5-14 12:16:41 
[00]  G02  f 48  -1680.0 2046002.2  1.0  1.0  5  0 217018927
[01]  G06  f 38    179.3 2045999.8  1.0  1.0  5  0 217018929
[02]  G12  f 46    677.2 2045999.1  1.0  1.0  5  0 217018923
[03]  G25  f 41   -960.4 2046001.3  1.0  1.0  5  0 217018917
[04]  G09  f 38    956.4 2045998.8  1.0  1.0  5  0 217018926
[05]  G23  f 37   2257.9 2045997.1  1.0  1.0  5  0 217018916
[06]  G05  f 32  -2196.2 2046002.8  1.0  0.9  5  0 217018928
sat42 = 3552 266 1274 2250
sat42 = 3419 298 1275 2000
sat43 = 3131 871 1258 -3250
sat43 = 3086 1878 1258 -3750
sat44 = 5828 218 1276 1000
ch16 satid=44 freq = 1000 acq ok1!
sat45 = 3258 22 1269 -2000
sat45 = 3319 2209 1270 1000
sat46 = 3294 655 1279 750
sat46 = 3205 687 1278 750
sat47 = 3090 1532 1261 4750
sat47 = 3072 1564 1263 4750
sat48 = 3248 1406 1269 4000
lsq: nits= 2
$GNGGA,121642.000,3112.7158,N,12136.4322,E,1,07,1.9,69.5,M,,,,0000*2C

$GNRMC,121642.000,A,3112.7158,N,12136.4322,E,1.05,0.00,140519,,*19

$GPGSA,A,3,02,05,06,09,12,23,25,,,,,,2.6,1.9,1.8*3A

$BDGSA,A,3,,,,,,,,,,,,,2.6,1.9,1.8*26

$GPGSV,3,1,09,02,52,329,48,06,55,046,38,12,26,273,46,25,10,307,41*78

$GPGSV,3,2,09,09,36,062,38,23,09,039,37,05,45,252,32,17,32,146,00*70

$GPGSV,3,3,09,19,52,144,00*4E

$LOGTIM,1,-3759.179716,0.000000,0.000000,0.000000,-64.334*0A

EndT:        3
---00000068--- Acq_st=3 2019-5-14 12:16:42 
[00]  G02  f 48  -1677.9 2046002.2  1.0  1.0  5  0 217019927
[01]  G06  f 38    181.5 2045999.8  1.0  1.0  5  0 217019929
[02]  G12  f 47    679.8 2045999.1  1.0  1.0  5  0 217019923
[03]  G25  f 41   -957.9 2046001.2  1.0  1.0  5  0 217019917
[04]  G09  f 38    959.7 2045998.8  1.0  0.9  5  0 217019926
[05]  G23  f 37   2260.3 2045997.1  1.0  0.9  5  0 217019916
[06]  G05  f 32  -2194.4 2046002.8  1.0  0.9  5  0 217019928
[16]  B08  1  7  -1017.6 4092001.9  0.1  0.0  1  0       594
sat48 = 3101 1438 1270 3500
sat49 = 56141 33 1276 750
ch17 satid=49 freq = 750 acq ok1!
sat50 = 3066 738 1263 -3500
sat50 = 3272 1479 1262 4000
sat51 = 3052 2201 1257 -2250
sat51 = 2942 2720 1256 4750
sat52 = 3216 2411 1283 500
sat52 = 3339 3453 1284 -500
sat53 = 3306 3840 1259 4500
sat53 = 3240 1522 1260 2000
sat54 = 3146 302 1274 -3500
sat54 = 2924 1943 1274 4250
lsq: nits= 2
$GNGGA,121643.000,3112.7153,N,12136.4322,E,1,07,1.9,68.6,M,,,,0000*24

$GNRMC,121643.000,A,3112.7153,N,12136.4322,E,1.20,0.00,140519,,*14

$GPGSA,A,3,02,05,06,09,12,23,25,,,,,,2.6,1.9,1.8*3A

$BDGSA,A,3,,,,,,,,,,,,,2.6,1.9,1.8*26

$GPGSV,3,1,09,02,52,329,48,06,55,046,38,12,26,273,47,25,10,307,41*79

$GPGSV,3,2,09,09,36,062,38,23,09,039,37,05,45,252,32,17,32,146,00*70

$GPGSV,3,3,09,19,52,144,00*4E

$LOGTIM,1,-3824.400097,0.000000,0.000000,0.000000,-64.013*0C

EndT:        3
---00000069--- Acq_st=3 2019-5-14 12:16:43 
[00]  G02  f 48  -1674.8 2046002.2  1.0  1.0  5  0 217020927
[01]  G06  f 37    184.5 2045999.8  1.0  1.0  5  0 217020929
[02]  G12  f 47    683.6 2045999.1  1.0  1.0  5  0 217020923
[03]  G25  f 41   -953.9 2046001.2  1.0  1.0  5  0 217020917
[04]  G09  f 38    962.9 2045998.7  1.0  1.0  5  0 217020926
[05]  G23  f 37   2263.7 2045997.1  1.0  0.9  5  0 217020916
[06]  G05  f 32  -2190.7 2046002.9  1.0  1.0  5  0 217020928
[16]  B08  1  7   -839.2 4092002.1 -0.1  0.0  1  0      1594
[17]  B13  1  7   -599.9 4092001.2  0.0  0.0  1  0       853
sat55 = 5110 2172 1262 -2750
ch18 satid=55 freq = -2750 acq ok1!
sat56 = 3247 2733 1264 -500
sat56 = 3139 2369 1264 -4750
sat57 = 3199 481 1261 -1000
sat57 = 3156 1399 1261 -4500
sat58 = 20390 776 1268 -1500
ch19 satid=58 freq = -1500 acq ok1!
sat59 = 3238 852 1257 -4750
sat59 = 3129 884 1258 -4750
sat60 = 3081 3843 1264 3500
sat60 = 3064 3727 1264 -1500
sat61 = 3143 3572 1262 3750
sat61 = 2965 3211 1263 -1500
lsq: nits= 2
$GNGGA,121644.000,3112.7148,N,12136.4323,E,1,07,1.9,67.5,M,,,,0000*24

$GNRMC,121644.000,A,3112.7148,N,12136.4323,E,1.29,0.00,140519,,*11

$GPGSA,A,3,02,05,06,09,12,23,25,,,,,,2.6,1.9,1.8*3A

$BDGSA,A,3,,,,,,,,,,,,,2.6,1.9,1.8*26

$GPGSV,3,1,09,02,52,329,48,06,55,046,37,12,26,273,47,25,10,307,41*76

$GPGSV,3,2,09,09,36,062,38,23,09,039,37,05,45,252,32,17,32,146,00*70

$GPGSV,3,3,09,19,52,144,00*4E

$LOGTIM,1,-3889.490564,0.000000,0.000000,0.000000,-63.804*02

EndT:        3
sat62 = 3211 3291 1266 2250
---00000070--- Acq_st=3 2019-5-14 12:16:44 
[00]  G02  f 48  -1673.7 2046002.2  1.0  1.0  5  0 217021927
[01]  G06  f 39    186.0 2045999.8  1.0  1.0  5  0 217021929
[02]  G12  f 46    685.1 2045999.1  1.0  1.0  5  0 217021923
[03]  G25  f 42   -952.1 2046001.2  1.0  1.0  5  0 217021917
[04]  G09  f 37    964.3 2045998.8  1.0  1.0  5  0 217021926
[05]  G23  f 36   2264.9 2045997.1  1.0  1.0  5  0 217021916
[06]  G05  f 33  -2190.5 2046002.9  1.0  0.9  5  0 217021928
[16]  B08  1  9   -775.9 4092002.6  0.0  0.0  1  0      2594
[17]  B13  1  7   -781.0 4092000.7  0.2  0.0  1  0      1853
[18]  B19  1  7   2732.1 4091993.0 -0.0  0.0  1  0       949
[19]  B22  1  7   1517.2 4091997.3  0.0  0.0  1  0       538
sat62 = 3170 2153 1265 5000
sat63 = 3441 3433 1263 -4500
sat63 = 3296 3497 1264 -4750
sat64 = 3894 759 1270 1750
sat64 = 3721 791 1271 1750
sat65 = 3371 837 1274 0

